[2023-10-24T13:44:53.784+0000] {processor.py:157} INFO - Started process (PID=69) to work on /home/airflow/.local/lib/python3.8/site-packages/airflow/example_dags/example_branch_python_dop_operator_3.py
[2023-10-24T13:44:53.785+0000] {processor.py:829} INFO - Processing file /home/airflow/.local/lib/python3.8/site-packages/airflow/example_dags/example_branch_python_dop_operator_3.py for tasks to queue
[2023-10-24T13:44:53.787+0000] {logging_mixin.py:151} INFO - [2023-10-24T13:44:53.787+0000] {dagbag.py:536} INFO - Filling up the DagBag from /home/airflow/.local/lib/python3.8/site-packages/airflow/example_dags/example_branch_python_dop_operator_3.py
[2023-10-24T13:44:53.795+0000] {processor.py:839} INFO - DAG(s) dict_keys(['example_branch_dop_operator_v3']) retrieved from /home/airflow/.local/lib/python3.8/site-packages/airflow/example_dags/example_branch_python_dop_operator_3.py
[2023-10-24T13:44:53.806+0000] {logging_mixin.py:151} INFO - [2023-10-24T13:44:53.805+0000] {dag.py:2941} INFO - Sync 1 DAGs
[2023-10-24T13:44:53.841+0000] {logging_mixin.py:151} INFO - [2023-10-24T13:44:53.841+0000] {dag.py:3722} INFO - Setting next_dagrun for example_branch_dop_operator_v3 to 2023-10-24T13:43:00+00:00, run_after=2023-10-24T13:44:00+00:00
[2023-10-24T13:44:53.877+0000] {processor.py:179} INFO - Processing /home/airflow/.local/lib/python3.8/site-packages/airflow/example_dags/example_branch_python_dop_operator_3.py took 0.096 seconds
[2023-10-24T13:45:25.584+0000] {processor.py:157} INFO - Started process (PID=125) to work on /home/airflow/.local/lib/python3.8/site-packages/airflow/example_dags/example_branch_python_dop_operator_3.py
[2023-10-24T13:45:25.585+0000] {processor.py:829} INFO - Processing file /home/airflow/.local/lib/python3.8/site-packages/airflow/example_dags/example_branch_python_dop_operator_3.py for tasks to queue
[2023-10-24T13:45:25.588+0000] {logging_mixin.py:151} INFO - [2023-10-24T13:45:25.588+0000] {dagbag.py:536} INFO - Filling up the DagBag from /home/airflow/.local/lib/python3.8/site-packages/airflow/example_dags/example_branch_python_dop_operator_3.py
[2023-10-24T13:45:25.600+0000] {processor.py:839} INFO - DAG(s) dict_keys(['example_branch_dop_operator_v3']) retrieved from /home/airflow/.local/lib/python3.8/site-packages/airflow/example_dags/example_branch_python_dop_operator_3.py
[2023-10-24T13:45:25.618+0000] {logging_mixin.py:151} INFO - [2023-10-24T13:45:25.618+0000] {dag.py:2941} INFO - Sync 1 DAGs
[2023-10-24T13:45:25.634+0000] {logging_mixin.py:151} INFO - [2023-10-24T13:45:25.634+0000] {dag.py:3722} INFO - Setting next_dagrun for example_branch_dop_operator_v3 to 2023-10-24T13:44:00+00:00, run_after=2023-10-24T13:45:00+00:00
[2023-10-24T13:45:25.647+0000] {processor.py:179} INFO - Processing /home/airflow/.local/lib/python3.8/site-packages/airflow/example_dags/example_branch_python_dop_operator_3.py took 0.067 seconds
[2023-10-24T13:45:55.708+0000] {processor.py:157} INFO - Started process (PID=181) to work on /home/airflow/.local/lib/python3.8/site-packages/airflow/example_dags/example_branch_python_dop_operator_3.py
[2023-10-24T13:45:55.709+0000] {processor.py:829} INFO - Processing file /home/airflow/.local/lib/python3.8/site-packages/airflow/example_dags/example_branch_python_dop_operator_3.py for tasks to queue
[2023-10-24T13:45:55.712+0000] {logging_mixin.py:151} INFO - [2023-10-24T13:45:55.711+0000] {dagbag.py:536} INFO - Filling up the DagBag from /home/airflow/.local/lib/python3.8/site-packages/airflow/example_dags/example_branch_python_dop_operator_3.py
[2023-10-24T13:45:55.719+0000] {processor.py:839} INFO - DAG(s) dict_keys(['example_branch_dop_operator_v3']) retrieved from /home/airflow/.local/lib/python3.8/site-packages/airflow/example_dags/example_branch_python_dop_operator_3.py
[2023-10-24T13:45:55.746+0000] {logging_mixin.py:151} INFO - [2023-10-24T13:45:55.746+0000] {dag.py:2941} INFO - Sync 1 DAGs
[2023-10-24T13:45:55.769+0000] {logging_mixin.py:151} INFO - [2023-10-24T13:45:55.768+0000] {dag.py:3722} INFO - Setting next_dagrun for example_branch_dop_operator_v3 to 2023-10-24T13:44:00+00:00, run_after=2023-10-24T13:45:00+00:00
[2023-10-24T13:45:55.783+0000] {processor.py:179} INFO - Processing /home/airflow/.local/lib/python3.8/site-packages/airflow/example_dags/example_branch_python_dop_operator_3.py took 0.078 seconds
[2023-10-24T13:46:25.972+0000] {processor.py:157} INFO - Started process (PID=236) to work on /home/airflow/.local/lib/python3.8/site-packages/airflow/example_dags/example_branch_python_dop_operator_3.py
[2023-10-24T13:46:25.973+0000] {processor.py:829} INFO - Processing file /home/airflow/.local/lib/python3.8/site-packages/airflow/example_dags/example_branch_python_dop_operator_3.py for tasks to queue
[2023-10-24T13:46:25.976+0000] {logging_mixin.py:151} INFO - [2023-10-24T13:46:25.976+0000] {dagbag.py:536} INFO - Filling up the DagBag from /home/airflow/.local/lib/python3.8/site-packages/airflow/example_dags/example_branch_python_dop_operator_3.py
[2023-10-24T13:46:25.986+0000] {processor.py:839} INFO - DAG(s) dict_keys(['example_branch_dop_operator_v3']) retrieved from /home/airflow/.local/lib/python3.8/site-packages/airflow/example_dags/example_branch_python_dop_operator_3.py
[2023-10-24T13:46:26.006+0000] {logging_mixin.py:151} INFO - [2023-10-24T13:46:26.006+0000] {dag.py:2941} INFO - Sync 1 DAGs
[2023-10-24T13:46:26.027+0000] {logging_mixin.py:151} INFO - [2023-10-24T13:46:26.027+0000] {dag.py:3722} INFO - Setting next_dagrun for example_branch_dop_operator_v3 to 2023-10-24T13:45:00+00:00, run_after=2023-10-24T13:46:00+00:00
[2023-10-24T13:46:26.038+0000] {processor.py:179} INFO - Processing /home/airflow/.local/lib/python3.8/site-packages/airflow/example_dags/example_branch_python_dop_operator_3.py took 0.068 seconds
[2023-10-24T13:46:56.376+0000] {processor.py:157} INFO - Started process (PID=292) to work on /home/airflow/.local/lib/python3.8/site-packages/airflow/example_dags/example_branch_python_dop_operator_3.py
[2023-10-24T13:46:56.377+0000] {processor.py:829} INFO - Processing file /home/airflow/.local/lib/python3.8/site-packages/airflow/example_dags/example_branch_python_dop_operator_3.py for tasks to queue
[2023-10-24T13:46:56.380+0000] {logging_mixin.py:151} INFO - [2023-10-24T13:46:56.379+0000] {dagbag.py:536} INFO - Filling up the DagBag from /home/airflow/.local/lib/python3.8/site-packages/airflow/example_dags/example_branch_python_dop_operator_3.py
[2023-10-24T13:46:56.387+0000] {processor.py:839} INFO - DAG(s) dict_keys(['example_branch_dop_operator_v3']) retrieved from /home/airflow/.local/lib/python3.8/site-packages/airflow/example_dags/example_branch_python_dop_operator_3.py
[2023-10-24T13:46:56.404+0000] {logging_mixin.py:151} INFO - [2023-10-24T13:46:56.404+0000] {dag.py:2941} INFO - Sync 1 DAGs
[2023-10-24T13:46:56.420+0000] {logging_mixin.py:151} INFO - [2023-10-24T13:46:56.419+0000] {dag.py:3722} INFO - Setting next_dagrun for example_branch_dop_operator_v3 to 2023-10-24T13:45:00+00:00, run_after=2023-10-24T13:46:00+00:00
[2023-10-24T13:46:56.430+0000] {processor.py:179} INFO - Processing /home/airflow/.local/lib/python3.8/site-packages/airflow/example_dags/example_branch_python_dop_operator_3.py took 0.056 seconds
[2023-10-24T13:47:26.931+0000] {processor.py:157} INFO - Started process (PID=348) to work on /home/airflow/.local/lib/python3.8/site-packages/airflow/example_dags/example_branch_python_dop_operator_3.py
[2023-10-24T13:47:26.933+0000] {processor.py:829} INFO - Processing file /home/airflow/.local/lib/python3.8/site-packages/airflow/example_dags/example_branch_python_dop_operator_3.py for tasks to queue
[2023-10-24T13:47:26.935+0000] {logging_mixin.py:151} INFO - [2023-10-24T13:47:26.935+0000] {dagbag.py:536} INFO - Filling up the DagBag from /home/airflow/.local/lib/python3.8/site-packages/airflow/example_dags/example_branch_python_dop_operator_3.py
[2023-10-24T13:47:26.947+0000] {processor.py:839} INFO - DAG(s) dict_keys(['example_branch_dop_operator_v3']) retrieved from /home/airflow/.local/lib/python3.8/site-packages/airflow/example_dags/example_branch_python_dop_operator_3.py
[2023-10-24T13:47:26.967+0000] {logging_mixin.py:151} INFO - [2023-10-24T13:47:26.967+0000] {dag.py:2941} INFO - Sync 1 DAGs
[2023-10-24T13:47:26.984+0000] {logging_mixin.py:151} INFO - [2023-10-24T13:47:26.983+0000] {dag.py:3722} INFO - Setting next_dagrun for example_branch_dop_operator_v3 to 2023-10-24T13:46:00+00:00, run_after=2023-10-24T13:47:00+00:00
[2023-10-24T13:47:26.996+0000] {processor.py:179} INFO - Processing /home/airflow/.local/lib/python3.8/site-packages/airflow/example_dags/example_branch_python_dop_operator_3.py took 0.071 seconds
[2023-10-24T13:47:57.176+0000] {processor.py:157} INFO - Started process (PID=404) to work on /home/airflow/.local/lib/python3.8/site-packages/airflow/example_dags/example_branch_python_dop_operator_3.py
[2023-10-24T13:47:57.177+0000] {processor.py:829} INFO - Processing file /home/airflow/.local/lib/python3.8/site-packages/airflow/example_dags/example_branch_python_dop_operator_3.py for tasks to queue
[2023-10-24T13:47:57.179+0000] {logging_mixin.py:151} INFO - [2023-10-24T13:47:57.179+0000] {dagbag.py:536} INFO - Filling up the DagBag from /home/airflow/.local/lib/python3.8/site-packages/airflow/example_dags/example_branch_python_dop_operator_3.py
[2023-10-24T13:47:57.187+0000] {processor.py:839} INFO - DAG(s) dict_keys(['example_branch_dop_operator_v3']) retrieved from /home/airflow/.local/lib/python3.8/site-packages/airflow/example_dags/example_branch_python_dop_operator_3.py
[2023-10-24T13:47:57.203+0000] {logging_mixin.py:151} INFO - [2023-10-24T13:47:57.203+0000] {dag.py:2941} INFO - Sync 1 DAGs
[2023-10-24T13:47:57.218+0000] {logging_mixin.py:151} INFO - [2023-10-24T13:47:57.218+0000] {dag.py:3722} INFO - Setting next_dagrun for example_branch_dop_operator_v3 to 2023-10-24T13:46:00+00:00, run_after=2023-10-24T13:47:00+00:00
[2023-10-24T13:47:57.229+0000] {processor.py:179} INFO - Processing /home/airflow/.local/lib/python3.8/site-packages/airflow/example_dags/example_branch_python_dop_operator_3.py took 0.055 seconds
[2023-10-24T13:48:27.516+0000] {processor.py:157} INFO - Started process (PID=460) to work on /home/airflow/.local/lib/python3.8/site-packages/airflow/example_dags/example_branch_python_dop_operator_3.py
[2023-10-24T13:48:27.517+0000] {processor.py:829} INFO - Processing file /home/airflow/.local/lib/python3.8/site-packages/airflow/example_dags/example_branch_python_dop_operator_3.py for tasks to queue
[2023-10-24T13:48:27.519+0000] {logging_mixin.py:151} INFO - [2023-10-24T13:48:27.519+0000] {dagbag.py:536} INFO - Filling up the DagBag from /home/airflow/.local/lib/python3.8/site-packages/airflow/example_dags/example_branch_python_dop_operator_3.py
[2023-10-24T13:48:27.528+0000] {processor.py:839} INFO - DAG(s) dict_keys(['example_branch_dop_operator_v3']) retrieved from /home/airflow/.local/lib/python3.8/site-packages/airflow/example_dags/example_branch_python_dop_operator_3.py
[2023-10-24T13:48:27.548+0000] {logging_mixin.py:151} INFO - [2023-10-24T13:48:27.548+0000] {dag.py:2941} INFO - Sync 1 DAGs
[2023-10-24T13:48:27.566+0000] {logging_mixin.py:151} INFO - [2023-10-24T13:48:27.565+0000] {dag.py:3722} INFO - Setting next_dagrun for example_branch_dop_operator_v3 to 2023-10-24T13:47:00+00:00, run_after=2023-10-24T13:48:00+00:00
[2023-10-24T13:48:27.581+0000] {processor.py:179} INFO - Processing /home/airflow/.local/lib/python3.8/site-packages/airflow/example_dags/example_branch_python_dop_operator_3.py took 0.069 seconds
[2023-10-24T13:49:00.236+0000] {processor.py:157} INFO - Started process (PID=516) to work on /home/airflow/.local/lib/python3.8/site-packages/airflow/example_dags/example_branch_python_dop_operator_3.py
[2023-10-24T13:49:00.237+0000] {processor.py:829} INFO - Processing file /home/airflow/.local/lib/python3.8/site-packages/airflow/example_dags/example_branch_python_dop_operator_3.py for tasks to queue
[2023-10-24T13:49:00.239+0000] {logging_mixin.py:151} INFO - [2023-10-24T13:49:00.239+0000] {dagbag.py:536} INFO - Filling up the DagBag from /home/airflow/.local/lib/python3.8/site-packages/airflow/example_dags/example_branch_python_dop_operator_3.py
[2023-10-24T13:49:00.245+0000] {processor.py:839} INFO - DAG(s) dict_keys(['example_branch_dop_operator_v3']) retrieved from /home/airflow/.local/lib/python3.8/site-packages/airflow/example_dags/example_branch_python_dop_operator_3.py
[2023-10-24T13:49:00.265+0000] {logging_mixin.py:151} INFO - [2023-10-24T13:49:00.265+0000] {dag.py:2941} INFO - Sync 1 DAGs
[2023-10-24T13:49:00.281+0000] {logging_mixin.py:151} INFO - [2023-10-24T13:49:00.281+0000] {dag.py:3722} INFO - Setting next_dagrun for example_branch_dop_operator_v3 to 2023-10-24T13:48:00+00:00, run_after=2023-10-24T13:49:00+00:00
[2023-10-24T13:49:00.297+0000] {processor.py:179} INFO - Processing /home/airflow/.local/lib/python3.8/site-packages/airflow/example_dags/example_branch_python_dop_operator_3.py took 0.064 seconds
[2023-10-24T13:49:30.787+0000] {processor.py:157} INFO - Started process (PID=572) to work on /home/airflow/.local/lib/python3.8/site-packages/airflow/example_dags/example_branch_python_dop_operator_3.py
[2023-10-24T13:49:30.788+0000] {processor.py:829} INFO - Processing file /home/airflow/.local/lib/python3.8/site-packages/airflow/example_dags/example_branch_python_dop_operator_3.py for tasks to queue
[2023-10-24T13:49:30.791+0000] {logging_mixin.py:151} INFO - [2023-10-24T13:49:30.790+0000] {dagbag.py:536} INFO - Filling up the DagBag from /home/airflow/.local/lib/python3.8/site-packages/airflow/example_dags/example_branch_python_dop_operator_3.py
[2023-10-24T13:49:30.799+0000] {processor.py:839} INFO - DAG(s) dict_keys(['example_branch_dop_operator_v3']) retrieved from /home/airflow/.local/lib/python3.8/site-packages/airflow/example_dags/example_branch_python_dop_operator_3.py
[2023-10-24T13:49:30.813+0000] {logging_mixin.py:151} INFO - [2023-10-24T13:49:30.813+0000] {dag.py:2941} INFO - Sync 1 DAGs
[2023-10-24T13:49:30.828+0000] {logging_mixin.py:151} INFO - [2023-10-24T13:49:30.827+0000] {dag.py:3722} INFO - Setting next_dagrun for example_branch_dop_operator_v3 to 2023-10-24T13:48:00+00:00, run_after=2023-10-24T13:49:00+00:00
[2023-10-24T13:49:30.837+0000] {processor.py:179} INFO - Processing /home/airflow/.local/lib/python3.8/site-packages/airflow/example_dags/example_branch_python_dop_operator_3.py took 0.053 seconds
[2023-10-24T13:50:01.242+0000] {processor.py:157} INFO - Started process (PID=628) to work on /home/airflow/.local/lib/python3.8/site-packages/airflow/example_dags/example_branch_python_dop_operator_3.py
[2023-10-24T13:50:01.245+0000] {processor.py:829} INFO - Processing file /home/airflow/.local/lib/python3.8/site-packages/airflow/example_dags/example_branch_python_dop_operator_3.py for tasks to queue
[2023-10-24T13:50:01.248+0000] {logging_mixin.py:151} INFO - [2023-10-24T13:50:01.247+0000] {dagbag.py:536} INFO - Filling up the DagBag from /home/airflow/.local/lib/python3.8/site-packages/airflow/example_dags/example_branch_python_dop_operator_3.py
[2023-10-24T13:50:01.256+0000] {processor.py:839} INFO - DAG(s) dict_keys(['example_branch_dop_operator_v3']) retrieved from /home/airflow/.local/lib/python3.8/site-packages/airflow/example_dags/example_branch_python_dop_operator_3.py
[2023-10-24T13:50:01.281+0000] {logging_mixin.py:151} INFO - [2023-10-24T13:50:01.281+0000] {dag.py:2941} INFO - Sync 1 DAGs
[2023-10-24T13:50:01.313+0000] {logging_mixin.py:151} INFO - [2023-10-24T13:50:01.312+0000] {dag.py:3722} INFO - Setting next_dagrun for example_branch_dop_operator_v3 to 2023-10-24T13:49:00+00:00, run_after=2023-10-24T13:50:00+00:00
[2023-10-24T13:50:01.335+0000] {processor.py:179} INFO - Processing /home/airflow/.local/lib/python3.8/site-packages/airflow/example_dags/example_branch_python_dop_operator_3.py took 0.099 seconds
[2023-10-24T13:50:32.219+0000] {processor.py:157} INFO - Started process (PID=684) to work on /home/airflow/.local/lib/python3.8/site-packages/airflow/example_dags/example_branch_python_dop_operator_3.py
[2023-10-24T13:50:32.221+0000] {processor.py:829} INFO - Processing file /home/airflow/.local/lib/python3.8/site-packages/airflow/example_dags/example_branch_python_dop_operator_3.py for tasks to queue
[2023-10-24T13:50:32.222+0000] {logging_mixin.py:151} INFO - [2023-10-24T13:50:32.222+0000] {dagbag.py:536} INFO - Filling up the DagBag from /home/airflow/.local/lib/python3.8/site-packages/airflow/example_dags/example_branch_python_dop_operator_3.py
[2023-10-24T13:50:32.229+0000] {processor.py:839} INFO - DAG(s) dict_keys(['example_branch_dop_operator_v3']) retrieved from /home/airflow/.local/lib/python3.8/site-packages/airflow/example_dags/example_branch_python_dop_operator_3.py
[2023-10-24T13:50:32.245+0000] {logging_mixin.py:151} INFO - [2023-10-24T13:50:32.245+0000] {dag.py:2941} INFO - Sync 1 DAGs
[2023-10-24T13:50:32.261+0000] {logging_mixin.py:151} INFO - [2023-10-24T13:50:32.261+0000] {dag.py:3722} INFO - Setting next_dagrun for example_branch_dop_operator_v3 to 2023-10-24T13:49:00+00:00, run_after=2023-10-24T13:50:00+00:00
[2023-10-24T13:50:32.273+0000] {processor.py:179} INFO - Processing /home/airflow/.local/lib/python3.8/site-packages/airflow/example_dags/example_branch_python_dop_operator_3.py took 0.057 seconds
[2023-10-24T13:51:02.806+0000] {processor.py:157} INFO - Started process (PID=740) to work on /home/airflow/.local/lib/python3.8/site-packages/airflow/example_dags/example_branch_python_dop_operator_3.py
[2023-10-24T13:51:02.807+0000] {processor.py:829} INFO - Processing file /home/airflow/.local/lib/python3.8/site-packages/airflow/example_dags/example_branch_python_dop_operator_3.py for tasks to queue
[2023-10-24T13:51:02.809+0000] {logging_mixin.py:151} INFO - [2023-10-24T13:51:02.808+0000] {dagbag.py:536} INFO - Filling up the DagBag from /home/airflow/.local/lib/python3.8/site-packages/airflow/example_dags/example_branch_python_dop_operator_3.py
[2023-10-24T13:51:02.815+0000] {processor.py:839} INFO - DAG(s) dict_keys(['example_branch_dop_operator_v3']) retrieved from /home/airflow/.local/lib/python3.8/site-packages/airflow/example_dags/example_branch_python_dop_operator_3.py
[2023-10-24T13:51:02.829+0000] {logging_mixin.py:151} INFO - [2023-10-24T13:51:02.829+0000] {dag.py:2941} INFO - Sync 1 DAGs
[2023-10-24T13:51:02.843+0000] {logging_mixin.py:151} INFO - [2023-10-24T13:51:02.843+0000] {dag.py:3722} INFO - Setting next_dagrun for example_branch_dop_operator_v3 to 2023-10-24T13:50:00+00:00, run_after=2023-10-24T13:51:00+00:00
[2023-10-24T13:51:02.853+0000] {processor.py:179} INFO - Processing /home/airflow/.local/lib/python3.8/site-packages/airflow/example_dags/example_branch_python_dop_operator_3.py took 0.049 seconds
[2023-10-24T13:51:33.287+0000] {processor.py:157} INFO - Started process (PID=796) to work on /home/airflow/.local/lib/python3.8/site-packages/airflow/example_dags/example_branch_python_dop_operator_3.py
[2023-10-24T13:51:33.288+0000] {processor.py:829} INFO - Processing file /home/airflow/.local/lib/python3.8/site-packages/airflow/example_dags/example_branch_python_dop_operator_3.py for tasks to queue
[2023-10-24T13:51:33.290+0000] {logging_mixin.py:151} INFO - [2023-10-24T13:51:33.290+0000] {dagbag.py:536} INFO - Filling up the DagBag from /home/airflow/.local/lib/python3.8/site-packages/airflow/example_dags/example_branch_python_dop_operator_3.py
[2023-10-24T13:51:33.297+0000] {processor.py:839} INFO - DAG(s) dict_keys(['example_branch_dop_operator_v3']) retrieved from /home/airflow/.local/lib/python3.8/site-packages/airflow/example_dags/example_branch_python_dop_operator_3.py
[2023-10-24T13:51:33.314+0000] {logging_mixin.py:151} INFO - [2023-10-24T13:51:33.314+0000] {dag.py:2941} INFO - Sync 1 DAGs
[2023-10-24T13:51:33.330+0000] {logging_mixin.py:151} INFO - [2023-10-24T13:51:33.330+0000] {dag.py:3722} INFO - Setting next_dagrun for example_branch_dop_operator_v3 to 2023-10-24T13:50:00+00:00, run_after=2023-10-24T13:51:00+00:00
[2023-10-24T13:51:33.341+0000] {processor.py:179} INFO - Processing /home/airflow/.local/lib/python3.8/site-packages/airflow/example_dags/example_branch_python_dop_operator_3.py took 0.057 seconds
[2023-10-24T13:52:03.885+0000] {processor.py:157} INFO - Started process (PID=852) to work on /home/airflow/.local/lib/python3.8/site-packages/airflow/example_dags/example_branch_python_dop_operator_3.py
[2023-10-24T13:52:03.887+0000] {processor.py:829} INFO - Processing file /home/airflow/.local/lib/python3.8/site-packages/airflow/example_dags/example_branch_python_dop_operator_3.py for tasks to queue
[2023-10-24T13:52:03.888+0000] {logging_mixin.py:151} INFO - [2023-10-24T13:52:03.888+0000] {dagbag.py:536} INFO - Filling up the DagBag from /home/airflow/.local/lib/python3.8/site-packages/airflow/example_dags/example_branch_python_dop_operator_3.py
[2023-10-24T13:52:03.896+0000] {processor.py:839} INFO - DAG(s) dict_keys(['example_branch_dop_operator_v3']) retrieved from /home/airflow/.local/lib/python3.8/site-packages/airflow/example_dags/example_branch_python_dop_operator_3.py
[2023-10-24T13:52:03.912+0000] {logging_mixin.py:151} INFO - [2023-10-24T13:52:03.912+0000] {dag.py:2941} INFO - Sync 1 DAGs
[2023-10-24T13:52:03.932+0000] {logging_mixin.py:151} INFO - [2023-10-24T13:52:03.932+0000] {dag.py:3722} INFO - Setting next_dagrun for example_branch_dop_operator_v3 to 2023-10-24T13:51:00+00:00, run_after=2023-10-24T13:52:00+00:00
[2023-10-24T13:52:03.953+0000] {processor.py:179} INFO - Processing /home/airflow/.local/lib/python3.8/site-packages/airflow/example_dags/example_branch_python_dop_operator_3.py took 0.072 seconds
[2023-10-24T13:52:34.467+0000] {processor.py:157} INFO - Started process (PID=908) to work on /home/airflow/.local/lib/python3.8/site-packages/airflow/example_dags/example_branch_python_dop_operator_3.py
[2023-10-24T13:52:34.468+0000] {processor.py:829} INFO - Processing file /home/airflow/.local/lib/python3.8/site-packages/airflow/example_dags/example_branch_python_dop_operator_3.py for tasks to queue
[2023-10-24T13:52:34.470+0000] {logging_mixin.py:151} INFO - [2023-10-24T13:52:34.470+0000] {dagbag.py:536} INFO - Filling up the DagBag from /home/airflow/.local/lib/python3.8/site-packages/airflow/example_dags/example_branch_python_dop_operator_3.py
[2023-10-24T13:52:34.478+0000] {processor.py:839} INFO - DAG(s) dict_keys(['example_branch_dop_operator_v3']) retrieved from /home/airflow/.local/lib/python3.8/site-packages/airflow/example_dags/example_branch_python_dop_operator_3.py
[2023-10-24T13:52:34.493+0000] {logging_mixin.py:151} INFO - [2023-10-24T13:52:34.493+0000] {dag.py:2941} INFO - Sync 1 DAGs
[2023-10-24T13:52:34.509+0000] {logging_mixin.py:151} INFO - [2023-10-24T13:52:34.509+0000] {dag.py:3722} INFO - Setting next_dagrun for example_branch_dop_operator_v3 to 2023-10-24T13:51:00+00:00, run_after=2023-10-24T13:52:00+00:00
[2023-10-24T13:52:34.520+0000] {processor.py:179} INFO - Processing /home/airflow/.local/lib/python3.8/site-packages/airflow/example_dags/example_branch_python_dop_operator_3.py took 0.057 seconds
[2023-10-24T13:53:05.010+0000] {processor.py:157} INFO - Started process (PID=964) to work on /home/airflow/.local/lib/python3.8/site-packages/airflow/example_dags/example_branch_python_dop_operator_3.py
[2023-10-24T13:53:05.011+0000] {processor.py:829} INFO - Processing file /home/airflow/.local/lib/python3.8/site-packages/airflow/example_dags/example_branch_python_dop_operator_3.py for tasks to queue
[2023-10-24T13:53:05.012+0000] {logging_mixin.py:151} INFO - [2023-10-24T13:53:05.012+0000] {dagbag.py:536} INFO - Filling up the DagBag from /home/airflow/.local/lib/python3.8/site-packages/airflow/example_dags/example_branch_python_dop_operator_3.py
[2023-10-24T13:53:05.019+0000] {processor.py:839} INFO - DAG(s) dict_keys(['example_branch_dop_operator_v3']) retrieved from /home/airflow/.local/lib/python3.8/site-packages/airflow/example_dags/example_branch_python_dop_operator_3.py
[2023-10-24T13:53:05.034+0000] {logging_mixin.py:151} INFO - [2023-10-24T13:53:05.034+0000] {dag.py:2941} INFO - Sync 1 DAGs
[2023-10-24T13:53:05.049+0000] {logging_mixin.py:151} INFO - [2023-10-24T13:53:05.049+0000] {dag.py:3722} INFO - Setting next_dagrun for example_branch_dop_operator_v3 to 2023-10-24T13:52:00+00:00, run_after=2023-10-24T13:53:00+00:00
[2023-10-24T13:53:05.072+0000] {processor.py:179} INFO - Processing /home/airflow/.local/lib/python3.8/site-packages/airflow/example_dags/example_branch_python_dop_operator_3.py took 0.065 seconds
[2023-10-24T13:53:35.829+0000] {processor.py:157} INFO - Started process (PID=1020) to work on /home/airflow/.local/lib/python3.8/site-packages/airflow/example_dags/example_branch_python_dop_operator_3.py
[2023-10-24T13:53:35.830+0000] {processor.py:829} INFO - Processing file /home/airflow/.local/lib/python3.8/site-packages/airflow/example_dags/example_branch_python_dop_operator_3.py for tasks to queue
[2023-10-24T13:53:35.832+0000] {logging_mixin.py:151} INFO - [2023-10-24T13:53:35.832+0000] {dagbag.py:536} INFO - Filling up the DagBag from /home/airflow/.local/lib/python3.8/site-packages/airflow/example_dags/example_branch_python_dop_operator_3.py
[2023-10-24T13:53:35.846+0000] {processor.py:839} INFO - DAG(s) dict_keys(['example_branch_dop_operator_v3']) retrieved from /home/airflow/.local/lib/python3.8/site-packages/airflow/example_dags/example_branch_python_dop_operator_3.py
[2023-10-24T13:53:35.869+0000] {logging_mixin.py:151} INFO - [2023-10-24T13:53:35.869+0000] {dag.py:2941} INFO - Sync 1 DAGs
[2023-10-24T13:53:35.891+0000] {logging_mixin.py:151} INFO - [2023-10-24T13:53:35.890+0000] {dag.py:3722} INFO - Setting next_dagrun for example_branch_dop_operator_v3 to 2023-10-24T13:52:00+00:00, run_after=2023-10-24T13:53:00+00:00
[2023-10-24T13:53:35.906+0000] {processor.py:179} INFO - Processing /home/airflow/.local/lib/python3.8/site-packages/airflow/example_dags/example_branch_python_dop_operator_3.py took 0.080 seconds
