[2023-10-24T13:44:53.193+0000] {processor.py:157} INFO - Started process (PID=59) to work on /home/airflow/.local/lib/python3.8/site-packages/airflow/example_dags/example_task_group.py
[2023-10-24T13:44:53.194+0000] {processor.py:829} INFO - Processing file /home/airflow/.local/lib/python3.8/site-packages/airflow/example_dags/example_task_group.py for tasks to queue
[2023-10-24T13:44:53.196+0000] {logging_mixin.py:151} INFO - [2023-10-24T13:44:53.196+0000] {dagbag.py:536} INFO - Filling up the DagBag from /home/airflow/.local/lib/python3.8/site-packages/airflow/example_dags/example_task_group.py
[2023-10-24T13:44:53.202+0000] {processor.py:839} INFO - DAG(s) dict_keys(['example_task_group']) retrieved from /home/airflow/.local/lib/python3.8/site-packages/airflow/example_dags/example_task_group.py
[2023-10-24T13:44:53.213+0000] {logging_mixin.py:151} INFO - [2023-10-24T13:44:53.213+0000] {dag.py:2941} INFO - Sync 1 DAGs
[2023-10-24T13:44:53.230+0000] {logging_mixin.py:151} INFO - [2023-10-24T13:44:53.229+0000] {dag.py:3722} INFO - Setting next_dagrun for example_task_group to 2023-10-23T13:44:53.229650+00:00, run_after=2023-10-24T13:44:53.229650+00:00
[2023-10-24T13:44:53.253+0000] {processor.py:179} INFO - Processing /home/airflow/.local/lib/python3.8/site-packages/airflow/example_dags/example_task_group.py took 0.063 seconds
[2023-10-24T13:45:23.711+0000] {processor.py:157} INFO - Started process (PID=115) to work on /home/airflow/.local/lib/python3.8/site-packages/airflow/example_dags/example_task_group.py
[2023-10-24T13:45:23.712+0000] {processor.py:829} INFO - Processing file /home/airflow/.local/lib/python3.8/site-packages/airflow/example_dags/example_task_group.py for tasks to queue
[2023-10-24T13:45:23.714+0000] {logging_mixin.py:151} INFO - [2023-10-24T13:45:23.714+0000] {dagbag.py:536} INFO - Filling up the DagBag from /home/airflow/.local/lib/python3.8/site-packages/airflow/example_dags/example_task_group.py
[2023-10-24T13:45:23.722+0000] {processor.py:839} INFO - DAG(s) dict_keys(['example_task_group']) retrieved from /home/airflow/.local/lib/python3.8/site-packages/airflow/example_dags/example_task_group.py
[2023-10-24T13:45:23.741+0000] {logging_mixin.py:151} INFO - [2023-10-24T13:45:23.741+0000] {dag.py:2941} INFO - Sync 1 DAGs
[2023-10-24T13:45:23.759+0000] {logging_mixin.py:151} INFO - [2023-10-24T13:45:23.759+0000] {dag.py:3722} INFO - Setting next_dagrun for example_task_group to 2023-10-23T13:45:23.759373+00:00, run_after=2023-10-24T13:45:23.759373+00:00
[2023-10-24T13:45:23.773+0000] {processor.py:179} INFO - Processing /home/airflow/.local/lib/python3.8/site-packages/airflow/example_dags/example_task_group.py took 0.065 seconds
[2023-10-24T13:45:54.061+0000] {processor.py:157} INFO - Started process (PID=170) to work on /home/airflow/.local/lib/python3.8/site-packages/airflow/example_dags/example_task_group.py
[2023-10-24T13:45:54.062+0000] {processor.py:829} INFO - Processing file /home/airflow/.local/lib/python3.8/site-packages/airflow/example_dags/example_task_group.py for tasks to queue
[2023-10-24T13:45:54.064+0000] {logging_mixin.py:151} INFO - [2023-10-24T13:45:54.064+0000] {dagbag.py:536} INFO - Filling up the DagBag from /home/airflow/.local/lib/python3.8/site-packages/airflow/example_dags/example_task_group.py
[2023-10-24T13:45:54.071+0000] {processor.py:839} INFO - DAG(s) dict_keys(['example_task_group']) retrieved from /home/airflow/.local/lib/python3.8/site-packages/airflow/example_dags/example_task_group.py
[2023-10-24T13:45:54.089+0000] {logging_mixin.py:151} INFO - [2023-10-24T13:45:54.089+0000] {dag.py:2941} INFO - Sync 1 DAGs
[2023-10-24T13:45:54.103+0000] {logging_mixin.py:151} INFO - [2023-10-24T13:45:54.103+0000] {dag.py:3722} INFO - Setting next_dagrun for example_task_group to 2023-10-23T13:45:54.102928+00:00, run_after=2023-10-24T13:45:54.102928+00:00
[2023-10-24T13:45:54.113+0000] {processor.py:179} INFO - Processing /home/airflow/.local/lib/python3.8/site-packages/airflow/example_dags/example_task_group.py took 0.055 seconds
[2023-10-24T13:46:24.517+0000] {processor.py:157} INFO - Started process (PID=226) to work on /home/airflow/.local/lib/python3.8/site-packages/airflow/example_dags/example_task_group.py
[2023-10-24T13:46:24.518+0000] {processor.py:829} INFO - Processing file /home/airflow/.local/lib/python3.8/site-packages/airflow/example_dags/example_task_group.py for tasks to queue
[2023-10-24T13:46:24.521+0000] {logging_mixin.py:151} INFO - [2023-10-24T13:46:24.520+0000] {dagbag.py:536} INFO - Filling up the DagBag from /home/airflow/.local/lib/python3.8/site-packages/airflow/example_dags/example_task_group.py
[2023-10-24T13:46:24.527+0000] {processor.py:839} INFO - DAG(s) dict_keys(['example_task_group']) retrieved from /home/airflow/.local/lib/python3.8/site-packages/airflow/example_dags/example_task_group.py
[2023-10-24T13:46:24.545+0000] {logging_mixin.py:151} INFO - [2023-10-24T13:46:24.545+0000] {dag.py:2941} INFO - Sync 1 DAGs
[2023-10-24T13:46:24.558+0000] {logging_mixin.py:151} INFO - [2023-10-24T13:46:24.558+0000] {dag.py:3722} INFO - Setting next_dagrun for example_task_group to 2023-10-23T13:46:24.558265+00:00, run_after=2023-10-24T13:46:24.558265+00:00
[2023-10-24T13:46:24.569+0000] {processor.py:179} INFO - Processing /home/airflow/.local/lib/python3.8/site-packages/airflow/example_dags/example_task_group.py took 0.056 seconds
[2023-10-24T13:46:55.009+0000] {processor.py:157} INFO - Started process (PID=282) to work on /home/airflow/.local/lib/python3.8/site-packages/airflow/example_dags/example_task_group.py
[2023-10-24T13:46:55.009+0000] {processor.py:829} INFO - Processing file /home/airflow/.local/lib/python3.8/site-packages/airflow/example_dags/example_task_group.py for tasks to queue
[2023-10-24T13:46:55.011+0000] {logging_mixin.py:151} INFO - [2023-10-24T13:46:55.011+0000] {dagbag.py:536} INFO - Filling up the DagBag from /home/airflow/.local/lib/python3.8/site-packages/airflow/example_dags/example_task_group.py
[2023-10-24T13:46:55.017+0000] {processor.py:839} INFO - DAG(s) dict_keys(['example_task_group']) retrieved from /home/airflow/.local/lib/python3.8/site-packages/airflow/example_dags/example_task_group.py
[2023-10-24T13:46:55.033+0000] {logging_mixin.py:151} INFO - [2023-10-24T13:46:55.033+0000] {dag.py:2941} INFO - Sync 1 DAGs
[2023-10-24T13:46:55.047+0000] {logging_mixin.py:151} INFO - [2023-10-24T13:46:55.047+0000] {dag.py:3722} INFO - Setting next_dagrun for example_task_group to 2023-10-23T13:46:55.047389+00:00, run_after=2023-10-24T13:46:55.047389+00:00
[2023-10-24T13:46:55.060+0000] {processor.py:179} INFO - Processing /home/airflow/.local/lib/python3.8/site-packages/airflow/example_dags/example_task_group.py took 0.054 seconds
[2023-10-24T13:47:25.487+0000] {processor.py:157} INFO - Started process (PID=338) to work on /home/airflow/.local/lib/python3.8/site-packages/airflow/example_dags/example_task_group.py
[2023-10-24T13:47:25.488+0000] {processor.py:829} INFO - Processing file /home/airflow/.local/lib/python3.8/site-packages/airflow/example_dags/example_task_group.py for tasks to queue
[2023-10-24T13:47:25.492+0000] {logging_mixin.py:151} INFO - [2023-10-24T13:47:25.491+0000] {dagbag.py:536} INFO - Filling up the DagBag from /home/airflow/.local/lib/python3.8/site-packages/airflow/example_dags/example_task_group.py
[2023-10-24T13:47:25.500+0000] {processor.py:839} INFO - DAG(s) dict_keys(['example_task_group']) retrieved from /home/airflow/.local/lib/python3.8/site-packages/airflow/example_dags/example_task_group.py
[2023-10-24T13:47:25.523+0000] {logging_mixin.py:151} INFO - [2023-10-24T13:47:25.523+0000] {dag.py:2941} INFO - Sync 1 DAGs
[2023-10-24T13:47:25.539+0000] {logging_mixin.py:151} INFO - [2023-10-24T13:47:25.538+0000] {dag.py:3722} INFO - Setting next_dagrun for example_task_group to 2023-10-23T13:47:25.538729+00:00, run_after=2023-10-24T13:47:25.538729+00:00
[2023-10-24T13:47:25.550+0000] {processor.py:179} INFO - Processing /home/airflow/.local/lib/python3.8/site-packages/airflow/example_dags/example_task_group.py took 0.068 seconds
[2023-10-24T13:47:55.648+0000] {processor.py:157} INFO - Started process (PID=394) to work on /home/airflow/.local/lib/python3.8/site-packages/airflow/example_dags/example_task_group.py
[2023-10-24T13:47:55.649+0000] {processor.py:829} INFO - Processing file /home/airflow/.local/lib/python3.8/site-packages/airflow/example_dags/example_task_group.py for tasks to queue
[2023-10-24T13:47:55.652+0000] {logging_mixin.py:151} INFO - [2023-10-24T13:47:55.651+0000] {dagbag.py:536} INFO - Filling up the DagBag from /home/airflow/.local/lib/python3.8/site-packages/airflow/example_dags/example_task_group.py
[2023-10-24T13:47:55.658+0000] {processor.py:839} INFO - DAG(s) dict_keys(['example_task_group']) retrieved from /home/airflow/.local/lib/python3.8/site-packages/airflow/example_dags/example_task_group.py
[2023-10-24T13:47:55.673+0000] {logging_mixin.py:151} INFO - [2023-10-24T13:47:55.673+0000] {dag.py:2941} INFO - Sync 1 DAGs
[2023-10-24T13:47:55.691+0000] {logging_mixin.py:151} INFO - [2023-10-24T13:47:55.691+0000] {dag.py:3722} INFO - Setting next_dagrun for example_task_group to 2023-10-23T13:47:55.690906+00:00, run_after=2023-10-24T13:47:55.690906+00:00
[2023-10-24T13:47:55.702+0000] {processor.py:179} INFO - Processing /home/airflow/.local/lib/python3.8/site-packages/airflow/example_dags/example_task_group.py took 0.056 seconds
[2023-10-24T13:48:25.954+0000] {processor.py:157} INFO - Started process (PID=450) to work on /home/airflow/.local/lib/python3.8/site-packages/airflow/example_dags/example_task_group.py
[2023-10-24T13:48:25.955+0000] {processor.py:829} INFO - Processing file /home/airflow/.local/lib/python3.8/site-packages/airflow/example_dags/example_task_group.py for tasks to queue
[2023-10-24T13:48:25.957+0000] {logging_mixin.py:151} INFO - [2023-10-24T13:48:25.957+0000] {dagbag.py:536} INFO - Filling up the DagBag from /home/airflow/.local/lib/python3.8/site-packages/airflow/example_dags/example_task_group.py
[2023-10-24T13:48:25.962+0000] {processor.py:839} INFO - DAG(s) dict_keys(['example_task_group']) retrieved from /home/airflow/.local/lib/python3.8/site-packages/airflow/example_dags/example_task_group.py
[2023-10-24T13:48:25.979+0000] {logging_mixin.py:151} INFO - [2023-10-24T13:48:25.979+0000] {dag.py:2941} INFO - Sync 1 DAGs
[2023-10-24T13:48:25.995+0000] {logging_mixin.py:151} INFO - [2023-10-24T13:48:25.995+0000] {dag.py:3722} INFO - Setting next_dagrun for example_task_group to 2023-10-23T13:48:25.995215+00:00, run_after=2023-10-24T13:48:25.995215+00:00
[2023-10-24T13:48:26.006+0000] {processor.py:179} INFO - Processing /home/airflow/.local/lib/python3.8/site-packages/airflow/example_dags/example_task_group.py took 0.055 seconds
[2023-10-24T13:48:58.497+0000] {processor.py:157} INFO - Started process (PID=506) to work on /home/airflow/.local/lib/python3.8/site-packages/airflow/example_dags/example_task_group.py
[2023-10-24T13:48:58.500+0000] {processor.py:829} INFO - Processing file /home/airflow/.local/lib/python3.8/site-packages/airflow/example_dags/example_task_group.py for tasks to queue
[2023-10-24T13:48:58.503+0000] {logging_mixin.py:151} INFO - [2023-10-24T13:48:58.503+0000] {dagbag.py:536} INFO - Filling up the DagBag from /home/airflow/.local/lib/python3.8/site-packages/airflow/example_dags/example_task_group.py
[2023-10-24T13:48:58.707+0000] {processor.py:839} INFO - DAG(s) dict_keys(['example_task_group']) retrieved from /home/airflow/.local/lib/python3.8/site-packages/airflow/example_dags/example_task_group.py
[2023-10-24T13:48:58.722+0000] {logging_mixin.py:151} INFO - [2023-10-24T13:48:58.722+0000] {dag.py:2941} INFO - Sync 1 DAGs
[2023-10-24T13:48:58.735+0000] {logging_mixin.py:151} INFO - [2023-10-24T13:48:58.735+0000] {dag.py:3722} INFO - Setting next_dagrun for example_task_group to 2023-10-23T13:48:58.735665+00:00, run_after=2023-10-24T13:48:58.735665+00:00
[2023-10-24T13:48:58.748+0000] {processor.py:179} INFO - Processing /home/airflow/.local/lib/python3.8/site-packages/airflow/example_dags/example_task_group.py took 0.255 seconds
[2023-10-24T13:49:29.251+0000] {processor.py:157} INFO - Started process (PID=562) to work on /home/airflow/.local/lib/python3.8/site-packages/airflow/example_dags/example_task_group.py
[2023-10-24T13:49:29.252+0000] {processor.py:829} INFO - Processing file /home/airflow/.local/lib/python3.8/site-packages/airflow/example_dags/example_task_group.py for tasks to queue
[2023-10-24T13:49:29.254+0000] {logging_mixin.py:151} INFO - [2023-10-24T13:49:29.254+0000] {dagbag.py:536} INFO - Filling up the DagBag from /home/airflow/.local/lib/python3.8/site-packages/airflow/example_dags/example_task_group.py
[2023-10-24T13:49:29.260+0000] {processor.py:839} INFO - DAG(s) dict_keys(['example_task_group']) retrieved from /home/airflow/.local/lib/python3.8/site-packages/airflow/example_dags/example_task_group.py
[2023-10-24T13:49:29.274+0000] {logging_mixin.py:151} INFO - [2023-10-24T13:49:29.274+0000] {dag.py:2941} INFO - Sync 1 DAGs
[2023-10-24T13:49:29.287+0000] {logging_mixin.py:151} INFO - [2023-10-24T13:49:29.286+0000] {dag.py:3722} INFO - Setting next_dagrun for example_task_group to 2023-10-23T13:49:29.286820+00:00, run_after=2023-10-24T13:49:29.286820+00:00
[2023-10-24T13:49:29.296+0000] {processor.py:179} INFO - Processing /home/airflow/.local/lib/python3.8/site-packages/airflow/example_dags/example_task_group.py took 0.047 seconds
[2023-10-24T13:49:59.632+0000] {processor.py:157} INFO - Started process (PID=618) to work on /home/airflow/.local/lib/python3.8/site-packages/airflow/example_dags/example_task_group.py
[2023-10-24T13:49:59.633+0000] {processor.py:829} INFO - Processing file /home/airflow/.local/lib/python3.8/site-packages/airflow/example_dags/example_task_group.py for tasks to queue
[2023-10-24T13:49:59.635+0000] {logging_mixin.py:151} INFO - [2023-10-24T13:49:59.634+0000] {dagbag.py:536} INFO - Filling up the DagBag from /home/airflow/.local/lib/python3.8/site-packages/airflow/example_dags/example_task_group.py
[2023-10-24T13:49:59.640+0000] {processor.py:839} INFO - DAG(s) dict_keys(['example_task_group']) retrieved from /home/airflow/.local/lib/python3.8/site-packages/airflow/example_dags/example_task_group.py
[2023-10-24T13:49:59.656+0000] {logging_mixin.py:151} INFO - [2023-10-24T13:49:59.656+0000] {dag.py:2941} INFO - Sync 1 DAGs
[2023-10-24T13:49:59.668+0000] {logging_mixin.py:151} INFO - [2023-10-24T13:49:59.668+0000] {dag.py:3722} INFO - Setting next_dagrun for example_task_group to 2023-10-23T13:49:59.668249+00:00, run_after=2023-10-24T13:49:59.668249+00:00
[2023-10-24T13:49:59.677+0000] {processor.py:179} INFO - Processing /home/airflow/.local/lib/python3.8/site-packages/airflow/example_dags/example_task_group.py took 0.047 seconds
[2023-10-24T13:50:30.712+0000] {processor.py:157} INFO - Started process (PID=674) to work on /home/airflow/.local/lib/python3.8/site-packages/airflow/example_dags/example_task_group.py
[2023-10-24T13:50:30.713+0000] {processor.py:829} INFO - Processing file /home/airflow/.local/lib/python3.8/site-packages/airflow/example_dags/example_task_group.py for tasks to queue
[2023-10-24T13:50:30.714+0000] {logging_mixin.py:151} INFO - [2023-10-24T13:50:30.714+0000] {dagbag.py:536} INFO - Filling up the DagBag from /home/airflow/.local/lib/python3.8/site-packages/airflow/example_dags/example_task_group.py
[2023-10-24T13:50:30.720+0000] {processor.py:839} INFO - DAG(s) dict_keys(['example_task_group']) retrieved from /home/airflow/.local/lib/python3.8/site-packages/airflow/example_dags/example_task_group.py
[2023-10-24T13:50:30.743+0000] {logging_mixin.py:151} INFO - [2023-10-24T13:50:30.743+0000] {dag.py:2941} INFO - Sync 1 DAGs
[2023-10-24T13:50:30.770+0000] {logging_mixin.py:151} INFO - [2023-10-24T13:50:30.769+0000] {dag.py:3722} INFO - Setting next_dagrun for example_task_group to 2023-10-23T13:50:30.769648+00:00, run_after=2023-10-24T13:50:30.769648+00:00
[2023-10-24T13:50:30.782+0000] {processor.py:179} INFO - Processing /home/airflow/.local/lib/python3.8/site-packages/airflow/example_dags/example_task_group.py took 0.073 seconds
[2023-10-24T13:51:01.305+0000] {processor.py:157} INFO - Started process (PID=730) to work on /home/airflow/.local/lib/python3.8/site-packages/airflow/example_dags/example_task_group.py
[2023-10-24T13:51:01.306+0000] {processor.py:829} INFO - Processing file /home/airflow/.local/lib/python3.8/site-packages/airflow/example_dags/example_task_group.py for tasks to queue
[2023-10-24T13:51:01.309+0000] {logging_mixin.py:151} INFO - [2023-10-24T13:51:01.309+0000] {dagbag.py:536} INFO - Filling up the DagBag from /home/airflow/.local/lib/python3.8/site-packages/airflow/example_dags/example_task_group.py
[2023-10-24T13:51:01.316+0000] {processor.py:839} INFO - DAG(s) dict_keys(['example_task_group']) retrieved from /home/airflow/.local/lib/python3.8/site-packages/airflow/example_dags/example_task_group.py
[2023-10-24T13:51:01.338+0000] {logging_mixin.py:151} INFO - [2023-10-24T13:51:01.338+0000] {dag.py:2941} INFO - Sync 1 DAGs
[2023-10-24T13:51:01.356+0000] {logging_mixin.py:151} INFO - [2023-10-24T13:51:01.356+0000] {dag.py:3722} INFO - Setting next_dagrun for example_task_group to 2023-10-23T13:51:01.356267+00:00, run_after=2023-10-24T13:51:01.356267+00:00
[2023-10-24T13:51:01.372+0000] {processor.py:179} INFO - Processing /home/airflow/.local/lib/python3.8/site-packages/airflow/example_dags/example_task_group.py took 0.069 seconds
[2023-10-24T13:51:31.838+0000] {processor.py:157} INFO - Started process (PID=786) to work on /home/airflow/.local/lib/python3.8/site-packages/airflow/example_dags/example_task_group.py
[2023-10-24T13:51:31.839+0000] {processor.py:829} INFO - Processing file /home/airflow/.local/lib/python3.8/site-packages/airflow/example_dags/example_task_group.py for tasks to queue
[2023-10-24T13:51:31.841+0000] {logging_mixin.py:151} INFO - [2023-10-24T13:51:31.840+0000] {dagbag.py:536} INFO - Filling up the DagBag from /home/airflow/.local/lib/python3.8/site-packages/airflow/example_dags/example_task_group.py
[2023-10-24T13:51:31.848+0000] {processor.py:839} INFO - DAG(s) dict_keys(['example_task_group']) retrieved from /home/airflow/.local/lib/python3.8/site-packages/airflow/example_dags/example_task_group.py
[2023-10-24T13:51:31.864+0000] {logging_mixin.py:151} INFO - [2023-10-24T13:51:31.863+0000] {dag.py:2941} INFO - Sync 1 DAGs
[2023-10-24T13:51:31.880+0000] {logging_mixin.py:151} INFO - [2023-10-24T13:51:31.879+0000] {dag.py:3722} INFO - Setting next_dagrun for example_task_group to 2023-10-23T13:51:31.879745+00:00, run_after=2023-10-24T13:51:31.879745+00:00
[2023-10-24T13:51:31.890+0000] {processor.py:179} INFO - Processing /home/airflow/.local/lib/python3.8/site-packages/airflow/example_dags/example_task_group.py took 0.056 seconds
[2023-10-24T13:52:02.317+0000] {processor.py:157} INFO - Started process (PID=842) to work on /home/airflow/.local/lib/python3.8/site-packages/airflow/example_dags/example_task_group.py
[2023-10-24T13:52:02.318+0000] {processor.py:829} INFO - Processing file /home/airflow/.local/lib/python3.8/site-packages/airflow/example_dags/example_task_group.py for tasks to queue
[2023-10-24T13:52:02.320+0000] {logging_mixin.py:151} INFO - [2023-10-24T13:52:02.320+0000] {dagbag.py:536} INFO - Filling up the DagBag from /home/airflow/.local/lib/python3.8/site-packages/airflow/example_dags/example_task_group.py
[2023-10-24T13:52:02.326+0000] {processor.py:839} INFO - DAG(s) dict_keys(['example_task_group']) retrieved from /home/airflow/.local/lib/python3.8/site-packages/airflow/example_dags/example_task_group.py
[2023-10-24T13:52:02.348+0000] {logging_mixin.py:151} INFO - [2023-10-24T13:52:02.348+0000] {dag.py:2941} INFO - Sync 1 DAGs
[2023-10-24T13:52:02.369+0000] {logging_mixin.py:151} INFO - [2023-10-24T13:52:02.368+0000] {dag.py:3722} INFO - Setting next_dagrun for example_task_group to 2023-10-23T13:52:02.368674+00:00, run_after=2023-10-24T13:52:02.368674+00:00
[2023-10-24T13:52:02.382+0000] {processor.py:179} INFO - Processing /home/airflow/.local/lib/python3.8/site-packages/airflow/example_dags/example_task_group.py took 0.069 seconds
[2023-10-24T13:52:33.015+0000] {processor.py:157} INFO - Started process (PID=898) to work on /home/airflow/.local/lib/python3.8/site-packages/airflow/example_dags/example_task_group.py
[2023-10-24T13:52:33.017+0000] {processor.py:829} INFO - Processing file /home/airflow/.local/lib/python3.8/site-packages/airflow/example_dags/example_task_group.py for tasks to queue
[2023-10-24T13:52:33.022+0000] {logging_mixin.py:151} INFO - [2023-10-24T13:52:33.021+0000] {dagbag.py:536} INFO - Filling up the DagBag from /home/airflow/.local/lib/python3.8/site-packages/airflow/example_dags/example_task_group.py
[2023-10-24T13:52:33.030+0000] {processor.py:839} INFO - DAG(s) dict_keys(['example_task_group']) retrieved from /home/airflow/.local/lib/python3.8/site-packages/airflow/example_dags/example_task_group.py
[2023-10-24T13:52:33.051+0000] {logging_mixin.py:151} INFO - [2023-10-24T13:52:33.050+0000] {dag.py:2941} INFO - Sync 1 DAGs
[2023-10-24T13:52:33.069+0000] {logging_mixin.py:151} INFO - [2023-10-24T13:52:33.069+0000] {dag.py:3722} INFO - Setting next_dagrun for example_task_group to 2023-10-23T13:52:33.068911+00:00, run_after=2023-10-24T13:52:33.068911+00:00
[2023-10-24T13:52:33.081+0000] {processor.py:179} INFO - Processing /home/airflow/.local/lib/python3.8/site-packages/airflow/example_dags/example_task_group.py took 0.072 seconds
[2023-10-24T13:53:03.548+0000] {processor.py:157} INFO - Started process (PID=954) to work on /home/airflow/.local/lib/python3.8/site-packages/airflow/example_dags/example_task_group.py
[2023-10-24T13:53:03.549+0000] {processor.py:829} INFO - Processing file /home/airflow/.local/lib/python3.8/site-packages/airflow/example_dags/example_task_group.py for tasks to queue
[2023-10-24T13:53:03.552+0000] {logging_mixin.py:151} INFO - [2023-10-24T13:53:03.552+0000] {dagbag.py:536} INFO - Filling up the DagBag from /home/airflow/.local/lib/python3.8/site-packages/airflow/example_dags/example_task_group.py
[2023-10-24T13:53:03.557+0000] {processor.py:839} INFO - DAG(s) dict_keys(['example_task_group']) retrieved from /home/airflow/.local/lib/python3.8/site-packages/airflow/example_dags/example_task_group.py
[2023-10-24T13:53:03.576+0000] {logging_mixin.py:151} INFO - [2023-10-24T13:53:03.576+0000] {dag.py:2941} INFO - Sync 1 DAGs
[2023-10-24T13:53:03.589+0000] {logging_mixin.py:151} INFO - [2023-10-24T13:53:03.589+0000] {dag.py:3722} INFO - Setting next_dagrun for example_task_group to 2023-10-23T13:53:03.589196+00:00, run_after=2023-10-24T13:53:03.589196+00:00
[2023-10-24T13:53:03.599+0000] {processor.py:179} INFO - Processing /home/airflow/.local/lib/python3.8/site-packages/airflow/example_dags/example_task_group.py took 0.055 seconds
[2023-10-24T13:53:34.150+0000] {processor.py:157} INFO - Started process (PID=1010) to work on /home/airflow/.local/lib/python3.8/site-packages/airflow/example_dags/example_task_group.py
[2023-10-24T13:53:34.152+0000] {processor.py:829} INFO - Processing file /home/airflow/.local/lib/python3.8/site-packages/airflow/example_dags/example_task_group.py for tasks to queue
[2023-10-24T13:53:34.154+0000] {logging_mixin.py:151} INFO - [2023-10-24T13:53:34.154+0000] {dagbag.py:536} INFO - Filling up the DagBag from /home/airflow/.local/lib/python3.8/site-packages/airflow/example_dags/example_task_group.py
[2023-10-24T13:53:34.160+0000] {processor.py:839} INFO - DAG(s) dict_keys(['example_task_group']) retrieved from /home/airflow/.local/lib/python3.8/site-packages/airflow/example_dags/example_task_group.py
[2023-10-24T13:53:34.187+0000] {logging_mixin.py:151} INFO - [2023-10-24T13:53:34.187+0000] {dag.py:2941} INFO - Sync 1 DAGs
[2023-10-24T13:53:34.202+0000] {logging_mixin.py:151} INFO - [2023-10-24T13:53:34.201+0000] {dag.py:3722} INFO - Setting next_dagrun for example_task_group to 2023-10-23T13:53:34.201769+00:00, run_after=2023-10-24T13:53:34.201769+00:00
[2023-10-24T13:53:34.216+0000] {processor.py:179} INFO - Processing /home/airflow/.local/lib/python3.8/site-packages/airflow/example_dags/example_task_group.py took 0.069 seconds
