[2023-10-24T13:44:50.327+0000] {processor.py:157} INFO - Started process (PID=48) to work on /home/airflow/.local/lib/python3.8/site-packages/airflow/example_dags/example_task_group_decorator.py
[2023-10-24T13:44:50.328+0000] {processor.py:829} INFO - Processing file /home/airflow/.local/lib/python3.8/site-packages/airflow/example_dags/example_task_group_decorator.py for tasks to queue
[2023-10-24T13:44:50.331+0000] {logging_mixin.py:151} INFO - [2023-10-24T13:44:50.331+0000] {dagbag.py:536} INFO - Filling up the DagBag from /home/airflow/.local/lib/python3.8/site-packages/airflow/example_dags/example_task_group_decorator.py
[2023-10-24T13:44:50.365+0000] {processor.py:839} INFO - DAG(s) dict_keys(['example_task_group_decorator']) retrieved from /home/airflow/.local/lib/python3.8/site-packages/airflow/example_dags/example_task_group_decorator.py
[2023-10-24T13:44:50.386+0000] {logging_mixin.py:151} INFO - [2023-10-24T13:44:50.386+0000] {dag.py:2941} INFO - Sync 1 DAGs
[2023-10-24T13:44:50.411+0000] {logging_mixin.py:151} INFO - [2023-10-24T13:44:50.411+0000] {dag.py:3722} INFO - Setting next_dagrun for example_task_group_decorator to 2023-10-23T13:44:50.411606+00:00, run_after=2023-10-24T13:44:50.411606+00:00
[2023-10-24T13:44:50.466+0000] {processor.py:179} INFO - Processing /home/airflow/.local/lib/python3.8/site-packages/airflow/example_dags/example_task_group_decorator.py took 0.144 seconds
[2023-10-24T13:45:20.960+0000] {processor.py:157} INFO - Started process (PID=103) to work on /home/airflow/.local/lib/python3.8/site-packages/airflow/example_dags/example_task_group_decorator.py
[2023-10-24T13:45:20.961+0000] {processor.py:829} INFO - Processing file /home/airflow/.local/lib/python3.8/site-packages/airflow/example_dags/example_task_group_decorator.py for tasks to queue
[2023-10-24T13:45:20.963+0000] {logging_mixin.py:151} INFO - [2023-10-24T13:45:20.963+0000] {dagbag.py:536} INFO - Filling up the DagBag from /home/airflow/.local/lib/python3.8/site-packages/airflow/example_dags/example_task_group_decorator.py
[2023-10-24T13:45:20.978+0000] {processor.py:839} INFO - DAG(s) dict_keys(['example_task_group_decorator']) retrieved from /home/airflow/.local/lib/python3.8/site-packages/airflow/example_dags/example_task_group_decorator.py
[2023-10-24T13:45:21.000+0000] {logging_mixin.py:151} INFO - [2023-10-24T13:45:21.000+0000] {dag.py:2941} INFO - Sync 1 DAGs
[2023-10-24T13:45:21.019+0000] {logging_mixin.py:151} INFO - [2023-10-24T13:45:21.019+0000] {dag.py:3722} INFO - Setting next_dagrun for example_task_group_decorator to 2023-10-23T13:45:21.019448+00:00, run_after=2023-10-24T13:45:21.019448+00:00
[2023-10-24T13:45:21.030+0000] {processor.py:179} INFO - Processing /home/airflow/.local/lib/python3.8/site-packages/airflow/example_dags/example_task_group_decorator.py took 0.073 seconds
[2023-10-24T13:45:51.392+0000] {processor.py:157} INFO - Started process (PID=159) to work on /home/airflow/.local/lib/python3.8/site-packages/airflow/example_dags/example_task_group_decorator.py
[2023-10-24T13:45:51.394+0000] {processor.py:829} INFO - Processing file /home/airflow/.local/lib/python3.8/site-packages/airflow/example_dags/example_task_group_decorator.py for tasks to queue
[2023-10-24T13:45:51.397+0000] {logging_mixin.py:151} INFO - [2023-10-24T13:45:51.397+0000] {dagbag.py:536} INFO - Filling up the DagBag from /home/airflow/.local/lib/python3.8/site-packages/airflow/example_dags/example_task_group_decorator.py
[2023-10-24T13:45:51.420+0000] {processor.py:839} INFO - DAG(s) dict_keys(['example_task_group_decorator']) retrieved from /home/airflow/.local/lib/python3.8/site-packages/airflow/example_dags/example_task_group_decorator.py
[2023-10-24T13:45:51.442+0000] {logging_mixin.py:151} INFO - [2023-10-24T13:45:51.442+0000] {dag.py:2941} INFO - Sync 1 DAGs
[2023-10-24T13:45:51.458+0000] {logging_mixin.py:151} INFO - [2023-10-24T13:45:51.458+0000] {dag.py:3722} INFO - Setting next_dagrun for example_task_group_decorator to 2023-10-23T13:45:51.457853+00:00, run_after=2023-10-24T13:45:51.457853+00:00
[2023-10-24T13:45:51.470+0000] {processor.py:179} INFO - Processing /home/airflow/.local/lib/python3.8/site-packages/airflow/example_dags/example_task_group_decorator.py took 0.084 seconds
[2023-10-24T13:46:21.944+0000] {processor.py:157} INFO - Started process (PID=215) to work on /home/airflow/.local/lib/python3.8/site-packages/airflow/example_dags/example_task_group_decorator.py
[2023-10-24T13:46:21.945+0000] {processor.py:829} INFO - Processing file /home/airflow/.local/lib/python3.8/site-packages/airflow/example_dags/example_task_group_decorator.py for tasks to queue
[2023-10-24T13:46:21.947+0000] {logging_mixin.py:151} INFO - [2023-10-24T13:46:21.947+0000] {dagbag.py:536} INFO - Filling up the DagBag from /home/airflow/.local/lib/python3.8/site-packages/airflow/example_dags/example_task_group_decorator.py
[2023-10-24T13:46:21.956+0000] {processor.py:839} INFO - DAG(s) dict_keys(['example_task_group_decorator']) retrieved from /home/airflow/.local/lib/python3.8/site-packages/airflow/example_dags/example_task_group_decorator.py
[2023-10-24T13:46:21.980+0000] {logging_mixin.py:151} INFO - [2023-10-24T13:46:21.980+0000] {dag.py:2941} INFO - Sync 1 DAGs
[2023-10-24T13:46:21.993+0000] {logging_mixin.py:151} INFO - [2023-10-24T13:46:21.993+0000] {dag.py:3722} INFO - Setting next_dagrun for example_task_group_decorator to 2023-10-23T13:46:21.993416+00:00, run_after=2023-10-24T13:46:21.993416+00:00
[2023-10-24T13:46:22.004+0000] {processor.py:179} INFO - Processing /home/airflow/.local/lib/python3.8/site-packages/airflow/example_dags/example_task_group_decorator.py took 0.063 seconds
[2023-10-24T13:46:52.559+0000] {processor.py:157} INFO - Started process (PID=271) to work on /home/airflow/.local/lib/python3.8/site-packages/airflow/example_dags/example_task_group_decorator.py
[2023-10-24T13:46:52.560+0000] {processor.py:829} INFO - Processing file /home/airflow/.local/lib/python3.8/site-packages/airflow/example_dags/example_task_group_decorator.py for tasks to queue
[2023-10-24T13:46:52.563+0000] {logging_mixin.py:151} INFO - [2023-10-24T13:46:52.563+0000] {dagbag.py:536} INFO - Filling up the DagBag from /home/airflow/.local/lib/python3.8/site-packages/airflow/example_dags/example_task_group_decorator.py
[2023-10-24T13:46:52.574+0000] {processor.py:839} INFO - DAG(s) dict_keys(['example_task_group_decorator']) retrieved from /home/airflow/.local/lib/python3.8/site-packages/airflow/example_dags/example_task_group_decorator.py
[2023-10-24T13:46:52.592+0000] {logging_mixin.py:151} INFO - [2023-10-24T13:46:52.592+0000] {dag.py:2941} INFO - Sync 1 DAGs
[2023-10-24T13:46:52.605+0000] {logging_mixin.py:151} INFO - [2023-10-24T13:46:52.605+0000] {dag.py:3722} INFO - Setting next_dagrun for example_task_group_decorator to 2023-10-23T13:46:52.604814+00:00, run_after=2023-10-24T13:46:52.604814+00:00
[2023-10-24T13:46:52.616+0000] {processor.py:179} INFO - Processing /home/airflow/.local/lib/python3.8/site-packages/airflow/example_dags/example_task_group_decorator.py took 0.061 seconds
[2023-10-24T13:47:22.864+0000] {processor.py:157} INFO - Started process (PID=327) to work on /home/airflow/.local/lib/python3.8/site-packages/airflow/example_dags/example_task_group_decorator.py
[2023-10-24T13:47:22.865+0000] {processor.py:829} INFO - Processing file /home/airflow/.local/lib/python3.8/site-packages/airflow/example_dags/example_task_group_decorator.py for tasks to queue
[2023-10-24T13:47:22.867+0000] {logging_mixin.py:151} INFO - [2023-10-24T13:47:22.867+0000] {dagbag.py:536} INFO - Filling up the DagBag from /home/airflow/.local/lib/python3.8/site-packages/airflow/example_dags/example_task_group_decorator.py
[2023-10-24T13:47:22.877+0000] {processor.py:839} INFO - DAG(s) dict_keys(['example_task_group_decorator']) retrieved from /home/airflow/.local/lib/python3.8/site-packages/airflow/example_dags/example_task_group_decorator.py
[2023-10-24T13:47:22.903+0000] {logging_mixin.py:151} INFO - [2023-10-24T13:47:22.903+0000] {dag.py:2941} INFO - Sync 1 DAGs
[2023-10-24T13:47:22.918+0000] {logging_mixin.py:151} INFO - [2023-10-24T13:47:22.918+0000] {dag.py:3722} INFO - Setting next_dagrun for example_task_group_decorator to 2023-10-23T13:47:22.918421+00:00, run_after=2023-10-24T13:47:22.918421+00:00
[2023-10-24T13:47:22.933+0000] {processor.py:179} INFO - Processing /home/airflow/.local/lib/python3.8/site-packages/airflow/example_dags/example_task_group_decorator.py took 0.073 seconds
[2023-10-24T13:47:53.039+0000] {processor.py:157} INFO - Started process (PID=383) to work on /home/airflow/.local/lib/python3.8/site-packages/airflow/example_dags/example_task_group_decorator.py
[2023-10-24T13:47:53.040+0000] {processor.py:829} INFO - Processing file /home/airflow/.local/lib/python3.8/site-packages/airflow/example_dags/example_task_group_decorator.py for tasks to queue
[2023-10-24T13:47:53.042+0000] {logging_mixin.py:151} INFO - [2023-10-24T13:47:53.042+0000] {dagbag.py:536} INFO - Filling up the DagBag from /home/airflow/.local/lib/python3.8/site-packages/airflow/example_dags/example_task_group_decorator.py
[2023-10-24T13:47:53.051+0000] {processor.py:839} INFO - DAG(s) dict_keys(['example_task_group_decorator']) retrieved from /home/airflow/.local/lib/python3.8/site-packages/airflow/example_dags/example_task_group_decorator.py
[2023-10-24T13:47:53.068+0000] {logging_mixin.py:151} INFO - [2023-10-24T13:47:53.067+0000] {dag.py:2941} INFO - Sync 1 DAGs
[2023-10-24T13:47:53.083+0000] {logging_mixin.py:151} INFO - [2023-10-24T13:47:53.083+0000] {dag.py:3722} INFO - Setting next_dagrun for example_task_group_decorator to 2023-10-23T13:47:53.083200+00:00, run_after=2023-10-24T13:47:53.083200+00:00
[2023-10-24T13:47:53.096+0000] {processor.py:179} INFO - Processing /home/airflow/.local/lib/python3.8/site-packages/airflow/example_dags/example_task_group_decorator.py took 0.060 seconds
[2023-10-24T13:48:24.158+0000] {processor.py:157} INFO - Started process (PID=439) to work on /home/airflow/.local/lib/python3.8/site-packages/airflow/example_dags/example_task_group_decorator.py
[2023-10-24T13:48:24.159+0000] {processor.py:829} INFO - Processing file /home/airflow/.local/lib/python3.8/site-packages/airflow/example_dags/example_task_group_decorator.py for tasks to queue
[2023-10-24T13:48:24.162+0000] {logging_mixin.py:151} INFO - [2023-10-24T13:48:24.162+0000] {dagbag.py:536} INFO - Filling up the DagBag from /home/airflow/.local/lib/python3.8/site-packages/airflow/example_dags/example_task_group_decorator.py
[2023-10-24T13:48:24.178+0000] {processor.py:839} INFO - DAG(s) dict_keys(['example_task_group_decorator']) retrieved from /home/airflow/.local/lib/python3.8/site-packages/airflow/example_dags/example_task_group_decorator.py
[2023-10-24T13:48:24.330+0000] {logging_mixin.py:151} INFO - [2023-10-24T13:48:24.330+0000] {dag.py:2941} INFO - Sync 1 DAGs
[2023-10-24T13:48:24.341+0000] {logging_mixin.py:151} INFO - [2023-10-24T13:48:24.340+0000] {dag.py:3722} INFO - Setting next_dagrun for example_task_group_decorator to 2023-10-23T13:48:24.340813+00:00, run_after=2023-10-24T13:48:24.340813+00:00
[2023-10-24T13:48:24.350+0000] {processor.py:179} INFO - Processing /home/airflow/.local/lib/python3.8/site-packages/airflow/example_dags/example_task_group_decorator.py took 0.196 seconds
[2023-10-24T13:48:56.759+0000] {processor.py:157} INFO - Started process (PID=495) to work on /home/airflow/.local/lib/python3.8/site-packages/airflow/example_dags/example_task_group_decorator.py
[2023-10-24T13:48:56.760+0000] {processor.py:829} INFO - Processing file /home/airflow/.local/lib/python3.8/site-packages/airflow/example_dags/example_task_group_decorator.py for tasks to queue
[2023-10-24T13:48:56.762+0000] {logging_mixin.py:151} INFO - [2023-10-24T13:48:56.762+0000] {dagbag.py:536} INFO - Filling up the DagBag from /home/airflow/.local/lib/python3.8/site-packages/airflow/example_dags/example_task_group_decorator.py
[2023-10-24T13:48:56.778+0000] {processor.py:839} INFO - DAG(s) dict_keys(['example_task_group_decorator']) retrieved from /home/airflow/.local/lib/python3.8/site-packages/airflow/example_dags/example_task_group_decorator.py
[2023-10-24T13:48:56.968+0000] {logging_mixin.py:151} INFO - [2023-10-24T13:48:56.968+0000] {dag.py:2941} INFO - Sync 1 DAGs
[2023-10-24T13:48:56.981+0000] {logging_mixin.py:151} INFO - [2023-10-24T13:48:56.981+0000] {dag.py:3722} INFO - Setting next_dagrun for example_task_group_decorator to 2023-10-23T13:48:56.981400+00:00, run_after=2023-10-24T13:48:56.981400+00:00
[2023-10-24T13:48:56.994+0000] {processor.py:179} INFO - Processing /home/airflow/.local/lib/python3.8/site-packages/airflow/example_dags/example_task_group_decorator.py took 0.240 seconds
[2023-10-24T13:49:27.812+0000] {processor.py:157} INFO - Started process (PID=551) to work on /home/airflow/.local/lib/python3.8/site-packages/airflow/example_dags/example_task_group_decorator.py
[2023-10-24T13:49:27.814+0000] {processor.py:829} INFO - Processing file /home/airflow/.local/lib/python3.8/site-packages/airflow/example_dags/example_task_group_decorator.py for tasks to queue
[2023-10-24T13:49:27.818+0000] {logging_mixin.py:151} INFO - [2023-10-24T13:49:27.818+0000] {dagbag.py:536} INFO - Filling up the DagBag from /home/airflow/.local/lib/python3.8/site-packages/airflow/example_dags/example_task_group_decorator.py
[2023-10-24T13:49:27.832+0000] {processor.py:839} INFO - DAG(s) dict_keys(['example_task_group_decorator']) retrieved from /home/airflow/.local/lib/python3.8/site-packages/airflow/example_dags/example_task_group_decorator.py
[2023-10-24T13:49:27.855+0000] {logging_mixin.py:151} INFO - [2023-10-24T13:49:27.854+0000] {dag.py:2941} INFO - Sync 1 DAGs
[2023-10-24T13:49:27.870+0000] {logging_mixin.py:151} INFO - [2023-10-24T13:49:27.870+0000] {dag.py:3722} INFO - Setting next_dagrun for example_task_group_decorator to 2023-10-23T13:49:27.870514+00:00, run_after=2023-10-24T13:49:27.870514+00:00
[2023-10-24T13:49:27.885+0000] {processor.py:179} INFO - Processing /home/airflow/.local/lib/python3.8/site-packages/airflow/example_dags/example_task_group_decorator.py took 0.078 seconds
[2023-10-24T13:49:58.168+0000] {processor.py:157} INFO - Started process (PID=607) to work on /home/airflow/.local/lib/python3.8/site-packages/airflow/example_dags/example_task_group_decorator.py
[2023-10-24T13:49:58.171+0000] {processor.py:829} INFO - Processing file /home/airflow/.local/lib/python3.8/site-packages/airflow/example_dags/example_task_group_decorator.py for tasks to queue
[2023-10-24T13:49:58.176+0000] {logging_mixin.py:151} INFO - [2023-10-24T13:49:58.176+0000] {dagbag.py:536} INFO - Filling up the DagBag from /home/airflow/.local/lib/python3.8/site-packages/airflow/example_dags/example_task_group_decorator.py
[2023-10-24T13:49:58.197+0000] {processor.py:839} INFO - DAG(s) dict_keys(['example_task_group_decorator']) retrieved from /home/airflow/.local/lib/python3.8/site-packages/airflow/example_dags/example_task_group_decorator.py
[2023-10-24T13:49:58.219+0000] {logging_mixin.py:151} INFO - [2023-10-24T13:49:58.219+0000] {dag.py:2941} INFO - Sync 1 DAGs
[2023-10-24T13:49:58.235+0000] {logging_mixin.py:151} INFO - [2023-10-24T13:49:58.235+0000] {dag.py:3722} INFO - Setting next_dagrun for example_task_group_decorator to 2023-10-23T13:49:58.235389+00:00, run_after=2023-10-24T13:49:58.235389+00:00
[2023-10-24T13:49:58.247+0000] {processor.py:179} INFO - Processing /home/airflow/.local/lib/python3.8/site-packages/airflow/example_dags/example_task_group_decorator.py took 0.088 seconds
[2023-10-24T13:50:29.221+0000] {processor.py:157} INFO - Started process (PID=663) to work on /home/airflow/.local/lib/python3.8/site-packages/airflow/example_dags/example_task_group_decorator.py
[2023-10-24T13:50:29.222+0000] {processor.py:829} INFO - Processing file /home/airflow/.local/lib/python3.8/site-packages/airflow/example_dags/example_task_group_decorator.py for tasks to queue
[2023-10-24T13:50:29.224+0000] {logging_mixin.py:151} INFO - [2023-10-24T13:50:29.224+0000] {dagbag.py:536} INFO - Filling up the DagBag from /home/airflow/.local/lib/python3.8/site-packages/airflow/example_dags/example_task_group_decorator.py
[2023-10-24T13:50:29.238+0000] {processor.py:839} INFO - DAG(s) dict_keys(['example_task_group_decorator']) retrieved from /home/airflow/.local/lib/python3.8/site-packages/airflow/example_dags/example_task_group_decorator.py
[2023-10-24T13:50:29.255+0000] {logging_mixin.py:151} INFO - [2023-10-24T13:50:29.255+0000] {dag.py:2941} INFO - Sync 1 DAGs
[2023-10-24T13:50:29.270+0000] {logging_mixin.py:151} INFO - [2023-10-24T13:50:29.270+0000] {dag.py:3722} INFO - Setting next_dagrun for example_task_group_decorator to 2023-10-23T13:50:29.269946+00:00, run_after=2023-10-24T13:50:29.269946+00:00
[2023-10-24T13:50:29.281+0000] {processor.py:179} INFO - Processing /home/airflow/.local/lib/python3.8/site-packages/airflow/example_dags/example_task_group_decorator.py took 0.064 seconds
[2023-10-24T13:50:59.767+0000] {processor.py:157} INFO - Started process (PID=719) to work on /home/airflow/.local/lib/python3.8/site-packages/airflow/example_dags/example_task_group_decorator.py
[2023-10-24T13:50:59.769+0000] {processor.py:829} INFO - Processing file /home/airflow/.local/lib/python3.8/site-packages/airflow/example_dags/example_task_group_decorator.py for tasks to queue
[2023-10-24T13:50:59.772+0000] {logging_mixin.py:151} INFO - [2023-10-24T13:50:59.772+0000] {dagbag.py:536} INFO - Filling up the DagBag from /home/airflow/.local/lib/python3.8/site-packages/airflow/example_dags/example_task_group_decorator.py
[2023-10-24T13:50:59.790+0000] {processor.py:839} INFO - DAG(s) dict_keys(['example_task_group_decorator']) retrieved from /home/airflow/.local/lib/python3.8/site-packages/airflow/example_dags/example_task_group_decorator.py
[2023-10-24T13:50:59.811+0000] {logging_mixin.py:151} INFO - [2023-10-24T13:50:59.810+0000] {dag.py:2941} INFO - Sync 1 DAGs
[2023-10-24T13:50:59.825+0000] {logging_mixin.py:151} INFO - [2023-10-24T13:50:59.825+0000] {dag.py:3722} INFO - Setting next_dagrun for example_task_group_decorator to 2023-10-23T13:50:59.825431+00:00, run_after=2023-10-24T13:50:59.825431+00:00
[2023-10-24T13:50:59.837+0000] {processor.py:179} INFO - Processing /home/airflow/.local/lib/python3.8/site-packages/airflow/example_dags/example_task_group_decorator.py took 0.076 seconds
[2023-10-24T13:51:30.383+0000] {processor.py:157} INFO - Started process (PID=775) to work on /home/airflow/.local/lib/python3.8/site-packages/airflow/example_dags/example_task_group_decorator.py
[2023-10-24T13:51:30.384+0000] {processor.py:829} INFO - Processing file /home/airflow/.local/lib/python3.8/site-packages/airflow/example_dags/example_task_group_decorator.py for tasks to queue
[2023-10-24T13:51:30.387+0000] {logging_mixin.py:151} INFO - [2023-10-24T13:51:30.387+0000] {dagbag.py:536} INFO - Filling up the DagBag from /home/airflow/.local/lib/python3.8/site-packages/airflow/example_dags/example_task_group_decorator.py
[2023-10-24T13:51:30.401+0000] {processor.py:839} INFO - DAG(s) dict_keys(['example_task_group_decorator']) retrieved from /home/airflow/.local/lib/python3.8/site-packages/airflow/example_dags/example_task_group_decorator.py
[2023-10-24T13:51:30.423+0000] {logging_mixin.py:151} INFO - [2023-10-24T13:51:30.423+0000] {dag.py:2941} INFO - Sync 1 DAGs
[2023-10-24T13:51:30.442+0000] {logging_mixin.py:151} INFO - [2023-10-24T13:51:30.442+0000] {dag.py:3722} INFO - Setting next_dagrun for example_task_group_decorator to 2023-10-23T13:51:30.442032+00:00, run_after=2023-10-24T13:51:30.442032+00:00
[2023-10-24T13:51:30.459+0000] {processor.py:179} INFO - Processing /home/airflow/.local/lib/python3.8/site-packages/airflow/example_dags/example_task_group_decorator.py took 0.081 seconds
[2023-10-24T13:52:01.087+0000] {processor.py:157} INFO - Started process (PID=831) to work on /home/airflow/.local/lib/python3.8/site-packages/airflow/example_dags/example_task_group_decorator.py
[2023-10-24T13:52:01.088+0000] {processor.py:829} INFO - Processing file /home/airflow/.local/lib/python3.8/site-packages/airflow/example_dags/example_task_group_decorator.py for tasks to queue
[2023-10-24T13:52:01.091+0000] {logging_mixin.py:151} INFO - [2023-10-24T13:52:01.091+0000] {dagbag.py:536} INFO - Filling up the DagBag from /home/airflow/.local/lib/python3.8/site-packages/airflow/example_dags/example_task_group_decorator.py
[2023-10-24T13:52:01.111+0000] {processor.py:839} INFO - DAG(s) dict_keys(['example_task_group_decorator']) retrieved from /home/airflow/.local/lib/python3.8/site-packages/airflow/example_dags/example_task_group_decorator.py
[2023-10-24T13:52:01.174+0000] {logging_mixin.py:151} INFO - [2023-10-24T13:52:01.174+0000] {dag.py:2941} INFO - Sync 1 DAGs
[2023-10-24T13:52:01.221+0000] {logging_mixin.py:151} INFO - [2023-10-24T13:52:01.221+0000] {dag.py:3722} INFO - Setting next_dagrun for example_task_group_decorator to 2023-10-23T13:52:01.221055+00:00, run_after=2023-10-24T13:52:01.221055+00:00
[2023-10-24T13:52:01.287+0000] {processor.py:179} INFO - Processing /home/airflow/.local/lib/python3.8/site-packages/airflow/example_dags/example_task_group_decorator.py took 0.205 seconds
[2023-10-24T13:52:31.530+0000] {processor.py:157} INFO - Started process (PID=887) to work on /home/airflow/.local/lib/python3.8/site-packages/airflow/example_dags/example_task_group_decorator.py
[2023-10-24T13:52:31.532+0000] {processor.py:829} INFO - Processing file /home/airflow/.local/lib/python3.8/site-packages/airflow/example_dags/example_task_group_decorator.py for tasks to queue
[2023-10-24T13:52:31.534+0000] {logging_mixin.py:151} INFO - [2023-10-24T13:52:31.534+0000] {dagbag.py:536} INFO - Filling up the DagBag from /home/airflow/.local/lib/python3.8/site-packages/airflow/example_dags/example_task_group_decorator.py
[2023-10-24T13:52:31.544+0000] {processor.py:839} INFO - DAG(s) dict_keys(['example_task_group_decorator']) retrieved from /home/airflow/.local/lib/python3.8/site-packages/airflow/example_dags/example_task_group_decorator.py
[2023-10-24T13:52:31.563+0000] {logging_mixin.py:151} INFO - [2023-10-24T13:52:31.563+0000] {dag.py:2941} INFO - Sync 1 DAGs
[2023-10-24T13:52:31.577+0000] {logging_mixin.py:151} INFO - [2023-10-24T13:52:31.577+0000] {dag.py:3722} INFO - Setting next_dagrun for example_task_group_decorator to 2023-10-23T13:52:31.577048+00:00, run_after=2023-10-24T13:52:31.577048+00:00
[2023-10-24T13:52:31.588+0000] {processor.py:179} INFO - Processing /home/airflow/.local/lib/python3.8/site-packages/airflow/example_dags/example_task_group_decorator.py took 0.062 seconds
[2023-10-24T13:53:02.070+0000] {processor.py:157} INFO - Started process (PID=943) to work on /home/airflow/.local/lib/python3.8/site-packages/airflow/example_dags/example_task_group_decorator.py
[2023-10-24T13:53:02.071+0000] {processor.py:829} INFO - Processing file /home/airflow/.local/lib/python3.8/site-packages/airflow/example_dags/example_task_group_decorator.py for tasks to queue
[2023-10-24T13:53:02.074+0000] {logging_mixin.py:151} INFO - [2023-10-24T13:53:02.073+0000] {dagbag.py:536} INFO - Filling up the DagBag from /home/airflow/.local/lib/python3.8/site-packages/airflow/example_dags/example_task_group_decorator.py
[2023-10-24T13:53:02.086+0000] {processor.py:839} INFO - DAG(s) dict_keys(['example_task_group_decorator']) retrieved from /home/airflow/.local/lib/python3.8/site-packages/airflow/example_dags/example_task_group_decorator.py
[2023-10-24T13:53:02.117+0000] {logging_mixin.py:151} INFO - [2023-10-24T13:53:02.117+0000] {dag.py:2941} INFO - Sync 1 DAGs
[2023-10-24T13:53:02.135+0000] {logging_mixin.py:151} INFO - [2023-10-24T13:53:02.135+0000] {dag.py:3722} INFO - Setting next_dagrun for example_task_group_decorator to 2023-10-23T13:53:02.135130+00:00, run_after=2023-10-24T13:53:02.135130+00:00
[2023-10-24T13:53:02.147+0000] {processor.py:179} INFO - Processing /home/airflow/.local/lib/python3.8/site-packages/airflow/example_dags/example_task_group_decorator.py took 0.080 seconds
[2023-10-24T13:53:32.176+0000] {processor.py:157} INFO - Started process (PID=999) to work on /home/airflow/.local/lib/python3.8/site-packages/airflow/example_dags/example_task_group_decorator.py
[2023-10-24T13:53:32.176+0000] {processor.py:829} INFO - Processing file /home/airflow/.local/lib/python3.8/site-packages/airflow/example_dags/example_task_group_decorator.py for tasks to queue
[2023-10-24T13:53:32.178+0000] {logging_mixin.py:151} INFO - [2023-10-24T13:53:32.178+0000] {dagbag.py:536} INFO - Filling up the DagBag from /home/airflow/.local/lib/python3.8/site-packages/airflow/example_dags/example_task_group_decorator.py
[2023-10-24T13:53:32.193+0000] {processor.py:839} INFO - DAG(s) dict_keys(['example_task_group_decorator']) retrieved from /home/airflow/.local/lib/python3.8/site-packages/airflow/example_dags/example_task_group_decorator.py
[2023-10-24T13:53:32.220+0000] {logging_mixin.py:151} INFO - [2023-10-24T13:53:32.220+0000] {dag.py:2941} INFO - Sync 1 DAGs
[2023-10-24T13:53:32.233+0000] {logging_mixin.py:151} INFO - [2023-10-24T13:53:32.233+0000] {dag.py:3722} INFO - Setting next_dagrun for example_task_group_decorator to 2023-10-23T13:53:32.233575+00:00, run_after=2023-10-24T13:53:32.233575+00:00
[2023-10-24T13:53:32.250+0000] {processor.py:179} INFO - Processing /home/airflow/.local/lib/python3.8/site-packages/airflow/example_dags/example_task_group_decorator.py took 0.078 seconds
