[2023-10-24T13:44:53.797+0000] {processor.py:157} INFO - Started process (PID=70) to work on /home/airflow/.local/lib/python3.8/site-packages/airflow/example_dags/example_setup_teardown_taskflow.py
[2023-10-24T13:44:53.798+0000] {processor.py:829} INFO - Processing file /home/airflow/.local/lib/python3.8/site-packages/airflow/example_dags/example_setup_teardown_taskflow.py for tasks to queue
[2023-10-24T13:44:53.800+0000] {logging_mixin.py:151} INFO - [2023-10-24T13:44:53.800+0000] {dagbag.py:536} INFO - Filling up the DagBag from /home/airflow/.local/lib/python3.8/site-packages/airflow/example_dags/example_setup_teardown_taskflow.py
[2023-10-24T13:44:53.811+0000] {processor.py:839} INFO - DAG(s) dict_keys(['example_setup_teardown_taskflow']) retrieved from /home/airflow/.local/lib/python3.8/site-packages/airflow/example_dags/example_setup_teardown_taskflow.py
[2023-10-24T13:44:53.831+0000] {logging_mixin.py:151} INFO - [2023-10-24T13:44:53.831+0000] {dag.py:2941} INFO - Sync 1 DAGs
[2023-10-24T13:44:53.861+0000] {logging_mixin.py:151} INFO - [2023-10-24T13:44:53.861+0000] {dag.py:3722} INFO - Setting next_dagrun for example_setup_teardown_taskflow to 2023-10-23T13:44:53.860882+00:00, run_after=2023-10-24T13:44:53.860882+00:00
[2023-10-24T13:44:53.888+0000] {processor.py:179} INFO - Processing /home/airflow/.local/lib/python3.8/site-packages/airflow/example_dags/example_setup_teardown_taskflow.py took 0.095 seconds
[2023-10-24T13:45:25.625+0000] {processor.py:157} INFO - Started process (PID=126) to work on /home/airflow/.local/lib/python3.8/site-packages/airflow/example_dags/example_setup_teardown_taskflow.py
[2023-10-24T13:45:25.626+0000] {processor.py:829} INFO - Processing file /home/airflow/.local/lib/python3.8/site-packages/airflow/example_dags/example_setup_teardown_taskflow.py for tasks to queue
[2023-10-24T13:45:25.628+0000] {logging_mixin.py:151} INFO - [2023-10-24T13:45:25.628+0000] {dagbag.py:536} INFO - Filling up the DagBag from /home/airflow/.local/lib/python3.8/site-packages/airflow/example_dags/example_setup_teardown_taskflow.py
[2023-10-24T13:45:25.635+0000] {processor.py:839} INFO - DAG(s) dict_keys(['example_setup_teardown_taskflow']) retrieved from /home/airflow/.local/lib/python3.8/site-packages/airflow/example_dags/example_setup_teardown_taskflow.py
[2023-10-24T13:45:25.655+0000] {logging_mixin.py:151} INFO - [2023-10-24T13:45:25.654+0000] {dag.py:2941} INFO - Sync 1 DAGs
[2023-10-24T13:45:25.669+0000] {logging_mixin.py:151} INFO - [2023-10-24T13:45:25.669+0000] {dag.py:3722} INFO - Setting next_dagrun for example_setup_teardown_taskflow to 2023-10-23T13:45:25.669627+00:00, run_after=2023-10-24T13:45:25.669627+00:00
[2023-10-24T13:45:25.680+0000] {processor.py:179} INFO - Processing /home/airflow/.local/lib/python3.8/site-packages/airflow/example_dags/example_setup_teardown_taskflow.py took 0.058 seconds
[2023-10-24T13:45:55.805+0000] {processor.py:157} INFO - Started process (PID=182) to work on /home/airflow/.local/lib/python3.8/site-packages/airflow/example_dags/example_setup_teardown_taskflow.py
[2023-10-24T13:45:55.806+0000] {processor.py:829} INFO - Processing file /home/airflow/.local/lib/python3.8/site-packages/airflow/example_dags/example_setup_teardown_taskflow.py for tasks to queue
[2023-10-24T13:45:55.809+0000] {logging_mixin.py:151} INFO - [2023-10-24T13:45:55.809+0000] {dagbag.py:536} INFO - Filling up the DagBag from /home/airflow/.local/lib/python3.8/site-packages/airflow/example_dags/example_setup_teardown_taskflow.py
[2023-10-24T13:45:55.819+0000] {processor.py:839} INFO - DAG(s) dict_keys(['example_setup_teardown_taskflow']) retrieved from /home/airflow/.local/lib/python3.8/site-packages/airflow/example_dags/example_setup_teardown_taskflow.py
[2023-10-24T13:45:55.841+0000] {logging_mixin.py:151} INFO - [2023-10-24T13:45:55.840+0000] {dag.py:2941} INFO - Sync 1 DAGs
[2023-10-24T13:45:55.856+0000] {logging_mixin.py:151} INFO - [2023-10-24T13:45:55.856+0000] {dag.py:3722} INFO - Setting next_dagrun for example_setup_teardown_taskflow to 2023-10-23T13:45:55.856293+00:00, run_after=2023-10-24T13:45:55.856293+00:00
[2023-10-24T13:45:55.869+0000] {processor.py:179} INFO - Processing /home/airflow/.local/lib/python3.8/site-packages/airflow/example_dags/example_setup_teardown_taskflow.py took 0.067 seconds
[2023-10-24T13:46:25.994+0000] {processor.py:157} INFO - Started process (PID=237) to work on /home/airflow/.local/lib/python3.8/site-packages/airflow/example_dags/example_setup_teardown_taskflow.py
[2023-10-24T13:46:25.995+0000] {processor.py:829} INFO - Processing file /home/airflow/.local/lib/python3.8/site-packages/airflow/example_dags/example_setup_teardown_taskflow.py for tasks to queue
[2023-10-24T13:46:25.998+0000] {logging_mixin.py:151} INFO - [2023-10-24T13:46:25.997+0000] {dagbag.py:536} INFO - Filling up the DagBag from /home/airflow/.local/lib/python3.8/site-packages/airflow/example_dags/example_setup_teardown_taskflow.py
[2023-10-24T13:46:26.009+0000] {processor.py:839} INFO - DAG(s) dict_keys(['example_setup_teardown_taskflow']) retrieved from /home/airflow/.local/lib/python3.8/site-packages/airflow/example_dags/example_setup_teardown_taskflow.py
[2023-10-24T13:46:26.030+0000] {logging_mixin.py:151} INFO - [2023-10-24T13:46:26.030+0000] {dag.py:2941} INFO - Sync 1 DAGs
[2023-10-24T13:46:26.044+0000] {logging_mixin.py:151} INFO - [2023-10-24T13:46:26.044+0000] {dag.py:3722} INFO - Setting next_dagrun for example_setup_teardown_taskflow to 2023-10-23T13:46:26.044446+00:00, run_after=2023-10-24T13:46:26.044446+00:00
[2023-10-24T13:46:26.056+0000] {processor.py:179} INFO - Processing /home/airflow/.local/lib/python3.8/site-packages/airflow/example_dags/example_setup_teardown_taskflow.py took 0.063 seconds
[2023-10-24T13:46:56.394+0000] {processor.py:157} INFO - Started process (PID=293) to work on /home/airflow/.local/lib/python3.8/site-packages/airflow/example_dags/example_setup_teardown_taskflow.py
[2023-10-24T13:46:56.395+0000] {processor.py:829} INFO - Processing file /home/airflow/.local/lib/python3.8/site-packages/airflow/example_dags/example_setup_teardown_taskflow.py for tasks to queue
[2023-10-24T13:46:56.397+0000] {logging_mixin.py:151} INFO - [2023-10-24T13:46:56.397+0000] {dagbag.py:536} INFO - Filling up the DagBag from /home/airflow/.local/lib/python3.8/site-packages/airflow/example_dags/example_setup_teardown_taskflow.py
[2023-10-24T13:46:56.406+0000] {processor.py:839} INFO - DAG(s) dict_keys(['example_setup_teardown_taskflow']) retrieved from /home/airflow/.local/lib/python3.8/site-packages/airflow/example_dags/example_setup_teardown_taskflow.py
[2023-10-24T13:46:56.421+0000] {logging_mixin.py:151} INFO - [2023-10-24T13:46:56.421+0000] {dag.py:2941} INFO - Sync 1 DAGs
[2023-10-24T13:46:56.435+0000] {logging_mixin.py:151} INFO - [2023-10-24T13:46:56.435+0000] {dag.py:3722} INFO - Setting next_dagrun for example_setup_teardown_taskflow to 2023-10-23T13:46:56.434833+00:00, run_after=2023-10-24T13:46:56.434833+00:00
[2023-10-24T13:46:56.445+0000] {processor.py:179} INFO - Processing /home/airflow/.local/lib/python3.8/site-packages/airflow/example_dags/example_setup_teardown_taskflow.py took 0.055 seconds
[2023-10-24T13:47:26.956+0000] {processor.py:157} INFO - Started process (PID=349) to work on /home/airflow/.local/lib/python3.8/site-packages/airflow/example_dags/example_setup_teardown_taskflow.py
[2023-10-24T13:47:26.957+0000] {processor.py:829} INFO - Processing file /home/airflow/.local/lib/python3.8/site-packages/airflow/example_dags/example_setup_teardown_taskflow.py for tasks to queue
[2023-10-24T13:47:26.960+0000] {logging_mixin.py:151} INFO - [2023-10-24T13:47:26.960+0000] {dagbag.py:536} INFO - Filling up the DagBag from /home/airflow/.local/lib/python3.8/site-packages/airflow/example_dags/example_setup_teardown_taskflow.py
[2023-10-24T13:47:26.968+0000] {processor.py:839} INFO - DAG(s) dict_keys(['example_setup_teardown_taskflow']) retrieved from /home/airflow/.local/lib/python3.8/site-packages/airflow/example_dags/example_setup_teardown_taskflow.py
[2023-10-24T13:47:26.985+0000] {logging_mixin.py:151} INFO - [2023-10-24T13:47:26.985+0000] {dag.py:2941} INFO - Sync 1 DAGs
[2023-10-24T13:47:26.999+0000] {logging_mixin.py:151} INFO - [2023-10-24T13:47:26.999+0000] {dag.py:3722} INFO - Setting next_dagrun for example_setup_teardown_taskflow to 2023-10-23T13:47:26.999059+00:00, run_after=2023-10-24T13:47:26.999059+00:00
[2023-10-24T13:47:27.011+0000] {processor.py:179} INFO - Processing /home/airflow/.local/lib/python3.8/site-packages/airflow/example_dags/example_setup_teardown_taskflow.py took 0.059 seconds
[2023-10-24T13:47:57.187+0000] {processor.py:157} INFO - Started process (PID=405) to work on /home/airflow/.local/lib/python3.8/site-packages/airflow/example_dags/example_setup_teardown_taskflow.py
[2023-10-24T13:47:57.188+0000] {processor.py:829} INFO - Processing file /home/airflow/.local/lib/python3.8/site-packages/airflow/example_dags/example_setup_teardown_taskflow.py for tasks to queue
[2023-10-24T13:47:57.191+0000] {logging_mixin.py:151} INFO - [2023-10-24T13:47:57.190+0000] {dagbag.py:536} INFO - Filling up the DagBag from /home/airflow/.local/lib/python3.8/site-packages/airflow/example_dags/example_setup_teardown_taskflow.py
[2023-10-24T13:47:57.198+0000] {processor.py:839} INFO - DAG(s) dict_keys(['example_setup_teardown_taskflow']) retrieved from /home/airflow/.local/lib/python3.8/site-packages/airflow/example_dags/example_setup_teardown_taskflow.py
[2023-10-24T13:47:57.214+0000] {logging_mixin.py:151} INFO - [2023-10-24T13:47:57.214+0000] {dag.py:2941} INFO - Sync 1 DAGs
[2023-10-24T13:47:57.227+0000] {logging_mixin.py:151} INFO - [2023-10-24T13:47:57.227+0000] {dag.py:3722} INFO - Setting next_dagrun for example_setup_teardown_taskflow to 2023-10-23T13:47:57.227070+00:00, run_after=2023-10-24T13:47:57.227070+00:00
[2023-10-24T13:47:57.238+0000] {processor.py:179} INFO - Processing /home/airflow/.local/lib/python3.8/site-packages/airflow/example_dags/example_setup_teardown_taskflow.py took 0.054 seconds
[2023-10-24T13:48:27.521+0000] {processor.py:157} INFO - Started process (PID=461) to work on /home/airflow/.local/lib/python3.8/site-packages/airflow/example_dags/example_setup_teardown_taskflow.py
[2023-10-24T13:48:27.522+0000] {processor.py:829} INFO - Processing file /home/airflow/.local/lib/python3.8/site-packages/airflow/example_dags/example_setup_teardown_taskflow.py for tasks to queue
[2023-10-24T13:48:27.526+0000] {logging_mixin.py:151} INFO - [2023-10-24T13:48:27.525+0000] {dagbag.py:536} INFO - Filling up the DagBag from /home/airflow/.local/lib/python3.8/site-packages/airflow/example_dags/example_setup_teardown_taskflow.py
[2023-10-24T13:48:27.534+0000] {processor.py:839} INFO - DAG(s) dict_keys(['example_setup_teardown_taskflow']) retrieved from /home/airflow/.local/lib/python3.8/site-packages/airflow/example_dags/example_setup_teardown_taskflow.py
[2023-10-24T13:48:27.554+0000] {logging_mixin.py:151} INFO - [2023-10-24T13:48:27.554+0000] {dag.py:2941} INFO - Sync 1 DAGs
[2023-10-24T13:48:27.569+0000] {logging_mixin.py:151} INFO - [2023-10-24T13:48:27.569+0000] {dag.py:3722} INFO - Setting next_dagrun for example_setup_teardown_taskflow to 2023-10-23T13:48:27.569140+00:00, run_after=2023-10-24T13:48:27.569140+00:00
[2023-10-24T13:48:27.590+0000] {processor.py:179} INFO - Processing /home/airflow/.local/lib/python3.8/site-packages/airflow/example_dags/example_setup_teardown_taskflow.py took 0.072 seconds
[2023-10-24T13:49:00.241+0000] {processor.py:157} INFO - Started process (PID=517) to work on /home/airflow/.local/lib/python3.8/site-packages/airflow/example_dags/example_setup_teardown_taskflow.py
[2023-10-24T13:49:00.242+0000] {processor.py:829} INFO - Processing file /home/airflow/.local/lib/python3.8/site-packages/airflow/example_dags/example_setup_teardown_taskflow.py for tasks to queue
[2023-10-24T13:49:00.244+0000] {logging_mixin.py:151} INFO - [2023-10-24T13:49:00.243+0000] {dagbag.py:536} INFO - Filling up the DagBag from /home/airflow/.local/lib/python3.8/site-packages/airflow/example_dags/example_setup_teardown_taskflow.py
[2023-10-24T13:49:00.249+0000] {processor.py:839} INFO - DAG(s) dict_keys(['example_setup_teardown_taskflow']) retrieved from /home/airflow/.local/lib/python3.8/site-packages/airflow/example_dags/example_setup_teardown_taskflow.py
[2023-10-24T13:49:00.265+0000] {logging_mixin.py:151} INFO - [2023-10-24T13:49:00.265+0000] {dag.py:2941} INFO - Sync 1 DAGs
[2023-10-24T13:49:00.279+0000] {logging_mixin.py:151} INFO - [2023-10-24T13:49:00.278+0000] {dag.py:3722} INFO - Setting next_dagrun for example_setup_teardown_taskflow to 2023-10-23T13:49:00.278741+00:00, run_after=2023-10-24T13:49:00.278741+00:00
[2023-10-24T13:49:00.294+0000] {processor.py:179} INFO - Processing /home/airflow/.local/lib/python3.8/site-packages/airflow/example_dags/example_setup_teardown_taskflow.py took 0.055 seconds
[2023-10-24T13:49:30.794+0000] {processor.py:157} INFO - Started process (PID=573) to work on /home/airflow/.local/lib/python3.8/site-packages/airflow/example_dags/example_setup_teardown_taskflow.py
[2023-10-24T13:49:30.795+0000] {processor.py:829} INFO - Processing file /home/airflow/.local/lib/python3.8/site-packages/airflow/example_dags/example_setup_teardown_taskflow.py for tasks to queue
[2023-10-24T13:49:30.797+0000] {logging_mixin.py:151} INFO - [2023-10-24T13:49:30.797+0000] {dagbag.py:536} INFO - Filling up the DagBag from /home/airflow/.local/lib/python3.8/site-packages/airflow/example_dags/example_setup_teardown_taskflow.py
[2023-10-24T13:49:30.804+0000] {processor.py:839} INFO - DAG(s) dict_keys(['example_setup_teardown_taskflow']) retrieved from /home/airflow/.local/lib/python3.8/site-packages/airflow/example_dags/example_setup_teardown_taskflow.py
[2023-10-24T13:49:30.817+0000] {logging_mixin.py:151} INFO - [2023-10-24T13:49:30.817+0000] {dag.py:2941} INFO - Sync 1 DAGs
[2023-10-24T13:49:30.829+0000] {logging_mixin.py:151} INFO - [2023-10-24T13:49:30.829+0000] {dag.py:3722} INFO - Setting next_dagrun for example_setup_teardown_taskflow to 2023-10-23T13:49:30.829231+00:00, run_after=2023-10-24T13:49:30.829231+00:00
[2023-10-24T13:49:30.838+0000] {processor.py:179} INFO - Processing /home/airflow/.local/lib/python3.8/site-packages/airflow/example_dags/example_setup_teardown_taskflow.py took 0.047 seconds
[2023-10-24T13:50:01.263+0000] {processor.py:157} INFO - Started process (PID=629) to work on /home/airflow/.local/lib/python3.8/site-packages/airflow/example_dags/example_setup_teardown_taskflow.py
[2023-10-24T13:50:01.264+0000] {processor.py:829} INFO - Processing file /home/airflow/.local/lib/python3.8/site-packages/airflow/example_dags/example_setup_teardown_taskflow.py for tasks to queue
[2023-10-24T13:50:01.267+0000] {logging_mixin.py:151} INFO - [2023-10-24T13:50:01.266+0000] {dagbag.py:536} INFO - Filling up the DagBag from /home/airflow/.local/lib/python3.8/site-packages/airflow/example_dags/example_setup_teardown_taskflow.py
[2023-10-24T13:50:01.281+0000] {processor.py:839} INFO - DAG(s) dict_keys(['example_setup_teardown_taskflow']) retrieved from /home/airflow/.local/lib/python3.8/site-packages/airflow/example_dags/example_setup_teardown_taskflow.py
[2023-10-24T13:50:01.313+0000] {logging_mixin.py:151} INFO - [2023-10-24T13:50:01.313+0000] {dag.py:2941} INFO - Sync 1 DAGs
[2023-10-24T13:50:01.339+0000] {logging_mixin.py:151} INFO - [2023-10-24T13:50:01.339+0000] {dag.py:3722} INFO - Setting next_dagrun for example_setup_teardown_taskflow to 2023-10-23T13:50:01.338878+00:00, run_after=2023-10-24T13:50:01.338878+00:00
[2023-10-24T13:50:01.362+0000] {processor.py:179} INFO - Processing /home/airflow/.local/lib/python3.8/site-packages/airflow/example_dags/example_setup_teardown_taskflow.py took 0.102 seconds
[2023-10-24T13:50:32.236+0000] {processor.py:157} INFO - Started process (PID=685) to work on /home/airflow/.local/lib/python3.8/site-packages/airflow/example_dags/example_setup_teardown_taskflow.py
[2023-10-24T13:50:32.237+0000] {processor.py:829} INFO - Processing file /home/airflow/.local/lib/python3.8/site-packages/airflow/example_dags/example_setup_teardown_taskflow.py for tasks to queue
[2023-10-24T13:50:32.238+0000] {logging_mixin.py:151} INFO - [2023-10-24T13:50:32.238+0000] {dagbag.py:536} INFO - Filling up the DagBag from /home/airflow/.local/lib/python3.8/site-packages/airflow/example_dags/example_setup_teardown_taskflow.py
[2023-10-24T13:50:32.248+0000] {processor.py:839} INFO - DAG(s) dict_keys(['example_setup_teardown_taskflow']) retrieved from /home/airflow/.local/lib/python3.8/site-packages/airflow/example_dags/example_setup_teardown_taskflow.py
[2023-10-24T13:50:32.262+0000] {logging_mixin.py:151} INFO - [2023-10-24T13:50:32.262+0000] {dag.py:2941} INFO - Sync 1 DAGs
[2023-10-24T13:50:32.275+0000] {logging_mixin.py:151} INFO - [2023-10-24T13:50:32.275+0000] {dag.py:3722} INFO - Setting next_dagrun for example_setup_teardown_taskflow to 2023-10-23T13:50:32.275457+00:00, run_after=2023-10-24T13:50:32.275457+00:00
[2023-10-24T13:50:32.286+0000] {processor.py:179} INFO - Processing /home/airflow/.local/lib/python3.8/site-packages/airflow/example_dags/example_setup_teardown_taskflow.py took 0.053 seconds
[2023-10-24T13:51:02.811+0000] {processor.py:157} INFO - Started process (PID=741) to work on /home/airflow/.local/lib/python3.8/site-packages/airflow/example_dags/example_setup_teardown_taskflow.py
[2023-10-24T13:51:02.811+0000] {processor.py:829} INFO - Processing file /home/airflow/.local/lib/python3.8/site-packages/airflow/example_dags/example_setup_teardown_taskflow.py for tasks to queue
[2023-10-24T13:51:02.813+0000] {logging_mixin.py:151} INFO - [2023-10-24T13:51:02.813+0000] {dagbag.py:536} INFO - Filling up the DagBag from /home/airflow/.local/lib/python3.8/site-packages/airflow/example_dags/example_setup_teardown_taskflow.py
[2023-10-24T13:51:02.819+0000] {processor.py:839} INFO - DAG(s) dict_keys(['example_setup_teardown_taskflow']) retrieved from /home/airflow/.local/lib/python3.8/site-packages/airflow/example_dags/example_setup_teardown_taskflow.py
[2023-10-24T13:51:02.832+0000] {logging_mixin.py:151} INFO - [2023-10-24T13:51:02.832+0000] {dag.py:2941} INFO - Sync 1 DAGs
[2023-10-24T13:51:02.842+0000] {logging_mixin.py:151} INFO - [2023-10-24T13:51:02.842+0000] {dag.py:3722} INFO - Setting next_dagrun for example_setup_teardown_taskflow to 2023-10-23T13:51:02.842659+00:00, run_after=2023-10-24T13:51:02.842659+00:00
[2023-10-24T13:51:02.852+0000] {processor.py:179} INFO - Processing /home/airflow/.local/lib/python3.8/site-packages/airflow/example_dags/example_setup_teardown_taskflow.py took 0.044 seconds
[2023-10-24T13:51:33.307+0000] {processor.py:157} INFO - Started process (PID=797) to work on /home/airflow/.local/lib/python3.8/site-packages/airflow/example_dags/example_setup_teardown_taskflow.py
[2023-10-24T13:51:33.308+0000] {processor.py:829} INFO - Processing file /home/airflow/.local/lib/python3.8/site-packages/airflow/example_dags/example_setup_teardown_taskflow.py for tasks to queue
[2023-10-24T13:51:33.310+0000] {logging_mixin.py:151} INFO - [2023-10-24T13:51:33.310+0000] {dagbag.py:536} INFO - Filling up the DagBag from /home/airflow/.local/lib/python3.8/site-packages/airflow/example_dags/example_setup_teardown_taskflow.py
[2023-10-24T13:51:33.317+0000] {processor.py:839} INFO - DAG(s) dict_keys(['example_setup_teardown_taskflow']) retrieved from /home/airflow/.local/lib/python3.8/site-packages/airflow/example_dags/example_setup_teardown_taskflow.py
[2023-10-24T13:51:33.332+0000] {logging_mixin.py:151} INFO - [2023-10-24T13:51:33.332+0000] {dag.py:2941} INFO - Sync 1 DAGs
[2023-10-24T13:51:33.345+0000] {logging_mixin.py:151} INFO - [2023-10-24T13:51:33.344+0000] {dag.py:3722} INFO - Setting next_dagrun for example_setup_teardown_taskflow to 2023-10-23T13:51:33.344819+00:00, run_after=2023-10-24T13:51:33.344819+00:00
[2023-10-24T13:51:33.356+0000] {processor.py:179} INFO - Processing /home/airflow/.local/lib/python3.8/site-packages/airflow/example_dags/example_setup_teardown_taskflow.py took 0.053 seconds
[2023-10-24T13:52:03.890+0000] {processor.py:157} INFO - Started process (PID=853) to work on /home/airflow/.local/lib/python3.8/site-packages/airflow/example_dags/example_setup_teardown_taskflow.py
[2023-10-24T13:52:03.891+0000] {processor.py:829} INFO - Processing file /home/airflow/.local/lib/python3.8/site-packages/airflow/example_dags/example_setup_teardown_taskflow.py for tasks to queue
[2023-10-24T13:52:03.893+0000] {logging_mixin.py:151} INFO - [2023-10-24T13:52:03.893+0000] {dagbag.py:536} INFO - Filling up the DagBag from /home/airflow/.local/lib/python3.8/site-packages/airflow/example_dags/example_setup_teardown_taskflow.py
[2023-10-24T13:52:03.900+0000] {processor.py:839} INFO - DAG(s) dict_keys(['example_setup_teardown_taskflow']) retrieved from /home/airflow/.local/lib/python3.8/site-packages/airflow/example_dags/example_setup_teardown_taskflow.py
[2023-10-24T13:52:03.915+0000] {logging_mixin.py:151} INFO - [2023-10-24T13:52:03.915+0000] {dag.py:2941} INFO - Sync 1 DAGs
[2023-10-24T13:52:03.936+0000] {logging_mixin.py:151} INFO - [2023-10-24T13:52:03.936+0000] {dag.py:3722} INFO - Setting next_dagrun for example_setup_teardown_taskflow to 2023-10-23T13:52:03.935761+00:00, run_after=2023-10-24T13:52:03.935761+00:00
[2023-10-24T13:52:03.954+0000] {processor.py:179} INFO - Processing /home/airflow/.local/lib/python3.8/site-packages/airflow/example_dags/example_setup_teardown_taskflow.py took 0.066 seconds
[2023-10-24T13:52:34.491+0000] {processor.py:157} INFO - Started process (PID=909) to work on /home/airflow/.local/lib/python3.8/site-packages/airflow/example_dags/example_setup_teardown_taskflow.py
[2023-10-24T13:52:34.492+0000] {processor.py:829} INFO - Processing file /home/airflow/.local/lib/python3.8/site-packages/airflow/example_dags/example_setup_teardown_taskflow.py for tasks to queue
[2023-10-24T13:52:34.494+0000] {logging_mixin.py:151} INFO - [2023-10-24T13:52:34.493+0000] {dagbag.py:536} INFO - Filling up the DagBag from /home/airflow/.local/lib/python3.8/site-packages/airflow/example_dags/example_setup_teardown_taskflow.py
[2023-10-24T13:52:34.500+0000] {processor.py:839} INFO - DAG(s) dict_keys(['example_setup_teardown_taskflow']) retrieved from /home/airflow/.local/lib/python3.8/site-packages/airflow/example_dags/example_setup_teardown_taskflow.py
[2023-10-24T13:52:34.516+0000] {logging_mixin.py:151} INFO - [2023-10-24T13:52:34.516+0000] {dag.py:2941} INFO - Sync 1 DAGs
[2023-10-24T13:52:34.529+0000] {logging_mixin.py:151} INFO - [2023-10-24T13:52:34.529+0000] {dag.py:3722} INFO - Setting next_dagrun for example_setup_teardown_taskflow to 2023-10-23T13:52:34.528945+00:00, run_after=2023-10-24T13:52:34.528945+00:00
[2023-10-24T13:52:34.540+0000] {processor.py:179} INFO - Processing /home/airflow/.local/lib/python3.8/site-packages/airflow/example_dags/example_setup_teardown_taskflow.py took 0.052 seconds
[2023-10-24T13:53:05.028+0000] {processor.py:157} INFO - Started process (PID=965) to work on /home/airflow/.local/lib/python3.8/site-packages/airflow/example_dags/example_setup_teardown_taskflow.py
[2023-10-24T13:53:05.029+0000] {processor.py:829} INFO - Processing file /home/airflow/.local/lib/python3.8/site-packages/airflow/example_dags/example_setup_teardown_taskflow.py for tasks to queue
[2023-10-24T13:53:05.031+0000] {logging_mixin.py:151} INFO - [2023-10-24T13:53:05.031+0000] {dagbag.py:536} INFO - Filling up the DagBag from /home/airflow/.local/lib/python3.8/site-packages/airflow/example_dags/example_setup_teardown_taskflow.py
[2023-10-24T13:53:05.037+0000] {processor.py:839} INFO - DAG(s) dict_keys(['example_setup_teardown_taskflow']) retrieved from /home/airflow/.local/lib/python3.8/site-packages/airflow/example_dags/example_setup_teardown_taskflow.py
[2023-10-24T13:53:05.053+0000] {logging_mixin.py:151} INFO - [2023-10-24T13:53:05.053+0000] {dag.py:2941} INFO - Sync 1 DAGs
[2023-10-24T13:53:05.080+0000] {logging_mixin.py:151} INFO - [2023-10-24T13:53:05.080+0000] {dag.py:3722} INFO - Setting next_dagrun for example_setup_teardown_taskflow to 2023-10-23T13:53:05.080273+00:00, run_after=2023-10-24T13:53:05.080273+00:00
[2023-10-24T13:53:05.095+0000] {processor.py:179} INFO - Processing /home/airflow/.local/lib/python3.8/site-packages/airflow/example_dags/example_setup_teardown_taskflow.py took 0.069 seconds
[2023-10-24T13:53:35.907+0000] {processor.py:157} INFO - Started process (PID=1021) to work on /home/airflow/.local/lib/python3.8/site-packages/airflow/example_dags/example_setup_teardown_taskflow.py
[2023-10-24T13:53:35.908+0000] {processor.py:829} INFO - Processing file /home/airflow/.local/lib/python3.8/site-packages/airflow/example_dags/example_setup_teardown_taskflow.py for tasks to queue
[2023-10-24T13:53:35.910+0000] {logging_mixin.py:151} INFO - [2023-10-24T13:53:35.910+0000] {dagbag.py:536} INFO - Filling up the DagBag from /home/airflow/.local/lib/python3.8/site-packages/airflow/example_dags/example_setup_teardown_taskflow.py
[2023-10-24T13:53:35.918+0000] {processor.py:839} INFO - DAG(s) dict_keys(['example_setup_teardown_taskflow']) retrieved from /home/airflow/.local/lib/python3.8/site-packages/airflow/example_dags/example_setup_teardown_taskflow.py
[2023-10-24T13:53:35.937+0000] {logging_mixin.py:151} INFO - [2023-10-24T13:53:35.936+0000] {dag.py:2941} INFO - Sync 1 DAGs
[2023-10-24T13:53:35.953+0000] {logging_mixin.py:151} INFO - [2023-10-24T13:53:35.952+0000] {dag.py:3722} INFO - Setting next_dagrun for example_setup_teardown_taskflow to 2023-10-23T13:53:35.952689+00:00, run_after=2023-10-24T13:53:35.952689+00:00
[2023-10-24T13:53:35.968+0000] {processor.py:179} INFO - Processing /home/airflow/.local/lib/python3.8/site-packages/airflow/example_dags/example_setup_teardown_taskflow.py took 0.064 seconds
