[2023-10-24T13:44:54.495+0000] {processor.py:157} INFO - Started process (PID=81) to work on /home/airflow/.local/lib/python3.8/site-packages/airflow/example_dags/example_short_circuit_decorator.py
[2023-10-24T13:44:54.496+0000] {processor.py:829} INFO - Processing file /home/airflow/.local/lib/python3.8/site-packages/airflow/example_dags/example_short_circuit_decorator.py for tasks to queue
[2023-10-24T13:44:54.499+0000] {logging_mixin.py:151} INFO - [2023-10-24T13:44:54.498+0000] {dagbag.py:536} INFO - Filling up the DagBag from /home/airflow/.local/lib/python3.8/site-packages/airflow/example_dags/example_short_circuit_decorator.py
[2023-10-24T13:44:54.506+0000] {processor.py:839} INFO - DAG(s) dict_keys(['example_short_circuit_decorator']) retrieved from /home/airflow/.local/lib/python3.8/site-packages/airflow/example_dags/example_short_circuit_decorator.py
[2023-10-24T13:44:54.516+0000] {logging_mixin.py:151} INFO - [2023-10-24T13:44:54.516+0000] {dag.py:2941} INFO - Sync 1 DAGs
[2023-10-24T13:44:54.537+0000] {logging_mixin.py:151} INFO - [2023-10-24T13:44:54.536+0000] {dag.py:3722} INFO - Setting next_dagrun for example_short_circuit_decorator to 2023-10-23T13:44:54.536578+00:00, run_after=2023-10-24T13:44:54.536578+00:00
[2023-10-24T13:44:54.559+0000] {processor.py:179} INFO - Processing /home/airflow/.local/lib/python3.8/site-packages/airflow/example_dags/example_short_circuit_decorator.py took 0.067 seconds
[2023-10-24T13:45:26.264+0000] {processor.py:157} INFO - Started process (PID=137) to work on /home/airflow/.local/lib/python3.8/site-packages/airflow/example_dags/example_short_circuit_decorator.py
[2023-10-24T13:45:26.265+0000] {processor.py:829} INFO - Processing file /home/airflow/.local/lib/python3.8/site-packages/airflow/example_dags/example_short_circuit_decorator.py for tasks to queue
[2023-10-24T13:45:26.267+0000] {logging_mixin.py:151} INFO - [2023-10-24T13:45:26.267+0000] {dagbag.py:536} INFO - Filling up the DagBag from /home/airflow/.local/lib/python3.8/site-packages/airflow/example_dags/example_short_circuit_decorator.py
[2023-10-24T13:45:26.274+0000] {processor.py:839} INFO - DAG(s) dict_keys(['example_short_circuit_decorator']) retrieved from /home/airflow/.local/lib/python3.8/site-packages/airflow/example_dags/example_short_circuit_decorator.py
[2023-10-24T13:45:26.292+0000] {logging_mixin.py:151} INFO - [2023-10-24T13:45:26.292+0000] {dag.py:2941} INFO - Sync 1 DAGs
[2023-10-24T13:45:26.313+0000] {logging_mixin.py:151} INFO - [2023-10-24T13:45:26.313+0000] {dag.py:3722} INFO - Setting next_dagrun for example_short_circuit_decorator to 2023-10-23T13:45:26.312866+00:00, run_after=2023-10-24T13:45:26.312866+00:00
[2023-10-24T13:45:26.335+0000] {processor.py:179} INFO - Processing /home/airflow/.local/lib/python3.8/site-packages/airflow/example_dags/example_short_circuit_decorator.py took 0.074 seconds
[2023-10-24T13:45:57.532+0000] {processor.py:157} INFO - Started process (PID=193) to work on /home/airflow/.local/lib/python3.8/site-packages/airflow/example_dags/example_short_circuit_decorator.py
[2023-10-24T13:45:57.533+0000] {processor.py:829} INFO - Processing file /home/airflow/.local/lib/python3.8/site-packages/airflow/example_dags/example_short_circuit_decorator.py for tasks to queue
[2023-10-24T13:45:57.536+0000] {logging_mixin.py:151} INFO - [2023-10-24T13:45:57.535+0000] {dagbag.py:536} INFO - Filling up the DagBag from /home/airflow/.local/lib/python3.8/site-packages/airflow/example_dags/example_short_circuit_decorator.py
[2023-10-24T13:45:57.542+0000] {processor.py:839} INFO - DAG(s) dict_keys(['example_short_circuit_decorator']) retrieved from /home/airflow/.local/lib/python3.8/site-packages/airflow/example_dags/example_short_circuit_decorator.py
[2023-10-24T13:45:57.558+0000] {logging_mixin.py:151} INFO - [2023-10-24T13:45:57.558+0000] {dag.py:2941} INFO - Sync 1 DAGs
[2023-10-24T13:45:57.572+0000] {logging_mixin.py:151} INFO - [2023-10-24T13:45:57.572+0000] {dag.py:3722} INFO - Setting next_dagrun for example_short_circuit_decorator to 2023-10-23T13:45:57.572287+00:00, run_after=2023-10-24T13:45:57.572287+00:00
[2023-10-24T13:45:57.584+0000] {processor.py:179} INFO - Processing /home/airflow/.local/lib/python3.8/site-packages/airflow/example_dags/example_short_circuit_decorator.py took 0.055 seconds
[2023-10-24T13:46:29.201+0000] {processor.py:157} INFO - Started process (PID=249) to work on /home/airflow/.local/lib/python3.8/site-packages/airflow/example_dags/example_short_circuit_decorator.py
[2023-10-24T13:46:29.202+0000] {processor.py:829} INFO - Processing file /home/airflow/.local/lib/python3.8/site-packages/airflow/example_dags/example_short_circuit_decorator.py for tasks to queue
[2023-10-24T13:46:29.204+0000] {logging_mixin.py:151} INFO - [2023-10-24T13:46:29.204+0000] {dagbag.py:536} INFO - Filling up the DagBag from /home/airflow/.local/lib/python3.8/site-packages/airflow/example_dags/example_short_circuit_decorator.py
[2023-10-24T13:46:29.210+0000] {processor.py:839} INFO - DAG(s) dict_keys(['example_short_circuit_decorator']) retrieved from /home/airflow/.local/lib/python3.8/site-packages/airflow/example_dags/example_short_circuit_decorator.py
[2023-10-24T13:46:29.226+0000] {logging_mixin.py:151} INFO - [2023-10-24T13:46:29.226+0000] {dag.py:2941} INFO - Sync 1 DAGs
[2023-10-24T13:46:29.239+0000] {logging_mixin.py:151} INFO - [2023-10-24T13:46:29.239+0000] {dag.py:3722} INFO - Setting next_dagrun for example_short_circuit_decorator to 2023-10-23T13:46:29.239482+00:00, run_after=2023-10-24T13:46:29.239482+00:00
[2023-10-24T13:46:29.250+0000] {processor.py:179} INFO - Processing /home/airflow/.local/lib/python3.8/site-packages/airflow/example_dags/example_short_circuit_decorator.py took 0.052 seconds
[2023-10-24T13:46:59.933+0000] {processor.py:157} INFO - Started process (PID=305) to work on /home/airflow/.local/lib/python3.8/site-packages/airflow/example_dags/example_short_circuit_decorator.py
[2023-10-24T13:46:59.935+0000] {processor.py:829} INFO - Processing file /home/airflow/.local/lib/python3.8/site-packages/airflow/example_dags/example_short_circuit_decorator.py for tasks to queue
[2023-10-24T13:46:59.938+0000] {logging_mixin.py:151} INFO - [2023-10-24T13:46:59.938+0000] {dagbag.py:536} INFO - Filling up the DagBag from /home/airflow/.local/lib/python3.8/site-packages/airflow/example_dags/example_short_circuit_decorator.py
[2023-10-24T13:46:59.949+0000] {processor.py:839} INFO - DAG(s) dict_keys(['example_short_circuit_decorator']) retrieved from /home/airflow/.local/lib/python3.8/site-packages/airflow/example_dags/example_short_circuit_decorator.py
[2023-10-24T13:46:59.969+0000] {logging_mixin.py:151} INFO - [2023-10-24T13:46:59.969+0000] {dag.py:2941} INFO - Sync 1 DAGs
[2023-10-24T13:46:59.983+0000] {logging_mixin.py:151} INFO - [2023-10-24T13:46:59.983+0000] {dag.py:3722} INFO - Setting next_dagrun for example_short_circuit_decorator to 2023-10-23T13:46:59.983326+00:00, run_after=2023-10-24T13:46:59.983326+00:00
[2023-10-24T13:46:59.999+0000] {processor.py:179} INFO - Processing /home/airflow/.local/lib/python3.8/site-packages/airflow/example_dags/example_short_circuit_decorator.py took 0.070 seconds
[2023-10-24T13:47:31.802+0000] {processor.py:157} INFO - Started process (PID=361) to work on /home/airflow/.local/lib/python3.8/site-packages/airflow/example_dags/example_short_circuit_decorator.py
[2023-10-24T13:47:31.803+0000] {processor.py:829} INFO - Processing file /home/airflow/.local/lib/python3.8/site-packages/airflow/example_dags/example_short_circuit_decorator.py for tasks to queue
[2023-10-24T13:47:31.805+0000] {logging_mixin.py:151} INFO - [2023-10-24T13:47:31.805+0000] {dagbag.py:536} INFO - Filling up the DagBag from /home/airflow/.local/lib/python3.8/site-packages/airflow/example_dags/example_short_circuit_decorator.py
[2023-10-24T13:47:31.811+0000] {processor.py:839} INFO - DAG(s) dict_keys(['example_short_circuit_decorator']) retrieved from /home/airflow/.local/lib/python3.8/site-packages/airflow/example_dags/example_short_circuit_decorator.py
[2023-10-24T13:47:31.828+0000] {logging_mixin.py:151} INFO - [2023-10-24T13:47:31.827+0000] {dag.py:2941} INFO - Sync 1 DAGs
[2023-10-24T13:47:31.997+0000] {logging_mixin.py:151} INFO - [2023-10-24T13:47:31.997+0000] {dag.py:3722} INFO - Setting next_dagrun for example_short_circuit_decorator to 2023-10-23T13:47:31.997060+00:00, run_after=2023-10-24T13:47:31.997060+00:00
[2023-10-24T13:47:32.007+0000] {processor.py:179} INFO - Processing /home/airflow/.local/lib/python3.8/site-packages/airflow/example_dags/example_short_circuit_decorator.py took 0.208 seconds
[2023-10-24T13:48:02.498+0000] {processor.py:157} INFO - Started process (PID=417) to work on /home/airflow/.local/lib/python3.8/site-packages/airflow/example_dags/example_short_circuit_decorator.py
[2023-10-24T13:48:02.499+0000] {processor.py:829} INFO - Processing file /home/airflow/.local/lib/python3.8/site-packages/airflow/example_dags/example_short_circuit_decorator.py for tasks to queue
[2023-10-24T13:48:02.501+0000] {logging_mixin.py:151} INFO - [2023-10-24T13:48:02.501+0000] {dagbag.py:536} INFO - Filling up the DagBag from /home/airflow/.local/lib/python3.8/site-packages/airflow/example_dags/example_short_circuit_decorator.py
[2023-10-24T13:48:02.508+0000] {processor.py:839} INFO - DAG(s) dict_keys(['example_short_circuit_decorator']) retrieved from /home/airflow/.local/lib/python3.8/site-packages/airflow/example_dags/example_short_circuit_decorator.py
[2023-10-24T13:48:02.525+0000] {logging_mixin.py:151} INFO - [2023-10-24T13:48:02.525+0000] {dag.py:2941} INFO - Sync 1 DAGs
[2023-10-24T13:48:02.685+0000] {logging_mixin.py:151} INFO - [2023-10-24T13:48:02.685+0000] {dag.py:3722} INFO - Setting next_dagrun for example_short_circuit_decorator to 2023-10-23T13:48:02.685662+00:00, run_after=2023-10-24T13:48:02.685662+00:00
[2023-10-24T13:48:02.695+0000] {processor.py:179} INFO - Processing /home/airflow/.local/lib/python3.8/site-packages/airflow/example_dags/example_short_circuit_decorator.py took 0.200 seconds
[2023-10-24T13:48:33.211+0000] {processor.py:157} INFO - Started process (PID=473) to work on /home/airflow/.local/lib/python3.8/site-packages/airflow/example_dags/example_short_circuit_decorator.py
[2023-10-24T13:48:33.212+0000] {processor.py:829} INFO - Processing file /home/airflow/.local/lib/python3.8/site-packages/airflow/example_dags/example_short_circuit_decorator.py for tasks to queue
[2023-10-24T13:48:33.214+0000] {logging_mixin.py:151} INFO - [2023-10-24T13:48:33.213+0000] {dagbag.py:536} INFO - Filling up the DagBag from /home/airflow/.local/lib/python3.8/site-packages/airflow/example_dags/example_short_circuit_decorator.py
[2023-10-24T13:48:33.220+0000] {processor.py:839} INFO - DAG(s) dict_keys(['example_short_circuit_decorator']) retrieved from /home/airflow/.local/lib/python3.8/site-packages/airflow/example_dags/example_short_circuit_decorator.py
[2023-10-24T13:48:33.239+0000] {logging_mixin.py:151} INFO - [2023-10-24T13:48:33.239+0000] {dag.py:2941} INFO - Sync 1 DAGs
[2023-10-24T13:48:33.384+0000] {logging_mixin.py:151} INFO - [2023-10-24T13:48:33.384+0000] {dag.py:3722} INFO - Setting next_dagrun for example_short_circuit_decorator to 2023-10-23T13:48:33.384707+00:00, run_after=2023-10-24T13:48:33.384707+00:00
[2023-10-24T13:48:33.393+0000] {processor.py:179} INFO - Processing /home/airflow/.local/lib/python3.8/site-packages/airflow/example_dags/example_short_circuit_decorator.py took 0.185 seconds
[2023-10-24T13:49:03.927+0000] {processor.py:157} INFO - Started process (PID=529) to work on /home/airflow/.local/lib/python3.8/site-packages/airflow/example_dags/example_short_circuit_decorator.py
[2023-10-24T13:49:03.928+0000] {processor.py:829} INFO - Processing file /home/airflow/.local/lib/python3.8/site-packages/airflow/example_dags/example_short_circuit_decorator.py for tasks to queue
[2023-10-24T13:49:03.931+0000] {logging_mixin.py:151} INFO - [2023-10-24T13:49:03.931+0000] {dagbag.py:536} INFO - Filling up the DagBag from /home/airflow/.local/lib/python3.8/site-packages/airflow/example_dags/example_short_circuit_decorator.py
[2023-10-24T13:49:03.938+0000] {processor.py:839} INFO - DAG(s) dict_keys(['example_short_circuit_decorator']) retrieved from /home/airflow/.local/lib/python3.8/site-packages/airflow/example_dags/example_short_circuit_decorator.py
[2023-10-24T13:49:03.955+0000] {logging_mixin.py:151} INFO - [2023-10-24T13:49:03.955+0000] {dag.py:2941} INFO - Sync 1 DAGs
[2023-10-24T13:49:03.968+0000] {logging_mixin.py:151} INFO - [2023-10-24T13:49:03.968+0000] {dag.py:3722} INFO - Setting next_dagrun for example_short_circuit_decorator to 2023-10-23T13:49:03.968137+00:00, run_after=2023-10-24T13:49:03.968137+00:00
[2023-10-24T13:49:03.978+0000] {processor.py:179} INFO - Processing /home/airflow/.local/lib/python3.8/site-packages/airflow/example_dags/example_short_circuit_decorator.py took 0.054 seconds
[2023-10-24T13:49:34.437+0000] {processor.py:157} INFO - Started process (PID=585) to work on /home/airflow/.local/lib/python3.8/site-packages/airflow/example_dags/example_short_circuit_decorator.py
[2023-10-24T13:49:34.438+0000] {processor.py:829} INFO - Processing file /home/airflow/.local/lib/python3.8/site-packages/airflow/example_dags/example_short_circuit_decorator.py for tasks to queue
[2023-10-24T13:49:34.440+0000] {logging_mixin.py:151} INFO - [2023-10-24T13:49:34.440+0000] {dagbag.py:536} INFO - Filling up the DagBag from /home/airflow/.local/lib/python3.8/site-packages/airflow/example_dags/example_short_circuit_decorator.py
[2023-10-24T13:49:34.446+0000] {processor.py:839} INFO - DAG(s) dict_keys(['example_short_circuit_decorator']) retrieved from /home/airflow/.local/lib/python3.8/site-packages/airflow/example_dags/example_short_circuit_decorator.py
[2023-10-24T13:49:34.464+0000] {logging_mixin.py:151} INFO - [2023-10-24T13:49:34.463+0000] {dag.py:2941} INFO - Sync 1 DAGs
[2023-10-24T13:49:34.477+0000] {logging_mixin.py:151} INFO - [2023-10-24T13:49:34.477+0000] {dag.py:3722} INFO - Setting next_dagrun for example_short_circuit_decorator to 2023-10-23T13:49:34.476766+00:00, run_after=2023-10-24T13:49:34.476766+00:00
[2023-10-24T13:49:34.493+0000] {processor.py:179} INFO - Processing /home/airflow/.local/lib/python3.8/site-packages/airflow/example_dags/example_short_circuit_decorator.py took 0.058 seconds
[2023-10-24T13:50:05.257+0000] {processor.py:157} INFO - Started process (PID=641) to work on /home/airflow/.local/lib/python3.8/site-packages/airflow/example_dags/example_short_circuit_decorator.py
[2023-10-24T13:50:05.258+0000] {processor.py:829} INFO - Processing file /home/airflow/.local/lib/python3.8/site-packages/airflow/example_dags/example_short_circuit_decorator.py for tasks to queue
[2023-10-24T13:50:05.260+0000] {logging_mixin.py:151} INFO - [2023-10-24T13:50:05.260+0000] {dagbag.py:536} INFO - Filling up the DagBag from /home/airflow/.local/lib/python3.8/site-packages/airflow/example_dags/example_short_circuit_decorator.py
[2023-10-24T13:50:05.269+0000] {processor.py:839} INFO - DAG(s) dict_keys(['example_short_circuit_decorator']) retrieved from /home/airflow/.local/lib/python3.8/site-packages/airflow/example_dags/example_short_circuit_decorator.py
[2023-10-24T13:50:05.285+0000] {logging_mixin.py:151} INFO - [2023-10-24T13:50:05.285+0000] {dag.py:2941} INFO - Sync 1 DAGs
[2023-10-24T13:50:05.299+0000] {logging_mixin.py:151} INFO - [2023-10-24T13:50:05.299+0000] {dag.py:3722} INFO - Setting next_dagrun for example_short_circuit_decorator to 2023-10-23T13:50:05.299036+00:00, run_after=2023-10-24T13:50:05.299036+00:00
[2023-10-24T13:50:05.309+0000] {processor.py:179} INFO - Processing /home/airflow/.local/lib/python3.8/site-packages/airflow/example_dags/example_short_circuit_decorator.py took 0.057 seconds
[2023-10-24T13:50:35.891+0000] {processor.py:157} INFO - Started process (PID=697) to work on /home/airflow/.local/lib/python3.8/site-packages/airflow/example_dags/example_short_circuit_decorator.py
[2023-10-24T13:50:35.892+0000] {processor.py:829} INFO - Processing file /home/airflow/.local/lib/python3.8/site-packages/airflow/example_dags/example_short_circuit_decorator.py for tasks to queue
[2023-10-24T13:50:35.894+0000] {logging_mixin.py:151} INFO - [2023-10-24T13:50:35.894+0000] {dagbag.py:536} INFO - Filling up the DagBag from /home/airflow/.local/lib/python3.8/site-packages/airflow/example_dags/example_short_circuit_decorator.py
[2023-10-24T13:50:35.902+0000] {processor.py:839} INFO - DAG(s) dict_keys(['example_short_circuit_decorator']) retrieved from /home/airflow/.local/lib/python3.8/site-packages/airflow/example_dags/example_short_circuit_decorator.py
[2023-10-24T13:50:35.948+0000] {logging_mixin.py:151} INFO - [2023-10-24T13:50:35.947+0000] {dag.py:2941} INFO - Sync 1 DAGs
[2023-10-24T13:50:35.961+0000] {logging_mixin.py:151} INFO - [2023-10-24T13:50:35.961+0000] {dag.py:3722} INFO - Setting next_dagrun for example_short_circuit_decorator to 2023-10-23T13:50:35.961532+00:00, run_after=2023-10-24T13:50:35.961532+00:00
[2023-10-24T13:50:35.972+0000] {processor.py:179} INFO - Processing /home/airflow/.local/lib/python3.8/site-packages/airflow/example_dags/example_short_circuit_decorator.py took 0.084 seconds
[2023-10-24T13:51:06.512+0000] {processor.py:157} INFO - Started process (PID=753) to work on /home/airflow/.local/lib/python3.8/site-packages/airflow/example_dags/example_short_circuit_decorator.py
[2023-10-24T13:51:06.513+0000] {processor.py:829} INFO - Processing file /home/airflow/.local/lib/python3.8/site-packages/airflow/example_dags/example_short_circuit_decorator.py for tasks to queue
[2023-10-24T13:51:06.515+0000] {logging_mixin.py:151} INFO - [2023-10-24T13:51:06.514+0000] {dagbag.py:536} INFO - Filling up the DagBag from /home/airflow/.local/lib/python3.8/site-packages/airflow/example_dags/example_short_circuit_decorator.py
[2023-10-24T13:51:06.521+0000] {processor.py:839} INFO - DAG(s) dict_keys(['example_short_circuit_decorator']) retrieved from /home/airflow/.local/lib/python3.8/site-packages/airflow/example_dags/example_short_circuit_decorator.py
[2023-10-24T13:51:06.537+0000] {logging_mixin.py:151} INFO - [2023-10-24T13:51:06.536+0000] {dag.py:2941} INFO - Sync 1 DAGs
[2023-10-24T13:51:06.549+0000] {logging_mixin.py:151} INFO - [2023-10-24T13:51:06.549+0000] {dag.py:3722} INFO - Setting next_dagrun for example_short_circuit_decorator to 2023-10-23T13:51:06.549534+00:00, run_after=2023-10-24T13:51:06.549534+00:00
[2023-10-24T13:51:06.561+0000] {processor.py:179} INFO - Processing /home/airflow/.local/lib/python3.8/site-packages/airflow/example_dags/example_short_circuit_decorator.py took 0.053 seconds
[2023-10-24T13:51:37.028+0000] {processor.py:157} INFO - Started process (PID=809) to work on /home/airflow/.local/lib/python3.8/site-packages/airflow/example_dags/example_short_circuit_decorator.py
[2023-10-24T13:51:37.029+0000] {processor.py:829} INFO - Processing file /home/airflow/.local/lib/python3.8/site-packages/airflow/example_dags/example_short_circuit_decorator.py for tasks to queue
[2023-10-24T13:51:37.031+0000] {logging_mixin.py:151} INFO - [2023-10-24T13:51:37.030+0000] {dagbag.py:536} INFO - Filling up the DagBag from /home/airflow/.local/lib/python3.8/site-packages/airflow/example_dags/example_short_circuit_decorator.py
[2023-10-24T13:51:37.037+0000] {processor.py:839} INFO - DAG(s) dict_keys(['example_short_circuit_decorator']) retrieved from /home/airflow/.local/lib/python3.8/site-packages/airflow/example_dags/example_short_circuit_decorator.py
[2023-10-24T13:51:37.054+0000] {logging_mixin.py:151} INFO - [2023-10-24T13:51:37.053+0000] {dag.py:2941} INFO - Sync 1 DAGs
[2023-10-24T13:51:37.067+0000] {logging_mixin.py:151} INFO - [2023-10-24T13:51:37.067+0000] {dag.py:3722} INFO - Setting next_dagrun for example_short_circuit_decorator to 2023-10-23T13:51:37.066903+00:00, run_after=2023-10-24T13:51:37.066903+00:00
[2023-10-24T13:51:37.080+0000] {processor.py:179} INFO - Processing /home/airflow/.local/lib/python3.8/site-packages/airflow/example_dags/example_short_circuit_decorator.py took 0.055 seconds
[2023-10-24T13:52:07.684+0000] {processor.py:157} INFO - Started process (PID=872) to work on /home/airflow/.local/lib/python3.8/site-packages/airflow/example_dags/example_short_circuit_decorator.py
[2023-10-24T13:52:07.685+0000] {processor.py:829} INFO - Processing file /home/airflow/.local/lib/python3.8/site-packages/airflow/example_dags/example_short_circuit_decorator.py for tasks to queue
[2023-10-24T13:52:07.687+0000] {logging_mixin.py:151} INFO - [2023-10-24T13:52:07.686+0000] {dagbag.py:536} INFO - Filling up the DagBag from /home/airflow/.local/lib/python3.8/site-packages/airflow/example_dags/example_short_circuit_decorator.py
[2023-10-24T13:52:07.694+0000] {processor.py:839} INFO - DAG(s) dict_keys(['example_short_circuit_decorator']) retrieved from /home/airflow/.local/lib/python3.8/site-packages/airflow/example_dags/example_short_circuit_decorator.py
[2023-10-24T13:52:07.710+0000] {logging_mixin.py:151} INFO - [2023-10-24T13:52:07.710+0000] {dag.py:2941} INFO - Sync 1 DAGs
[2023-10-24T13:52:07.725+0000] {logging_mixin.py:151} INFO - [2023-10-24T13:52:07.725+0000] {dag.py:3722} INFO - Setting next_dagrun for example_short_circuit_decorator to 2023-10-23T13:52:07.725096+00:00, run_after=2023-10-24T13:52:07.725096+00:00
[2023-10-24T13:52:07.745+0000] {processor.py:179} INFO - Processing /home/airflow/.local/lib/python3.8/site-packages/airflow/example_dags/example_short_circuit_decorator.py took 0.064 seconds
[2023-10-24T13:52:38.169+0000] {processor.py:157} INFO - Started process (PID=928) to work on /home/airflow/.local/lib/python3.8/site-packages/airflow/example_dags/example_short_circuit_decorator.py
[2023-10-24T13:52:38.170+0000] {processor.py:829} INFO - Processing file /home/airflow/.local/lib/python3.8/site-packages/airflow/example_dags/example_short_circuit_decorator.py for tasks to queue
[2023-10-24T13:52:38.172+0000] {logging_mixin.py:151} INFO - [2023-10-24T13:52:38.172+0000] {dagbag.py:536} INFO - Filling up the DagBag from /home/airflow/.local/lib/python3.8/site-packages/airflow/example_dags/example_short_circuit_decorator.py
[2023-10-24T13:52:38.178+0000] {processor.py:839} INFO - DAG(s) dict_keys(['example_short_circuit_decorator']) retrieved from /home/airflow/.local/lib/python3.8/site-packages/airflow/example_dags/example_short_circuit_decorator.py
[2023-10-24T13:52:38.195+0000] {logging_mixin.py:151} INFO - [2023-10-24T13:52:38.195+0000] {dag.py:2941} INFO - Sync 1 DAGs
[2023-10-24T13:52:38.209+0000] {logging_mixin.py:151} INFO - [2023-10-24T13:52:38.209+0000] {dag.py:3722} INFO - Setting next_dagrun for example_short_circuit_decorator to 2023-10-23T13:52:38.209574+00:00, run_after=2023-10-24T13:52:38.209574+00:00
[2023-10-24T13:52:38.224+0000] {processor.py:179} INFO - Processing /home/airflow/.local/lib/python3.8/site-packages/airflow/example_dags/example_short_circuit_decorator.py took 0.058 seconds
[2023-10-24T13:53:08.803+0000] {processor.py:157} INFO - Started process (PID=984) to work on /home/airflow/.local/lib/python3.8/site-packages/airflow/example_dags/example_short_circuit_decorator.py
[2023-10-24T13:53:08.804+0000] {processor.py:829} INFO - Processing file /home/airflow/.local/lib/python3.8/site-packages/airflow/example_dags/example_short_circuit_decorator.py for tasks to queue
[2023-10-24T13:53:08.806+0000] {logging_mixin.py:151} INFO - [2023-10-24T13:53:08.806+0000] {dagbag.py:536} INFO - Filling up the DagBag from /home/airflow/.local/lib/python3.8/site-packages/airflow/example_dags/example_short_circuit_decorator.py
[2023-10-24T13:53:08.814+0000] {processor.py:839} INFO - DAG(s) dict_keys(['example_short_circuit_decorator']) retrieved from /home/airflow/.local/lib/python3.8/site-packages/airflow/example_dags/example_short_circuit_decorator.py
[2023-10-24T13:53:08.831+0000] {logging_mixin.py:151} INFO - [2023-10-24T13:53:08.831+0000] {dag.py:2941} INFO - Sync 1 DAGs
[2023-10-24T13:53:08.844+0000] {logging_mixin.py:151} INFO - [2023-10-24T13:53:08.844+0000] {dag.py:3722} INFO - Setting next_dagrun for example_short_circuit_decorator to 2023-10-23T13:53:08.844451+00:00, run_after=2023-10-24T13:53:08.844451+00:00
[2023-10-24T13:53:08.855+0000] {processor.py:179} INFO - Processing /home/airflow/.local/lib/python3.8/site-packages/airflow/example_dags/example_short_circuit_decorator.py took 0.056 seconds
[2023-10-24T13:53:40.338+0000] {processor.py:157} INFO - Started process (PID=1040) to work on /home/airflow/.local/lib/python3.8/site-packages/airflow/example_dags/example_short_circuit_decorator.py
[2023-10-24T13:53:40.339+0000] {processor.py:829} INFO - Processing file /home/airflow/.local/lib/python3.8/site-packages/airflow/example_dags/example_short_circuit_decorator.py for tasks to queue
[2023-10-24T13:53:40.341+0000] {logging_mixin.py:151} INFO - [2023-10-24T13:53:40.341+0000] {dagbag.py:536} INFO - Filling up the DagBag from /home/airflow/.local/lib/python3.8/site-packages/airflow/example_dags/example_short_circuit_decorator.py
[2023-10-24T13:53:40.349+0000] {processor.py:839} INFO - DAG(s) dict_keys(['example_short_circuit_decorator']) retrieved from /home/airflow/.local/lib/python3.8/site-packages/airflow/example_dags/example_short_circuit_decorator.py
[2023-10-24T13:53:40.379+0000] {logging_mixin.py:151} INFO - [2023-10-24T13:53:40.379+0000] {dag.py:2941} INFO - Sync 1 DAGs
[2023-10-24T13:53:40.400+0000] {logging_mixin.py:151} INFO - [2023-10-24T13:53:40.400+0000] {dag.py:3722} INFO - Setting next_dagrun for example_short_circuit_decorator to 2023-10-23T13:53:40.400339+00:00, run_after=2023-10-24T13:53:40.400339+00:00
[2023-10-24T13:53:40.416+0000] {processor.py:179} INFO - Processing /home/airflow/.local/lib/python3.8/site-packages/airflow/example_dags/example_short_circuit_decorator.py took 0.080 seconds
