[2023-10-24T13:44:50.528+0000] {processor.py:157} INFO - Started process (PID=49) to work on /home/airflow/.local/lib/python3.8/site-packages/airflow/example_dags/example_subdag_operator.py
[2023-10-24T13:44:50.534+0000] {processor.py:829} INFO - Processing file /home/airflow/.local/lib/python3.8/site-packages/airflow/example_dags/example_subdag_operator.py for tasks to queue
[2023-10-24T13:44:50.541+0000] {logging_mixin.py:151} INFO - [2023-10-24T13:44:50.541+0000] {dagbag.py:536} INFO - Filling up the DagBag from /home/airflow/.local/lib/python3.8/site-packages/airflow/example_dags/example_subdag_operator.py
[2023-10-24T13:44:50.579+0000] {processor.py:839} INFO - DAG(s) dict_keys(['example_subdag_operator.section-1', 'example_subdag_operator.section-2', 'example_subdag_operator']) retrieved from /home/airflow/.local/lib/python3.8/site-packages/airflow/example_dags/example_subdag_operator.py
[2023-10-24T13:44:50.584+0000] {logging_mixin.py:151} INFO - [2023-10-24T13:44:50.583+0000] {dag.py:2941} INFO - Sync 3 DAGs
[2023-10-24T13:44:50.615+0000] {logging_mixin.py:151} INFO - [2023-10-24T13:44:50.614+0000] {dag.py:3722} INFO - Setting next_dagrun for example_subdag_operator to 2022-01-01T00:00:00+00:00, run_after=2022-01-01T00:00:00+00:00
[2023-10-24T13:44:50.618+0000] {logging_mixin.py:151} INFO - [2023-10-24T13:44:50.618+0000] {dag.py:3722} INFO - Setting next_dagrun for example_subdag_operator.section-1 to None, run_after=None
[2023-10-24T13:44:50.620+0000] {logging_mixin.py:151} INFO - [2023-10-24T13:44:50.619+0000] {dag.py:3722} INFO - Setting next_dagrun for example_subdag_operator.section-2 to None, run_after=None
[2023-10-24T13:44:50.631+0000] {logging_mixin.py:151} INFO - [2023-10-24T13:44:50.631+0000] {dag.py:2941} INFO - Sync 2 DAGs
[2023-10-24T13:44:50.637+0000] {logging_mixin.py:151} INFO - [2023-10-24T13:44:50.637+0000] {dag.py:3722} INFO - Setting next_dagrun for example_subdag_operator.section-1 to None, run_after=None
[2023-10-24T13:44:50.638+0000] {logging_mixin.py:151} INFO - [2023-10-24T13:44:50.638+0000] {dag.py:3722} INFO - Setting next_dagrun for example_subdag_operator.section-2 to None, run_after=None
[2023-10-24T13:44:50.693+0000] {processor.py:179} INFO - Processing /home/airflow/.local/lib/python3.8/site-packages/airflow/example_dags/example_subdag_operator.py took 0.176 seconds
[2023-10-24T13:45:20.966+0000] {processor.py:157} INFO - Started process (PID=104) to work on /home/airflow/.local/lib/python3.8/site-packages/airflow/example_dags/example_subdag_operator.py
[2023-10-24T13:45:20.967+0000] {processor.py:829} INFO - Processing file /home/airflow/.local/lib/python3.8/site-packages/airflow/example_dags/example_subdag_operator.py for tasks to queue
[2023-10-24T13:45:20.968+0000] {logging_mixin.py:151} INFO - [2023-10-24T13:45:20.968+0000] {dagbag.py:536} INFO - Filling up the DagBag from /home/airflow/.local/lib/python3.8/site-packages/airflow/example_dags/example_subdag_operator.py
[2023-10-24T13:45:20.990+0000] {processor.py:839} INFO - DAG(s) dict_keys(['example_subdag_operator.section-1', 'example_subdag_operator.section-2', 'example_subdag_operator']) retrieved from /home/airflow/.local/lib/python3.8/site-packages/airflow/example_dags/example_subdag_operator.py
[2023-10-24T13:45:21.001+0000] {logging_mixin.py:151} INFO - [2023-10-24T13:45:21.001+0000] {dag.py:2941} INFO - Sync 3 DAGs
[2023-10-24T13:45:21.019+0000] {logging_mixin.py:151} INFO - [2023-10-24T13:45:21.019+0000] {dag.py:3722} INFO - Setting next_dagrun for example_subdag_operator to 2022-01-01T00:00:00+00:00, run_after=2022-01-01T00:00:00+00:00
[2023-10-24T13:45:21.022+0000] {logging_mixin.py:151} INFO - [2023-10-24T13:45:21.022+0000] {dag.py:3722} INFO - Setting next_dagrun for example_subdag_operator.section-1 to None, run_after=None
[2023-10-24T13:45:21.022+0000] {logging_mixin.py:151} INFO - [2023-10-24T13:45:21.022+0000] {dag.py:3722} INFO - Setting next_dagrun for example_subdag_operator.section-2 to None, run_after=None
[2023-10-24T13:45:21.027+0000] {logging_mixin.py:151} INFO - [2023-10-24T13:45:21.026+0000] {dag.py:2941} INFO - Sync 2 DAGs
[2023-10-24T13:45:21.030+0000] {logging_mixin.py:151} INFO - [2023-10-24T13:45:21.029+0000] {dag.py:3722} INFO - Setting next_dagrun for example_subdag_operator.section-1 to None, run_after=None
[2023-10-24T13:45:21.030+0000] {logging_mixin.py:151} INFO - [2023-10-24T13:45:21.030+0000] {dag.py:3722} INFO - Setting next_dagrun for example_subdag_operator.section-2 to None, run_after=None
[2023-10-24T13:45:21.035+0000] {processor.py:179} INFO - Processing /home/airflow/.local/lib/python3.8/site-packages/airflow/example_dags/example_subdag_operator.py took 0.072 seconds
[2023-10-24T13:45:51.399+0000] {processor.py:157} INFO - Started process (PID=160) to work on /home/airflow/.local/lib/python3.8/site-packages/airflow/example_dags/example_subdag_operator.py
[2023-10-24T13:45:51.401+0000] {processor.py:829} INFO - Processing file /home/airflow/.local/lib/python3.8/site-packages/airflow/example_dags/example_subdag_operator.py for tasks to queue
[2023-10-24T13:45:51.404+0000] {logging_mixin.py:151} INFO - [2023-10-24T13:45:51.403+0000] {dagbag.py:536} INFO - Filling up the DagBag from /home/airflow/.local/lib/python3.8/site-packages/airflow/example_dags/example_subdag_operator.py
[2023-10-24T13:45:51.431+0000] {processor.py:839} INFO - DAG(s) dict_keys(['example_subdag_operator.section-1', 'example_subdag_operator.section-2', 'example_subdag_operator']) retrieved from /home/airflow/.local/lib/python3.8/site-packages/airflow/example_dags/example_subdag_operator.py
[2023-10-24T13:45:51.442+0000] {logging_mixin.py:151} INFO - [2023-10-24T13:45:51.442+0000] {dag.py:2941} INFO - Sync 3 DAGs
[2023-10-24T13:45:51.457+0000] {logging_mixin.py:151} INFO - [2023-10-24T13:45:51.457+0000] {dag.py:3722} INFO - Setting next_dagrun for example_subdag_operator to 2022-01-01T00:00:00+00:00, run_after=2022-01-01T00:00:00+00:00
[2023-10-24T13:45:51.460+0000] {logging_mixin.py:151} INFO - [2023-10-24T13:45:51.460+0000] {dag.py:3722} INFO - Setting next_dagrun for example_subdag_operator.section-1 to None, run_after=None
[2023-10-24T13:45:51.461+0000] {logging_mixin.py:151} INFO - [2023-10-24T13:45:51.461+0000] {dag.py:3722} INFO - Setting next_dagrun for example_subdag_operator.section-2 to None, run_after=None
[2023-10-24T13:45:51.465+0000] {logging_mixin.py:151} INFO - [2023-10-24T13:45:51.465+0000] {dag.py:2941} INFO - Sync 2 DAGs
[2023-10-24T13:45:51.468+0000] {logging_mixin.py:151} INFO - [2023-10-24T13:45:51.468+0000] {dag.py:3722} INFO - Setting next_dagrun for example_subdag_operator.section-1 to None, run_after=None
[2023-10-24T13:45:51.468+0000] {logging_mixin.py:151} INFO - [2023-10-24T13:45:51.468+0000] {dag.py:3722} INFO - Setting next_dagrun for example_subdag_operator.section-2 to None, run_after=None
[2023-10-24T13:45:51.475+0000] {processor.py:179} INFO - Processing /home/airflow/.local/lib/python3.8/site-packages/airflow/example_dags/example_subdag_operator.py took 0.079 seconds
[2023-10-24T13:46:21.949+0000] {processor.py:157} INFO - Started process (PID=216) to work on /home/airflow/.local/lib/python3.8/site-packages/airflow/example_dags/example_subdag_operator.py
[2023-10-24T13:46:21.950+0000] {processor.py:829} INFO - Processing file /home/airflow/.local/lib/python3.8/site-packages/airflow/example_dags/example_subdag_operator.py for tasks to queue
[2023-10-24T13:46:21.952+0000] {logging_mixin.py:151} INFO - [2023-10-24T13:46:21.951+0000] {dagbag.py:536} INFO - Filling up the DagBag from /home/airflow/.local/lib/python3.8/site-packages/airflow/example_dags/example_subdag_operator.py
[2023-10-24T13:46:21.973+0000] {processor.py:839} INFO - DAG(s) dict_keys(['example_subdag_operator.section-1', 'example_subdag_operator.section-2', 'example_subdag_operator']) retrieved from /home/airflow/.local/lib/python3.8/site-packages/airflow/example_dags/example_subdag_operator.py
[2023-10-24T13:46:21.983+0000] {logging_mixin.py:151} INFO - [2023-10-24T13:46:21.983+0000] {dag.py:2941} INFO - Sync 3 DAGs
[2023-10-24T13:46:21.995+0000] {logging_mixin.py:151} INFO - [2023-10-24T13:46:21.995+0000] {dag.py:3722} INFO - Setting next_dagrun for example_subdag_operator to 2022-01-01T00:00:00+00:00, run_after=2022-01-01T00:00:00+00:00
[2023-10-24T13:46:21.997+0000] {logging_mixin.py:151} INFO - [2023-10-24T13:46:21.997+0000] {dag.py:3722} INFO - Setting next_dagrun for example_subdag_operator.section-1 to None, run_after=None
[2023-10-24T13:46:21.998+0000] {logging_mixin.py:151} INFO - [2023-10-24T13:46:21.998+0000] {dag.py:3722} INFO - Setting next_dagrun for example_subdag_operator.section-2 to None, run_after=None
[2023-10-24T13:46:22.002+0000] {logging_mixin.py:151} INFO - [2023-10-24T13:46:22.002+0000] {dag.py:2941} INFO - Sync 2 DAGs
[2023-10-24T13:46:22.005+0000] {logging_mixin.py:151} INFO - [2023-10-24T13:46:22.004+0000] {dag.py:3722} INFO - Setting next_dagrun for example_subdag_operator.section-1 to None, run_after=None
[2023-10-24T13:46:22.005+0000] {logging_mixin.py:151} INFO - [2023-10-24T13:46:22.005+0000] {dag.py:3722} INFO - Setting next_dagrun for example_subdag_operator.section-2 to None, run_after=None
[2023-10-24T13:46:22.012+0000] {processor.py:179} INFO - Processing /home/airflow/.local/lib/python3.8/site-packages/airflow/example_dags/example_subdag_operator.py took 0.066 seconds
[2023-10-24T13:46:52.567+0000] {processor.py:157} INFO - Started process (PID=272) to work on /home/airflow/.local/lib/python3.8/site-packages/airflow/example_dags/example_subdag_operator.py
[2023-10-24T13:46:52.568+0000] {processor.py:829} INFO - Processing file /home/airflow/.local/lib/python3.8/site-packages/airflow/example_dags/example_subdag_operator.py for tasks to queue
[2023-10-24T13:46:52.570+0000] {logging_mixin.py:151} INFO - [2023-10-24T13:46:52.570+0000] {dagbag.py:536} INFO - Filling up the DagBag from /home/airflow/.local/lib/python3.8/site-packages/airflow/example_dags/example_subdag_operator.py
[2023-10-24T13:46:52.589+0000] {processor.py:839} INFO - DAG(s) dict_keys(['example_subdag_operator.section-1', 'example_subdag_operator.section-2', 'example_subdag_operator']) retrieved from /home/airflow/.local/lib/python3.8/site-packages/airflow/example_dags/example_subdag_operator.py
[2023-10-24T13:46:52.598+0000] {logging_mixin.py:151} INFO - [2023-10-24T13:46:52.598+0000] {dag.py:2941} INFO - Sync 3 DAGs
[2023-10-24T13:46:52.612+0000] {logging_mixin.py:151} INFO - [2023-10-24T13:46:52.612+0000] {dag.py:3722} INFO - Setting next_dagrun for example_subdag_operator to 2022-01-01T00:00:00+00:00, run_after=2022-01-01T00:00:00+00:00
[2023-10-24T13:46:52.614+0000] {logging_mixin.py:151} INFO - [2023-10-24T13:46:52.614+0000] {dag.py:3722} INFO - Setting next_dagrun for example_subdag_operator.section-1 to None, run_after=None
[2023-10-24T13:46:52.615+0000] {logging_mixin.py:151} INFO - [2023-10-24T13:46:52.615+0000] {dag.py:3722} INFO - Setting next_dagrun for example_subdag_operator.section-2 to None, run_after=None
[2023-10-24T13:46:52.620+0000] {logging_mixin.py:151} INFO - [2023-10-24T13:46:52.620+0000] {dag.py:2941} INFO - Sync 2 DAGs
[2023-10-24T13:46:52.623+0000] {logging_mixin.py:151} INFO - [2023-10-24T13:46:52.623+0000] {dag.py:3722} INFO - Setting next_dagrun for example_subdag_operator.section-1 to None, run_after=None
[2023-10-24T13:46:52.624+0000] {logging_mixin.py:151} INFO - [2023-10-24T13:46:52.624+0000] {dag.py:3722} INFO - Setting next_dagrun for example_subdag_operator.section-2 to None, run_after=None
[2023-10-24T13:46:52.630+0000] {processor.py:179} INFO - Processing /home/airflow/.local/lib/python3.8/site-packages/airflow/example_dags/example_subdag_operator.py took 0.067 seconds
[2023-10-24T13:47:22.868+0000] {processor.py:157} INFO - Started process (PID=328) to work on /home/airflow/.local/lib/python3.8/site-packages/airflow/example_dags/example_subdag_operator.py
[2023-10-24T13:47:22.869+0000] {processor.py:829} INFO - Processing file /home/airflow/.local/lib/python3.8/site-packages/airflow/example_dags/example_subdag_operator.py for tasks to queue
[2023-10-24T13:47:22.871+0000] {logging_mixin.py:151} INFO - [2023-10-24T13:47:22.870+0000] {dagbag.py:536} INFO - Filling up the DagBag from /home/airflow/.local/lib/python3.8/site-packages/airflow/example_dags/example_subdag_operator.py
[2023-10-24T13:47:22.898+0000] {processor.py:839} INFO - DAG(s) dict_keys(['example_subdag_operator.section-1', 'example_subdag_operator.section-2', 'example_subdag_operator']) retrieved from /home/airflow/.local/lib/python3.8/site-packages/airflow/example_dags/example_subdag_operator.py
[2023-10-24T13:47:22.910+0000] {logging_mixin.py:151} INFO - [2023-10-24T13:47:22.910+0000] {dag.py:2941} INFO - Sync 3 DAGs
[2023-10-24T13:47:22.933+0000] {logging_mixin.py:151} INFO - [2023-10-24T13:47:22.933+0000] {dag.py:3722} INFO - Setting next_dagrun for example_subdag_operator to 2022-01-01T00:00:00+00:00, run_after=2022-01-01T00:00:00+00:00
[2023-10-24T13:47:22.935+0000] {logging_mixin.py:151} INFO - [2023-10-24T13:47:22.935+0000] {dag.py:3722} INFO - Setting next_dagrun for example_subdag_operator.section-1 to None, run_after=None
[2023-10-24T13:47:22.936+0000] {logging_mixin.py:151} INFO - [2023-10-24T13:47:22.936+0000] {dag.py:3722} INFO - Setting next_dagrun for example_subdag_operator.section-2 to None, run_after=None
[2023-10-24T13:47:22.941+0000] {logging_mixin.py:151} INFO - [2023-10-24T13:47:22.941+0000] {dag.py:2941} INFO - Sync 2 DAGs
[2023-10-24T13:47:22.945+0000] {logging_mixin.py:151} INFO - [2023-10-24T13:47:22.945+0000] {dag.py:3722} INFO - Setting next_dagrun for example_subdag_operator.section-1 to None, run_after=None
[2023-10-24T13:47:22.945+0000] {logging_mixin.py:151} INFO - [2023-10-24T13:47:22.945+0000] {dag.py:3722} INFO - Setting next_dagrun for example_subdag_operator.section-2 to None, run_after=None
[2023-10-24T13:47:22.952+0000] {processor.py:179} INFO - Processing /home/airflow/.local/lib/python3.8/site-packages/airflow/example_dags/example_subdag_operator.py took 0.087 seconds
[2023-10-24T13:47:53.044+0000] {processor.py:157} INFO - Started process (PID=384) to work on /home/airflow/.local/lib/python3.8/site-packages/airflow/example_dags/example_subdag_operator.py
[2023-10-24T13:47:53.045+0000] {processor.py:829} INFO - Processing file /home/airflow/.local/lib/python3.8/site-packages/airflow/example_dags/example_subdag_operator.py for tasks to queue
[2023-10-24T13:47:53.047+0000] {logging_mixin.py:151} INFO - [2023-10-24T13:47:53.047+0000] {dagbag.py:536} INFO - Filling up the DagBag from /home/airflow/.local/lib/python3.8/site-packages/airflow/example_dags/example_subdag_operator.py
[2023-10-24T13:47:53.064+0000] {processor.py:839} INFO - DAG(s) dict_keys(['example_subdag_operator.section-1', 'example_subdag_operator.section-2', 'example_subdag_operator']) retrieved from /home/airflow/.local/lib/python3.8/site-packages/airflow/example_dags/example_subdag_operator.py
[2023-10-24T13:47:53.073+0000] {logging_mixin.py:151} INFO - [2023-10-24T13:47:53.073+0000] {dag.py:2941} INFO - Sync 3 DAGs
[2023-10-24T13:47:53.090+0000] {logging_mixin.py:151} INFO - [2023-10-24T13:47:53.090+0000] {dag.py:3722} INFO - Setting next_dagrun for example_subdag_operator to 2022-01-01T00:00:00+00:00, run_after=2022-01-01T00:00:00+00:00
[2023-10-24T13:47:53.092+0000] {logging_mixin.py:151} INFO - [2023-10-24T13:47:53.092+0000] {dag.py:3722} INFO - Setting next_dagrun for example_subdag_operator.section-1 to None, run_after=None
[2023-10-24T13:47:53.093+0000] {logging_mixin.py:151} INFO - [2023-10-24T13:47:53.093+0000] {dag.py:3722} INFO - Setting next_dagrun for example_subdag_operator.section-2 to None, run_after=None
[2023-10-24T13:47:53.098+0000] {logging_mixin.py:151} INFO - [2023-10-24T13:47:53.097+0000] {dag.py:2941} INFO - Sync 2 DAGs
[2023-10-24T13:47:53.101+0000] {logging_mixin.py:151} INFO - [2023-10-24T13:47:53.101+0000] {dag.py:3722} INFO - Setting next_dagrun for example_subdag_operator.section-1 to None, run_after=None
[2023-10-24T13:47:53.102+0000] {logging_mixin.py:151} INFO - [2023-10-24T13:47:53.101+0000] {dag.py:3722} INFO - Setting next_dagrun for example_subdag_operator.section-2 to None, run_after=None
[2023-10-24T13:47:53.108+0000] {processor.py:179} INFO - Processing /home/airflow/.local/lib/python3.8/site-packages/airflow/example_dags/example_subdag_operator.py took 0.067 seconds
[2023-10-24T13:48:24.357+0000] {processor.py:157} INFO - Started process (PID=440) to work on /home/airflow/.local/lib/python3.8/site-packages/airflow/example_dags/example_subdag_operator.py
[2023-10-24T13:48:24.358+0000] {processor.py:829} INFO - Processing file /home/airflow/.local/lib/python3.8/site-packages/airflow/example_dags/example_subdag_operator.py for tasks to queue
[2023-10-24T13:48:24.361+0000] {logging_mixin.py:151} INFO - [2023-10-24T13:48:24.361+0000] {dagbag.py:536} INFO - Filling up the DagBag from /home/airflow/.local/lib/python3.8/site-packages/airflow/example_dags/example_subdag_operator.py
[2023-10-24T13:48:24.385+0000] {processor.py:839} INFO - DAG(s) dict_keys(['example_subdag_operator.section-1', 'example_subdag_operator.section-2', 'example_subdag_operator']) retrieved from /home/airflow/.local/lib/python3.8/site-packages/airflow/example_dags/example_subdag_operator.py
[2023-10-24T13:48:24.556+0000] {logging_mixin.py:151} INFO - [2023-10-24T13:48:24.556+0000] {dag.py:2941} INFO - Sync 3 DAGs
[2023-10-24T13:48:24.569+0000] {logging_mixin.py:151} INFO - [2023-10-24T13:48:24.568+0000] {dag.py:3722} INFO - Setting next_dagrun for example_subdag_operator to 2022-01-01T00:00:00+00:00, run_after=2022-01-01T00:00:00+00:00
[2023-10-24T13:48:24.571+0000] {logging_mixin.py:151} INFO - [2023-10-24T13:48:24.571+0000] {dag.py:3722} INFO - Setting next_dagrun for example_subdag_operator.section-1 to None, run_after=None
[2023-10-24T13:48:24.571+0000] {logging_mixin.py:151} INFO - [2023-10-24T13:48:24.571+0000] {dag.py:3722} INFO - Setting next_dagrun for example_subdag_operator.section-2 to None, run_after=None
[2023-10-24T13:48:24.575+0000] {logging_mixin.py:151} INFO - [2023-10-24T13:48:24.575+0000] {dag.py:2941} INFO - Sync 2 DAGs
[2023-10-24T13:48:24.578+0000] {logging_mixin.py:151} INFO - [2023-10-24T13:48:24.578+0000] {dag.py:3722} INFO - Setting next_dagrun for example_subdag_operator.section-1 to None, run_after=None
[2023-10-24T13:48:24.578+0000] {logging_mixin.py:151} INFO - [2023-10-24T13:48:24.578+0000] {dag.py:3722} INFO - Setting next_dagrun for example_subdag_operator.section-2 to None, run_after=None
[2023-10-24T13:48:24.583+0000] {processor.py:179} INFO - Processing /home/airflow/.local/lib/python3.8/site-packages/airflow/example_dags/example_subdag_operator.py took 0.230 seconds
[2023-10-24T13:48:56.766+0000] {processor.py:157} INFO - Started process (PID=496) to work on /home/airflow/.local/lib/python3.8/site-packages/airflow/example_dags/example_subdag_operator.py
[2023-10-24T13:48:56.767+0000] {processor.py:829} INFO - Processing file /home/airflow/.local/lib/python3.8/site-packages/airflow/example_dags/example_subdag_operator.py for tasks to queue
[2023-10-24T13:48:56.771+0000] {logging_mixin.py:151} INFO - [2023-10-24T13:48:56.770+0000] {dagbag.py:536} INFO - Filling up the DagBag from /home/airflow/.local/lib/python3.8/site-packages/airflow/example_dags/example_subdag_operator.py
[2023-10-24T13:48:56.797+0000] {processor.py:839} INFO - DAG(s) dict_keys(['example_subdag_operator.section-1', 'example_subdag_operator.section-2', 'example_subdag_operator']) retrieved from /home/airflow/.local/lib/python3.8/site-packages/airflow/example_dags/example_subdag_operator.py
[2023-10-24T13:48:56.967+0000] {logging_mixin.py:151} INFO - [2023-10-24T13:48:56.967+0000] {dag.py:2941} INFO - Sync 3 DAGs
[2023-10-24T13:48:56.981+0000] {logging_mixin.py:151} INFO - [2023-10-24T13:48:56.981+0000] {dag.py:3722} INFO - Setting next_dagrun for example_subdag_operator to 2022-01-01T00:00:00+00:00, run_after=2022-01-01T00:00:00+00:00
[2023-10-24T13:48:56.983+0000] {logging_mixin.py:151} INFO - [2023-10-24T13:48:56.983+0000] {dag.py:3722} INFO - Setting next_dagrun for example_subdag_operator.section-1 to None, run_after=None
[2023-10-24T13:48:56.984+0000] {logging_mixin.py:151} INFO - [2023-10-24T13:48:56.984+0000] {dag.py:3722} INFO - Setting next_dagrun for example_subdag_operator.section-2 to None, run_after=None
[2023-10-24T13:48:56.990+0000] {logging_mixin.py:151} INFO - [2023-10-24T13:48:56.989+0000] {dag.py:2941} INFO - Sync 2 DAGs
[2023-10-24T13:48:56.994+0000] {logging_mixin.py:151} INFO - [2023-10-24T13:48:56.994+0000] {dag.py:3722} INFO - Setting next_dagrun for example_subdag_operator.section-1 to None, run_after=None
[2023-10-24T13:48:56.994+0000] {logging_mixin.py:151} INFO - [2023-10-24T13:48:56.994+0000] {dag.py:3722} INFO - Setting next_dagrun for example_subdag_operator.section-2 to None, run_after=None
[2023-10-24T13:48:57.003+0000] {processor.py:179} INFO - Processing /home/airflow/.local/lib/python3.8/site-packages/airflow/example_dags/example_subdag_operator.py took 0.240 seconds
[2023-10-24T13:49:27.820+0000] {processor.py:157} INFO - Started process (PID=552) to work on /home/airflow/.local/lib/python3.8/site-packages/airflow/example_dags/example_subdag_operator.py
[2023-10-24T13:49:27.822+0000] {processor.py:829} INFO - Processing file /home/airflow/.local/lib/python3.8/site-packages/airflow/example_dags/example_subdag_operator.py for tasks to queue
[2023-10-24T13:49:27.825+0000] {logging_mixin.py:151} INFO - [2023-10-24T13:49:27.825+0000] {dagbag.py:536} INFO - Filling up the DagBag from /home/airflow/.local/lib/python3.8/site-packages/airflow/example_dags/example_subdag_operator.py
[2023-10-24T13:49:27.850+0000] {processor.py:839} INFO - DAG(s) dict_keys(['example_subdag_operator.section-1', 'example_subdag_operator.section-2', 'example_subdag_operator']) retrieved from /home/airflow/.local/lib/python3.8/site-packages/airflow/example_dags/example_subdag_operator.py
[2023-10-24T13:49:27.862+0000] {logging_mixin.py:151} INFO - [2023-10-24T13:49:27.862+0000] {dag.py:2941} INFO - Sync 3 DAGs
[2023-10-24T13:49:27.877+0000] {logging_mixin.py:151} INFO - [2023-10-24T13:49:27.877+0000] {dag.py:3722} INFO - Setting next_dagrun for example_subdag_operator to 2022-01-01T00:00:00+00:00, run_after=2022-01-01T00:00:00+00:00
[2023-10-24T13:49:27.880+0000] {logging_mixin.py:151} INFO - [2023-10-24T13:49:27.880+0000] {dag.py:3722} INFO - Setting next_dagrun for example_subdag_operator.section-1 to None, run_after=None
[2023-10-24T13:49:27.881+0000] {logging_mixin.py:151} INFO - [2023-10-24T13:49:27.881+0000] {dag.py:3722} INFO - Setting next_dagrun for example_subdag_operator.section-2 to None, run_after=None
[2023-10-24T13:49:27.889+0000] {logging_mixin.py:151} INFO - [2023-10-24T13:49:27.889+0000] {dag.py:2941} INFO - Sync 2 DAGs
[2023-10-24T13:49:27.893+0000] {logging_mixin.py:151} INFO - [2023-10-24T13:49:27.892+0000] {dag.py:3722} INFO - Setting next_dagrun for example_subdag_operator.section-1 to None, run_after=None
[2023-10-24T13:49:27.893+0000] {logging_mixin.py:151} INFO - [2023-10-24T13:49:27.893+0000] {dag.py:3722} INFO - Setting next_dagrun for example_subdag_operator.section-2 to None, run_after=None
[2023-10-24T13:49:27.899+0000] {processor.py:179} INFO - Processing /home/airflow/.local/lib/python3.8/site-packages/airflow/example_dags/example_subdag_operator.py took 0.084 seconds
[2023-10-24T13:49:58.177+0000] {processor.py:157} INFO - Started process (PID=608) to work on /home/airflow/.local/lib/python3.8/site-packages/airflow/example_dags/example_subdag_operator.py
[2023-10-24T13:49:58.178+0000] {processor.py:829} INFO - Processing file /home/airflow/.local/lib/python3.8/site-packages/airflow/example_dags/example_subdag_operator.py for tasks to queue
[2023-10-24T13:49:58.182+0000] {logging_mixin.py:151} INFO - [2023-10-24T13:49:58.181+0000] {dagbag.py:536} INFO - Filling up the DagBag from /home/airflow/.local/lib/python3.8/site-packages/airflow/example_dags/example_subdag_operator.py
[2023-10-24T13:49:58.212+0000] {processor.py:839} INFO - DAG(s) dict_keys(['example_subdag_operator.section-1', 'example_subdag_operator.section-2', 'example_subdag_operator']) retrieved from /home/airflow/.local/lib/python3.8/site-packages/airflow/example_dags/example_subdag_operator.py
[2023-10-24T13:49:58.222+0000] {logging_mixin.py:151} INFO - [2023-10-24T13:49:58.222+0000] {dag.py:2941} INFO - Sync 3 DAGs
[2023-10-24T13:49:58.236+0000] {logging_mixin.py:151} INFO - [2023-10-24T13:49:58.236+0000] {dag.py:3722} INFO - Setting next_dagrun for example_subdag_operator to 2022-01-01T00:00:00+00:00, run_after=2022-01-01T00:00:00+00:00
[2023-10-24T13:49:58.239+0000] {logging_mixin.py:151} INFO - [2023-10-24T13:49:58.238+0000] {dag.py:3722} INFO - Setting next_dagrun for example_subdag_operator.section-1 to None, run_after=None
[2023-10-24T13:49:58.239+0000] {logging_mixin.py:151} INFO - [2023-10-24T13:49:58.239+0000] {dag.py:3722} INFO - Setting next_dagrun for example_subdag_operator.section-2 to None, run_after=None
[2023-10-24T13:49:58.244+0000] {logging_mixin.py:151} INFO - [2023-10-24T13:49:58.244+0000] {dag.py:2941} INFO - Sync 2 DAGs
[2023-10-24T13:49:58.248+0000] {logging_mixin.py:151} INFO - [2023-10-24T13:49:58.247+0000] {dag.py:3722} INFO - Setting next_dagrun for example_subdag_operator.section-1 to None, run_after=None
[2023-10-24T13:49:58.248+0000] {logging_mixin.py:151} INFO - [2023-10-24T13:49:58.248+0000] {dag.py:3722} INFO - Setting next_dagrun for example_subdag_operator.section-2 to None, run_after=None
[2023-10-24T13:49:58.255+0000] {processor.py:179} INFO - Processing /home/airflow/.local/lib/python3.8/site-packages/airflow/example_dags/example_subdag_operator.py took 0.084 seconds
[2023-10-24T13:50:29.226+0000] {processor.py:157} INFO - Started process (PID=664) to work on /home/airflow/.local/lib/python3.8/site-packages/airflow/example_dags/example_subdag_operator.py
[2023-10-24T13:50:29.227+0000] {processor.py:829} INFO - Processing file /home/airflow/.local/lib/python3.8/site-packages/airflow/example_dags/example_subdag_operator.py for tasks to queue
[2023-10-24T13:50:29.229+0000] {logging_mixin.py:151} INFO - [2023-10-24T13:50:29.229+0000] {dagbag.py:536} INFO - Filling up the DagBag from /home/airflow/.local/lib/python3.8/site-packages/airflow/example_dags/example_subdag_operator.py
[2023-10-24T13:50:29.249+0000] {processor.py:839} INFO - DAG(s) dict_keys(['example_subdag_operator.section-1', 'example_subdag_operator.section-2', 'example_subdag_operator']) retrieved from /home/airflow/.local/lib/python3.8/site-packages/airflow/example_dags/example_subdag_operator.py
[2023-10-24T13:50:29.260+0000] {logging_mixin.py:151} INFO - [2023-10-24T13:50:29.260+0000] {dag.py:2941} INFO - Sync 3 DAGs
[2023-10-24T13:50:29.274+0000] {logging_mixin.py:151} INFO - [2023-10-24T13:50:29.274+0000] {dag.py:3722} INFO - Setting next_dagrun for example_subdag_operator to 2022-01-01T00:00:00+00:00, run_after=2022-01-01T00:00:00+00:00
[2023-10-24T13:50:29.276+0000] {logging_mixin.py:151} INFO - [2023-10-24T13:50:29.276+0000] {dag.py:3722} INFO - Setting next_dagrun for example_subdag_operator.section-1 to None, run_after=None
[2023-10-24T13:50:29.277+0000] {logging_mixin.py:151} INFO - [2023-10-24T13:50:29.277+0000] {dag.py:3722} INFO - Setting next_dagrun for example_subdag_operator.section-2 to None, run_after=None
[2023-10-24T13:50:29.280+0000] {logging_mixin.py:151} INFO - [2023-10-24T13:50:29.280+0000] {dag.py:2941} INFO - Sync 2 DAGs
[2023-10-24T13:50:29.284+0000] {logging_mixin.py:151} INFO - [2023-10-24T13:50:29.283+0000] {dag.py:3722} INFO - Setting next_dagrun for example_subdag_operator.section-1 to None, run_after=None
[2023-10-24T13:50:29.284+0000] {logging_mixin.py:151} INFO - [2023-10-24T13:50:29.284+0000] {dag.py:3722} INFO - Setting next_dagrun for example_subdag_operator.section-2 to None, run_after=None
[2023-10-24T13:50:29.289+0000] {processor.py:179} INFO - Processing /home/airflow/.local/lib/python3.8/site-packages/airflow/example_dags/example_subdag_operator.py took 0.067 seconds
[2023-10-24T13:50:59.774+0000] {processor.py:157} INFO - Started process (PID=720) to work on /home/airflow/.local/lib/python3.8/site-packages/airflow/example_dags/example_subdag_operator.py
[2023-10-24T13:50:59.775+0000] {processor.py:829} INFO - Processing file /home/airflow/.local/lib/python3.8/site-packages/airflow/example_dags/example_subdag_operator.py for tasks to queue
[2023-10-24T13:50:59.777+0000] {logging_mixin.py:151} INFO - [2023-10-24T13:50:59.777+0000] {dagbag.py:536} INFO - Filling up the DagBag from /home/airflow/.local/lib/python3.8/site-packages/airflow/example_dags/example_subdag_operator.py
[2023-10-24T13:50:59.805+0000] {processor.py:839} INFO - DAG(s) dict_keys(['example_subdag_operator.section-1', 'example_subdag_operator.section-2', 'example_subdag_operator']) retrieved from /home/airflow/.local/lib/python3.8/site-packages/airflow/example_dags/example_subdag_operator.py
[2023-10-24T13:50:59.816+0000] {logging_mixin.py:151} INFO - [2023-10-24T13:50:59.816+0000] {dag.py:2941} INFO - Sync 3 DAGs
[2023-10-24T13:50:59.830+0000] {logging_mixin.py:151} INFO - [2023-10-24T13:50:59.830+0000] {dag.py:3722} INFO - Setting next_dagrun for example_subdag_operator to 2022-01-01T00:00:00+00:00, run_after=2022-01-01T00:00:00+00:00
[2023-10-24T13:50:59.832+0000] {logging_mixin.py:151} INFO - [2023-10-24T13:50:59.832+0000] {dag.py:3722} INFO - Setting next_dagrun for example_subdag_operator.section-1 to None, run_after=None
[2023-10-24T13:50:59.833+0000] {logging_mixin.py:151} INFO - [2023-10-24T13:50:59.833+0000] {dag.py:3722} INFO - Setting next_dagrun for example_subdag_operator.section-2 to None, run_after=None
[2023-10-24T13:50:59.838+0000] {logging_mixin.py:151} INFO - [2023-10-24T13:50:59.838+0000] {dag.py:2941} INFO - Sync 2 DAGs
[2023-10-24T13:50:59.841+0000] {logging_mixin.py:151} INFO - [2023-10-24T13:50:59.841+0000] {dag.py:3722} INFO - Setting next_dagrun for example_subdag_operator.section-1 to None, run_after=None
[2023-10-24T13:50:59.841+0000] {logging_mixin.py:151} INFO - [2023-10-24T13:50:59.841+0000] {dag.py:3722} INFO - Setting next_dagrun for example_subdag_operator.section-2 to None, run_after=None
[2023-10-24T13:50:59.849+0000] {processor.py:179} INFO - Processing /home/airflow/.local/lib/python3.8/site-packages/airflow/example_dags/example_subdag_operator.py took 0.079 seconds
[2023-10-24T13:51:30.392+0000] {processor.py:157} INFO - Started process (PID=776) to work on /home/airflow/.local/lib/python3.8/site-packages/airflow/example_dags/example_subdag_operator.py
[2023-10-24T13:51:30.393+0000] {processor.py:829} INFO - Processing file /home/airflow/.local/lib/python3.8/site-packages/airflow/example_dags/example_subdag_operator.py for tasks to queue
[2023-10-24T13:51:30.396+0000] {logging_mixin.py:151} INFO - [2023-10-24T13:51:30.395+0000] {dagbag.py:536} INFO - Filling up the DagBag from /home/airflow/.local/lib/python3.8/site-packages/airflow/example_dags/example_subdag_operator.py
[2023-10-24T13:51:30.420+0000] {processor.py:839} INFO - DAG(s) dict_keys(['example_subdag_operator.section-1', 'example_subdag_operator.section-2', 'example_subdag_operator']) retrieved from /home/airflow/.local/lib/python3.8/site-packages/airflow/example_dags/example_subdag_operator.py
[2023-10-24T13:51:30.431+0000] {logging_mixin.py:151} INFO - [2023-10-24T13:51:30.431+0000] {dag.py:2941} INFO - Sync 3 DAGs
[2023-10-24T13:51:30.450+0000] {logging_mixin.py:151} INFO - [2023-10-24T13:51:30.450+0000] {dag.py:3722} INFO - Setting next_dagrun for example_subdag_operator to 2022-01-01T00:00:00+00:00, run_after=2022-01-01T00:00:00+00:00
[2023-10-24T13:51:30.453+0000] {logging_mixin.py:151} INFO - [2023-10-24T13:51:30.453+0000] {dag.py:3722} INFO - Setting next_dagrun for example_subdag_operator.section-1 to None, run_after=None
[2023-10-24T13:51:30.455+0000] {logging_mixin.py:151} INFO - [2023-10-24T13:51:30.455+0000] {dag.py:3722} INFO - Setting next_dagrun for example_subdag_operator.section-2 to None, run_after=None
[2023-10-24T13:51:30.462+0000] {logging_mixin.py:151} INFO - [2023-10-24T13:51:30.462+0000] {dag.py:2941} INFO - Sync 2 DAGs
[2023-10-24T13:51:30.466+0000] {logging_mixin.py:151} INFO - [2023-10-24T13:51:30.466+0000] {dag.py:3722} INFO - Setting next_dagrun for example_subdag_operator.section-1 to None, run_after=None
[2023-10-24T13:51:30.466+0000] {logging_mixin.py:151} INFO - [2023-10-24T13:51:30.466+0000] {dag.py:3722} INFO - Setting next_dagrun for example_subdag_operator.section-2 to None, run_after=None
[2023-10-24T13:51:30.476+0000] {processor.py:179} INFO - Processing /home/airflow/.local/lib/python3.8/site-packages/airflow/example_dags/example_subdag_operator.py took 0.088 seconds
[2023-10-24T13:52:01.091+0000] {processor.py:157} INFO - Started process (PID=832) to work on /home/airflow/.local/lib/python3.8/site-packages/airflow/example_dags/example_subdag_operator.py
[2023-10-24T13:52:01.092+0000] {processor.py:829} INFO - Processing file /home/airflow/.local/lib/python3.8/site-packages/airflow/example_dags/example_subdag_operator.py for tasks to queue
[2023-10-24T13:52:01.095+0000] {logging_mixin.py:151} INFO - [2023-10-24T13:52:01.095+0000] {dagbag.py:536} INFO - Filling up the DagBag from /home/airflow/.local/lib/python3.8/site-packages/airflow/example_dags/example_subdag_operator.py
[2023-10-24T13:52:01.146+0000] {processor.py:839} INFO - DAG(s) dict_keys(['example_subdag_operator.section-1', 'example_subdag_operator.section-2', 'example_subdag_operator']) retrieved from /home/airflow/.local/lib/python3.8/site-packages/airflow/example_dags/example_subdag_operator.py
[2023-10-24T13:52:01.176+0000] {logging_mixin.py:151} INFO - [2023-10-24T13:52:01.175+0000] {dag.py:2941} INFO - Sync 3 DAGs
[2023-10-24T13:52:01.221+0000] {logging_mixin.py:151} INFO - [2023-10-24T13:52:01.221+0000] {dag.py:3722} INFO - Setting next_dagrun for example_subdag_operator to 2022-01-01T00:00:00+00:00, run_after=2022-01-01T00:00:00+00:00
[2023-10-24T13:52:01.228+0000] {logging_mixin.py:151} INFO - [2023-10-24T13:52:01.228+0000] {dag.py:3722} INFO - Setting next_dagrun for example_subdag_operator.section-1 to None, run_after=None
[2023-10-24T13:52:01.231+0000] {logging_mixin.py:151} INFO - [2023-10-24T13:52:01.230+0000] {dag.py:3722} INFO - Setting next_dagrun for example_subdag_operator.section-2 to None, run_after=None
[2023-10-24T13:52:01.258+0000] {logging_mixin.py:151} INFO - [2023-10-24T13:52:01.258+0000] {dag.py:2941} INFO - Sync 2 DAGs
[2023-10-24T13:52:01.266+0000] {logging_mixin.py:151} INFO - [2023-10-24T13:52:01.266+0000] {dag.py:3722} INFO - Setting next_dagrun for example_subdag_operator.section-1 to None, run_after=None
[2023-10-24T13:52:01.268+0000] {logging_mixin.py:151} INFO - [2023-10-24T13:52:01.268+0000] {dag.py:3722} INFO - Setting next_dagrun for example_subdag_operator.section-2 to None, run_after=None
[2023-10-24T13:52:01.309+0000] {processor.py:179} INFO - Processing /home/airflow/.local/lib/python3.8/site-packages/airflow/example_dags/example_subdag_operator.py took 0.221 seconds
[2023-10-24T13:52:31.536+0000] {processor.py:157} INFO - Started process (PID=888) to work on /home/airflow/.local/lib/python3.8/site-packages/airflow/example_dags/example_subdag_operator.py
[2023-10-24T13:52:31.537+0000] {processor.py:829} INFO - Processing file /home/airflow/.local/lib/python3.8/site-packages/airflow/example_dags/example_subdag_operator.py for tasks to queue
[2023-10-24T13:52:31.539+0000] {logging_mixin.py:151} INFO - [2023-10-24T13:52:31.539+0000] {dagbag.py:536} INFO - Filling up the DagBag from /home/airflow/.local/lib/python3.8/site-packages/airflow/example_dags/example_subdag_operator.py
[2023-10-24T13:52:31.560+0000] {processor.py:839} INFO - DAG(s) dict_keys(['example_subdag_operator.section-1', 'example_subdag_operator.section-2', 'example_subdag_operator']) retrieved from /home/airflow/.local/lib/python3.8/site-packages/airflow/example_dags/example_subdag_operator.py
[2023-10-24T13:52:31.570+0000] {logging_mixin.py:151} INFO - [2023-10-24T13:52:31.569+0000] {dag.py:2941} INFO - Sync 3 DAGs
[2023-10-24T13:52:31.583+0000] {logging_mixin.py:151} INFO - [2023-10-24T13:52:31.583+0000] {dag.py:3722} INFO - Setting next_dagrun for example_subdag_operator to 2022-01-01T00:00:00+00:00, run_after=2022-01-01T00:00:00+00:00
[2023-10-24T13:52:31.585+0000] {logging_mixin.py:151} INFO - [2023-10-24T13:52:31.585+0000] {dag.py:3722} INFO - Setting next_dagrun for example_subdag_operator.section-1 to None, run_after=None
[2023-10-24T13:52:31.586+0000] {logging_mixin.py:151} INFO - [2023-10-24T13:52:31.586+0000] {dag.py:3722} INFO - Setting next_dagrun for example_subdag_operator.section-2 to None, run_after=None
[2023-10-24T13:52:31.590+0000] {logging_mixin.py:151} INFO - [2023-10-24T13:52:31.590+0000] {dag.py:2941} INFO - Sync 2 DAGs
[2023-10-24T13:52:31.594+0000] {logging_mixin.py:151} INFO - [2023-10-24T13:52:31.594+0000] {dag.py:3722} INFO - Setting next_dagrun for example_subdag_operator.section-1 to None, run_after=None
[2023-10-24T13:52:31.594+0000] {logging_mixin.py:151} INFO - [2023-10-24T13:52:31.594+0000] {dag.py:3722} INFO - Setting next_dagrun for example_subdag_operator.section-2 to None, run_after=None
[2023-10-24T13:52:31.601+0000] {processor.py:179} INFO - Processing /home/airflow/.local/lib/python3.8/site-packages/airflow/example_dags/example_subdag_operator.py took 0.068 seconds
[2023-10-24T13:53:02.076+0000] {processor.py:157} INFO - Started process (PID=944) to work on /home/airflow/.local/lib/python3.8/site-packages/airflow/example_dags/example_subdag_operator.py
[2023-10-24T13:53:02.077+0000] {processor.py:829} INFO - Processing file /home/airflow/.local/lib/python3.8/site-packages/airflow/example_dags/example_subdag_operator.py for tasks to queue
[2023-10-24T13:53:02.080+0000] {logging_mixin.py:151} INFO - [2023-10-24T13:53:02.080+0000] {dagbag.py:536} INFO - Filling up the DagBag from /home/airflow/.local/lib/python3.8/site-packages/airflow/example_dags/example_subdag_operator.py
[2023-10-24T13:53:02.113+0000] {processor.py:839} INFO - DAG(s) dict_keys(['example_subdag_operator.section-1', 'example_subdag_operator.section-2', 'example_subdag_operator']) retrieved from /home/airflow/.local/lib/python3.8/site-packages/airflow/example_dags/example_subdag_operator.py
[2023-10-24T13:53:02.124+0000] {logging_mixin.py:151} INFO - [2023-10-24T13:53:02.124+0000] {dag.py:2941} INFO - Sync 3 DAGs
[2023-10-24T13:53:02.141+0000] {logging_mixin.py:151} INFO - [2023-10-24T13:53:02.141+0000] {dag.py:3722} INFO - Setting next_dagrun for example_subdag_operator to 2022-01-01T00:00:00+00:00, run_after=2022-01-01T00:00:00+00:00
[2023-10-24T13:53:02.143+0000] {logging_mixin.py:151} INFO - [2023-10-24T13:53:02.143+0000] {dag.py:3722} INFO - Setting next_dagrun for example_subdag_operator.section-1 to None, run_after=None
[2023-10-24T13:53:02.144+0000] {logging_mixin.py:151} INFO - [2023-10-24T13:53:02.144+0000] {dag.py:3722} INFO - Setting next_dagrun for example_subdag_operator.section-2 to None, run_after=None
[2023-10-24T13:53:02.149+0000] {logging_mixin.py:151} INFO - [2023-10-24T13:53:02.149+0000] {dag.py:2941} INFO - Sync 2 DAGs
[2023-10-24T13:53:02.152+0000] {logging_mixin.py:151} INFO - [2023-10-24T13:53:02.152+0000] {dag.py:3722} INFO - Setting next_dagrun for example_subdag_operator.section-1 to None, run_after=None
[2023-10-24T13:53:02.153+0000] {logging_mixin.py:151} INFO - [2023-10-24T13:53:02.153+0000] {dag.py:3722} INFO - Setting next_dagrun for example_subdag_operator.section-2 to None, run_after=None
[2023-10-24T13:53:02.164+0000] {processor.py:179} INFO - Processing /home/airflow/.local/lib/python3.8/site-packages/airflow/example_dags/example_subdag_operator.py took 0.092 seconds
[2023-10-24T13:53:32.292+0000] {processor.py:157} INFO - Started process (PID=1000) to work on /home/airflow/.local/lib/python3.8/site-packages/airflow/example_dags/example_subdag_operator.py
[2023-10-24T13:53:32.295+0000] {processor.py:829} INFO - Processing file /home/airflow/.local/lib/python3.8/site-packages/airflow/example_dags/example_subdag_operator.py for tasks to queue
[2023-10-24T13:53:32.303+0000] {logging_mixin.py:151} INFO - [2023-10-24T13:53:32.302+0000] {dagbag.py:536} INFO - Filling up the DagBag from /home/airflow/.local/lib/python3.8/site-packages/airflow/example_dags/example_subdag_operator.py
[2023-10-24T13:53:32.365+0000] {processor.py:839} INFO - DAG(s) dict_keys(['example_subdag_operator.section-1', 'example_subdag_operator.section-2', 'example_subdag_operator']) retrieved from /home/airflow/.local/lib/python3.8/site-packages/airflow/example_dags/example_subdag_operator.py
[2023-10-24T13:53:32.392+0000] {logging_mixin.py:151} INFO - [2023-10-24T13:53:32.391+0000] {dag.py:2941} INFO - Sync 3 DAGs
[2023-10-24T13:53:32.427+0000] {logging_mixin.py:151} INFO - [2023-10-24T13:53:32.426+0000] {dag.py:3722} INFO - Setting next_dagrun for example_subdag_operator to 2022-01-01T00:00:00+00:00, run_after=2022-01-01T00:00:00+00:00
[2023-10-24T13:53:32.432+0000] {logging_mixin.py:151} INFO - [2023-10-24T13:53:32.431+0000] {dag.py:3722} INFO - Setting next_dagrun for example_subdag_operator.section-1 to None, run_after=None
[2023-10-24T13:53:32.435+0000] {logging_mixin.py:151} INFO - [2023-10-24T13:53:32.434+0000] {dag.py:3722} INFO - Setting next_dagrun for example_subdag_operator.section-2 to None, run_after=None
[2023-10-24T13:53:32.450+0000] {logging_mixin.py:151} INFO - [2023-10-24T13:53:32.450+0000] {dag.py:2941} INFO - Sync 2 DAGs
[2023-10-24T13:53:32.456+0000] {logging_mixin.py:151} INFO - [2023-10-24T13:53:32.456+0000] {dag.py:3722} INFO - Setting next_dagrun for example_subdag_operator.section-1 to None, run_after=None
[2023-10-24T13:53:32.456+0000] {logging_mixin.py:151} INFO - [2023-10-24T13:53:32.456+0000] {dag.py:3722} INFO - Setting next_dagrun for example_subdag_operator.section-2 to None, run_after=None
[2023-10-24T13:53:32.468+0000] {processor.py:179} INFO - Processing /home/airflow/.local/lib/python3.8/site-packages/airflow/example_dags/example_subdag_operator.py took 0.181 seconds
