[2023-10-24T13:44:54.593+0000] {processor.py:157} INFO - Started process (PID=83) to work on /home/airflow/.local/lib/python3.8/site-packages/airflow/example_dags/example_sensors.py
[2023-10-24T13:44:54.595+0000] {processor.py:829} INFO - Processing file /home/airflow/.local/lib/python3.8/site-packages/airflow/example_dags/example_sensors.py for tasks to queue
[2023-10-24T13:44:54.598+0000] {logging_mixin.py:151} INFO - [2023-10-24T13:44:54.598+0000] {dagbag.py:536} INFO - Filling up the DagBag from /home/airflow/.local/lib/python3.8/site-packages/airflow/example_dags/example_sensors.py
[2023-10-24T13:44:54.610+0000] {processor.py:839} INFO - DAG(s) dict_keys(['example_sensors']) retrieved from /home/airflow/.local/lib/python3.8/site-packages/airflow/example_dags/example_sensors.py
[2023-10-24T13:44:54.624+0000] {logging_mixin.py:151} INFO - [2023-10-24T13:44:54.624+0000] {dag.py:2941} INFO - Sync 1 DAGs
[2023-10-24T13:44:54.641+0000] {logging_mixin.py:151} INFO - [2023-10-24T13:44:54.641+0000] {dag.py:3722} INFO - Setting next_dagrun for example_sensors to None, run_after=None
[2023-10-24T13:44:54.657+0000] {processor.py:179} INFO - Processing /home/airflow/.local/lib/python3.8/site-packages/airflow/example_dags/example_sensors.py took 0.068 seconds
[2023-10-24T13:45:26.358+0000] {processor.py:157} INFO - Started process (PID=139) to work on /home/airflow/.local/lib/python3.8/site-packages/airflow/example_dags/example_sensors.py
[2023-10-24T13:45:26.359+0000] {processor.py:829} INFO - Processing file /home/airflow/.local/lib/python3.8/site-packages/airflow/example_dags/example_sensors.py for tasks to queue
[2023-10-24T13:45:26.361+0000] {logging_mixin.py:151} INFO - [2023-10-24T13:45:26.361+0000] {dagbag.py:536} INFO - Filling up the DagBag from /home/airflow/.local/lib/python3.8/site-packages/airflow/example_dags/example_sensors.py
[2023-10-24T13:45:26.369+0000] {processor.py:839} INFO - DAG(s) dict_keys(['example_sensors']) retrieved from /home/airflow/.local/lib/python3.8/site-packages/airflow/example_dags/example_sensors.py
[2023-10-24T13:45:26.473+0000] {logging_mixin.py:151} INFO - [2023-10-24T13:45:26.473+0000] {dag.py:2941} INFO - Sync 1 DAGs
[2023-10-24T13:45:26.500+0000] {logging_mixin.py:151} INFO - [2023-10-24T13:45:26.500+0000] {dag.py:3722} INFO - Setting next_dagrun for example_sensors to None, run_after=None
[2023-10-24T13:45:26.543+0000] {processor.py:179} INFO - Processing /home/airflow/.local/lib/python3.8/site-packages/airflow/example_dags/example_sensors.py took 0.188 seconds
[2023-10-24T13:45:57.605+0000] {processor.py:157} INFO - Started process (PID=195) to work on /home/airflow/.local/lib/python3.8/site-packages/airflow/example_dags/example_sensors.py
[2023-10-24T13:45:57.606+0000] {processor.py:829} INFO - Processing file /home/airflow/.local/lib/python3.8/site-packages/airflow/example_dags/example_sensors.py for tasks to queue
[2023-10-24T13:45:57.608+0000] {logging_mixin.py:151} INFO - [2023-10-24T13:45:57.608+0000] {dagbag.py:536} INFO - Filling up the DagBag from /home/airflow/.local/lib/python3.8/site-packages/airflow/example_dags/example_sensors.py
[2023-10-24T13:45:57.614+0000] {processor.py:839} INFO - DAG(s) dict_keys(['example_sensors']) retrieved from /home/airflow/.local/lib/python3.8/site-packages/airflow/example_dags/example_sensors.py
[2023-10-24T13:45:57.632+0000] {logging_mixin.py:151} INFO - [2023-10-24T13:45:57.632+0000] {dag.py:2941} INFO - Sync 1 DAGs
[2023-10-24T13:45:57.641+0000] {logging_mixin.py:151} INFO - [2023-10-24T13:45:57.640+0000] {dag.py:3722} INFO - Setting next_dagrun for example_sensors to None, run_after=None
[2023-10-24T13:45:57.651+0000] {processor.py:179} INFO - Processing /home/airflow/.local/lib/python3.8/site-packages/airflow/example_dags/example_sensors.py took 0.049 seconds
[2023-10-24T13:46:29.268+0000] {processor.py:157} INFO - Started process (PID=251) to work on /home/airflow/.local/lib/python3.8/site-packages/airflow/example_dags/example_sensors.py
[2023-10-24T13:46:29.269+0000] {processor.py:829} INFO - Processing file /home/airflow/.local/lib/python3.8/site-packages/airflow/example_dags/example_sensors.py for tasks to queue
[2023-10-24T13:46:29.271+0000] {logging_mixin.py:151} INFO - [2023-10-24T13:46:29.271+0000] {dagbag.py:536} INFO - Filling up the DagBag from /home/airflow/.local/lib/python3.8/site-packages/airflow/example_dags/example_sensors.py
[2023-10-24T13:46:29.278+0000] {processor.py:839} INFO - DAG(s) dict_keys(['example_sensors']) retrieved from /home/airflow/.local/lib/python3.8/site-packages/airflow/example_dags/example_sensors.py
[2023-10-24T13:46:29.295+0000] {logging_mixin.py:151} INFO - [2023-10-24T13:46:29.295+0000] {dag.py:2941} INFO - Sync 1 DAGs
[2023-10-24T13:46:29.303+0000] {logging_mixin.py:151} INFO - [2023-10-24T13:46:29.303+0000] {dag.py:3722} INFO - Setting next_dagrun for example_sensors to None, run_after=None
[2023-10-24T13:46:29.316+0000] {processor.py:179} INFO - Processing /home/airflow/.local/lib/python3.8/site-packages/airflow/example_dags/example_sensors.py took 0.050 seconds
[2023-10-24T13:47:00.080+0000] {processor.py:157} INFO - Started process (PID=307) to work on /home/airflow/.local/lib/python3.8/site-packages/airflow/example_dags/example_sensors.py
[2023-10-24T13:47:00.081+0000] {processor.py:829} INFO - Processing file /home/airflow/.local/lib/python3.8/site-packages/airflow/example_dags/example_sensors.py for tasks to queue
[2023-10-24T13:47:00.083+0000] {logging_mixin.py:151} INFO - [2023-10-24T13:47:00.083+0000] {dagbag.py:536} INFO - Filling up the DagBag from /home/airflow/.local/lib/python3.8/site-packages/airflow/example_dags/example_sensors.py
[2023-10-24T13:47:00.094+0000] {processor.py:839} INFO - DAG(s) dict_keys(['example_sensors']) retrieved from /home/airflow/.local/lib/python3.8/site-packages/airflow/example_dags/example_sensors.py
[2023-10-24T13:47:00.116+0000] {logging_mixin.py:151} INFO - [2023-10-24T13:47:00.116+0000] {dag.py:2941} INFO - Sync 1 DAGs
[2023-10-24T13:47:00.124+0000] {logging_mixin.py:151} INFO - [2023-10-24T13:47:00.124+0000] {dag.py:3722} INFO - Setting next_dagrun for example_sensors to None, run_after=None
[2023-10-24T13:47:00.136+0000] {processor.py:179} INFO - Processing /home/airflow/.local/lib/python3.8/site-packages/airflow/example_dags/example_sensors.py took 0.059 seconds
[2023-10-24T13:47:32.336+0000] {processor.py:157} INFO - Started process (PID=363) to work on /home/airflow/.local/lib/python3.8/site-packages/airflow/example_dags/example_sensors.py
[2023-10-24T13:47:32.340+0000] {processor.py:829} INFO - Processing file /home/airflow/.local/lib/python3.8/site-packages/airflow/example_dags/example_sensors.py for tasks to queue
[2023-10-24T13:47:32.392+0000] {logging_mixin.py:151} INFO - [2023-10-24T13:47:32.390+0000] {dagbag.py:536} INFO - Filling up the DagBag from /home/airflow/.local/lib/python3.8/site-packages/airflow/example_dags/example_sensors.py
[2023-10-24T13:47:32.452+0000] {processor.py:839} INFO - DAG(s) dict_keys(['example_sensors']) retrieved from /home/airflow/.local/lib/python3.8/site-packages/airflow/example_dags/example_sensors.py
[2023-10-24T13:47:32.622+0000] {logging_mixin.py:151} INFO - [2023-10-24T13:47:32.622+0000] {dag.py:2941} INFO - Sync 1 DAGs
[2023-10-24T13:47:33.238+0000] {logging_mixin.py:151} INFO - [2023-10-24T13:47:33.238+0000] {dag.py:3722} INFO - Setting next_dagrun for example_sensors to None, run_after=None
[2023-10-24T13:47:33.256+0000] {processor.py:179} INFO - Processing /home/airflow/.local/lib/python3.8/site-packages/airflow/example_dags/example_sensors.py took 0.925 seconds
[2023-10-24T13:48:03.750+0000] {processor.py:157} INFO - Started process (PID=420) to work on /home/airflow/.local/lib/python3.8/site-packages/airflow/example_dags/example_sensors.py
[2023-10-24T13:48:03.753+0000] {processor.py:829} INFO - Processing file /home/airflow/.local/lib/python3.8/site-packages/airflow/example_dags/example_sensors.py for tasks to queue
[2023-10-24T13:48:03.760+0000] {logging_mixin.py:151} INFO - [2023-10-24T13:48:03.759+0000] {dagbag.py:536} INFO - Filling up the DagBag from /home/airflow/.local/lib/python3.8/site-packages/airflow/example_dags/example_sensors.py
[2023-10-24T13:48:03.782+0000] {processor.py:839} INFO - DAG(s) dict_keys(['example_sensors']) retrieved from /home/airflow/.local/lib/python3.8/site-packages/airflow/example_dags/example_sensors.py
[2023-10-24T13:48:03.815+0000] {logging_mixin.py:151} INFO - [2023-10-24T13:48:03.815+0000] {dag.py:2941} INFO - Sync 1 DAGs
[2023-10-24T13:48:04.151+0000] {logging_mixin.py:151} INFO - [2023-10-24T13:48:04.151+0000] {dag.py:3722} INFO - Setting next_dagrun for example_sensors to None, run_after=None
[2023-10-24T13:48:04.163+0000] {processor.py:179} INFO - Processing /home/airflow/.local/lib/python3.8/site-packages/airflow/example_dags/example_sensors.py took 0.421 seconds
[2023-10-24T13:48:34.525+0000] {processor.py:157} INFO - Started process (PID=476) to work on /home/airflow/.local/lib/python3.8/site-packages/airflow/example_dags/example_sensors.py
[2023-10-24T13:48:34.526+0000] {processor.py:829} INFO - Processing file /home/airflow/.local/lib/python3.8/site-packages/airflow/example_dags/example_sensors.py for tasks to queue
[2023-10-24T13:48:34.532+0000] {logging_mixin.py:151} INFO - [2023-10-24T13:48:34.532+0000] {dagbag.py:536} INFO - Filling up the DagBag from /home/airflow/.local/lib/python3.8/site-packages/airflow/example_dags/example_sensors.py
[2023-10-24T13:48:34.540+0000] {processor.py:839} INFO - DAG(s) dict_keys(['example_sensors']) retrieved from /home/airflow/.local/lib/python3.8/site-packages/airflow/example_dags/example_sensors.py
[2023-10-24T13:48:34.585+0000] {logging_mixin.py:151} INFO - [2023-10-24T13:48:34.585+0000] {dag.py:2941} INFO - Sync 1 DAGs
[2023-10-24T13:48:34.841+0000] {logging_mixin.py:151} INFO - [2023-10-24T13:48:34.841+0000] {dag.py:3722} INFO - Setting next_dagrun for example_sensors to None, run_after=None
[2023-10-24T13:48:34.855+0000] {processor.py:179} INFO - Processing /home/airflow/.local/lib/python3.8/site-packages/airflow/example_dags/example_sensors.py took 0.334 seconds
[2023-10-24T13:49:05.040+0000] {processor.py:157} INFO - Started process (PID=532) to work on /home/airflow/.local/lib/python3.8/site-packages/airflow/example_dags/example_sensors.py
[2023-10-24T13:49:05.041+0000] {processor.py:829} INFO - Processing file /home/airflow/.local/lib/python3.8/site-packages/airflow/example_dags/example_sensors.py for tasks to queue
[2023-10-24T13:49:05.046+0000] {logging_mixin.py:151} INFO - [2023-10-24T13:49:05.046+0000] {dagbag.py:536} INFO - Filling up the DagBag from /home/airflow/.local/lib/python3.8/site-packages/airflow/example_dags/example_sensors.py
[2023-10-24T13:49:05.059+0000] {processor.py:839} INFO - DAG(s) dict_keys(['example_sensors']) retrieved from /home/airflow/.local/lib/python3.8/site-packages/airflow/example_dags/example_sensors.py
[2023-10-24T13:49:05.083+0000] {logging_mixin.py:151} INFO - [2023-10-24T13:49:05.083+0000] {dag.py:2941} INFO - Sync 1 DAGs
[2023-10-24T13:49:05.095+0000] {logging_mixin.py:151} INFO - [2023-10-24T13:49:05.095+0000] {dag.py:3722} INFO - Setting next_dagrun for example_sensors to None, run_after=None
[2023-10-24T13:49:05.112+0000] {processor.py:179} INFO - Processing /home/airflow/.local/lib/python3.8/site-packages/airflow/example_dags/example_sensors.py took 0.079 seconds
[2023-10-24T13:49:35.565+0000] {processor.py:157} INFO - Started process (PID=588) to work on /home/airflow/.local/lib/python3.8/site-packages/airflow/example_dags/example_sensors.py
[2023-10-24T13:49:35.569+0000] {processor.py:829} INFO - Processing file /home/airflow/.local/lib/python3.8/site-packages/airflow/example_dags/example_sensors.py for tasks to queue
[2023-10-24T13:49:35.574+0000] {logging_mixin.py:151} INFO - [2023-10-24T13:49:35.573+0000] {dagbag.py:536} INFO - Filling up the DagBag from /home/airflow/.local/lib/python3.8/site-packages/airflow/example_dags/example_sensors.py
[2023-10-24T13:49:35.608+0000] {processor.py:839} INFO - DAG(s) dict_keys(['example_sensors']) retrieved from /home/airflow/.local/lib/python3.8/site-packages/airflow/example_dags/example_sensors.py
[2023-10-24T13:49:35.658+0000] {logging_mixin.py:151} INFO - [2023-10-24T13:49:35.658+0000] {dag.py:2941} INFO - Sync 1 DAGs
[2023-10-24T13:49:35.676+0000] {logging_mixin.py:151} INFO - [2023-10-24T13:49:35.676+0000] {dag.py:3722} INFO - Setting next_dagrun for example_sensors to None, run_after=None
[2023-10-24T13:49:35.692+0000] {processor.py:179} INFO - Processing /home/airflow/.local/lib/python3.8/site-packages/airflow/example_dags/example_sensors.py took 0.134 seconds
[2023-10-24T13:50:06.435+0000] {processor.py:157} INFO - Started process (PID=644) to work on /home/airflow/.local/lib/python3.8/site-packages/airflow/example_dags/example_sensors.py
[2023-10-24T13:50:06.436+0000] {processor.py:829} INFO - Processing file /home/airflow/.local/lib/python3.8/site-packages/airflow/example_dags/example_sensors.py for tasks to queue
[2023-10-24T13:50:06.439+0000] {logging_mixin.py:151} INFO - [2023-10-24T13:50:06.438+0000] {dagbag.py:536} INFO - Filling up the DagBag from /home/airflow/.local/lib/python3.8/site-packages/airflow/example_dags/example_sensors.py
[2023-10-24T13:50:06.449+0000] {processor.py:839} INFO - DAG(s) dict_keys(['example_sensors']) retrieved from /home/airflow/.local/lib/python3.8/site-packages/airflow/example_dags/example_sensors.py
[2023-10-24T13:50:06.482+0000] {logging_mixin.py:151} INFO - [2023-10-24T13:50:06.482+0000] {dag.py:2941} INFO - Sync 1 DAGs
[2023-10-24T13:50:06.497+0000] {logging_mixin.py:151} INFO - [2023-10-24T13:50:06.497+0000] {dag.py:3722} INFO - Setting next_dagrun for example_sensors to None, run_after=None
[2023-10-24T13:50:06.516+0000] {processor.py:179} INFO - Processing /home/airflow/.local/lib/python3.8/site-packages/airflow/example_dags/example_sensors.py took 0.085 seconds
[2023-10-24T13:50:37.017+0000] {processor.py:157} INFO - Started process (PID=707) to work on /home/airflow/.local/lib/python3.8/site-packages/airflow/example_dags/example_sensors.py
[2023-10-24T13:50:37.018+0000] {processor.py:829} INFO - Processing file /home/airflow/.local/lib/python3.8/site-packages/airflow/example_dags/example_sensors.py for tasks to queue
[2023-10-24T13:50:37.022+0000] {logging_mixin.py:151} INFO - [2023-10-24T13:50:37.022+0000] {dagbag.py:536} INFO - Filling up the DagBag from /home/airflow/.local/lib/python3.8/site-packages/airflow/example_dags/example_sensors.py
[2023-10-24T13:50:37.037+0000] {processor.py:839} INFO - DAG(s) dict_keys(['example_sensors']) retrieved from /home/airflow/.local/lib/python3.8/site-packages/airflow/example_dags/example_sensors.py
[2023-10-24T13:50:37.064+0000] {logging_mixin.py:151} INFO - [2023-10-24T13:50:37.064+0000] {dag.py:2941} INFO - Sync 1 DAGs
[2023-10-24T13:50:37.074+0000] {logging_mixin.py:151} INFO - [2023-10-24T13:50:37.073+0000] {dag.py:3722} INFO - Setting next_dagrun for example_sensors to None, run_after=None
[2023-10-24T13:50:37.086+0000] {processor.py:179} INFO - Processing /home/airflow/.local/lib/python3.8/site-packages/airflow/example_dags/example_sensors.py took 0.075 seconds
[2023-10-24T13:51:07.612+0000] {processor.py:157} INFO - Started process (PID=763) to work on /home/airflow/.local/lib/python3.8/site-packages/airflow/example_dags/example_sensors.py
[2023-10-24T13:51:07.615+0000] {processor.py:829} INFO - Processing file /home/airflow/.local/lib/python3.8/site-packages/airflow/example_dags/example_sensors.py for tasks to queue
[2023-10-24T13:51:07.620+0000] {logging_mixin.py:151} INFO - [2023-10-24T13:51:07.619+0000] {dagbag.py:536} INFO - Filling up the DagBag from /home/airflow/.local/lib/python3.8/site-packages/airflow/example_dags/example_sensors.py
[2023-10-24T13:51:07.633+0000] {processor.py:839} INFO - DAG(s) dict_keys(['example_sensors']) retrieved from /home/airflow/.local/lib/python3.8/site-packages/airflow/example_dags/example_sensors.py
[2023-10-24T13:51:07.653+0000] {logging_mixin.py:151} INFO - [2023-10-24T13:51:07.652+0000] {dag.py:2941} INFO - Sync 1 DAGs
[2023-10-24T13:51:07.661+0000] {logging_mixin.py:151} INFO - [2023-10-24T13:51:07.661+0000] {dag.py:3722} INFO - Setting next_dagrun for example_sensors to None, run_after=None
[2023-10-24T13:51:07.673+0000] {processor.py:179} INFO - Processing /home/airflow/.local/lib/python3.8/site-packages/airflow/example_dags/example_sensors.py took 0.068 seconds
[2023-10-24T13:51:38.120+0000] {processor.py:157} INFO - Started process (PID=819) to work on /home/airflow/.local/lib/python3.8/site-packages/airflow/example_dags/example_sensors.py
[2023-10-24T13:51:38.122+0000] {processor.py:829} INFO - Processing file /home/airflow/.local/lib/python3.8/site-packages/airflow/example_dags/example_sensors.py for tasks to queue
[2023-10-24T13:51:38.124+0000] {logging_mixin.py:151} INFO - [2023-10-24T13:51:38.124+0000] {dagbag.py:536} INFO - Filling up the DagBag from /home/airflow/.local/lib/python3.8/site-packages/airflow/example_dags/example_sensors.py
[2023-10-24T13:51:38.133+0000] {processor.py:839} INFO - DAG(s) dict_keys(['example_sensors']) retrieved from /home/airflow/.local/lib/python3.8/site-packages/airflow/example_dags/example_sensors.py
[2023-10-24T13:51:38.153+0000] {logging_mixin.py:151} INFO - [2023-10-24T13:51:38.153+0000] {dag.py:2941} INFO - Sync 1 DAGs
[2023-10-24T13:51:38.167+0000] {logging_mixin.py:151} INFO - [2023-10-24T13:51:38.167+0000] {dag.py:3722} INFO - Setting next_dagrun for example_sensors to None, run_after=None
[2023-10-24T13:51:38.180+0000] {processor.py:179} INFO - Processing /home/airflow/.local/lib/python3.8/site-packages/airflow/example_dags/example_sensors.py took 0.064 seconds
[2023-10-24T13:52:08.799+0000] {processor.py:157} INFO - Started process (PID=875) to work on /home/airflow/.local/lib/python3.8/site-packages/airflow/example_dags/example_sensors.py
[2023-10-24T13:52:08.802+0000] {processor.py:829} INFO - Processing file /home/airflow/.local/lib/python3.8/site-packages/airflow/example_dags/example_sensors.py for tasks to queue
[2023-10-24T13:52:08.805+0000] {logging_mixin.py:151} INFO - [2023-10-24T13:52:08.805+0000] {dagbag.py:536} INFO - Filling up the DagBag from /home/airflow/.local/lib/python3.8/site-packages/airflow/example_dags/example_sensors.py
[2023-10-24T13:52:08.815+0000] {processor.py:839} INFO - DAG(s) dict_keys(['example_sensors']) retrieved from /home/airflow/.local/lib/python3.8/site-packages/airflow/example_dags/example_sensors.py
[2023-10-24T13:52:08.836+0000] {logging_mixin.py:151} INFO - [2023-10-24T13:52:08.836+0000] {dag.py:2941} INFO - Sync 1 DAGs
[2023-10-24T13:52:08.844+0000] {logging_mixin.py:151} INFO - [2023-10-24T13:52:08.844+0000] {dag.py:3722} INFO - Setting next_dagrun for example_sensors to None, run_after=None
[2023-10-24T13:52:08.857+0000] {processor.py:179} INFO - Processing /home/airflow/.local/lib/python3.8/site-packages/airflow/example_dags/example_sensors.py took 0.063 seconds
[2023-10-24T13:52:39.310+0000] {processor.py:157} INFO - Started process (PID=931) to work on /home/airflow/.local/lib/python3.8/site-packages/airflow/example_dags/example_sensors.py
[2023-10-24T13:52:39.312+0000] {processor.py:829} INFO - Processing file /home/airflow/.local/lib/python3.8/site-packages/airflow/example_dags/example_sensors.py for tasks to queue
[2023-10-24T13:52:39.317+0000] {logging_mixin.py:151} INFO - [2023-10-24T13:52:39.316+0000] {dagbag.py:536} INFO - Filling up the DagBag from /home/airflow/.local/lib/python3.8/site-packages/airflow/example_dags/example_sensors.py
[2023-10-24T13:52:39.328+0000] {processor.py:839} INFO - DAG(s) dict_keys(['example_sensors']) retrieved from /home/airflow/.local/lib/python3.8/site-packages/airflow/example_dags/example_sensors.py
[2023-10-24T13:52:39.350+0000] {logging_mixin.py:151} INFO - [2023-10-24T13:52:39.350+0000] {dag.py:2941} INFO - Sync 1 DAGs
[2023-10-24T13:52:39.359+0000] {logging_mixin.py:151} INFO - [2023-10-24T13:52:39.359+0000] {dag.py:3722} INFO - Setting next_dagrun for example_sensors to None, run_after=None
[2023-10-24T13:52:39.370+0000] {processor.py:179} INFO - Processing /home/airflow/.local/lib/python3.8/site-packages/airflow/example_dags/example_sensors.py took 0.067 seconds
[2023-10-24T13:53:09.910+0000] {processor.py:157} INFO - Started process (PID=987) to work on /home/airflow/.local/lib/python3.8/site-packages/airflow/example_dags/example_sensors.py
[2023-10-24T13:53:09.912+0000] {processor.py:829} INFO - Processing file /home/airflow/.local/lib/python3.8/site-packages/airflow/example_dags/example_sensors.py for tasks to queue
[2023-10-24T13:53:09.917+0000] {logging_mixin.py:151} INFO - [2023-10-24T13:53:09.917+0000] {dagbag.py:536} INFO - Filling up the DagBag from /home/airflow/.local/lib/python3.8/site-packages/airflow/example_dags/example_sensors.py
[2023-10-24T13:53:09.933+0000] {processor.py:839} INFO - DAG(s) dict_keys(['example_sensors']) retrieved from /home/airflow/.local/lib/python3.8/site-packages/airflow/example_dags/example_sensors.py
[2023-10-24T13:53:09.959+0000] {logging_mixin.py:151} INFO - [2023-10-24T13:53:09.959+0000] {dag.py:2941} INFO - Sync 1 DAGs
[2023-10-24T13:53:09.968+0000] {logging_mixin.py:151} INFO - [2023-10-24T13:53:09.968+0000] {dag.py:3722} INFO - Setting next_dagrun for example_sensors to None, run_after=None
[2023-10-24T13:53:09.980+0000] {processor.py:179} INFO - Processing /home/airflow/.local/lib/python3.8/site-packages/airflow/example_dags/example_sensors.py took 0.078 seconds
[2023-10-24T13:53:40.445+0000] {processor.py:157} INFO - Started process (PID=1042) to work on /home/airflow/.local/lib/python3.8/site-packages/airflow/example_dags/example_sensors.py
[2023-10-24T13:53:40.447+0000] {processor.py:829} INFO - Processing file /home/airflow/.local/lib/python3.8/site-packages/airflow/example_dags/example_sensors.py for tasks to queue
[2023-10-24T13:53:40.469+0000] {logging_mixin.py:151} INFO - [2023-10-24T13:53:40.469+0000] {dagbag.py:536} INFO - Filling up the DagBag from /home/airflow/.local/lib/python3.8/site-packages/airflow/example_dags/example_sensors.py
[2023-10-24T13:53:40.477+0000] {processor.py:839} INFO - DAG(s) dict_keys(['example_sensors']) retrieved from /home/airflow/.local/lib/python3.8/site-packages/airflow/example_dags/example_sensors.py
[2023-10-24T13:53:40.551+0000] {logging_mixin.py:151} INFO - [2023-10-24T13:53:40.550+0000] {dag.py:2941} INFO - Sync 1 DAGs
[2023-10-24T13:53:40.627+0000] {logging_mixin.py:151} INFO - [2023-10-24T13:53:40.627+0000] {dag.py:3722} INFO - Setting next_dagrun for example_sensors to None, run_after=None
[2023-10-24T13:53:40.678+0000] {processor.py:179} INFO - Processing /home/airflow/.local/lib/python3.8/site-packages/airflow/example_dags/example_sensors.py took 0.241 seconds
