[2023-10-24T13:44:51.390+0000] {processor.py:157} INFO - Started process (PID=52) to work on /home/airflow/.local/lib/python3.8/site-packages/airflow/example_dags/example_nested_branch_dag.py
[2023-10-24T13:44:51.430+0000] {processor.py:829} INFO - Processing file /home/airflow/.local/lib/python3.8/site-packages/airflow/example_dags/example_nested_branch_dag.py for tasks to queue
[2023-10-24T13:44:51.508+0000] {logging_mixin.py:151} INFO - [2023-10-24T13:44:51.504+0000] {dagbag.py:536} INFO - Filling up the DagBag from /home/airflow/.local/lib/python3.8/site-packages/airflow/example_dags/example_nested_branch_dag.py
[2023-10-24T13:44:51.751+0000] {processor.py:839} INFO - DAG(s) dict_keys(['example_nested_branch_dag']) retrieved from /home/airflow/.local/lib/python3.8/site-packages/airflow/example_dags/example_nested_branch_dag.py
[2023-10-24T13:44:51.974+0000] {logging_mixin.py:151} INFO - [2023-10-24T13:44:51.973+0000] {dag.py:2941} INFO - Sync 1 DAGs
[2023-10-24T13:44:52.112+0000] {logging_mixin.py:151} INFO - [2023-10-24T13:44:52.112+0000] {dag.py:3722} INFO - Setting next_dagrun for example_nested_branch_dag to 2023-10-23T00:00:00+00:00, run_after=2023-10-24T00:00:00+00:00
[2023-10-24T13:44:52.259+0000] {processor.py:179} INFO - Processing /home/airflow/.local/lib/python3.8/site-packages/airflow/example_dags/example_nested_branch_dag.py took 0.923 seconds
[2023-10-24T13:45:23.150+0000] {processor.py:157} INFO - Started process (PID=107) to work on /home/airflow/.local/lib/python3.8/site-packages/airflow/example_dags/example_nested_branch_dag.py
[2023-10-24T13:45:23.152+0000] {processor.py:829} INFO - Processing file /home/airflow/.local/lib/python3.8/site-packages/airflow/example_dags/example_nested_branch_dag.py for tasks to queue
[2023-10-24T13:45:23.158+0000] {logging_mixin.py:151} INFO - [2023-10-24T13:45:23.157+0000] {dagbag.py:536} INFO - Filling up the DagBag from /home/airflow/.local/lib/python3.8/site-packages/airflow/example_dags/example_nested_branch_dag.py
[2023-10-24T13:45:23.177+0000] {processor.py:839} INFO - DAG(s) dict_keys(['example_nested_branch_dag']) retrieved from /home/airflow/.local/lib/python3.8/site-packages/airflow/example_dags/example_nested_branch_dag.py
[2023-10-24T13:45:23.206+0000] {logging_mixin.py:151} INFO - [2023-10-24T13:45:23.206+0000] {dag.py:2941} INFO - Sync 1 DAGs
[2023-10-24T13:45:23.225+0000] {logging_mixin.py:151} INFO - [2023-10-24T13:45:23.225+0000] {dag.py:3722} INFO - Setting next_dagrun for example_nested_branch_dag to 2023-10-23T00:00:00+00:00, run_after=2023-10-24T00:00:00+00:00
[2023-10-24T13:45:23.237+0000] {processor.py:179} INFO - Processing /home/airflow/.local/lib/python3.8/site-packages/airflow/example_dags/example_nested_branch_dag.py took 0.095 seconds
[2023-10-24T13:45:53.611+0000] {processor.py:157} INFO - Started process (PID=163) to work on /home/airflow/.local/lib/python3.8/site-packages/airflow/example_dags/example_nested_branch_dag.py
[2023-10-24T13:45:53.617+0000] {processor.py:829} INFO - Processing file /home/airflow/.local/lib/python3.8/site-packages/airflow/example_dags/example_nested_branch_dag.py for tasks to queue
[2023-10-24T13:45:53.639+0000] {logging_mixin.py:151} INFO - [2023-10-24T13:45:53.637+0000] {dagbag.py:536} INFO - Filling up the DagBag from /home/airflow/.local/lib/python3.8/site-packages/airflow/example_dags/example_nested_branch_dag.py
[2023-10-24T13:45:53.656+0000] {processor.py:839} INFO - DAG(s) dict_keys(['example_nested_branch_dag']) retrieved from /home/airflow/.local/lib/python3.8/site-packages/airflow/example_dags/example_nested_branch_dag.py
[2023-10-24T13:45:53.712+0000] {logging_mixin.py:151} INFO - [2023-10-24T13:45:53.712+0000] {dag.py:2941} INFO - Sync 1 DAGs
[2023-10-24T13:45:53.750+0000] {logging_mixin.py:151} INFO - [2023-10-24T13:45:53.750+0000] {dag.py:3722} INFO - Setting next_dagrun for example_nested_branch_dag to 2023-10-23T00:00:00+00:00, run_after=2023-10-24T00:00:00+00:00
[2023-10-24T13:45:53.774+0000] {processor.py:179} INFO - Processing /home/airflow/.local/lib/python3.8/site-packages/airflow/example_dags/example_nested_branch_dag.py took 0.173 seconds
[2023-10-24T13:46:24.113+0000] {processor.py:157} INFO - Started process (PID=219) to work on /home/airflow/.local/lib/python3.8/site-packages/airflow/example_dags/example_nested_branch_dag.py
[2023-10-24T13:46:24.115+0000] {processor.py:829} INFO - Processing file /home/airflow/.local/lib/python3.8/site-packages/airflow/example_dags/example_nested_branch_dag.py for tasks to queue
[2023-10-24T13:46:24.118+0000] {logging_mixin.py:151} INFO - [2023-10-24T13:46:24.118+0000] {dagbag.py:536} INFO - Filling up the DagBag from /home/airflow/.local/lib/python3.8/site-packages/airflow/example_dags/example_nested_branch_dag.py
[2023-10-24T13:46:24.130+0000] {processor.py:839} INFO - DAG(s) dict_keys(['example_nested_branch_dag']) retrieved from /home/airflow/.local/lib/python3.8/site-packages/airflow/example_dags/example_nested_branch_dag.py
[2023-10-24T13:46:24.154+0000] {logging_mixin.py:151} INFO - [2023-10-24T13:46:24.154+0000] {dag.py:2941} INFO - Sync 1 DAGs
[2023-10-24T13:46:24.186+0000] {logging_mixin.py:151} INFO - [2023-10-24T13:46:24.186+0000] {dag.py:3722} INFO - Setting next_dagrun for example_nested_branch_dag to 2023-10-23T00:00:00+00:00, run_after=2023-10-24T00:00:00+00:00
[2023-10-24T13:46:24.201+0000] {processor.py:179} INFO - Processing /home/airflow/.local/lib/python3.8/site-packages/airflow/example_dags/example_nested_branch_dag.py took 0.093 seconds
[2023-10-24T13:46:54.729+0000] {processor.py:157} INFO - Started process (PID=275) to work on /home/airflow/.local/lib/python3.8/site-packages/airflow/example_dags/example_nested_branch_dag.py
[2023-10-24T13:46:54.731+0000] {processor.py:829} INFO - Processing file /home/airflow/.local/lib/python3.8/site-packages/airflow/example_dags/example_nested_branch_dag.py for tasks to queue
[2023-10-24T13:46:54.735+0000] {logging_mixin.py:151} INFO - [2023-10-24T13:46:54.735+0000] {dagbag.py:536} INFO - Filling up the DagBag from /home/airflow/.local/lib/python3.8/site-packages/airflow/example_dags/example_nested_branch_dag.py
[2023-10-24T13:46:54.748+0000] {processor.py:839} INFO - DAG(s) dict_keys(['example_nested_branch_dag']) retrieved from /home/airflow/.local/lib/python3.8/site-packages/airflow/example_dags/example_nested_branch_dag.py
[2023-10-24T13:46:54.773+0000] {logging_mixin.py:151} INFO - [2023-10-24T13:46:54.772+0000] {dag.py:2941} INFO - Sync 1 DAGs
[2023-10-24T13:46:54.788+0000] {logging_mixin.py:151} INFO - [2023-10-24T13:46:54.788+0000] {dag.py:3722} INFO - Setting next_dagrun for example_nested_branch_dag to 2023-10-23T00:00:00+00:00, run_after=2023-10-24T00:00:00+00:00
[2023-10-24T13:46:54.803+0000] {processor.py:179} INFO - Processing /home/airflow/.local/lib/python3.8/site-packages/airflow/example_dags/example_nested_branch_dag.py took 0.081 seconds
[2023-10-24T13:47:25.086+0000] {processor.py:157} INFO - Started process (PID=331) to work on /home/airflow/.local/lib/python3.8/site-packages/airflow/example_dags/example_nested_branch_dag.py
[2023-10-24T13:47:25.090+0000] {processor.py:829} INFO - Processing file /home/airflow/.local/lib/python3.8/site-packages/airflow/example_dags/example_nested_branch_dag.py for tasks to queue
[2023-10-24T13:47:25.103+0000] {logging_mixin.py:151} INFO - [2023-10-24T13:47:25.102+0000] {dagbag.py:536} INFO - Filling up the DagBag from /home/airflow/.local/lib/python3.8/site-packages/airflow/example_dags/example_nested_branch_dag.py
[2023-10-24T13:47:25.121+0000] {processor.py:839} INFO - DAG(s) dict_keys(['example_nested_branch_dag']) retrieved from /home/airflow/.local/lib/python3.8/site-packages/airflow/example_dags/example_nested_branch_dag.py
[2023-10-24T13:47:25.163+0000] {logging_mixin.py:151} INFO - [2023-10-24T13:47:25.163+0000] {dag.py:2941} INFO - Sync 1 DAGs
[2023-10-24T13:47:25.187+0000] {logging_mixin.py:151} INFO - [2023-10-24T13:47:25.187+0000] {dag.py:3722} INFO - Setting next_dagrun for example_nested_branch_dag to 2023-10-23T00:00:00+00:00, run_after=2023-10-24T00:00:00+00:00
[2023-10-24T13:47:25.207+0000] {processor.py:179} INFO - Processing /home/airflow/.local/lib/python3.8/site-packages/airflow/example_dags/example_nested_branch_dag.py took 0.142 seconds
[2023-10-24T13:47:55.299+0000] {processor.py:157} INFO - Started process (PID=387) to work on /home/airflow/.local/lib/python3.8/site-packages/airflow/example_dags/example_nested_branch_dag.py
[2023-10-24T13:47:55.301+0000] {processor.py:829} INFO - Processing file /home/airflow/.local/lib/python3.8/site-packages/airflow/example_dags/example_nested_branch_dag.py for tasks to queue
[2023-10-24T13:47:55.308+0000] {logging_mixin.py:151} INFO - [2023-10-24T13:47:55.307+0000] {dagbag.py:536} INFO - Filling up the DagBag from /home/airflow/.local/lib/python3.8/site-packages/airflow/example_dags/example_nested_branch_dag.py
[2023-10-24T13:47:55.339+0000] {processor.py:839} INFO - DAG(s) dict_keys(['example_nested_branch_dag']) retrieved from /home/airflow/.local/lib/python3.8/site-packages/airflow/example_dags/example_nested_branch_dag.py
[2023-10-24T13:47:55.368+0000] {logging_mixin.py:151} INFO - [2023-10-24T13:47:55.368+0000] {dag.py:2941} INFO - Sync 1 DAGs
[2023-10-24T13:47:55.418+0000] {logging_mixin.py:151} INFO - [2023-10-24T13:47:55.418+0000] {dag.py:3722} INFO - Setting next_dagrun for example_nested_branch_dag to 2023-10-23T00:00:00+00:00, run_after=2023-10-24T00:00:00+00:00
[2023-10-24T13:47:55.444+0000] {processor.py:179} INFO - Processing /home/airflow/.local/lib/python3.8/site-packages/airflow/example_dags/example_nested_branch_dag.py took 0.153 seconds
[2023-10-24T13:48:25.626+0000] {processor.py:157} INFO - Started process (PID=443) to work on /home/airflow/.local/lib/python3.8/site-packages/airflow/example_dags/example_nested_branch_dag.py
[2023-10-24T13:48:25.627+0000] {processor.py:829} INFO - Processing file /home/airflow/.local/lib/python3.8/site-packages/airflow/example_dags/example_nested_branch_dag.py for tasks to queue
[2023-10-24T13:48:25.630+0000] {logging_mixin.py:151} INFO - [2023-10-24T13:48:25.629+0000] {dagbag.py:536} INFO - Filling up the DagBag from /home/airflow/.local/lib/python3.8/site-packages/airflow/example_dags/example_nested_branch_dag.py
[2023-10-24T13:48:25.639+0000] {processor.py:839} INFO - DAG(s) dict_keys(['example_nested_branch_dag']) retrieved from /home/airflow/.local/lib/python3.8/site-packages/airflow/example_dags/example_nested_branch_dag.py
[2023-10-24T13:48:25.813+0000] {logging_mixin.py:151} INFO - [2023-10-24T13:48:25.813+0000] {dag.py:2941} INFO - Sync 1 DAGs
[2023-10-24T13:48:25.824+0000] {logging_mixin.py:151} INFO - [2023-10-24T13:48:25.824+0000] {dag.py:3722} INFO - Setting next_dagrun for example_nested_branch_dag to 2023-10-23T00:00:00+00:00, run_after=2023-10-24T00:00:00+00:00
[2023-10-24T13:48:25.832+0000] {processor.py:179} INFO - Processing /home/airflow/.local/lib/python3.8/site-packages/airflow/example_dags/example_nested_branch_dag.py took 0.210 seconds
[2023-10-24T13:48:57.237+0000] {processor.py:157} INFO - Started process (PID=499) to work on /home/airflow/.local/lib/python3.8/site-packages/airflow/example_dags/example_nested_branch_dag.py
[2023-10-24T13:48:57.238+0000] {processor.py:829} INFO - Processing file /home/airflow/.local/lib/python3.8/site-packages/airflow/example_dags/example_nested_branch_dag.py for tasks to queue
[2023-10-24T13:48:57.241+0000] {logging_mixin.py:151} INFO - [2023-10-24T13:48:57.240+0000] {dagbag.py:536} INFO - Filling up the DagBag from /home/airflow/.local/lib/python3.8/site-packages/airflow/example_dags/example_nested_branch_dag.py
[2023-10-24T13:48:57.249+0000] {processor.py:839} INFO - DAG(s) dict_keys(['example_nested_branch_dag']) retrieved from /home/airflow/.local/lib/python3.8/site-packages/airflow/example_dags/example_nested_branch_dag.py
[2023-10-24T13:48:57.413+0000] {logging_mixin.py:151} INFO - [2023-10-24T13:48:57.413+0000] {dag.py:2941} INFO - Sync 1 DAGs
[2023-10-24T13:48:57.428+0000] {logging_mixin.py:151} INFO - [2023-10-24T13:48:57.427+0000] {dag.py:3722} INFO - Setting next_dagrun for example_nested_branch_dag to 2023-10-23T00:00:00+00:00, run_after=2023-10-24T00:00:00+00:00
[2023-10-24T13:48:57.443+0000] {processor.py:179} INFO - Processing /home/airflow/.local/lib/python3.8/site-packages/airflow/example_dags/example_nested_branch_dag.py took 0.209 seconds
[2023-10-24T13:49:27.968+0000] {processor.py:157} INFO - Started process (PID=555) to work on /home/airflow/.local/lib/python3.8/site-packages/airflow/example_dags/example_nested_branch_dag.py
[2023-10-24T13:49:27.969+0000] {processor.py:829} INFO - Processing file /home/airflow/.local/lib/python3.8/site-packages/airflow/example_dags/example_nested_branch_dag.py for tasks to queue
[2023-10-24T13:49:27.970+0000] {logging_mixin.py:151} INFO - [2023-10-24T13:49:27.970+0000] {dagbag.py:536} INFO - Filling up the DagBag from /home/airflow/.local/lib/python3.8/site-packages/airflow/example_dags/example_nested_branch_dag.py
[2023-10-24T13:49:27.977+0000] {processor.py:839} INFO - DAG(s) dict_keys(['example_nested_branch_dag']) retrieved from /home/airflow/.local/lib/python3.8/site-packages/airflow/example_dags/example_nested_branch_dag.py
[2023-10-24T13:49:27.993+0000] {logging_mixin.py:151} INFO - [2023-10-24T13:49:27.993+0000] {dag.py:2941} INFO - Sync 1 DAGs
[2023-10-24T13:49:28.005+0000] {logging_mixin.py:151} INFO - [2023-10-24T13:49:28.005+0000] {dag.py:3722} INFO - Setting next_dagrun for example_nested_branch_dag to 2023-10-23T00:00:00+00:00, run_after=2023-10-24T00:00:00+00:00
[2023-10-24T13:49:28.016+0000] {processor.py:179} INFO - Processing /home/airflow/.local/lib/python3.8/site-packages/airflow/example_dags/example_nested_branch_dag.py took 0.050 seconds
[2023-10-24T13:49:58.333+0000] {processor.py:157} INFO - Started process (PID=611) to work on /home/airflow/.local/lib/python3.8/site-packages/airflow/example_dags/example_nested_branch_dag.py
[2023-10-24T13:49:58.333+0000] {processor.py:829} INFO - Processing file /home/airflow/.local/lib/python3.8/site-packages/airflow/example_dags/example_nested_branch_dag.py for tasks to queue
[2023-10-24T13:49:58.336+0000] {logging_mixin.py:151} INFO - [2023-10-24T13:49:58.335+0000] {dagbag.py:536} INFO - Filling up the DagBag from /home/airflow/.local/lib/python3.8/site-packages/airflow/example_dags/example_nested_branch_dag.py
[2023-10-24T13:49:58.342+0000] {processor.py:839} INFO - DAG(s) dict_keys(['example_nested_branch_dag']) retrieved from /home/airflow/.local/lib/python3.8/site-packages/airflow/example_dags/example_nested_branch_dag.py
[2023-10-24T13:49:58.364+0000] {logging_mixin.py:151} INFO - [2023-10-24T13:49:58.364+0000] {dag.py:2941} INFO - Sync 1 DAGs
[2023-10-24T13:49:58.381+0000] {logging_mixin.py:151} INFO - [2023-10-24T13:49:58.381+0000] {dag.py:3722} INFO - Setting next_dagrun for example_nested_branch_dag to 2023-10-23T00:00:00+00:00, run_after=2023-10-24T00:00:00+00:00
[2023-10-24T13:49:58.394+0000] {processor.py:179} INFO - Processing /home/airflow/.local/lib/python3.8/site-packages/airflow/example_dags/example_nested_branch_dag.py took 0.064 seconds
[2023-10-24T13:50:29.374+0000] {processor.py:157} INFO - Started process (PID=667) to work on /home/airflow/.local/lib/python3.8/site-packages/airflow/example_dags/example_nested_branch_dag.py
[2023-10-24T13:50:29.375+0000] {processor.py:829} INFO - Processing file /home/airflow/.local/lib/python3.8/site-packages/airflow/example_dags/example_nested_branch_dag.py for tasks to queue
[2023-10-24T13:50:29.377+0000] {logging_mixin.py:151} INFO - [2023-10-24T13:50:29.376+0000] {dagbag.py:536} INFO - Filling up the DagBag from /home/airflow/.local/lib/python3.8/site-packages/airflow/example_dags/example_nested_branch_dag.py
[2023-10-24T13:50:29.383+0000] {processor.py:839} INFO - DAG(s) dict_keys(['example_nested_branch_dag']) retrieved from /home/airflow/.local/lib/python3.8/site-packages/airflow/example_dags/example_nested_branch_dag.py
[2023-10-24T13:50:29.399+0000] {logging_mixin.py:151} INFO - [2023-10-24T13:50:29.399+0000] {dag.py:2941} INFO - Sync 1 DAGs
[2023-10-24T13:50:29.413+0000] {logging_mixin.py:151} INFO - [2023-10-24T13:50:29.413+0000] {dag.py:3722} INFO - Setting next_dagrun for example_nested_branch_dag to 2023-10-23T00:00:00+00:00, run_after=2023-10-24T00:00:00+00:00
[2023-10-24T13:50:29.424+0000] {processor.py:179} INFO - Processing /home/airflow/.local/lib/python3.8/site-packages/airflow/example_dags/example_nested_branch_dag.py took 0.052 seconds
[2023-10-24T13:50:59.930+0000] {processor.py:157} INFO - Started process (PID=723) to work on /home/airflow/.local/lib/python3.8/site-packages/airflow/example_dags/example_nested_branch_dag.py
[2023-10-24T13:50:59.932+0000] {processor.py:829} INFO - Processing file /home/airflow/.local/lib/python3.8/site-packages/airflow/example_dags/example_nested_branch_dag.py for tasks to queue
[2023-10-24T13:50:59.934+0000] {logging_mixin.py:151} INFO - [2023-10-24T13:50:59.934+0000] {dagbag.py:536} INFO - Filling up the DagBag from /home/airflow/.local/lib/python3.8/site-packages/airflow/example_dags/example_nested_branch_dag.py
[2023-10-24T13:50:59.945+0000] {processor.py:839} INFO - DAG(s) dict_keys(['example_nested_branch_dag']) retrieved from /home/airflow/.local/lib/python3.8/site-packages/airflow/example_dags/example_nested_branch_dag.py
[2023-10-24T13:50:59.968+0000] {logging_mixin.py:151} INFO - [2023-10-24T13:50:59.968+0000] {dag.py:2941} INFO - Sync 1 DAGs
[2023-10-24T13:50:59.990+0000] {logging_mixin.py:151} INFO - [2023-10-24T13:50:59.989+0000] {dag.py:3722} INFO - Setting next_dagrun for example_nested_branch_dag to 2023-10-23T00:00:00+00:00, run_after=2023-10-24T00:00:00+00:00
[2023-10-24T13:51:00.017+0000] {processor.py:179} INFO - Processing /home/airflow/.local/lib/python3.8/site-packages/airflow/example_dags/example_nested_branch_dag.py took 0.090 seconds
[2023-10-24T13:51:30.568+0000] {processor.py:157} INFO - Started process (PID=779) to work on /home/airflow/.local/lib/python3.8/site-packages/airflow/example_dags/example_nested_branch_dag.py
[2023-10-24T13:51:30.571+0000] {processor.py:829} INFO - Processing file /home/airflow/.local/lib/python3.8/site-packages/airflow/example_dags/example_nested_branch_dag.py for tasks to queue
[2023-10-24T13:51:30.573+0000] {logging_mixin.py:151} INFO - [2023-10-24T13:51:30.573+0000] {dagbag.py:536} INFO - Filling up the DagBag from /home/airflow/.local/lib/python3.8/site-packages/airflow/example_dags/example_nested_branch_dag.py
[2023-10-24T13:51:30.581+0000] {processor.py:839} INFO - DAG(s) dict_keys(['example_nested_branch_dag']) retrieved from /home/airflow/.local/lib/python3.8/site-packages/airflow/example_dags/example_nested_branch_dag.py
[2023-10-24T13:51:30.599+0000] {logging_mixin.py:151} INFO - [2023-10-24T13:51:30.599+0000] {dag.py:2941} INFO - Sync 1 DAGs
[2023-10-24T13:51:30.615+0000] {logging_mixin.py:151} INFO - [2023-10-24T13:51:30.614+0000] {dag.py:3722} INFO - Setting next_dagrun for example_nested_branch_dag to 2023-10-23T00:00:00+00:00, run_after=2023-10-24T00:00:00+00:00
[2023-10-24T13:51:30.626+0000] {processor.py:179} INFO - Processing /home/airflow/.local/lib/python3.8/site-packages/airflow/example_dags/example_nested_branch_dag.py took 0.062 seconds
[2023-10-24T13:52:01.575+0000] {processor.py:157} INFO - Started process (PID=835) to work on /home/airflow/.local/lib/python3.8/site-packages/airflow/example_dags/example_nested_branch_dag.py
[2023-10-24T13:52:01.576+0000] {processor.py:829} INFO - Processing file /home/airflow/.local/lib/python3.8/site-packages/airflow/example_dags/example_nested_branch_dag.py for tasks to queue
[2023-10-24T13:52:01.580+0000] {logging_mixin.py:151} INFO - [2023-10-24T13:52:01.580+0000] {dagbag.py:536} INFO - Filling up the DagBag from /home/airflow/.local/lib/python3.8/site-packages/airflow/example_dags/example_nested_branch_dag.py
[2023-10-24T13:52:01.590+0000] {processor.py:839} INFO - DAG(s) dict_keys(['example_nested_branch_dag']) retrieved from /home/airflow/.local/lib/python3.8/site-packages/airflow/example_dags/example_nested_branch_dag.py
[2023-10-24T13:52:01.626+0000] {logging_mixin.py:151} INFO - [2023-10-24T13:52:01.625+0000] {dag.py:2941} INFO - Sync 1 DAGs
[2023-10-24T13:52:01.665+0000] {logging_mixin.py:151} INFO - [2023-10-24T13:52:01.665+0000] {dag.py:3722} INFO - Setting next_dagrun for example_nested_branch_dag to 2023-10-23T00:00:00+00:00, run_after=2023-10-24T00:00:00+00:00
[2023-10-24T13:52:01.690+0000] {processor.py:179} INFO - Processing /home/airflow/.local/lib/python3.8/site-packages/airflow/example_dags/example_nested_branch_dag.py took 0.119 seconds
[2023-10-24T13:52:32.644+0000] {processor.py:157} INFO - Started process (PID=891) to work on /home/airflow/.local/lib/python3.8/site-packages/airflow/example_dags/example_nested_branch_dag.py
[2023-10-24T13:52:32.645+0000] {processor.py:829} INFO - Processing file /home/airflow/.local/lib/python3.8/site-packages/airflow/example_dags/example_nested_branch_dag.py for tasks to queue
[2023-10-24T13:52:32.649+0000] {logging_mixin.py:151} INFO - [2023-10-24T13:52:32.648+0000] {dagbag.py:536} INFO - Filling up the DagBag from /home/airflow/.local/lib/python3.8/site-packages/airflow/example_dags/example_nested_branch_dag.py
[2023-10-24T13:52:32.660+0000] {processor.py:839} INFO - DAG(s) dict_keys(['example_nested_branch_dag']) retrieved from /home/airflow/.local/lib/python3.8/site-packages/airflow/example_dags/example_nested_branch_dag.py
[2023-10-24T13:52:32.688+0000] {logging_mixin.py:151} INFO - [2023-10-24T13:52:32.688+0000] {dag.py:2941} INFO - Sync 1 DAGs
[2023-10-24T13:52:32.708+0000] {logging_mixin.py:151} INFO - [2023-10-24T13:52:32.708+0000] {dag.py:3722} INFO - Setting next_dagrun for example_nested_branch_dag to 2023-10-23T00:00:00+00:00, run_after=2023-10-24T00:00:00+00:00
[2023-10-24T13:52:32.728+0000] {processor.py:179} INFO - Processing /home/airflow/.local/lib/python3.8/site-packages/airflow/example_dags/example_nested_branch_dag.py took 0.087 seconds
[2023-10-24T13:53:03.207+0000] {processor.py:157} INFO - Started process (PID=947) to work on /home/airflow/.local/lib/python3.8/site-packages/airflow/example_dags/example_nested_branch_dag.py
[2023-10-24T13:53:03.209+0000] {processor.py:829} INFO - Processing file /home/airflow/.local/lib/python3.8/site-packages/airflow/example_dags/example_nested_branch_dag.py for tasks to queue
[2023-10-24T13:53:03.213+0000] {logging_mixin.py:151} INFO - [2023-10-24T13:53:03.212+0000] {dagbag.py:536} INFO - Filling up the DagBag from /home/airflow/.local/lib/python3.8/site-packages/airflow/example_dags/example_nested_branch_dag.py
[2023-10-24T13:53:03.229+0000] {processor.py:839} INFO - DAG(s) dict_keys(['example_nested_branch_dag']) retrieved from /home/airflow/.local/lib/python3.8/site-packages/airflow/example_dags/example_nested_branch_dag.py
[2023-10-24T13:53:03.251+0000] {logging_mixin.py:151} INFO - [2023-10-24T13:53:03.251+0000] {dag.py:2941} INFO - Sync 1 DAGs
[2023-10-24T13:53:03.266+0000] {logging_mixin.py:151} INFO - [2023-10-24T13:53:03.266+0000] {dag.py:3722} INFO - Setting next_dagrun for example_nested_branch_dag to 2023-10-23T00:00:00+00:00, run_after=2023-10-24T00:00:00+00:00
[2023-10-24T13:53:03.276+0000] {processor.py:179} INFO - Processing /home/airflow/.local/lib/python3.8/site-packages/airflow/example_dags/example_nested_branch_dag.py took 0.073 seconds
[2023-10-24T13:53:33.541+0000] {processor.py:157} INFO - Started process (PID=1003) to work on /home/airflow/.local/lib/python3.8/site-packages/airflow/example_dags/example_nested_branch_dag.py
[2023-10-24T13:53:33.542+0000] {processor.py:829} INFO - Processing file /home/airflow/.local/lib/python3.8/site-packages/airflow/example_dags/example_nested_branch_dag.py for tasks to queue
[2023-10-24T13:53:33.548+0000] {logging_mixin.py:151} INFO - [2023-10-24T13:53:33.548+0000] {dagbag.py:536} INFO - Filling up the DagBag from /home/airflow/.local/lib/python3.8/site-packages/airflow/example_dags/example_nested_branch_dag.py
[2023-10-24T13:53:33.583+0000] {processor.py:839} INFO - DAG(s) dict_keys(['example_nested_branch_dag']) retrieved from /home/airflow/.local/lib/python3.8/site-packages/airflow/example_dags/example_nested_branch_dag.py
[2023-10-24T13:53:33.627+0000] {logging_mixin.py:151} INFO - [2023-10-24T13:53:33.627+0000] {dag.py:2941} INFO - Sync 1 DAGs
[2023-10-24T13:53:33.672+0000] {logging_mixin.py:151} INFO - [2023-10-24T13:53:33.672+0000] {dag.py:3722} INFO - Setting next_dagrun for example_nested_branch_dag to 2023-10-23T00:00:00+00:00, run_after=2023-10-24T00:00:00+00:00
[2023-10-24T13:53:33.688+0000] {processor.py:179} INFO - Processing /home/airflow/.local/lib/python3.8/site-packages/airflow/example_dags/example_nested_branch_dag.py took 0.153 seconds
