[2023-10-24T13:44:53.575+0000] {processor.py:157} INFO - Started process (PID=66) to work on /home/airflow/.local/lib/python3.8/site-packages/airflow/example_dags/example_short_circuit_operator.py
[2023-10-24T13:44:53.576+0000] {processor.py:829} INFO - Processing file /home/airflow/.local/lib/python3.8/site-packages/airflow/example_dags/example_short_circuit_operator.py for tasks to queue
[2023-10-24T13:44:53.579+0000] {logging_mixin.py:151} INFO - [2023-10-24T13:44:53.579+0000] {dagbag.py:536} INFO - Filling up the DagBag from /home/airflow/.local/lib/python3.8/site-packages/airflow/example_dags/example_short_circuit_operator.py
[2023-10-24T13:44:53.589+0000] {processor.py:839} INFO - DAG(s) dict_keys(['example_short_circuit_operator']) retrieved from /home/airflow/.local/lib/python3.8/site-packages/airflow/example_dags/example_short_circuit_operator.py
[2023-10-24T13:44:53.606+0000] {logging_mixin.py:151} INFO - [2023-10-24T13:44:53.606+0000] {dag.py:2941} INFO - Sync 1 DAGs
[2023-10-24T13:44:53.630+0000] {logging_mixin.py:151} INFO - [2023-10-24T13:44:53.630+0000] {dag.py:3722} INFO - Setting next_dagrun for example_short_circuit_operator to 2023-10-23T13:44:53.630273+00:00, run_after=2023-10-24T13:44:53.630273+00:00
[2023-10-24T13:44:53.645+0000] {processor.py:179} INFO - Processing /home/airflow/.local/lib/python3.8/site-packages/airflow/example_dags/example_short_circuit_operator.py took 0.074 seconds
[2023-10-24T13:45:24.657+0000] {processor.py:157} INFO - Started process (PID=122) to work on /home/airflow/.local/lib/python3.8/site-packages/airflow/example_dags/example_short_circuit_operator.py
[2023-10-24T13:45:24.658+0000] {processor.py:829} INFO - Processing file /home/airflow/.local/lib/python3.8/site-packages/airflow/example_dags/example_short_circuit_operator.py for tasks to queue
[2023-10-24T13:45:24.660+0000] {logging_mixin.py:151} INFO - [2023-10-24T13:45:24.660+0000] {dagbag.py:536} INFO - Filling up the DagBag from /home/airflow/.local/lib/python3.8/site-packages/airflow/example_dags/example_short_circuit_operator.py
[2023-10-24T13:45:24.666+0000] {processor.py:839} INFO - DAG(s) dict_keys(['example_short_circuit_operator']) retrieved from /home/airflow/.local/lib/python3.8/site-packages/airflow/example_dags/example_short_circuit_operator.py
[2023-10-24T13:45:24.688+0000] {logging_mixin.py:151} INFO - [2023-10-24T13:45:24.688+0000] {dag.py:2941} INFO - Sync 1 DAGs
[2023-10-24T13:45:24.711+0000] {logging_mixin.py:151} INFO - [2023-10-24T13:45:24.711+0000] {dag.py:3722} INFO - Setting next_dagrun for example_short_circuit_operator to 2023-10-23T13:45:24.711140+00:00, run_after=2023-10-24T13:45:24.711140+00:00
[2023-10-24T13:45:24.729+0000] {processor.py:179} INFO - Processing /home/airflow/.local/lib/python3.8/site-packages/airflow/example_dags/example_short_circuit_operator.py took 0.075 seconds
[2023-10-24T13:45:55.504+0000] {processor.py:157} INFO - Started process (PID=177) to work on /home/airflow/.local/lib/python3.8/site-packages/airflow/example_dags/example_short_circuit_operator.py
[2023-10-24T13:45:55.505+0000] {processor.py:829} INFO - Processing file /home/airflow/.local/lib/python3.8/site-packages/airflow/example_dags/example_short_circuit_operator.py for tasks to queue
[2023-10-24T13:45:55.507+0000] {logging_mixin.py:151} INFO - [2023-10-24T13:45:55.507+0000] {dagbag.py:536} INFO - Filling up the DagBag from /home/airflow/.local/lib/python3.8/site-packages/airflow/example_dags/example_short_circuit_operator.py
[2023-10-24T13:45:55.513+0000] {processor.py:839} INFO - DAG(s) dict_keys(['example_short_circuit_operator']) retrieved from /home/airflow/.local/lib/python3.8/site-packages/airflow/example_dags/example_short_circuit_operator.py
[2023-10-24T13:45:55.531+0000] {logging_mixin.py:151} INFO - [2023-10-24T13:45:55.531+0000] {dag.py:2941} INFO - Sync 1 DAGs
[2023-10-24T13:45:55.549+0000] {logging_mixin.py:151} INFO - [2023-10-24T13:45:55.549+0000] {dag.py:3722} INFO - Setting next_dagrun for example_short_circuit_operator to 2023-10-23T13:45:55.549449+00:00, run_after=2023-10-24T13:45:55.549449+00:00
[2023-10-24T13:45:55.563+0000] {processor.py:179} INFO - Processing /home/airflow/.local/lib/python3.8/site-packages/airflow/example_dags/example_short_circuit_operator.py took 0.062 seconds
[2023-10-24T13:46:25.812+0000] {processor.py:157} INFO - Started process (PID=233) to work on /home/airflow/.local/lib/python3.8/site-packages/airflow/example_dags/example_short_circuit_operator.py
[2023-10-24T13:46:25.813+0000] {processor.py:829} INFO - Processing file /home/airflow/.local/lib/python3.8/site-packages/airflow/example_dags/example_short_circuit_operator.py for tasks to queue
[2023-10-24T13:46:25.815+0000] {logging_mixin.py:151} INFO - [2023-10-24T13:46:25.815+0000] {dagbag.py:536} INFO - Filling up the DagBag from /home/airflow/.local/lib/python3.8/site-packages/airflow/example_dags/example_short_circuit_operator.py
[2023-10-24T13:46:25.820+0000] {processor.py:839} INFO - DAG(s) dict_keys(['example_short_circuit_operator']) retrieved from /home/airflow/.local/lib/python3.8/site-packages/airflow/example_dags/example_short_circuit_operator.py
[2023-10-24T13:46:25.842+0000] {logging_mixin.py:151} INFO - [2023-10-24T13:46:25.842+0000] {dag.py:2941} INFO - Sync 1 DAGs
[2023-10-24T13:46:25.857+0000] {logging_mixin.py:151} INFO - [2023-10-24T13:46:25.857+0000] {dag.py:3722} INFO - Setting next_dagrun for example_short_circuit_operator to 2023-10-23T13:46:25.856918+00:00, run_after=2023-10-24T13:46:25.856918+00:00
[2023-10-24T13:46:25.869+0000] {processor.py:179} INFO - Processing /home/airflow/.local/lib/python3.8/site-packages/airflow/example_dags/example_short_circuit_operator.py took 0.060 seconds
[2023-10-24T13:46:56.246+0000] {processor.py:157} INFO - Started process (PID=289) to work on /home/airflow/.local/lib/python3.8/site-packages/airflow/example_dags/example_short_circuit_operator.py
[2023-10-24T13:46:56.247+0000] {processor.py:829} INFO - Processing file /home/airflow/.local/lib/python3.8/site-packages/airflow/example_dags/example_short_circuit_operator.py for tasks to queue
[2023-10-24T13:46:56.249+0000] {logging_mixin.py:151} INFO - [2023-10-24T13:46:56.248+0000] {dagbag.py:536} INFO - Filling up the DagBag from /home/airflow/.local/lib/python3.8/site-packages/airflow/example_dags/example_short_circuit_operator.py
[2023-10-24T13:46:56.254+0000] {processor.py:839} INFO - DAG(s) dict_keys(['example_short_circuit_operator']) retrieved from /home/airflow/.local/lib/python3.8/site-packages/airflow/example_dags/example_short_circuit_operator.py
[2023-10-24T13:46:56.270+0000] {logging_mixin.py:151} INFO - [2023-10-24T13:46:56.270+0000] {dag.py:2941} INFO - Sync 1 DAGs
[2023-10-24T13:46:56.283+0000] {logging_mixin.py:151} INFO - [2023-10-24T13:46:56.283+0000] {dag.py:3722} INFO - Setting next_dagrun for example_short_circuit_operator to 2023-10-23T13:46:56.283560+00:00, run_after=2023-10-24T13:46:56.283560+00:00
[2023-10-24T13:46:56.294+0000] {processor.py:179} INFO - Processing /home/airflow/.local/lib/python3.8/site-packages/airflow/example_dags/example_short_circuit_operator.py took 0.051 seconds
[2023-10-24T13:47:26.773+0000] {processor.py:157} INFO - Started process (PID=345) to work on /home/airflow/.local/lib/python3.8/site-packages/airflow/example_dags/example_short_circuit_operator.py
[2023-10-24T13:47:26.775+0000] {processor.py:829} INFO - Processing file /home/airflow/.local/lib/python3.8/site-packages/airflow/example_dags/example_short_circuit_operator.py for tasks to queue
[2023-10-24T13:47:26.777+0000] {logging_mixin.py:151} INFO - [2023-10-24T13:47:26.777+0000] {dagbag.py:536} INFO - Filling up the DagBag from /home/airflow/.local/lib/python3.8/site-packages/airflow/example_dags/example_short_circuit_operator.py
[2023-10-24T13:47:26.783+0000] {processor.py:839} INFO - DAG(s) dict_keys(['example_short_circuit_operator']) retrieved from /home/airflow/.local/lib/python3.8/site-packages/airflow/example_dags/example_short_circuit_operator.py
[2023-10-24T13:47:26.808+0000] {logging_mixin.py:151} INFO - [2023-10-24T13:47:26.808+0000] {dag.py:2941} INFO - Sync 1 DAGs
[2023-10-24T13:47:26.825+0000] {logging_mixin.py:151} INFO - [2023-10-24T13:47:26.825+0000] {dag.py:3722} INFO - Setting next_dagrun for example_short_circuit_operator to 2023-10-23T13:47:26.824860+00:00, run_after=2023-10-24T13:47:26.824860+00:00
[2023-10-24T13:47:26.842+0000] {processor.py:179} INFO - Processing /home/airflow/.local/lib/python3.8/site-packages/airflow/example_dags/example_short_circuit_operator.py took 0.073 seconds
[2023-10-24T13:47:57.028+0000] {processor.py:157} INFO - Started process (PID=401) to work on /home/airflow/.local/lib/python3.8/site-packages/airflow/example_dags/example_short_circuit_operator.py
[2023-10-24T13:47:57.029+0000] {processor.py:829} INFO - Processing file /home/airflow/.local/lib/python3.8/site-packages/airflow/example_dags/example_short_circuit_operator.py for tasks to queue
[2023-10-24T13:47:57.031+0000] {logging_mixin.py:151} INFO - [2023-10-24T13:47:57.031+0000] {dagbag.py:536} INFO - Filling up the DagBag from /home/airflow/.local/lib/python3.8/site-packages/airflow/example_dags/example_short_circuit_operator.py
[2023-10-24T13:47:57.037+0000] {processor.py:839} INFO - DAG(s) dict_keys(['example_short_circuit_operator']) retrieved from /home/airflow/.local/lib/python3.8/site-packages/airflow/example_dags/example_short_circuit_operator.py
[2023-10-24T13:47:57.058+0000] {logging_mixin.py:151} INFO - [2023-10-24T13:47:57.058+0000] {dag.py:2941} INFO - Sync 1 DAGs
[2023-10-24T13:47:57.074+0000] {logging_mixin.py:151} INFO - [2023-10-24T13:47:57.074+0000] {dag.py:3722} INFO - Setting next_dagrun for example_short_circuit_operator to 2023-10-23T13:47:57.074236+00:00, run_after=2023-10-24T13:47:57.074236+00:00
[2023-10-24T13:47:57.087+0000] {processor.py:179} INFO - Processing /home/airflow/.local/lib/python3.8/site-packages/airflow/example_dags/example_short_circuit_operator.py took 0.062 seconds
[2023-10-24T13:48:27.303+0000] {processor.py:157} INFO - Started process (PID=457) to work on /home/airflow/.local/lib/python3.8/site-packages/airflow/example_dags/example_short_circuit_operator.py
[2023-10-24T13:48:27.304+0000] {processor.py:829} INFO - Processing file /home/airflow/.local/lib/python3.8/site-packages/airflow/example_dags/example_short_circuit_operator.py for tasks to queue
[2023-10-24T13:48:27.306+0000] {logging_mixin.py:151} INFO - [2023-10-24T13:48:27.306+0000] {dagbag.py:536} INFO - Filling up the DagBag from /home/airflow/.local/lib/python3.8/site-packages/airflow/example_dags/example_short_circuit_operator.py
[2023-10-24T13:48:27.312+0000] {processor.py:839} INFO - DAG(s) dict_keys(['example_short_circuit_operator']) retrieved from /home/airflow/.local/lib/python3.8/site-packages/airflow/example_dags/example_short_circuit_operator.py
[2023-10-24T13:48:27.329+0000] {logging_mixin.py:151} INFO - [2023-10-24T13:48:27.329+0000] {dag.py:2941} INFO - Sync 1 DAGs
[2023-10-24T13:48:27.346+0000] {logging_mixin.py:151} INFO - [2023-10-24T13:48:27.346+0000] {dag.py:3722} INFO - Setting next_dagrun for example_short_circuit_operator to 2023-10-23T13:48:27.345922+00:00, run_after=2023-10-24T13:48:27.345922+00:00
[2023-10-24T13:48:27.363+0000] {processor.py:179} INFO - Processing /home/airflow/.local/lib/python3.8/site-packages/airflow/example_dags/example_short_circuit_operator.py took 0.063 seconds
[2023-10-24T13:48:59.723+0000] {processor.py:157} INFO - Started process (PID=513) to work on /home/airflow/.local/lib/python3.8/site-packages/airflow/example_dags/example_short_circuit_operator.py
[2023-10-24T13:48:59.724+0000] {processor.py:829} INFO - Processing file /home/airflow/.local/lib/python3.8/site-packages/airflow/example_dags/example_short_circuit_operator.py for tasks to queue
[2023-10-24T13:48:59.727+0000] {logging_mixin.py:151} INFO - [2023-10-24T13:48:59.727+0000] {dagbag.py:536} INFO - Filling up the DagBag from /home/airflow/.local/lib/python3.8/site-packages/airflow/example_dags/example_short_circuit_operator.py
[2023-10-24T13:48:59.911+0000] {processor.py:839} INFO - DAG(s) dict_keys(['example_short_circuit_operator']) retrieved from /home/airflow/.local/lib/python3.8/site-packages/airflow/example_dags/example_short_circuit_operator.py
[2023-10-24T13:48:59.926+0000] {logging_mixin.py:151} INFO - [2023-10-24T13:48:59.925+0000] {dag.py:2941} INFO - Sync 1 DAGs
[2023-10-24T13:48:59.943+0000] {logging_mixin.py:151} INFO - [2023-10-24T13:48:59.943+0000] {dag.py:3722} INFO - Setting next_dagrun for example_short_circuit_operator to 2023-10-23T13:48:59.942993+00:00, run_after=2023-10-24T13:48:59.942993+00:00
[2023-10-24T13:48:59.957+0000] {processor.py:179} INFO - Processing /home/airflow/.local/lib/python3.8/site-packages/airflow/example_dags/example_short_circuit_operator.py took 0.238 seconds
[2023-10-24T13:49:30.645+0000] {processor.py:157} INFO - Started process (PID=569) to work on /home/airflow/.local/lib/python3.8/site-packages/airflow/example_dags/example_short_circuit_operator.py
[2023-10-24T13:49:30.646+0000] {processor.py:829} INFO - Processing file /home/airflow/.local/lib/python3.8/site-packages/airflow/example_dags/example_short_circuit_operator.py for tasks to queue
[2023-10-24T13:49:30.648+0000] {logging_mixin.py:151} INFO - [2023-10-24T13:49:30.648+0000] {dagbag.py:536} INFO - Filling up the DagBag from /home/airflow/.local/lib/python3.8/site-packages/airflow/example_dags/example_short_circuit_operator.py
[2023-10-24T13:49:30.654+0000] {processor.py:839} INFO - DAG(s) dict_keys(['example_short_circuit_operator']) retrieved from /home/airflow/.local/lib/python3.8/site-packages/airflow/example_dags/example_short_circuit_operator.py
[2023-10-24T13:49:30.673+0000] {logging_mixin.py:151} INFO - [2023-10-24T13:49:30.673+0000] {dag.py:2941} INFO - Sync 1 DAGs
[2023-10-24T13:49:30.689+0000] {logging_mixin.py:151} INFO - [2023-10-24T13:49:30.688+0000] {dag.py:3722} INFO - Setting next_dagrun for example_short_circuit_operator to 2023-10-23T13:49:30.688794+00:00, run_after=2023-10-24T13:49:30.688794+00:00
[2023-10-24T13:49:30.700+0000] {processor.py:179} INFO - Processing /home/airflow/.local/lib/python3.8/site-packages/airflow/example_dags/example_short_circuit_operator.py took 0.058 seconds
[2023-10-24T13:50:01.041+0000] {processor.py:157} INFO - Started process (PID=625) to work on /home/airflow/.local/lib/python3.8/site-packages/airflow/example_dags/example_short_circuit_operator.py
[2023-10-24T13:50:01.042+0000] {processor.py:829} INFO - Processing file /home/airflow/.local/lib/python3.8/site-packages/airflow/example_dags/example_short_circuit_operator.py for tasks to queue
[2023-10-24T13:50:01.045+0000] {logging_mixin.py:151} INFO - [2023-10-24T13:50:01.044+0000] {dagbag.py:536} INFO - Filling up the DagBag from /home/airflow/.local/lib/python3.8/site-packages/airflow/example_dags/example_short_circuit_operator.py
[2023-10-24T13:50:01.051+0000] {processor.py:839} INFO - DAG(s) dict_keys(['example_short_circuit_operator']) retrieved from /home/airflow/.local/lib/python3.8/site-packages/airflow/example_dags/example_short_circuit_operator.py
[2023-10-24T13:50:01.111+0000] {logging_mixin.py:151} INFO - [2023-10-24T13:50:01.110+0000] {dag.py:2941} INFO - Sync 1 DAGs
[2023-10-24T13:50:01.133+0000] {logging_mixin.py:151} INFO - [2023-10-24T13:50:01.133+0000] {dag.py:3722} INFO - Setting next_dagrun for example_short_circuit_operator to 2023-10-23T13:50:01.132765+00:00, run_after=2023-10-24T13:50:01.132765+00:00
[2023-10-24T13:50:01.153+0000] {processor.py:179} INFO - Processing /home/airflow/.local/lib/python3.8/site-packages/airflow/example_dags/example_short_circuit_operator.py took 0.114 seconds
[2023-10-24T13:50:32.099+0000] {processor.py:157} INFO - Started process (PID=681) to work on /home/airflow/.local/lib/python3.8/site-packages/airflow/example_dags/example_short_circuit_operator.py
[2023-10-24T13:50:32.100+0000] {processor.py:829} INFO - Processing file /home/airflow/.local/lib/python3.8/site-packages/airflow/example_dags/example_short_circuit_operator.py for tasks to queue
[2023-10-24T13:50:32.103+0000] {logging_mixin.py:151} INFO - [2023-10-24T13:50:32.103+0000] {dagbag.py:536} INFO - Filling up the DagBag from /home/airflow/.local/lib/python3.8/site-packages/airflow/example_dags/example_short_circuit_operator.py
[2023-10-24T13:50:32.111+0000] {processor.py:839} INFO - DAG(s) dict_keys(['example_short_circuit_operator']) retrieved from /home/airflow/.local/lib/python3.8/site-packages/airflow/example_dags/example_short_circuit_operator.py
[2023-10-24T13:50:32.129+0000] {logging_mixin.py:151} INFO - [2023-10-24T13:50:32.128+0000] {dag.py:2941} INFO - Sync 1 DAGs
[2023-10-24T13:50:32.141+0000] {logging_mixin.py:151} INFO - [2023-10-24T13:50:32.141+0000] {dag.py:3722} INFO - Setting next_dagrun for example_short_circuit_operator to 2023-10-23T13:50:32.141539+00:00, run_after=2023-10-24T13:50:32.141539+00:00
[2023-10-24T13:50:32.152+0000] {processor.py:179} INFO - Processing /home/airflow/.local/lib/python3.8/site-packages/airflow/example_dags/example_short_circuit_operator.py took 0.056 seconds
[2023-10-24T13:51:02.676+0000] {processor.py:157} INFO - Started process (PID=737) to work on /home/airflow/.local/lib/python3.8/site-packages/airflow/example_dags/example_short_circuit_operator.py
[2023-10-24T13:51:02.677+0000] {processor.py:829} INFO - Processing file /home/airflow/.local/lib/python3.8/site-packages/airflow/example_dags/example_short_circuit_operator.py for tasks to queue
[2023-10-24T13:51:02.679+0000] {logging_mixin.py:151} INFO - [2023-10-24T13:51:02.678+0000] {dagbag.py:536} INFO - Filling up the DagBag from /home/airflow/.local/lib/python3.8/site-packages/airflow/example_dags/example_short_circuit_operator.py
[2023-10-24T13:51:02.685+0000] {processor.py:839} INFO - DAG(s) dict_keys(['example_short_circuit_operator']) retrieved from /home/airflow/.local/lib/python3.8/site-packages/airflow/example_dags/example_short_circuit_operator.py
[2023-10-24T13:51:02.707+0000] {logging_mixin.py:151} INFO - [2023-10-24T13:51:02.707+0000] {dag.py:2941} INFO - Sync 1 DAGs
[2023-10-24T13:51:02.720+0000] {logging_mixin.py:151} INFO - [2023-10-24T13:51:02.720+0000] {dag.py:3722} INFO - Setting next_dagrun for example_short_circuit_operator to 2023-10-23T13:51:02.720522+00:00, run_after=2023-10-24T13:51:02.720522+00:00
[2023-10-24T13:51:02.731+0000] {processor.py:179} INFO - Processing /home/airflow/.local/lib/python3.8/site-packages/airflow/example_dags/example_short_circuit_operator.py took 0.058 seconds
[2023-10-24T13:51:33.132+0000] {processor.py:157} INFO - Started process (PID=793) to work on /home/airflow/.local/lib/python3.8/site-packages/airflow/example_dags/example_short_circuit_operator.py
[2023-10-24T13:51:33.133+0000] {processor.py:829} INFO - Processing file /home/airflow/.local/lib/python3.8/site-packages/airflow/example_dags/example_short_circuit_operator.py for tasks to queue
[2023-10-24T13:51:33.135+0000] {logging_mixin.py:151} INFO - [2023-10-24T13:51:33.135+0000] {dagbag.py:536} INFO - Filling up the DagBag from /home/airflow/.local/lib/python3.8/site-packages/airflow/example_dags/example_short_circuit_operator.py
[2023-10-24T13:51:33.141+0000] {processor.py:839} INFO - DAG(s) dict_keys(['example_short_circuit_operator']) retrieved from /home/airflow/.local/lib/python3.8/site-packages/airflow/example_dags/example_short_circuit_operator.py
[2023-10-24T13:51:33.175+0000] {logging_mixin.py:151} INFO - [2023-10-24T13:51:33.175+0000] {dag.py:2941} INFO - Sync 1 DAGs
[2023-10-24T13:51:33.192+0000] {logging_mixin.py:151} INFO - [2023-10-24T13:51:33.192+0000] {dag.py:3722} INFO - Setting next_dagrun for example_short_circuit_operator to 2023-10-23T13:51:33.191875+00:00, run_after=2023-10-24T13:51:33.191875+00:00
[2023-10-24T13:51:33.207+0000] {processor.py:179} INFO - Processing /home/airflow/.local/lib/python3.8/site-packages/airflow/example_dags/example_short_circuit_operator.py took 0.077 seconds
[2023-10-24T13:52:03.738+0000] {processor.py:157} INFO - Started process (PID=849) to work on /home/airflow/.local/lib/python3.8/site-packages/airflow/example_dags/example_short_circuit_operator.py
[2023-10-24T13:52:03.739+0000] {processor.py:829} INFO - Processing file /home/airflow/.local/lib/python3.8/site-packages/airflow/example_dags/example_short_circuit_operator.py for tasks to queue
[2023-10-24T13:52:03.741+0000] {logging_mixin.py:151} INFO - [2023-10-24T13:52:03.741+0000] {dagbag.py:536} INFO - Filling up the DagBag from /home/airflow/.local/lib/python3.8/site-packages/airflow/example_dags/example_short_circuit_operator.py
[2023-10-24T13:52:03.748+0000] {processor.py:839} INFO - DAG(s) dict_keys(['example_short_circuit_operator']) retrieved from /home/airflow/.local/lib/python3.8/site-packages/airflow/example_dags/example_short_circuit_operator.py
[2023-10-24T13:52:03.765+0000] {logging_mixin.py:151} INFO - [2023-10-24T13:52:03.765+0000] {dag.py:2941} INFO - Sync 1 DAGs
[2023-10-24T13:52:03.779+0000] {logging_mixin.py:151} INFO - [2023-10-24T13:52:03.779+0000] {dag.py:3722} INFO - Setting next_dagrun for example_short_circuit_operator to 2023-10-23T13:52:03.779398+00:00, run_after=2023-10-24T13:52:03.779398+00:00
[2023-10-24T13:52:03.790+0000] {processor.py:179} INFO - Processing /home/airflow/.local/lib/python3.8/site-packages/airflow/example_dags/example_short_circuit_operator.py took 0.055 seconds
[2023-10-24T13:52:34.335+0000] {processor.py:157} INFO - Started process (PID=905) to work on /home/airflow/.local/lib/python3.8/site-packages/airflow/example_dags/example_short_circuit_operator.py
[2023-10-24T13:52:34.336+0000] {processor.py:829} INFO - Processing file /home/airflow/.local/lib/python3.8/site-packages/airflow/example_dags/example_short_circuit_operator.py for tasks to queue
[2023-10-24T13:52:34.338+0000] {logging_mixin.py:151} INFO - [2023-10-24T13:52:34.338+0000] {dagbag.py:536} INFO - Filling up the DagBag from /home/airflow/.local/lib/python3.8/site-packages/airflow/example_dags/example_short_circuit_operator.py
[2023-10-24T13:52:34.343+0000] {processor.py:839} INFO - DAG(s) dict_keys(['example_short_circuit_operator']) retrieved from /home/airflow/.local/lib/python3.8/site-packages/airflow/example_dags/example_short_circuit_operator.py
[2023-10-24T13:52:34.358+0000] {logging_mixin.py:151} INFO - [2023-10-24T13:52:34.358+0000] {dag.py:2941} INFO - Sync 1 DAGs
[2023-10-24T13:52:34.376+0000] {logging_mixin.py:151} INFO - [2023-10-24T13:52:34.375+0000] {dag.py:3722} INFO - Setting next_dagrun for example_short_circuit_operator to 2023-10-23T13:52:34.375386+00:00, run_after=2023-10-24T13:52:34.375386+00:00
[2023-10-24T13:52:34.394+0000] {processor.py:179} INFO - Processing /home/airflow/.local/lib/python3.8/site-packages/airflow/example_dags/example_short_circuit_operator.py took 0.061 seconds
[2023-10-24T13:53:04.852+0000] {processor.py:157} INFO - Started process (PID=961) to work on /home/airflow/.local/lib/python3.8/site-packages/airflow/example_dags/example_short_circuit_operator.py
[2023-10-24T13:53:04.853+0000] {processor.py:829} INFO - Processing file /home/airflow/.local/lib/python3.8/site-packages/airflow/example_dags/example_short_circuit_operator.py for tasks to queue
[2023-10-24T13:53:04.855+0000] {logging_mixin.py:151} INFO - [2023-10-24T13:53:04.854+0000] {dagbag.py:536} INFO - Filling up the DagBag from /home/airflow/.local/lib/python3.8/site-packages/airflow/example_dags/example_short_circuit_operator.py
[2023-10-24T13:53:04.862+0000] {processor.py:839} INFO - DAG(s) dict_keys(['example_short_circuit_operator']) retrieved from /home/airflow/.local/lib/python3.8/site-packages/airflow/example_dags/example_short_circuit_operator.py
[2023-10-24T13:53:04.883+0000] {logging_mixin.py:151} INFO - [2023-10-24T13:53:04.883+0000] {dag.py:2941} INFO - Sync 1 DAGs
[2023-10-24T13:53:04.907+0000] {logging_mixin.py:151} INFO - [2023-10-24T13:53:04.907+0000] {dag.py:3722} INFO - Setting next_dagrun for example_short_circuit_operator to 2023-10-23T13:53:04.906888+00:00, run_after=2023-10-24T13:53:04.906888+00:00
[2023-10-24T13:53:04.922+0000] {processor.py:179} INFO - Processing /home/airflow/.local/lib/python3.8/site-packages/airflow/example_dags/example_short_circuit_operator.py took 0.074 seconds
[2023-10-24T13:53:35.720+0000] {processor.py:157} INFO - Started process (PID=1017) to work on /home/airflow/.local/lib/python3.8/site-packages/airflow/example_dags/example_short_circuit_operator.py
[2023-10-24T13:53:35.721+0000] {processor.py:829} INFO - Processing file /home/airflow/.local/lib/python3.8/site-packages/airflow/example_dags/example_short_circuit_operator.py for tasks to queue
[2023-10-24T13:53:35.722+0000] {logging_mixin.py:151} INFO - [2023-10-24T13:53:35.722+0000] {dagbag.py:536} INFO - Filling up the DagBag from /home/airflow/.local/lib/python3.8/site-packages/airflow/example_dags/example_short_circuit_operator.py
[2023-10-24T13:53:35.728+0000] {processor.py:839} INFO - DAG(s) dict_keys(['example_short_circuit_operator']) retrieved from /home/airflow/.local/lib/python3.8/site-packages/airflow/example_dags/example_short_circuit_operator.py
[2023-10-24T13:53:35.748+0000] {logging_mixin.py:151} INFO - [2023-10-24T13:53:35.748+0000] {dag.py:2941} INFO - Sync 1 DAGs
[2023-10-24T13:53:35.792+0000] {logging_mixin.py:151} INFO - [2023-10-24T13:53:35.791+0000] {dag.py:3722} INFO - Setting next_dagrun for example_short_circuit_operator to 2023-10-23T13:53:35.791717+00:00, run_after=2023-10-24T13:53:35.791717+00:00
[2023-10-24T13:53:35.806+0000] {processor.py:179} INFO - Processing /home/airflow/.local/lib/python3.8/site-packages/airflow/example_dags/example_short_circuit_operator.py took 0.090 seconds
