[2023-10-24T13:44:49.512+0000] {processor.py:157} INFO - Started process (PID=44) to work on /home/airflow/.local/lib/python3.8/site-packages/airflow/example_dags/example_time_delta_sensor_async.py
[2023-10-24T13:44:49.514+0000] {processor.py:829} INFO - Processing file /home/airflow/.local/lib/python3.8/site-packages/airflow/example_dags/example_time_delta_sensor_async.py for tasks to queue
[2023-10-24T13:44:49.526+0000] {logging_mixin.py:151} INFO - [2023-10-24T13:44:49.526+0000] {dagbag.py:536} INFO - Filling up the DagBag from /home/airflow/.local/lib/python3.8/site-packages/airflow/example_dags/example_time_delta_sensor_async.py
[2023-10-24T13:44:49.558+0000] {processor.py:839} INFO - DAG(s) dict_keys(['example_time_delta_sensor_async']) retrieved from /home/airflow/.local/lib/python3.8/site-packages/airflow/example_dags/example_time_delta_sensor_async.py
[2023-10-24T13:44:49.583+0000] {logging_mixin.py:151} INFO - [2023-10-24T13:44:49.583+0000] {dag.py:2941} INFO - Sync 1 DAGs
[2023-10-24T13:44:49.608+0000] {logging_mixin.py:151} INFO - [2023-10-24T13:44:49.607+0000] {dag.py:3722} INFO - Setting next_dagrun for example_time_delta_sensor_async to None, run_after=None
[2023-10-24T13:44:49.644+0000] {processor.py:179} INFO - Processing /home/airflow/.local/lib/python3.8/site-packages/airflow/example_dags/example_time_delta_sensor_async.py took 0.137 seconds
[2023-10-24T13:45:19.682+0000] {processor.py:157} INFO - Started process (PID=99) to work on /home/airflow/.local/lib/python3.8/site-packages/airflow/example_dags/example_time_delta_sensor_async.py
[2023-10-24T13:45:19.685+0000] {processor.py:829} INFO - Processing file /home/airflow/.local/lib/python3.8/site-packages/airflow/example_dags/example_time_delta_sensor_async.py for tasks to queue
[2023-10-24T13:45:19.690+0000] {logging_mixin.py:151} INFO - [2023-10-24T13:45:19.689+0000] {dagbag.py:536} INFO - Filling up the DagBag from /home/airflow/.local/lib/python3.8/site-packages/airflow/example_dags/example_time_delta_sensor_async.py
[2023-10-24T13:45:19.700+0000] {processor.py:839} INFO - DAG(s) dict_keys(['example_time_delta_sensor_async']) retrieved from /home/airflow/.local/lib/python3.8/site-packages/airflow/example_dags/example_time_delta_sensor_async.py
[2023-10-24T13:45:19.735+0000] {logging_mixin.py:151} INFO - [2023-10-24T13:45:19.735+0000] {dag.py:2941} INFO - Sync 1 DAGs
[2023-10-24T13:45:19.752+0000] {logging_mixin.py:151} INFO - [2023-10-24T13:45:19.752+0000] {dag.py:3722} INFO - Setting next_dagrun for example_time_delta_sensor_async to None, run_after=None
[2023-10-24T13:45:19.763+0000] {processor.py:179} INFO - Processing /home/airflow/.local/lib/python3.8/site-packages/airflow/example_dags/example_time_delta_sensor_async.py took 0.094 seconds
[2023-10-24T13:45:50.145+0000] {processor.py:157} INFO - Started process (PID=155) to work on /home/airflow/.local/lib/python3.8/site-packages/airflow/example_dags/example_time_delta_sensor_async.py
[2023-10-24T13:45:50.146+0000] {processor.py:829} INFO - Processing file /home/airflow/.local/lib/python3.8/site-packages/airflow/example_dags/example_time_delta_sensor_async.py for tasks to queue
[2023-10-24T13:45:50.150+0000] {logging_mixin.py:151} INFO - [2023-10-24T13:45:50.149+0000] {dagbag.py:536} INFO - Filling up the DagBag from /home/airflow/.local/lib/python3.8/site-packages/airflow/example_dags/example_time_delta_sensor_async.py
[2023-10-24T13:45:50.155+0000] {processor.py:839} INFO - DAG(s) dict_keys(['example_time_delta_sensor_async']) retrieved from /home/airflow/.local/lib/python3.8/site-packages/airflow/example_dags/example_time_delta_sensor_async.py
[2023-10-24T13:45:50.173+0000] {logging_mixin.py:151} INFO - [2023-10-24T13:45:50.173+0000] {dag.py:2941} INFO - Sync 1 DAGs
[2023-10-24T13:45:50.182+0000] {logging_mixin.py:151} INFO - [2023-10-24T13:45:50.181+0000] {dag.py:3722} INFO - Setting next_dagrun for example_time_delta_sensor_async to None, run_after=None
[2023-10-24T13:45:50.192+0000] {processor.py:179} INFO - Processing /home/airflow/.local/lib/python3.8/site-packages/airflow/example_dags/example_time_delta_sensor_async.py took 0.050 seconds
[2023-10-24T13:46:20.750+0000] {processor.py:157} INFO - Started process (PID=211) to work on /home/airflow/.local/lib/python3.8/site-packages/airflow/example_dags/example_time_delta_sensor_async.py
[2023-10-24T13:46:20.751+0000] {processor.py:829} INFO - Processing file /home/airflow/.local/lib/python3.8/site-packages/airflow/example_dags/example_time_delta_sensor_async.py for tasks to queue
[2023-10-24T13:46:20.753+0000] {logging_mixin.py:151} INFO - [2023-10-24T13:46:20.752+0000] {dagbag.py:536} INFO - Filling up the DagBag from /home/airflow/.local/lib/python3.8/site-packages/airflow/example_dags/example_time_delta_sensor_async.py
[2023-10-24T13:46:20.757+0000] {processor.py:839} INFO - DAG(s) dict_keys(['example_time_delta_sensor_async']) retrieved from /home/airflow/.local/lib/python3.8/site-packages/airflow/example_dags/example_time_delta_sensor_async.py
[2023-10-24T13:46:20.775+0000] {logging_mixin.py:151} INFO - [2023-10-24T13:46:20.775+0000] {dag.py:2941} INFO - Sync 1 DAGs
[2023-10-24T13:46:20.790+0000] {logging_mixin.py:151} INFO - [2023-10-24T13:46:20.789+0000] {dag.py:3722} INFO - Setting next_dagrun for example_time_delta_sensor_async to None, run_after=None
[2023-10-24T13:46:20.802+0000] {processor.py:179} INFO - Processing /home/airflow/.local/lib/python3.8/site-packages/airflow/example_dags/example_time_delta_sensor_async.py took 0.057 seconds
[2023-10-24T13:46:51.370+0000] {processor.py:157} INFO - Started process (PID=267) to work on /home/airflow/.local/lib/python3.8/site-packages/airflow/example_dags/example_time_delta_sensor_async.py
[2023-10-24T13:46:51.372+0000] {processor.py:829} INFO - Processing file /home/airflow/.local/lib/python3.8/site-packages/airflow/example_dags/example_time_delta_sensor_async.py for tasks to queue
[2023-10-24T13:46:51.374+0000] {logging_mixin.py:151} INFO - [2023-10-24T13:46:51.374+0000] {dagbag.py:536} INFO - Filling up the DagBag from /home/airflow/.local/lib/python3.8/site-packages/airflow/example_dags/example_time_delta_sensor_async.py
[2023-10-24T13:46:51.378+0000] {processor.py:839} INFO - DAG(s) dict_keys(['example_time_delta_sensor_async']) retrieved from /home/airflow/.local/lib/python3.8/site-packages/airflow/example_dags/example_time_delta_sensor_async.py
[2023-10-24T13:46:51.396+0000] {logging_mixin.py:151} INFO - [2023-10-24T13:46:51.396+0000] {dag.py:2941} INFO - Sync 1 DAGs
[2023-10-24T13:46:51.410+0000] {logging_mixin.py:151} INFO - [2023-10-24T13:46:51.410+0000] {dag.py:3722} INFO - Setting next_dagrun for example_time_delta_sensor_async to None, run_after=None
[2023-10-24T13:46:51.429+0000] {processor.py:179} INFO - Processing /home/airflow/.local/lib/python3.8/site-packages/airflow/example_dags/example_time_delta_sensor_async.py took 0.061 seconds
[2023-10-24T13:47:21.672+0000] {processor.py:157} INFO - Started process (PID=323) to work on /home/airflow/.local/lib/python3.8/site-packages/airflow/example_dags/example_time_delta_sensor_async.py
[2023-10-24T13:47:21.673+0000] {processor.py:829} INFO - Processing file /home/airflow/.local/lib/python3.8/site-packages/airflow/example_dags/example_time_delta_sensor_async.py for tasks to queue
[2023-10-24T13:47:21.675+0000] {logging_mixin.py:151} INFO - [2023-10-24T13:47:21.675+0000] {dagbag.py:536} INFO - Filling up the DagBag from /home/airflow/.local/lib/python3.8/site-packages/airflow/example_dags/example_time_delta_sensor_async.py
[2023-10-24T13:47:21.679+0000] {processor.py:839} INFO - DAG(s) dict_keys(['example_time_delta_sensor_async']) retrieved from /home/airflow/.local/lib/python3.8/site-packages/airflow/example_dags/example_time_delta_sensor_async.py
[2023-10-24T13:47:21.695+0000] {logging_mixin.py:151} INFO - [2023-10-24T13:47:21.695+0000] {dag.py:2941} INFO - Sync 1 DAGs
[2023-10-24T13:47:21.702+0000] {logging_mixin.py:151} INFO - [2023-10-24T13:47:21.702+0000] {dag.py:3722} INFO - Setting next_dagrun for example_time_delta_sensor_async to None, run_after=None
[2023-10-24T13:47:21.712+0000] {processor.py:179} INFO - Processing /home/airflow/.local/lib/python3.8/site-packages/airflow/example_dags/example_time_delta_sensor_async.py took 0.044 seconds
[2023-10-24T13:47:51.881+0000] {processor.py:157} INFO - Started process (PID=379) to work on /home/airflow/.local/lib/python3.8/site-packages/airflow/example_dags/example_time_delta_sensor_async.py
[2023-10-24T13:47:51.882+0000] {processor.py:829} INFO - Processing file /home/airflow/.local/lib/python3.8/site-packages/airflow/example_dags/example_time_delta_sensor_async.py for tasks to queue
[2023-10-24T13:47:51.884+0000] {logging_mixin.py:151} INFO - [2023-10-24T13:47:51.884+0000] {dagbag.py:536} INFO - Filling up the DagBag from /home/airflow/.local/lib/python3.8/site-packages/airflow/example_dags/example_time_delta_sensor_async.py
[2023-10-24T13:47:51.889+0000] {processor.py:839} INFO - DAG(s) dict_keys(['example_time_delta_sensor_async']) retrieved from /home/airflow/.local/lib/python3.8/site-packages/airflow/example_dags/example_time_delta_sensor_async.py
[2023-10-24T13:47:51.912+0000] {logging_mixin.py:151} INFO - [2023-10-24T13:47:51.912+0000] {dag.py:2941} INFO - Sync 1 DAGs
[2023-10-24T13:47:51.920+0000] {logging_mixin.py:151} INFO - [2023-10-24T13:47:51.920+0000] {dag.py:3722} INFO - Setting next_dagrun for example_time_delta_sensor_async to None, run_after=None
[2023-10-24T13:47:51.931+0000] {processor.py:179} INFO - Processing /home/airflow/.local/lib/python3.8/site-packages/airflow/example_dags/example_time_delta_sensor_async.py took 0.052 seconds
[2023-10-24T13:48:23.563+0000] {processor.py:157} INFO - Started process (PID=435) to work on /home/airflow/.local/lib/python3.8/site-packages/airflow/example_dags/example_time_delta_sensor_async.py
[2023-10-24T13:48:23.565+0000] {processor.py:829} INFO - Processing file /home/airflow/.local/lib/python3.8/site-packages/airflow/example_dags/example_time_delta_sensor_async.py for tasks to queue
[2023-10-24T13:48:23.571+0000] {logging_mixin.py:151} INFO - [2023-10-24T13:48:23.571+0000] {dagbag.py:536} INFO - Filling up the DagBag from /home/airflow/.local/lib/python3.8/site-packages/airflow/example_dags/example_time_delta_sensor_async.py
[2023-10-24T13:48:23.580+0000] {processor.py:839} INFO - DAG(s) dict_keys(['example_time_delta_sensor_async']) retrieved from /home/airflow/.local/lib/python3.8/site-packages/airflow/example_dags/example_time_delta_sensor_async.py
[2023-10-24T13:48:23.788+0000] {logging_mixin.py:151} INFO - [2023-10-24T13:48:23.788+0000] {dag.py:2941} INFO - Sync 1 DAGs
[2023-10-24T13:48:23.795+0000] {logging_mixin.py:151} INFO - [2023-10-24T13:48:23.795+0000] {dag.py:3722} INFO - Setting next_dagrun for example_time_delta_sensor_async to None, run_after=None
[2023-10-24T13:48:23.807+0000] {processor.py:179} INFO - Processing /home/airflow/.local/lib/python3.8/site-packages/airflow/example_dags/example_time_delta_sensor_async.py took 0.254 seconds
[2023-10-24T13:48:55.378+0000] {processor.py:157} INFO - Started process (PID=491) to work on /home/airflow/.local/lib/python3.8/site-packages/airflow/example_dags/example_time_delta_sensor_async.py
[2023-10-24T13:48:55.379+0000] {processor.py:829} INFO - Processing file /home/airflow/.local/lib/python3.8/site-packages/airflow/example_dags/example_time_delta_sensor_async.py for tasks to queue
[2023-10-24T13:48:55.383+0000] {logging_mixin.py:151} INFO - [2023-10-24T13:48:55.383+0000] {dagbag.py:536} INFO - Filling up the DagBag from /home/airflow/.local/lib/python3.8/site-packages/airflow/example_dags/example_time_delta_sensor_async.py
[2023-10-24T13:48:55.394+0000] {processor.py:839} INFO - DAG(s) dict_keys(['example_time_delta_sensor_async']) retrieved from /home/airflow/.local/lib/python3.8/site-packages/airflow/example_dags/example_time_delta_sensor_async.py
[2023-10-24T13:48:55.482+0000] {logging_mixin.py:151} INFO - [2023-10-24T13:48:55.482+0000] {dag.py:2941} INFO - Sync 1 DAGs
[2023-10-24T13:48:55.896+0000] {logging_mixin.py:151} INFO - [2023-10-24T13:48:55.895+0000] {dag.py:3722} INFO - Setting next_dagrun for example_time_delta_sensor_async to None, run_after=None
[2023-10-24T13:48:55.907+0000] {processor.py:179} INFO - Processing /home/airflow/.local/lib/python3.8/site-packages/airflow/example_dags/example_time_delta_sensor_async.py took 0.536 seconds
[2023-10-24T13:49:26.619+0000] {processor.py:157} INFO - Started process (PID=547) to work on /home/airflow/.local/lib/python3.8/site-packages/airflow/example_dags/example_time_delta_sensor_async.py
[2023-10-24T13:49:26.620+0000] {processor.py:829} INFO - Processing file /home/airflow/.local/lib/python3.8/site-packages/airflow/example_dags/example_time_delta_sensor_async.py for tasks to queue
[2023-10-24T13:49:26.622+0000] {logging_mixin.py:151} INFO - [2023-10-24T13:49:26.622+0000] {dagbag.py:536} INFO - Filling up the DagBag from /home/airflow/.local/lib/python3.8/site-packages/airflow/example_dags/example_time_delta_sensor_async.py
[2023-10-24T13:49:26.627+0000] {processor.py:839} INFO - DAG(s) dict_keys(['example_time_delta_sensor_async']) retrieved from /home/airflow/.local/lib/python3.8/site-packages/airflow/example_dags/example_time_delta_sensor_async.py
[2023-10-24T13:49:26.647+0000] {logging_mixin.py:151} INFO - [2023-10-24T13:49:26.647+0000] {dag.py:2941} INFO - Sync 1 DAGs
[2023-10-24T13:49:26.658+0000] {logging_mixin.py:151} INFO - [2023-10-24T13:49:26.657+0000] {dag.py:3722} INFO - Setting next_dagrun for example_time_delta_sensor_async to None, run_after=None
[2023-10-24T13:49:26.669+0000] {processor.py:179} INFO - Processing /home/airflow/.local/lib/python3.8/site-packages/airflow/example_dags/example_time_delta_sensor_async.py took 0.054 seconds
[2023-10-24T13:49:56.938+0000] {processor.py:157} INFO - Started process (PID=603) to work on /home/airflow/.local/lib/python3.8/site-packages/airflow/example_dags/example_time_delta_sensor_async.py
[2023-10-24T13:49:56.939+0000] {processor.py:829} INFO - Processing file /home/airflow/.local/lib/python3.8/site-packages/airflow/example_dags/example_time_delta_sensor_async.py for tasks to queue
[2023-10-24T13:49:56.941+0000] {logging_mixin.py:151} INFO - [2023-10-24T13:49:56.941+0000] {dagbag.py:536} INFO - Filling up the DagBag from /home/airflow/.local/lib/python3.8/site-packages/airflow/example_dags/example_time_delta_sensor_async.py
[2023-10-24T13:49:56.947+0000] {processor.py:839} INFO - DAG(s) dict_keys(['example_time_delta_sensor_async']) retrieved from /home/airflow/.local/lib/python3.8/site-packages/airflow/example_dags/example_time_delta_sensor_async.py
[2023-10-24T13:49:56.982+0000] {logging_mixin.py:151} INFO - [2023-10-24T13:49:56.982+0000] {dag.py:2941} INFO - Sync 1 DAGs
[2023-10-24T13:49:56.992+0000] {logging_mixin.py:151} INFO - [2023-10-24T13:49:56.992+0000] {dag.py:3722} INFO - Setting next_dagrun for example_time_delta_sensor_async to None, run_after=None
[2023-10-24T13:49:57.004+0000] {processor.py:179} INFO - Processing /home/airflow/.local/lib/python3.8/site-packages/airflow/example_dags/example_time_delta_sensor_async.py took 0.068 seconds
[2023-10-24T13:50:28.000+0000] {processor.py:157} INFO - Started process (PID=659) to work on /home/airflow/.local/lib/python3.8/site-packages/airflow/example_dags/example_time_delta_sensor_async.py
[2023-10-24T13:50:28.001+0000] {processor.py:829} INFO - Processing file /home/airflow/.local/lib/python3.8/site-packages/airflow/example_dags/example_time_delta_sensor_async.py for tasks to queue
[2023-10-24T13:50:28.004+0000] {logging_mixin.py:151} INFO - [2023-10-24T13:50:28.004+0000] {dagbag.py:536} INFO - Filling up the DagBag from /home/airflow/.local/lib/python3.8/site-packages/airflow/example_dags/example_time_delta_sensor_async.py
[2023-10-24T13:50:28.009+0000] {processor.py:839} INFO - DAG(s) dict_keys(['example_time_delta_sensor_async']) retrieved from /home/airflow/.local/lib/python3.8/site-packages/airflow/example_dags/example_time_delta_sensor_async.py
[2023-10-24T13:50:28.034+0000] {logging_mixin.py:151} INFO - [2023-10-24T13:50:28.034+0000] {dag.py:2941} INFO - Sync 1 DAGs
[2023-10-24T13:50:28.049+0000] {logging_mixin.py:151} INFO - [2023-10-24T13:50:28.049+0000] {dag.py:3722} INFO - Setting next_dagrun for example_time_delta_sensor_async to None, run_after=None
[2023-10-24T13:50:28.066+0000] {processor.py:179} INFO - Processing /home/airflow/.local/lib/python3.8/site-packages/airflow/example_dags/example_time_delta_sensor_async.py took 0.068 seconds
[2023-10-24T13:50:58.541+0000] {processor.py:157} INFO - Started process (PID=715) to work on /home/airflow/.local/lib/python3.8/site-packages/airflow/example_dags/example_time_delta_sensor_async.py
[2023-10-24T13:50:58.542+0000] {processor.py:829} INFO - Processing file /home/airflow/.local/lib/python3.8/site-packages/airflow/example_dags/example_time_delta_sensor_async.py for tasks to queue
[2023-10-24T13:50:58.544+0000] {logging_mixin.py:151} INFO - [2023-10-24T13:50:58.544+0000] {dagbag.py:536} INFO - Filling up the DagBag from /home/airflow/.local/lib/python3.8/site-packages/airflow/example_dags/example_time_delta_sensor_async.py
[2023-10-24T13:50:58.548+0000] {processor.py:839} INFO - DAG(s) dict_keys(['example_time_delta_sensor_async']) retrieved from /home/airflow/.local/lib/python3.8/site-packages/airflow/example_dags/example_time_delta_sensor_async.py
[2023-10-24T13:50:58.568+0000] {logging_mixin.py:151} INFO - [2023-10-24T13:50:58.568+0000] {dag.py:2941} INFO - Sync 1 DAGs
[2023-10-24T13:50:58.581+0000] {logging_mixin.py:151} INFO - [2023-10-24T13:50:58.581+0000] {dag.py:3722} INFO - Setting next_dagrun for example_time_delta_sensor_async to None, run_after=None
[2023-10-24T13:50:58.593+0000] {processor.py:179} INFO - Processing /home/airflow/.local/lib/python3.8/site-packages/airflow/example_dags/example_time_delta_sensor_async.py took 0.054 seconds
[2023-10-24T13:51:29.165+0000] {processor.py:157} INFO - Started process (PID=771) to work on /home/airflow/.local/lib/python3.8/site-packages/airflow/example_dags/example_time_delta_sensor_async.py
[2023-10-24T13:51:29.166+0000] {processor.py:829} INFO - Processing file /home/airflow/.local/lib/python3.8/site-packages/airflow/example_dags/example_time_delta_sensor_async.py for tasks to queue
[2023-10-24T13:51:29.168+0000] {logging_mixin.py:151} INFO - [2023-10-24T13:51:29.168+0000] {dagbag.py:536} INFO - Filling up the DagBag from /home/airflow/.local/lib/python3.8/site-packages/airflow/example_dags/example_time_delta_sensor_async.py
[2023-10-24T13:51:29.172+0000] {processor.py:839} INFO - DAG(s) dict_keys(['example_time_delta_sensor_async']) retrieved from /home/airflow/.local/lib/python3.8/site-packages/airflow/example_dags/example_time_delta_sensor_async.py
[2023-10-24T13:51:29.197+0000] {logging_mixin.py:151} INFO - [2023-10-24T13:51:29.197+0000] {dag.py:2941} INFO - Sync 1 DAGs
[2023-10-24T13:51:29.208+0000] {logging_mixin.py:151} INFO - [2023-10-24T13:51:29.208+0000] {dag.py:3722} INFO - Setting next_dagrun for example_time_delta_sensor_async to None, run_after=None
[2023-10-24T13:51:29.222+0000] {processor.py:179} INFO - Processing /home/airflow/.local/lib/python3.8/site-packages/airflow/example_dags/example_time_delta_sensor_async.py took 0.060 seconds
[2023-10-24T13:51:59.716+0000] {processor.py:157} INFO - Started process (PID=827) to work on /home/airflow/.local/lib/python3.8/site-packages/airflow/example_dags/example_time_delta_sensor_async.py
[2023-10-24T13:51:59.718+0000] {processor.py:829} INFO - Processing file /home/airflow/.local/lib/python3.8/site-packages/airflow/example_dags/example_time_delta_sensor_async.py for tasks to queue
[2023-10-24T13:51:59.722+0000] {logging_mixin.py:151} INFO - [2023-10-24T13:51:59.721+0000] {dagbag.py:536} INFO - Filling up the DagBag from /home/airflow/.local/lib/python3.8/site-packages/airflow/example_dags/example_time_delta_sensor_async.py
[2023-10-24T13:51:59.730+0000] {processor.py:839} INFO - DAG(s) dict_keys(['example_time_delta_sensor_async']) retrieved from /home/airflow/.local/lib/python3.8/site-packages/airflow/example_dags/example_time_delta_sensor_async.py
[2023-10-24T13:51:59.786+0000] {logging_mixin.py:151} INFO - [2023-10-24T13:51:59.786+0000] {dag.py:2941} INFO - Sync 1 DAGs
[2023-10-24T13:51:59.822+0000] {logging_mixin.py:151} INFO - [2023-10-24T13:51:59.822+0000] {dag.py:3722} INFO - Setting next_dagrun for example_time_delta_sensor_async to None, run_after=None
[2023-10-24T13:51:59.866+0000] {processor.py:179} INFO - Processing /home/airflow/.local/lib/python3.8/site-packages/airflow/example_dags/example_time_delta_sensor_async.py took 0.156 seconds
[2023-10-24T13:52:30.317+0000] {processor.py:157} INFO - Started process (PID=883) to work on /home/airflow/.local/lib/python3.8/site-packages/airflow/example_dags/example_time_delta_sensor_async.py
[2023-10-24T13:52:30.318+0000] {processor.py:829} INFO - Processing file /home/airflow/.local/lib/python3.8/site-packages/airflow/example_dags/example_time_delta_sensor_async.py for tasks to queue
[2023-10-24T13:52:30.320+0000] {logging_mixin.py:151} INFO - [2023-10-24T13:52:30.320+0000] {dagbag.py:536} INFO - Filling up the DagBag from /home/airflow/.local/lib/python3.8/site-packages/airflow/example_dags/example_time_delta_sensor_async.py
[2023-10-24T13:52:30.324+0000] {processor.py:839} INFO - DAG(s) dict_keys(['example_time_delta_sensor_async']) retrieved from /home/airflow/.local/lib/python3.8/site-packages/airflow/example_dags/example_time_delta_sensor_async.py
[2023-10-24T13:52:30.350+0000] {logging_mixin.py:151} INFO - [2023-10-24T13:52:30.349+0000] {dag.py:2941} INFO - Sync 1 DAGs
[2023-10-24T13:52:30.369+0000] {logging_mixin.py:151} INFO - [2023-10-24T13:52:30.369+0000] {dag.py:3722} INFO - Setting next_dagrun for example_time_delta_sensor_async to None, run_after=None
[2023-10-24T13:52:30.383+0000] {processor.py:179} INFO - Processing /home/airflow/.local/lib/python3.8/site-packages/airflow/example_dags/example_time_delta_sensor_async.py took 0.068 seconds
[2023-10-24T13:53:00.865+0000] {processor.py:157} INFO - Started process (PID=939) to work on /home/airflow/.local/lib/python3.8/site-packages/airflow/example_dags/example_time_delta_sensor_async.py
[2023-10-24T13:53:00.873+0000] {processor.py:829} INFO - Processing file /home/airflow/.local/lib/python3.8/site-packages/airflow/example_dags/example_time_delta_sensor_async.py for tasks to queue
[2023-10-24T13:53:00.876+0000] {logging_mixin.py:151} INFO - [2023-10-24T13:53:00.876+0000] {dagbag.py:536} INFO - Filling up the DagBag from /home/airflow/.local/lib/python3.8/site-packages/airflow/example_dags/example_time_delta_sensor_async.py
[2023-10-24T13:53:00.891+0000] {processor.py:839} INFO - DAG(s) dict_keys(['example_time_delta_sensor_async']) retrieved from /home/airflow/.local/lib/python3.8/site-packages/airflow/example_dags/example_time_delta_sensor_async.py
[2023-10-24T13:53:00.914+0000] {logging_mixin.py:151} INFO - [2023-10-24T13:53:00.914+0000] {dag.py:2941} INFO - Sync 1 DAGs
[2023-10-24T13:53:00.921+0000] {logging_mixin.py:151} INFO - [2023-10-24T13:53:00.921+0000] {dag.py:3722} INFO - Setting next_dagrun for example_time_delta_sensor_async to None, run_after=None
[2023-10-24T13:53:00.932+0000] {processor.py:179} INFO - Processing /home/airflow/.local/lib/python3.8/site-packages/airflow/example_dags/example_time_delta_sensor_async.py took 0.071 seconds
[2023-10-24T13:53:31.530+0000] {processor.py:157} INFO - Started process (PID=995) to work on /home/airflow/.local/lib/python3.8/site-packages/airflow/example_dags/example_time_delta_sensor_async.py
[2023-10-24T13:53:31.533+0000] {processor.py:829} INFO - Processing file /home/airflow/.local/lib/python3.8/site-packages/airflow/example_dags/example_time_delta_sensor_async.py for tasks to queue
[2023-10-24T13:53:31.542+0000] {logging_mixin.py:151} INFO - [2023-10-24T13:53:31.541+0000] {dagbag.py:536} INFO - Filling up the DagBag from /home/airflow/.local/lib/python3.8/site-packages/airflow/example_dags/example_time_delta_sensor_async.py
[2023-10-24T13:53:31.575+0000] {processor.py:839} INFO - DAG(s) dict_keys(['example_time_delta_sensor_async']) retrieved from /home/airflow/.local/lib/python3.8/site-packages/airflow/example_dags/example_time_delta_sensor_async.py
[2023-10-24T13:53:31.745+0000] {logging_mixin.py:151} INFO - [2023-10-24T13:53:31.744+0000] {dag.py:2941} INFO - Sync 1 DAGs
[2023-10-24T13:53:31.760+0000] {logging_mixin.py:151} INFO - [2023-10-24T13:53:31.760+0000] {dag.py:3722} INFO - Setting next_dagrun for example_time_delta_sensor_async to None, run_after=None
[2023-10-24T13:53:31.805+0000] {processor.py:179} INFO - Processing /home/airflow/.local/lib/python3.8/site-packages/airflow/example_dags/example_time_delta_sensor_async.py took 0.288 seconds
