[2023-10-24T13:44:54.500+0000] {processor.py:157} INFO - Started process (PID=82) to work on /home/airflow/.local/lib/python3.8/site-packages/airflow/example_dags/example_setup_teardown.py
[2023-10-24T13:44:54.501+0000] {processor.py:829} INFO - Processing file /home/airflow/.local/lib/python3.8/site-packages/airflow/example_dags/example_setup_teardown.py for tasks to queue
[2023-10-24T13:44:54.503+0000] {logging_mixin.py:151} INFO - [2023-10-24T13:44:54.503+0000] {dagbag.py:536} INFO - Filling up the DagBag from /home/airflow/.local/lib/python3.8/site-packages/airflow/example_dags/example_setup_teardown.py
[2023-10-24T13:44:54.509+0000] {processor.py:839} INFO - DAG(s) dict_keys(['example_setup_teardown']) retrieved from /home/airflow/.local/lib/python3.8/site-packages/airflow/example_dags/example_setup_teardown.py
[2023-10-24T13:44:54.519+0000] {logging_mixin.py:151} INFO - [2023-10-24T13:44:54.518+0000] {dag.py:2941} INFO - Sync 1 DAGs
[2023-10-24T13:44:54.537+0000] {logging_mixin.py:151} INFO - [2023-10-24T13:44:54.536+0000] {dag.py:3722} INFO - Setting next_dagrun for example_setup_teardown to 2023-10-23T13:44:54.536606+00:00, run_after=2023-10-24T13:44:54.536606+00:00
[2023-10-24T13:44:54.560+0000] {processor.py:179} INFO - Processing /home/airflow/.local/lib/python3.8/site-packages/airflow/example_dags/example_setup_teardown.py took 0.063 seconds
[2023-10-24T13:45:26.344+0000] {processor.py:157} INFO - Started process (PID=138) to work on /home/airflow/.local/lib/python3.8/site-packages/airflow/example_dags/example_setup_teardown.py
[2023-10-24T13:45:26.345+0000] {processor.py:829} INFO - Processing file /home/airflow/.local/lib/python3.8/site-packages/airflow/example_dags/example_setup_teardown.py for tasks to queue
[2023-10-24T13:45:26.347+0000] {logging_mixin.py:151} INFO - [2023-10-24T13:45:26.347+0000] {dagbag.py:536} INFO - Filling up the DagBag from /home/airflow/.local/lib/python3.8/site-packages/airflow/example_dags/example_setup_teardown.py
[2023-10-24T13:45:26.353+0000] {processor.py:839} INFO - DAG(s) dict_keys(['example_setup_teardown']) retrieved from /home/airflow/.local/lib/python3.8/site-packages/airflow/example_dags/example_setup_teardown.py
[2023-10-24T13:45:26.393+0000] {logging_mixin.py:151} INFO - [2023-10-24T13:45:26.392+0000] {dag.py:2941} INFO - Sync 1 DAGs
[2023-10-24T13:45:26.455+0000] {logging_mixin.py:151} INFO - [2023-10-24T13:45:26.454+0000] {dag.py:3722} INFO - Setting next_dagrun for example_setup_teardown to 2023-10-23T13:45:26.454199+00:00, run_after=2023-10-24T13:45:26.454199+00:00
[2023-10-24T13:45:26.507+0000] {processor.py:179} INFO - Processing /home/airflow/.local/lib/python3.8/site-packages/airflow/example_dags/example_setup_teardown.py took 0.168 seconds
[2023-10-24T13:45:57.561+0000] {processor.py:157} INFO - Started process (PID=194) to work on /home/airflow/.local/lib/python3.8/site-packages/airflow/example_dags/example_setup_teardown.py
[2023-10-24T13:45:57.562+0000] {processor.py:829} INFO - Processing file /home/airflow/.local/lib/python3.8/site-packages/airflow/example_dags/example_setup_teardown.py for tasks to queue
[2023-10-24T13:45:57.564+0000] {logging_mixin.py:151} INFO - [2023-10-24T13:45:57.564+0000] {dagbag.py:536} INFO - Filling up the DagBag from /home/airflow/.local/lib/python3.8/site-packages/airflow/example_dags/example_setup_teardown.py
[2023-10-24T13:45:57.569+0000] {processor.py:839} INFO - DAG(s) dict_keys(['example_setup_teardown']) retrieved from /home/airflow/.local/lib/python3.8/site-packages/airflow/example_dags/example_setup_teardown.py
[2023-10-24T13:45:57.586+0000] {logging_mixin.py:151} INFO - [2023-10-24T13:45:57.586+0000] {dag.py:2941} INFO - Sync 1 DAGs
[2023-10-24T13:45:57.602+0000] {logging_mixin.py:151} INFO - [2023-10-24T13:45:57.602+0000] {dag.py:3722} INFO - Setting next_dagrun for example_setup_teardown to 2023-10-23T13:45:57.602500+00:00, run_after=2023-10-24T13:45:57.602500+00:00
[2023-10-24T13:45:57.613+0000] {processor.py:179} INFO - Processing /home/airflow/.local/lib/python3.8/site-packages/airflow/example_dags/example_setup_teardown.py took 0.055 seconds
[2023-10-24T13:46:29.224+0000] {processor.py:157} INFO - Started process (PID=250) to work on /home/airflow/.local/lib/python3.8/site-packages/airflow/example_dags/example_setup_teardown.py
[2023-10-24T13:46:29.225+0000] {processor.py:829} INFO - Processing file /home/airflow/.local/lib/python3.8/site-packages/airflow/example_dags/example_setup_teardown.py for tasks to queue
[2023-10-24T13:46:29.227+0000] {logging_mixin.py:151} INFO - [2023-10-24T13:46:29.227+0000] {dagbag.py:536} INFO - Filling up the DagBag from /home/airflow/.local/lib/python3.8/site-packages/airflow/example_dags/example_setup_teardown.py
[2023-10-24T13:46:29.232+0000] {processor.py:839} INFO - DAG(s) dict_keys(['example_setup_teardown']) retrieved from /home/airflow/.local/lib/python3.8/site-packages/airflow/example_dags/example_setup_teardown.py
[2023-10-24T13:46:29.247+0000] {logging_mixin.py:151} INFO - [2023-10-24T13:46:29.247+0000] {dag.py:2941} INFO - Sync 1 DAGs
[2023-10-24T13:46:29.261+0000] {logging_mixin.py:151} INFO - [2023-10-24T13:46:29.261+0000] {dag.py:3722} INFO - Setting next_dagrun for example_setup_teardown to 2023-10-23T13:46:29.261389+00:00, run_after=2023-10-24T13:46:29.261389+00:00
[2023-10-24T13:46:29.271+0000] {processor.py:179} INFO - Processing /home/airflow/.local/lib/python3.8/site-packages/airflow/example_dags/example_setup_teardown.py took 0.051 seconds
[2023-10-24T13:47:00.011+0000] {processor.py:157} INFO - Started process (PID=306) to work on /home/airflow/.local/lib/python3.8/site-packages/airflow/example_dags/example_setup_teardown.py
[2023-10-24T13:47:00.012+0000] {processor.py:829} INFO - Processing file /home/airflow/.local/lib/python3.8/site-packages/airflow/example_dags/example_setup_teardown.py for tasks to queue
[2023-10-24T13:47:00.014+0000] {logging_mixin.py:151} INFO - [2023-10-24T13:47:00.014+0000] {dagbag.py:536} INFO - Filling up the DagBag from /home/airflow/.local/lib/python3.8/site-packages/airflow/example_dags/example_setup_teardown.py
[2023-10-24T13:47:00.020+0000] {processor.py:839} INFO - DAG(s) dict_keys(['example_setup_teardown']) retrieved from /home/airflow/.local/lib/python3.8/site-packages/airflow/example_dags/example_setup_teardown.py
[2023-10-24T13:47:00.036+0000] {logging_mixin.py:151} INFO - [2023-10-24T13:47:00.036+0000] {dag.py:2941} INFO - Sync 1 DAGs
[2023-10-24T13:47:00.050+0000] {logging_mixin.py:151} INFO - [2023-10-24T13:47:00.050+0000] {dag.py:3722} INFO - Setting next_dagrun for example_setup_teardown to 2023-10-23T13:47:00.050184+00:00, run_after=2023-10-24T13:47:00.050184+00:00
[2023-10-24T13:47:00.061+0000] {processor.py:179} INFO - Processing /home/airflow/.local/lib/python3.8/site-packages/airflow/example_dags/example_setup_teardown.py took 0.053 seconds
[2023-10-24T13:47:32.036+0000] {processor.py:157} INFO - Started process (PID=362) to work on /home/airflow/.local/lib/python3.8/site-packages/airflow/example_dags/example_setup_teardown.py
[2023-10-24T13:47:32.037+0000] {processor.py:829} INFO - Processing file /home/airflow/.local/lib/python3.8/site-packages/airflow/example_dags/example_setup_teardown.py for tasks to queue
[2023-10-24T13:47:32.039+0000] {logging_mixin.py:151} INFO - [2023-10-24T13:47:32.039+0000] {dagbag.py:536} INFO - Filling up the DagBag from /home/airflow/.local/lib/python3.8/site-packages/airflow/example_dags/example_setup_teardown.py
[2023-10-24T13:47:32.046+0000] {processor.py:839} INFO - DAG(s) dict_keys(['example_setup_teardown']) retrieved from /home/airflow/.local/lib/python3.8/site-packages/airflow/example_dags/example_setup_teardown.py
[2023-10-24T13:47:32.069+0000] {logging_mixin.py:151} INFO - [2023-10-24T13:47:32.069+0000] {dag.py:2941} INFO - Sync 1 DAGs
[2023-10-24T13:47:32.225+0000] {logging_mixin.py:151} INFO - [2023-10-24T13:47:32.225+0000] {dag.py:3722} INFO - Setting next_dagrun for example_setup_teardown to 2023-10-23T13:47:32.224917+00:00, run_after=2023-10-24T13:47:32.224917+00:00
[2023-10-24T13:47:32.233+0000] {processor.py:179} INFO - Processing /home/airflow/.local/lib/python3.8/site-packages/airflow/example_dags/example_setup_teardown.py took 0.201 seconds
[2023-10-24T13:48:02.503+0000] {processor.py:157} INFO - Started process (PID=418) to work on /home/airflow/.local/lib/python3.8/site-packages/airflow/example_dags/example_setup_teardown.py
[2023-10-24T13:48:02.504+0000] {processor.py:829} INFO - Processing file /home/airflow/.local/lib/python3.8/site-packages/airflow/example_dags/example_setup_teardown.py for tasks to queue
[2023-10-24T13:48:02.506+0000] {logging_mixin.py:151} INFO - [2023-10-24T13:48:02.506+0000] {dagbag.py:536} INFO - Filling up the DagBag from /home/airflow/.local/lib/python3.8/site-packages/airflow/example_dags/example_setup_teardown.py
[2023-10-24T13:48:02.512+0000] {processor.py:839} INFO - DAG(s) dict_keys(['example_setup_teardown']) retrieved from /home/airflow/.local/lib/python3.8/site-packages/airflow/example_dags/example_setup_teardown.py
[2023-10-24T13:48:02.526+0000] {logging_mixin.py:151} INFO - [2023-10-24T13:48:02.525+0000] {dag.py:2941} INFO - Sync 1 DAGs
[2023-10-24T13:48:02.685+0000] {logging_mixin.py:151} INFO - [2023-10-24T13:48:02.685+0000] {dag.py:3722} INFO - Setting next_dagrun for example_setup_teardown to 2023-10-23T13:48:02.685663+00:00, run_after=2023-10-24T13:48:02.685663+00:00
[2023-10-24T13:48:02.695+0000] {processor.py:179} INFO - Processing /home/airflow/.local/lib/python3.8/site-packages/airflow/example_dags/example_setup_teardown.py took 0.195 seconds
[2023-10-24T13:48:33.450+0000] {processor.py:157} INFO - Started process (PID=474) to work on /home/airflow/.local/lib/python3.8/site-packages/airflow/example_dags/example_setup_teardown.py
[2023-10-24T13:48:33.451+0000] {processor.py:829} INFO - Processing file /home/airflow/.local/lib/python3.8/site-packages/airflow/example_dags/example_setup_teardown.py for tasks to queue
[2023-10-24T13:48:33.454+0000] {logging_mixin.py:151} INFO - [2023-10-24T13:48:33.454+0000] {dagbag.py:536} INFO - Filling up the DagBag from /home/airflow/.local/lib/python3.8/site-packages/airflow/example_dags/example_setup_teardown.py
[2023-10-24T13:48:33.471+0000] {processor.py:839} INFO - DAG(s) dict_keys(['example_setup_teardown']) retrieved from /home/airflow/.local/lib/python3.8/site-packages/airflow/example_dags/example_setup_teardown.py
[2023-10-24T13:48:33.494+0000] {logging_mixin.py:151} INFO - [2023-10-24T13:48:33.494+0000] {dag.py:2941} INFO - Sync 1 DAGs
[2023-10-24T13:48:33.727+0000] {logging_mixin.py:151} INFO - [2023-10-24T13:48:33.727+0000] {dag.py:3722} INFO - Setting next_dagrun for example_setup_teardown to 2023-10-23T13:48:33.727055+00:00, run_after=2023-10-24T13:48:33.727055+00:00
[2023-10-24T13:48:33.737+0000] {processor.py:179} INFO - Processing /home/airflow/.local/lib/python3.8/site-packages/airflow/example_dags/example_setup_teardown.py took 0.293 seconds
[2023-10-24T13:49:03.997+0000] {processor.py:157} INFO - Started process (PID=531) to work on /home/airflow/.local/lib/python3.8/site-packages/airflow/example_dags/example_setup_teardown.py
[2023-10-24T13:49:03.998+0000] {processor.py:829} INFO - Processing file /home/airflow/.local/lib/python3.8/site-packages/airflow/example_dags/example_setup_teardown.py for tasks to queue
[2023-10-24T13:49:04.000+0000] {logging_mixin.py:151} INFO - [2023-10-24T13:49:04.000+0000] {dagbag.py:536} INFO - Filling up the DagBag from /home/airflow/.local/lib/python3.8/site-packages/airflow/example_dags/example_setup_teardown.py
[2023-10-24T13:49:04.005+0000] {processor.py:839} INFO - DAG(s) dict_keys(['example_setup_teardown']) retrieved from /home/airflow/.local/lib/python3.8/site-packages/airflow/example_dags/example_setup_teardown.py
[2023-10-24T13:49:04.019+0000] {logging_mixin.py:151} INFO - [2023-10-24T13:49:04.019+0000] {dag.py:2941} INFO - Sync 1 DAGs
[2023-10-24T13:49:04.033+0000] {logging_mixin.py:151} INFO - [2023-10-24T13:49:04.033+0000] {dag.py:3722} INFO - Setting next_dagrun for example_setup_teardown to 2023-10-23T13:49:04.032843+00:00, run_after=2023-10-24T13:49:04.032843+00:00
[2023-10-24T13:49:04.041+0000] {processor.py:179} INFO - Processing /home/airflow/.local/lib/python3.8/site-packages/airflow/example_dags/example_setup_teardown.py took 0.047 seconds
[2023-10-24T13:49:34.442+0000] {processor.py:157} INFO - Started process (PID=586) to work on /home/airflow/.local/lib/python3.8/site-packages/airflow/example_dags/example_setup_teardown.py
[2023-10-24T13:49:34.442+0000] {processor.py:829} INFO - Processing file /home/airflow/.local/lib/python3.8/site-packages/airflow/example_dags/example_setup_teardown.py for tasks to queue
[2023-10-24T13:49:34.444+0000] {logging_mixin.py:151} INFO - [2023-10-24T13:49:34.444+0000] {dagbag.py:536} INFO - Filling up the DagBag from /home/airflow/.local/lib/python3.8/site-packages/airflow/example_dags/example_setup_teardown.py
[2023-10-24T13:49:34.448+0000] {processor.py:839} INFO - DAG(s) dict_keys(['example_setup_teardown']) retrieved from /home/airflow/.local/lib/python3.8/site-packages/airflow/example_dags/example_setup_teardown.py
[2023-10-24T13:49:34.464+0000] {logging_mixin.py:151} INFO - [2023-10-24T13:49:34.463+0000] {dag.py:2941} INFO - Sync 1 DAGs
[2023-10-24T13:49:34.477+0000] {logging_mixin.py:151} INFO - [2023-10-24T13:49:34.476+0000] {dag.py:3722} INFO - Setting next_dagrun for example_setup_teardown to 2023-10-23T13:49:34.476808+00:00, run_after=2023-10-24T13:49:34.476808+00:00
[2023-10-24T13:49:34.492+0000] {processor.py:179} INFO - Processing /home/airflow/.local/lib/python3.8/site-packages/airflow/example_dags/example_setup_teardown.py took 0.053 seconds
[2023-10-24T13:50:05.324+0000] {processor.py:157} INFO - Started process (PID=642) to work on /home/airflow/.local/lib/python3.8/site-packages/airflow/example_dags/example_setup_teardown.py
[2023-10-24T13:50:05.325+0000] {processor.py:829} INFO - Processing file /home/airflow/.local/lib/python3.8/site-packages/airflow/example_dags/example_setup_teardown.py for tasks to queue
[2023-10-24T13:50:05.327+0000] {logging_mixin.py:151} INFO - [2023-10-24T13:50:05.326+0000] {dagbag.py:536} INFO - Filling up the DagBag from /home/airflow/.local/lib/python3.8/site-packages/airflow/example_dags/example_setup_teardown.py
[2023-10-24T13:50:05.331+0000] {processor.py:839} INFO - DAG(s) dict_keys(['example_setup_teardown']) retrieved from /home/airflow/.local/lib/python3.8/site-packages/airflow/example_dags/example_setup_teardown.py
[2023-10-24T13:50:05.349+0000] {logging_mixin.py:151} INFO - [2023-10-24T13:50:05.349+0000] {dag.py:2941} INFO - Sync 1 DAGs
[2023-10-24T13:50:05.363+0000] {logging_mixin.py:151} INFO - [2023-10-24T13:50:05.363+0000] {dag.py:3722} INFO - Setting next_dagrun for example_setup_teardown to 2023-10-23T13:50:05.363577+00:00, run_after=2023-10-24T13:50:05.363577+00:00
[2023-10-24T13:50:05.380+0000] {processor.py:179} INFO - Processing /home/airflow/.local/lib/python3.8/site-packages/airflow/example_dags/example_setup_teardown.py took 0.059 seconds
[2023-10-24T13:50:35.896+0000] {processor.py:157} INFO - Started process (PID=698) to work on /home/airflow/.local/lib/python3.8/site-packages/airflow/example_dags/example_setup_teardown.py
[2023-10-24T13:50:35.897+0000] {processor.py:829} INFO - Processing file /home/airflow/.local/lib/python3.8/site-packages/airflow/example_dags/example_setup_teardown.py for tasks to queue
[2023-10-24T13:50:35.907+0000] {logging_mixin.py:151} INFO - [2023-10-24T13:50:35.906+0000] {dagbag.py:536} INFO - Filling up the DagBag from /home/airflow/.local/lib/python3.8/site-packages/airflow/example_dags/example_setup_teardown.py
[2023-10-24T13:50:35.926+0000] {processor.py:839} INFO - DAG(s) dict_keys(['example_setup_teardown']) retrieved from /home/airflow/.local/lib/python3.8/site-packages/airflow/example_dags/example_setup_teardown.py
[2023-10-24T13:50:35.951+0000] {logging_mixin.py:151} INFO - [2023-10-24T13:50:35.950+0000] {dag.py:2941} INFO - Sync 1 DAGs
[2023-10-24T13:50:35.963+0000] {logging_mixin.py:151} INFO - [2023-10-24T13:50:35.963+0000] {dag.py:3722} INFO - Setting next_dagrun for example_setup_teardown to 2023-10-23T13:50:35.963471+00:00, run_after=2023-10-24T13:50:35.963471+00:00
[2023-10-24T13:50:35.974+0000] {processor.py:179} INFO - Processing /home/airflow/.local/lib/python3.8/site-packages/airflow/example_dags/example_setup_teardown.py took 0.081 seconds
[2023-10-24T13:51:06.516+0000] {processor.py:157} INFO - Started process (PID=754) to work on /home/airflow/.local/lib/python3.8/site-packages/airflow/example_dags/example_setup_teardown.py
[2023-10-24T13:51:06.517+0000] {processor.py:829} INFO - Processing file /home/airflow/.local/lib/python3.8/site-packages/airflow/example_dags/example_setup_teardown.py for tasks to queue
[2023-10-24T13:51:06.519+0000] {logging_mixin.py:151} INFO - [2023-10-24T13:51:06.519+0000] {dagbag.py:536} INFO - Filling up the DagBag from /home/airflow/.local/lib/python3.8/site-packages/airflow/example_dags/example_setup_teardown.py
[2023-10-24T13:51:06.524+0000] {processor.py:839} INFO - DAG(s) dict_keys(['example_setup_teardown']) retrieved from /home/airflow/.local/lib/python3.8/site-packages/airflow/example_dags/example_setup_teardown.py
[2023-10-24T13:51:06.537+0000] {logging_mixin.py:151} INFO - [2023-10-24T13:51:06.536+0000] {dag.py:2941} INFO - Sync 1 DAGs
[2023-10-24T13:51:06.549+0000] {logging_mixin.py:151} INFO - [2023-10-24T13:51:06.549+0000] {dag.py:3722} INFO - Setting next_dagrun for example_setup_teardown to 2023-10-23T13:51:06.549535+00:00, run_after=2023-10-24T13:51:06.549535+00:00
[2023-10-24T13:51:06.561+0000] {processor.py:179} INFO - Processing /home/airflow/.local/lib/python3.8/site-packages/airflow/example_dags/example_setup_teardown.py took 0.048 seconds
[2023-10-24T13:51:37.033+0000] {processor.py:157} INFO - Started process (PID=810) to work on /home/airflow/.local/lib/python3.8/site-packages/airflow/example_dags/example_setup_teardown.py
[2023-10-24T13:51:37.034+0000] {processor.py:829} INFO - Processing file /home/airflow/.local/lib/python3.8/site-packages/airflow/example_dags/example_setup_teardown.py for tasks to queue
[2023-10-24T13:51:37.035+0000] {logging_mixin.py:151} INFO - [2023-10-24T13:51:37.035+0000] {dagbag.py:536} INFO - Filling up the DagBag from /home/airflow/.local/lib/python3.8/site-packages/airflow/example_dags/example_setup_teardown.py
[2023-10-24T13:51:37.040+0000] {processor.py:839} INFO - DAG(s) dict_keys(['example_setup_teardown']) retrieved from /home/airflow/.local/lib/python3.8/site-packages/airflow/example_dags/example_setup_teardown.py
[2023-10-24T13:51:37.055+0000] {logging_mixin.py:151} INFO - [2023-10-24T13:51:37.055+0000] {dag.py:2941} INFO - Sync 1 DAGs
[2023-10-24T13:51:37.067+0000] {logging_mixin.py:151} INFO - [2023-10-24T13:51:37.067+0000] {dag.py:3722} INFO - Setting next_dagrun for example_setup_teardown to 2023-10-23T13:51:37.066875+00:00, run_after=2023-10-24T13:51:37.066875+00:00
[2023-10-24T13:51:37.080+0000] {processor.py:179} INFO - Processing /home/airflow/.local/lib/python3.8/site-packages/airflow/example_dags/example_setup_teardown.py took 0.050 seconds
[2023-10-24T13:52:07.689+0000] {processor.py:157} INFO - Started process (PID=873) to work on /home/airflow/.local/lib/python3.8/site-packages/airflow/example_dags/example_setup_teardown.py
[2023-10-24T13:52:07.690+0000] {processor.py:829} INFO - Processing file /home/airflow/.local/lib/python3.8/site-packages/airflow/example_dags/example_setup_teardown.py for tasks to queue
[2023-10-24T13:52:07.692+0000] {logging_mixin.py:151} INFO - [2023-10-24T13:52:07.692+0000] {dagbag.py:536} INFO - Filling up the DagBag from /home/airflow/.local/lib/python3.8/site-packages/airflow/example_dags/example_setup_teardown.py
[2023-10-24T13:52:07.697+0000] {processor.py:839} INFO - DAG(s) dict_keys(['example_setup_teardown']) retrieved from /home/airflow/.local/lib/python3.8/site-packages/airflow/example_dags/example_setup_teardown.py
[2023-10-24T13:52:07.711+0000] {logging_mixin.py:151} INFO - [2023-10-24T13:52:07.711+0000] {dag.py:2941} INFO - Sync 1 DAGs
[2023-10-24T13:52:07.726+0000] {logging_mixin.py:151} INFO - [2023-10-24T13:52:07.726+0000] {dag.py:3722} INFO - Setting next_dagrun for example_setup_teardown to 2023-10-23T13:52:07.726417+00:00, run_after=2023-10-24T13:52:07.726417+00:00
[2023-10-24T13:52:07.745+0000] {processor.py:179} INFO - Processing /home/airflow/.local/lib/python3.8/site-packages/airflow/example_dags/example_setup_teardown.py took 0.059 seconds
[2023-10-24T13:52:38.185+0000] {processor.py:157} INFO - Started process (PID=929) to work on /home/airflow/.local/lib/python3.8/site-packages/airflow/example_dags/example_setup_teardown.py
[2023-10-24T13:52:38.186+0000] {processor.py:829} INFO - Processing file /home/airflow/.local/lib/python3.8/site-packages/airflow/example_dags/example_setup_teardown.py for tasks to queue
[2023-10-24T13:52:38.188+0000] {logging_mixin.py:151} INFO - [2023-10-24T13:52:38.188+0000] {dagbag.py:536} INFO - Filling up the DagBag from /home/airflow/.local/lib/python3.8/site-packages/airflow/example_dags/example_setup_teardown.py
[2023-10-24T13:52:38.192+0000] {processor.py:839} INFO - DAG(s) dict_keys(['example_setup_teardown']) retrieved from /home/airflow/.local/lib/python3.8/site-packages/airflow/example_dags/example_setup_teardown.py
[2023-10-24T13:52:38.209+0000] {logging_mixin.py:151} INFO - [2023-10-24T13:52:38.209+0000] {dag.py:2941} INFO - Sync 1 DAGs
[2023-10-24T13:52:38.225+0000] {logging_mixin.py:151} INFO - [2023-10-24T13:52:38.225+0000] {dag.py:3722} INFO - Setting next_dagrun for example_setup_teardown to 2023-10-23T13:52:38.224925+00:00, run_after=2023-10-24T13:52:38.224925+00:00
[2023-10-24T13:52:38.246+0000] {processor.py:179} INFO - Processing /home/airflow/.local/lib/python3.8/site-packages/airflow/example_dags/example_setup_teardown.py took 0.064 seconds
[2023-10-24T13:53:08.808+0000] {processor.py:157} INFO - Started process (PID=985) to work on /home/airflow/.local/lib/python3.8/site-packages/airflow/example_dags/example_setup_teardown.py
[2023-10-24T13:53:08.809+0000] {processor.py:829} INFO - Processing file /home/airflow/.local/lib/python3.8/site-packages/airflow/example_dags/example_setup_teardown.py for tasks to queue
[2023-10-24T13:53:08.811+0000] {logging_mixin.py:151} INFO - [2023-10-24T13:53:08.811+0000] {dagbag.py:536} INFO - Filling up the DagBag from /home/airflow/.local/lib/python3.8/site-packages/airflow/example_dags/example_setup_teardown.py
[2023-10-24T13:53:08.817+0000] {processor.py:839} INFO - DAG(s) dict_keys(['example_setup_teardown']) retrieved from /home/airflow/.local/lib/python3.8/site-packages/airflow/example_dags/example_setup_teardown.py
[2023-10-24T13:53:08.831+0000] {logging_mixin.py:151} INFO - [2023-10-24T13:53:08.831+0000] {dag.py:2941} INFO - Sync 1 DAGs
[2023-10-24T13:53:08.844+0000] {logging_mixin.py:151} INFO - [2023-10-24T13:53:08.843+0000] {dag.py:3722} INFO - Setting next_dagrun for example_setup_teardown to 2023-10-23T13:53:08.843717+00:00, run_after=2023-10-24T13:53:08.843717+00:00
[2023-10-24T13:53:08.855+0000] {processor.py:179} INFO - Processing /home/airflow/.local/lib/python3.8/site-packages/airflow/example_dags/example_setup_teardown.py took 0.050 seconds
[2023-10-24T13:53:40.369+0000] {processor.py:157} INFO - Started process (PID=1041) to work on /home/airflow/.local/lib/python3.8/site-packages/airflow/example_dags/example_setup_teardown.py
[2023-10-24T13:53:40.371+0000] {processor.py:829} INFO - Processing file /home/airflow/.local/lib/python3.8/site-packages/airflow/example_dags/example_setup_teardown.py for tasks to queue
[2023-10-24T13:53:40.374+0000] {logging_mixin.py:151} INFO - [2023-10-24T13:53:40.374+0000] {dagbag.py:536} INFO - Filling up the DagBag from /home/airflow/.local/lib/python3.8/site-packages/airflow/example_dags/example_setup_teardown.py
[2023-10-24T13:53:40.383+0000] {processor.py:839} INFO - DAG(s) dict_keys(['example_setup_teardown']) retrieved from /home/airflow/.local/lib/python3.8/site-packages/airflow/example_dags/example_setup_teardown.py
[2023-10-24T13:53:40.405+0000] {logging_mixin.py:151} INFO - [2023-10-24T13:53:40.405+0000] {dag.py:2941} INFO - Sync 1 DAGs
[2023-10-24T13:53:40.423+0000] {logging_mixin.py:151} INFO - [2023-10-24T13:53:40.423+0000] {dag.py:3722} INFO - Setting next_dagrun for example_setup_teardown to 2023-10-23T13:53:40.423313+00:00, run_after=2023-10-24T13:53:40.423313+00:00
[2023-10-24T13:53:40.437+0000] {processor.py:179} INFO - Processing /home/airflow/.local/lib/python3.8/site-packages/airflow/example_dags/example_setup_teardown.py took 0.073 seconds
