[2023-10-24T13:44:53.494+0000] {processor.py:157} INFO - Started process (PID=64) to work on /home/airflow/.local/lib/python3.8/site-packages/airflow/example_dags/example_dynamic_task_mapping_with_no_taskflow_operators.py
[2023-10-24T13:44:53.494+0000] {processor.py:829} INFO - Processing file /home/airflow/.local/lib/python3.8/site-packages/airflow/example_dags/example_dynamic_task_mapping_with_no_taskflow_operators.py for tasks to queue
[2023-10-24T13:44:53.496+0000] {logging_mixin.py:151} INFO - [2023-10-24T13:44:53.496+0000] {dagbag.py:536} INFO - Filling up the DagBag from /home/airflow/.local/lib/python3.8/site-packages/airflow/example_dags/example_dynamic_task_mapping_with_no_taskflow_operators.py
[2023-10-24T13:44:53.503+0000] {processor.py:839} INFO - DAG(s) dict_keys(['example_dynamic_task_mapping_with_no_taskflow_operators']) retrieved from /home/airflow/.local/lib/python3.8/site-packages/airflow/example_dags/example_dynamic_task_mapping_with_no_taskflow_operators.py
[2023-10-24T13:44:53.514+0000] {logging_mixin.py:151} INFO - [2023-10-24T13:44:53.514+0000] {dag.py:2941} INFO - Sync 1 DAGs
[2023-10-24T13:44:53.532+0000] {logging_mixin.py:151} INFO - [2023-10-24T13:44:53.532+0000] {dag.py:3722} INFO - Setting next_dagrun for example_dynamic_task_mapping_with_no_taskflow_operators to 2023-10-23T13:44:53.531895+00:00, run_after=2023-10-24T13:44:53.531895+00:00
[2023-10-24T13:44:53.545+0000] {processor.py:179} INFO - Processing /home/airflow/.local/lib/python3.8/site-packages/airflow/example_dags/example_dynamic_task_mapping_with_no_taskflow_operators.py took 0.055 seconds
[2023-10-24T13:45:24.490+0000] {processor.py:157} INFO - Started process (PID=120) to work on /home/airflow/.local/lib/python3.8/site-packages/airflow/example_dags/example_dynamic_task_mapping_with_no_taskflow_operators.py
[2023-10-24T13:45:24.491+0000] {processor.py:829} INFO - Processing file /home/airflow/.local/lib/python3.8/site-packages/airflow/example_dags/example_dynamic_task_mapping_with_no_taskflow_operators.py for tasks to queue
[2023-10-24T13:45:24.493+0000] {logging_mixin.py:151} INFO - [2023-10-24T13:45:24.493+0000] {dagbag.py:536} INFO - Filling up the DagBag from /home/airflow/.local/lib/python3.8/site-packages/airflow/example_dags/example_dynamic_task_mapping_with_no_taskflow_operators.py
[2023-10-24T13:45:24.500+0000] {processor.py:839} INFO - DAG(s) dict_keys(['example_dynamic_task_mapping_with_no_taskflow_operators']) retrieved from /home/airflow/.local/lib/python3.8/site-packages/airflow/example_dags/example_dynamic_task_mapping_with_no_taskflow_operators.py
[2023-10-24T13:45:24.521+0000] {logging_mixin.py:151} INFO - [2023-10-24T13:45:24.521+0000] {dag.py:2941} INFO - Sync 1 DAGs
[2023-10-24T13:45:24.551+0000] {logging_mixin.py:151} INFO - [2023-10-24T13:45:24.551+0000] {dag.py:3722} INFO - Setting next_dagrun for example_dynamic_task_mapping_with_no_taskflow_operators to 2023-10-23T13:45:24.550426+00:00, run_after=2023-10-24T13:45:24.550426+00:00
[2023-10-24T13:45:24.566+0000] {processor.py:179} INFO - Processing /home/airflow/.local/lib/python3.8/site-packages/airflow/example_dags/example_dynamic_task_mapping_with_no_taskflow_operators.py took 0.079 seconds
[2023-10-24T13:45:55.319+0000] {processor.py:157} INFO - Started process (PID=175) to work on /home/airflow/.local/lib/python3.8/site-packages/airflow/example_dags/example_dynamic_task_mapping_with_no_taskflow_operators.py
[2023-10-24T13:45:55.321+0000] {processor.py:829} INFO - Processing file /home/airflow/.local/lib/python3.8/site-packages/airflow/example_dags/example_dynamic_task_mapping_with_no_taskflow_operators.py for tasks to queue
[2023-10-24T13:45:55.325+0000] {logging_mixin.py:151} INFO - [2023-10-24T13:45:55.324+0000] {dagbag.py:536} INFO - Filling up the DagBag from /home/airflow/.local/lib/python3.8/site-packages/airflow/example_dags/example_dynamic_task_mapping_with_no_taskflow_operators.py
[2023-10-24T13:45:55.340+0000] {processor.py:839} INFO - DAG(s) dict_keys(['example_dynamic_task_mapping_with_no_taskflow_operators']) retrieved from /home/airflow/.local/lib/python3.8/site-packages/airflow/example_dags/example_dynamic_task_mapping_with_no_taskflow_operators.py
[2023-10-24T13:45:55.365+0000] {logging_mixin.py:151} INFO - [2023-10-24T13:45:55.365+0000] {dag.py:2941} INFO - Sync 1 DAGs
[2023-10-24T13:45:55.386+0000] {logging_mixin.py:151} INFO - [2023-10-24T13:45:55.386+0000] {dag.py:3722} INFO - Setting next_dagrun for example_dynamic_task_mapping_with_no_taskflow_operators to 2023-10-23T13:45:55.386204+00:00, run_after=2023-10-24T13:45:55.386204+00:00
[2023-10-24T13:45:55.401+0000] {processor.py:179} INFO - Processing /home/airflow/.local/lib/python3.8/site-packages/airflow/example_dags/example_dynamic_task_mapping_with_no_taskflow_operators.py took 0.089 seconds
[2023-10-24T13:46:25.693+0000] {processor.py:157} INFO - Started process (PID=231) to work on /home/airflow/.local/lib/python3.8/site-packages/airflow/example_dags/example_dynamic_task_mapping_with_no_taskflow_operators.py
[2023-10-24T13:46:25.697+0000] {processor.py:829} INFO - Processing file /home/airflow/.local/lib/python3.8/site-packages/airflow/example_dags/example_dynamic_task_mapping_with_no_taskflow_operators.py for tasks to queue
[2023-10-24T13:46:25.705+0000] {logging_mixin.py:151} INFO - [2023-10-24T13:46:25.705+0000] {dagbag.py:536} INFO - Filling up the DagBag from /home/airflow/.local/lib/python3.8/site-packages/airflow/example_dags/example_dynamic_task_mapping_with_no_taskflow_operators.py
[2023-10-24T13:46:25.726+0000] {processor.py:839} INFO - DAG(s) dict_keys(['example_dynamic_task_mapping_with_no_taskflow_operators']) retrieved from /home/airflow/.local/lib/python3.8/site-packages/airflow/example_dags/example_dynamic_task_mapping_with_no_taskflow_operators.py
[2023-10-24T13:46:25.748+0000] {logging_mixin.py:151} INFO - [2023-10-24T13:46:25.748+0000] {dag.py:2941} INFO - Sync 1 DAGs
[2023-10-24T13:46:25.764+0000] {logging_mixin.py:151} INFO - [2023-10-24T13:46:25.764+0000] {dag.py:3722} INFO - Setting next_dagrun for example_dynamic_task_mapping_with_no_taskflow_operators to 2023-10-23T13:46:25.764450+00:00, run_after=2023-10-24T13:46:25.764450+00:00
[2023-10-24T13:46:25.781+0000] {processor.py:179} INFO - Processing /home/airflow/.local/lib/python3.8/site-packages/airflow/example_dags/example_dynamic_task_mapping_with_no_taskflow_operators.py took 0.094 seconds
[2023-10-24T13:46:56.162+0000] {processor.py:157} INFO - Started process (PID=287) to work on /home/airflow/.local/lib/python3.8/site-packages/airflow/example_dags/example_dynamic_task_mapping_with_no_taskflow_operators.py
[2023-10-24T13:46:56.163+0000] {processor.py:829} INFO - Processing file /home/airflow/.local/lib/python3.8/site-packages/airflow/example_dags/example_dynamic_task_mapping_with_no_taskflow_operators.py for tasks to queue
[2023-10-24T13:46:56.165+0000] {logging_mixin.py:151} INFO - [2023-10-24T13:46:56.165+0000] {dagbag.py:536} INFO - Filling up the DagBag from /home/airflow/.local/lib/python3.8/site-packages/airflow/example_dags/example_dynamic_task_mapping_with_no_taskflow_operators.py
[2023-10-24T13:46:56.172+0000] {processor.py:839} INFO - DAG(s) dict_keys(['example_dynamic_task_mapping_with_no_taskflow_operators']) retrieved from /home/airflow/.local/lib/python3.8/site-packages/airflow/example_dags/example_dynamic_task_mapping_with_no_taskflow_operators.py
[2023-10-24T13:46:56.189+0000] {logging_mixin.py:151} INFO - [2023-10-24T13:46:56.189+0000] {dag.py:2941} INFO - Sync 1 DAGs
[2023-10-24T13:46:56.206+0000] {logging_mixin.py:151} INFO - [2023-10-24T13:46:56.206+0000] {dag.py:3722} INFO - Setting next_dagrun for example_dynamic_task_mapping_with_no_taskflow_operators to 2023-10-23T13:46:56.205922+00:00, run_after=2023-10-24T13:46:56.205922+00:00
[2023-10-24T13:46:56.218+0000] {processor.py:179} INFO - Processing /home/airflow/.local/lib/python3.8/site-packages/airflow/example_dags/example_dynamic_task_mapping_with_no_taskflow_operators.py took 0.059 seconds
[2023-10-24T13:47:26.679+0000] {processor.py:157} INFO - Started process (PID=343) to work on /home/airflow/.local/lib/python3.8/site-packages/airflow/example_dags/example_dynamic_task_mapping_with_no_taskflow_operators.py
[2023-10-24T13:47:26.681+0000] {processor.py:829} INFO - Processing file /home/airflow/.local/lib/python3.8/site-packages/airflow/example_dags/example_dynamic_task_mapping_with_no_taskflow_operators.py for tasks to queue
[2023-10-24T13:47:26.684+0000] {logging_mixin.py:151} INFO - [2023-10-24T13:47:26.683+0000] {dagbag.py:536} INFO - Filling up the DagBag from /home/airflow/.local/lib/python3.8/site-packages/airflow/example_dags/example_dynamic_task_mapping_with_no_taskflow_operators.py
[2023-10-24T13:47:26.690+0000] {processor.py:839} INFO - DAG(s) dict_keys(['example_dynamic_task_mapping_with_no_taskflow_operators']) retrieved from /home/airflow/.local/lib/python3.8/site-packages/airflow/example_dags/example_dynamic_task_mapping_with_no_taskflow_operators.py
[2023-10-24T13:47:26.708+0000] {logging_mixin.py:151} INFO - [2023-10-24T13:47:26.708+0000] {dag.py:2941} INFO - Sync 1 DAGs
[2023-10-24T13:47:26.722+0000] {logging_mixin.py:151} INFO - [2023-10-24T13:47:26.722+0000] {dag.py:3722} INFO - Setting next_dagrun for example_dynamic_task_mapping_with_no_taskflow_operators to 2023-10-23T13:47:26.722439+00:00, run_after=2023-10-24T13:47:26.722439+00:00
[2023-10-24T13:47:26.735+0000] {processor.py:179} INFO - Processing /home/airflow/.local/lib/python3.8/site-packages/airflow/example_dags/example_dynamic_task_mapping_with_no_taskflow_operators.py took 0.059 seconds
[2023-10-24T13:47:56.878+0000] {processor.py:157} INFO - Started process (PID=399) to work on /home/airflow/.local/lib/python3.8/site-packages/airflow/example_dags/example_dynamic_task_mapping_with_no_taskflow_operators.py
[2023-10-24T13:47:56.879+0000] {processor.py:829} INFO - Processing file /home/airflow/.local/lib/python3.8/site-packages/airflow/example_dags/example_dynamic_task_mapping_with_no_taskflow_operators.py for tasks to queue
[2023-10-24T13:47:56.883+0000] {logging_mixin.py:151} INFO - [2023-10-24T13:47:56.883+0000] {dagbag.py:536} INFO - Filling up the DagBag from /home/airflow/.local/lib/python3.8/site-packages/airflow/example_dags/example_dynamic_task_mapping_with_no_taskflow_operators.py
[2023-10-24T13:47:56.892+0000] {processor.py:839} INFO - DAG(s) dict_keys(['example_dynamic_task_mapping_with_no_taskflow_operators']) retrieved from /home/airflow/.local/lib/python3.8/site-packages/airflow/example_dags/example_dynamic_task_mapping_with_no_taskflow_operators.py
[2023-10-24T13:47:56.908+0000] {logging_mixin.py:151} INFO - [2023-10-24T13:47:56.908+0000] {dag.py:2941} INFO - Sync 1 DAGs
[2023-10-24T13:47:56.922+0000] {logging_mixin.py:151} INFO - [2023-10-24T13:47:56.921+0000] {dag.py:3722} INFO - Setting next_dagrun for example_dynamic_task_mapping_with_no_taskflow_operators to 2023-10-23T13:47:56.921751+00:00, run_after=2023-10-24T13:47:56.921751+00:00
[2023-10-24T13:47:56.933+0000] {processor.py:179} INFO - Processing /home/airflow/.local/lib/python3.8/site-packages/airflow/example_dags/example_dynamic_task_mapping_with_no_taskflow_operators.py took 0.060 seconds
[2023-10-24T13:48:27.130+0000] {processor.py:157} INFO - Started process (PID=455) to work on /home/airflow/.local/lib/python3.8/site-packages/airflow/example_dags/example_dynamic_task_mapping_with_no_taskflow_operators.py
[2023-10-24T13:48:27.133+0000] {processor.py:829} INFO - Processing file /home/airflow/.local/lib/python3.8/site-packages/airflow/example_dags/example_dynamic_task_mapping_with_no_taskflow_operators.py for tasks to queue
[2023-10-24T13:48:27.137+0000] {logging_mixin.py:151} INFO - [2023-10-24T13:48:27.137+0000] {dagbag.py:536} INFO - Filling up the DagBag from /home/airflow/.local/lib/python3.8/site-packages/airflow/example_dags/example_dynamic_task_mapping_with_no_taskflow_operators.py
[2023-10-24T13:48:27.148+0000] {processor.py:839} INFO - DAG(s) dict_keys(['example_dynamic_task_mapping_with_no_taskflow_operators']) retrieved from /home/airflow/.local/lib/python3.8/site-packages/airflow/example_dags/example_dynamic_task_mapping_with_no_taskflow_operators.py
[2023-10-24T13:48:27.183+0000] {logging_mixin.py:151} INFO - [2023-10-24T13:48:27.183+0000] {dag.py:2941} INFO - Sync 1 DAGs
[2023-10-24T13:48:27.202+0000] {logging_mixin.py:151} INFO - [2023-10-24T13:48:27.201+0000] {dag.py:3722} INFO - Setting next_dagrun for example_dynamic_task_mapping_with_no_taskflow_operators to 2023-10-23T13:48:27.201588+00:00, run_after=2023-10-24T13:48:27.201588+00:00
[2023-10-24T13:48:27.214+0000] {processor.py:179} INFO - Processing /home/airflow/.local/lib/python3.8/site-packages/airflow/example_dags/example_dynamic_task_mapping_with_no_taskflow_operators.py took 0.091 seconds
[2023-10-24T13:48:59.260+0000] {processor.py:157} INFO - Started process (PID=511) to work on /home/airflow/.local/lib/python3.8/site-packages/airflow/example_dags/example_dynamic_task_mapping_with_no_taskflow_operators.py
[2023-10-24T13:48:59.260+0000] {processor.py:829} INFO - Processing file /home/airflow/.local/lib/python3.8/site-packages/airflow/example_dags/example_dynamic_task_mapping_with_no_taskflow_operators.py for tasks to queue
[2023-10-24T13:48:59.262+0000] {logging_mixin.py:151} INFO - [2023-10-24T13:48:59.262+0000] {dagbag.py:536} INFO - Filling up the DagBag from /home/airflow/.local/lib/python3.8/site-packages/airflow/example_dags/example_dynamic_task_mapping_with_no_taskflow_operators.py
[2023-10-24T13:48:59.417+0000] {processor.py:839} INFO - DAG(s) dict_keys(['example_dynamic_task_mapping_with_no_taskflow_operators']) retrieved from /home/airflow/.local/lib/python3.8/site-packages/airflow/example_dags/example_dynamic_task_mapping_with_no_taskflow_operators.py
[2023-10-24T13:48:59.429+0000] {logging_mixin.py:151} INFO - [2023-10-24T13:48:59.429+0000] {dag.py:2941} INFO - Sync 1 DAGs
[2023-10-24T13:48:59.440+0000] {logging_mixin.py:151} INFO - [2023-10-24T13:48:59.440+0000] {dag.py:3722} INFO - Setting next_dagrun for example_dynamic_task_mapping_with_no_taskflow_operators to 2023-10-23T13:48:59.440021+00:00, run_after=2023-10-24T13:48:59.440021+00:00
[2023-10-24T13:48:59.450+0000] {processor.py:179} INFO - Processing /home/airflow/.local/lib/python3.8/site-packages/airflow/example_dags/example_dynamic_task_mapping_with_no_taskflow_operators.py took 0.193 seconds
[2023-10-24T13:49:30.419+0000] {processor.py:157} INFO - Started process (PID=567) to work on /home/airflow/.local/lib/python3.8/site-packages/airflow/example_dags/example_dynamic_task_mapping_with_no_taskflow_operators.py
[2023-10-24T13:49:30.420+0000] {processor.py:829} INFO - Processing file /home/airflow/.local/lib/python3.8/site-packages/airflow/example_dags/example_dynamic_task_mapping_with_no_taskflow_operators.py for tasks to queue
[2023-10-24T13:49:30.423+0000] {logging_mixin.py:151} INFO - [2023-10-24T13:49:30.423+0000] {dagbag.py:536} INFO - Filling up the DagBag from /home/airflow/.local/lib/python3.8/site-packages/airflow/example_dags/example_dynamic_task_mapping_with_no_taskflow_operators.py
[2023-10-24T13:49:30.435+0000] {processor.py:839} INFO - DAG(s) dict_keys(['example_dynamic_task_mapping_with_no_taskflow_operators']) retrieved from /home/airflow/.local/lib/python3.8/site-packages/airflow/example_dags/example_dynamic_task_mapping_with_no_taskflow_operators.py
[2023-10-24T13:49:30.481+0000] {logging_mixin.py:151} INFO - [2023-10-24T13:49:30.481+0000] {dag.py:2941} INFO - Sync 1 DAGs
[2023-10-24T13:49:30.509+0000] {logging_mixin.py:151} INFO - [2023-10-24T13:49:30.509+0000] {dag.py:3722} INFO - Setting next_dagrun for example_dynamic_task_mapping_with_no_taskflow_operators to 2023-10-23T13:49:30.508885+00:00, run_after=2023-10-24T13:49:30.508885+00:00
[2023-10-24T13:49:30.525+0000] {processor.py:179} INFO - Processing /home/airflow/.local/lib/python3.8/site-packages/airflow/example_dags/example_dynamic_task_mapping_with_no_taskflow_operators.py took 0.110 seconds
[2023-10-24T13:50:00.851+0000] {processor.py:157} INFO - Started process (PID=623) to work on /home/airflow/.local/lib/python3.8/site-packages/airflow/example_dags/example_dynamic_task_mapping_with_no_taskflow_operators.py
[2023-10-24T13:50:00.854+0000] {processor.py:829} INFO - Processing file /home/airflow/.local/lib/python3.8/site-packages/airflow/example_dags/example_dynamic_task_mapping_with_no_taskflow_operators.py for tasks to queue
[2023-10-24T13:50:00.861+0000] {logging_mixin.py:151} INFO - [2023-10-24T13:50:00.861+0000] {dagbag.py:536} INFO - Filling up the DagBag from /home/airflow/.local/lib/python3.8/site-packages/airflow/example_dags/example_dynamic_task_mapping_with_no_taskflow_operators.py
[2023-10-24T13:50:00.887+0000] {processor.py:839} INFO - DAG(s) dict_keys(['example_dynamic_task_mapping_with_no_taskflow_operators']) retrieved from /home/airflow/.local/lib/python3.8/site-packages/airflow/example_dags/example_dynamic_task_mapping_with_no_taskflow_operators.py
[2023-10-24T13:50:00.933+0000] {logging_mixin.py:151} INFO - [2023-10-24T13:50:00.932+0000] {dag.py:2941} INFO - Sync 1 DAGs
[2023-10-24T13:50:00.965+0000] {logging_mixin.py:151} INFO - [2023-10-24T13:50:00.965+0000] {dag.py:3722} INFO - Setting next_dagrun for example_dynamic_task_mapping_with_no_taskflow_operators to 2023-10-23T13:50:00.964893+00:00, run_after=2023-10-24T13:50:00.964893+00:00
[2023-10-24T13:50:00.993+0000] {processor.py:179} INFO - Processing /home/airflow/.local/lib/python3.8/site-packages/airflow/example_dags/example_dynamic_task_mapping_with_no_taskflow_operators.py took 0.147 seconds
[2023-10-24T13:50:31.940+0000] {processor.py:157} INFO - Started process (PID=679) to work on /home/airflow/.local/lib/python3.8/site-packages/airflow/example_dags/example_dynamic_task_mapping_with_no_taskflow_operators.py
[2023-10-24T13:50:31.942+0000] {processor.py:829} INFO - Processing file /home/airflow/.local/lib/python3.8/site-packages/airflow/example_dags/example_dynamic_task_mapping_with_no_taskflow_operators.py for tasks to queue
[2023-10-24T13:50:31.946+0000] {logging_mixin.py:151} INFO - [2023-10-24T13:50:31.945+0000] {dagbag.py:536} INFO - Filling up the DagBag from /home/airflow/.local/lib/python3.8/site-packages/airflow/example_dags/example_dynamic_task_mapping_with_no_taskflow_operators.py
[2023-10-24T13:50:31.971+0000] {processor.py:839} INFO - DAG(s) dict_keys(['example_dynamic_task_mapping_with_no_taskflow_operators']) retrieved from /home/airflow/.local/lib/python3.8/site-packages/airflow/example_dags/example_dynamic_task_mapping_with_no_taskflow_operators.py
[2023-10-24T13:50:32.006+0000] {logging_mixin.py:151} INFO - [2023-10-24T13:50:32.006+0000] {dag.py:2941} INFO - Sync 1 DAGs
[2023-10-24T13:50:32.036+0000] {logging_mixin.py:151} INFO - [2023-10-24T13:50:32.036+0000] {dag.py:3722} INFO - Setting next_dagrun for example_dynamic_task_mapping_with_no_taskflow_operators to 2023-10-23T13:50:32.035620+00:00, run_after=2023-10-24T13:50:32.035620+00:00
[2023-10-24T13:50:32.059+0000] {processor.py:179} INFO - Processing /home/airflow/.local/lib/python3.8/site-packages/airflow/example_dags/example_dynamic_task_mapping_with_no_taskflow_operators.py took 0.123 seconds
[2023-10-24T13:51:02.519+0000] {processor.py:157} INFO - Started process (PID=735) to work on /home/airflow/.local/lib/python3.8/site-packages/airflow/example_dags/example_dynamic_task_mapping_with_no_taskflow_operators.py
[2023-10-24T13:51:02.520+0000] {processor.py:829} INFO - Processing file /home/airflow/.local/lib/python3.8/site-packages/airflow/example_dags/example_dynamic_task_mapping_with_no_taskflow_operators.py for tasks to queue
[2023-10-24T13:51:02.522+0000] {logging_mixin.py:151} INFO - [2023-10-24T13:51:02.522+0000] {dagbag.py:536} INFO - Filling up the DagBag from /home/airflow/.local/lib/python3.8/site-packages/airflow/example_dags/example_dynamic_task_mapping_with_no_taskflow_operators.py
[2023-10-24T13:51:02.530+0000] {processor.py:839} INFO - DAG(s) dict_keys(['example_dynamic_task_mapping_with_no_taskflow_operators']) retrieved from /home/airflow/.local/lib/python3.8/site-packages/airflow/example_dags/example_dynamic_task_mapping_with_no_taskflow_operators.py
[2023-10-24T13:51:02.555+0000] {logging_mixin.py:151} INFO - [2023-10-24T13:51:02.555+0000] {dag.py:2941} INFO - Sync 1 DAGs
[2023-10-24T13:51:02.577+0000] {logging_mixin.py:151} INFO - [2023-10-24T13:51:02.577+0000] {dag.py:3722} INFO - Setting next_dagrun for example_dynamic_task_mapping_with_no_taskflow_operators to 2023-10-23T13:51:02.577249+00:00, run_after=2023-10-24T13:51:02.577249+00:00
[2023-10-24T13:51:02.593+0000] {processor.py:179} INFO - Processing /home/airflow/.local/lib/python3.8/site-packages/airflow/example_dags/example_dynamic_task_mapping_with_no_taskflow_operators.py took 0.077 seconds
[2023-10-24T13:51:33.032+0000] {processor.py:157} INFO - Started process (PID=791) to work on /home/airflow/.local/lib/python3.8/site-packages/airflow/example_dags/example_dynamic_task_mapping_with_no_taskflow_operators.py
[2023-10-24T13:51:33.033+0000] {processor.py:829} INFO - Processing file /home/airflow/.local/lib/python3.8/site-packages/airflow/example_dags/example_dynamic_task_mapping_with_no_taskflow_operators.py for tasks to queue
[2023-10-24T13:51:33.036+0000] {logging_mixin.py:151} INFO - [2023-10-24T13:51:33.036+0000] {dagbag.py:536} INFO - Filling up the DagBag from /home/airflow/.local/lib/python3.8/site-packages/airflow/example_dags/example_dynamic_task_mapping_with_no_taskflow_operators.py
[2023-10-24T13:51:33.044+0000] {processor.py:839} INFO - DAG(s) dict_keys(['example_dynamic_task_mapping_with_no_taskflow_operators']) retrieved from /home/airflow/.local/lib/python3.8/site-packages/airflow/example_dags/example_dynamic_task_mapping_with_no_taskflow_operators.py
[2023-10-24T13:51:33.062+0000] {logging_mixin.py:151} INFO - [2023-10-24T13:51:33.062+0000] {dag.py:2941} INFO - Sync 1 DAGs
[2023-10-24T13:51:33.077+0000] {logging_mixin.py:151} INFO - [2023-10-24T13:51:33.077+0000] {dag.py:3722} INFO - Setting next_dagrun for example_dynamic_task_mapping_with_no_taskflow_operators to 2023-10-23T13:51:33.077501+00:00, run_after=2023-10-24T13:51:33.077501+00:00
[2023-10-24T13:51:33.093+0000] {processor.py:179} INFO - Processing /home/airflow/.local/lib/python3.8/site-packages/airflow/example_dags/example_dynamic_task_mapping_with_no_taskflow_operators.py took 0.065 seconds
[2023-10-24T13:52:03.549+0000] {processor.py:157} INFO - Started process (PID=847) to work on /home/airflow/.local/lib/python3.8/site-packages/airflow/example_dags/example_dynamic_task_mapping_with_no_taskflow_operators.py
[2023-10-24T13:52:03.550+0000] {processor.py:829} INFO - Processing file /home/airflow/.local/lib/python3.8/site-packages/airflow/example_dags/example_dynamic_task_mapping_with_no_taskflow_operators.py for tasks to queue
[2023-10-24T13:52:03.554+0000] {logging_mixin.py:151} INFO - [2023-10-24T13:52:03.553+0000] {dagbag.py:536} INFO - Filling up the DagBag from /home/airflow/.local/lib/python3.8/site-packages/airflow/example_dags/example_dynamic_task_mapping_with_no_taskflow_operators.py
[2023-10-24T13:52:03.568+0000] {processor.py:839} INFO - DAG(s) dict_keys(['example_dynamic_task_mapping_with_no_taskflow_operators']) retrieved from /home/airflow/.local/lib/python3.8/site-packages/airflow/example_dags/example_dynamic_task_mapping_with_no_taskflow_operators.py
[2023-10-24T13:52:03.604+0000] {logging_mixin.py:151} INFO - [2023-10-24T13:52:03.604+0000] {dag.py:2941} INFO - Sync 1 DAGs
[2023-10-24T13:52:03.623+0000] {logging_mixin.py:151} INFO - [2023-10-24T13:52:03.623+0000] {dag.py:3722} INFO - Setting next_dagrun for example_dynamic_task_mapping_with_no_taskflow_operators to 2023-10-23T13:52:03.622982+00:00, run_after=2023-10-24T13:52:03.622982+00:00
[2023-10-24T13:52:03.647+0000] {processor.py:179} INFO - Processing /home/airflow/.local/lib/python3.8/site-packages/airflow/example_dags/example_dynamic_task_mapping_with_no_taskflow_operators.py took 0.103 seconds
[2023-10-24T13:52:34.250+0000] {processor.py:157} INFO - Started process (PID=903) to work on /home/airflow/.local/lib/python3.8/site-packages/airflow/example_dags/example_dynamic_task_mapping_with_no_taskflow_operators.py
[2023-10-24T13:52:34.252+0000] {processor.py:829} INFO - Processing file /home/airflow/.local/lib/python3.8/site-packages/airflow/example_dags/example_dynamic_task_mapping_with_no_taskflow_operators.py for tasks to queue
[2023-10-24T13:52:34.254+0000] {logging_mixin.py:151} INFO - [2023-10-24T13:52:34.254+0000] {dagbag.py:536} INFO - Filling up the DagBag from /home/airflow/.local/lib/python3.8/site-packages/airflow/example_dags/example_dynamic_task_mapping_with_no_taskflow_operators.py
[2023-10-24T13:52:34.262+0000] {processor.py:839} INFO - DAG(s) dict_keys(['example_dynamic_task_mapping_with_no_taskflow_operators']) retrieved from /home/airflow/.local/lib/python3.8/site-packages/airflow/example_dags/example_dynamic_task_mapping_with_no_taskflow_operators.py
[2023-10-24T13:52:34.279+0000] {logging_mixin.py:151} INFO - [2023-10-24T13:52:34.279+0000] {dag.py:2941} INFO - Sync 1 DAGs
[2023-10-24T13:52:34.293+0000] {logging_mixin.py:151} INFO - [2023-10-24T13:52:34.293+0000] {dag.py:3722} INFO - Setting next_dagrun for example_dynamic_task_mapping_with_no_taskflow_operators to 2023-10-23T13:52:34.293314+00:00, run_after=2023-10-24T13:52:34.293314+00:00
[2023-10-24T13:52:34.305+0000] {processor.py:179} INFO - Processing /home/airflow/.local/lib/python3.8/site-packages/airflow/example_dags/example_dynamic_task_mapping_with_no_taskflow_operators.py took 0.059 seconds
[2023-10-24T13:53:04.730+0000] {processor.py:157} INFO - Started process (PID=959) to work on /home/airflow/.local/lib/python3.8/site-packages/airflow/example_dags/example_dynamic_task_mapping_with_no_taskflow_operators.py
[2023-10-24T13:53:04.731+0000] {processor.py:829} INFO - Processing file /home/airflow/.local/lib/python3.8/site-packages/airflow/example_dags/example_dynamic_task_mapping_with_no_taskflow_operators.py for tasks to queue
[2023-10-24T13:53:04.734+0000] {logging_mixin.py:151} INFO - [2023-10-24T13:53:04.734+0000] {dagbag.py:536} INFO - Filling up the DagBag from /home/airflow/.local/lib/python3.8/site-packages/airflow/example_dags/example_dynamic_task_mapping_with_no_taskflow_operators.py
[2023-10-24T13:53:04.746+0000] {processor.py:839} INFO - DAG(s) dict_keys(['example_dynamic_task_mapping_with_no_taskflow_operators']) retrieved from /home/airflow/.local/lib/python3.8/site-packages/airflow/example_dags/example_dynamic_task_mapping_with_no_taskflow_operators.py
[2023-10-24T13:53:04.772+0000] {logging_mixin.py:151} INFO - [2023-10-24T13:53:04.772+0000] {dag.py:2941} INFO - Sync 1 DAGs
[2023-10-24T13:53:04.792+0000] {logging_mixin.py:151} INFO - [2023-10-24T13:53:04.792+0000] {dag.py:3722} INFO - Setting next_dagrun for example_dynamic_task_mapping_with_no_taskflow_operators to 2023-10-23T13:53:04.792415+00:00, run_after=2023-10-24T13:53:04.792415+00:00
[2023-10-24T13:53:04.814+0000] {processor.py:179} INFO - Processing /home/airflow/.local/lib/python3.8/site-packages/airflow/example_dags/example_dynamic_task_mapping_with_no_taskflow_operators.py took 0.087 seconds
[2023-10-24T13:53:35.354+0000] {processor.py:157} INFO - Started process (PID=1015) to work on /home/airflow/.local/lib/python3.8/site-packages/airflow/example_dags/example_dynamic_task_mapping_with_no_taskflow_operators.py
[2023-10-24T13:53:35.355+0000] {processor.py:829} INFO - Processing file /home/airflow/.local/lib/python3.8/site-packages/airflow/example_dags/example_dynamic_task_mapping_with_no_taskflow_operators.py for tasks to queue
[2023-10-24T13:53:35.360+0000] {logging_mixin.py:151} INFO - [2023-10-24T13:53:35.359+0000] {dagbag.py:536} INFO - Filling up the DagBag from /home/airflow/.local/lib/python3.8/site-packages/airflow/example_dags/example_dynamic_task_mapping_with_no_taskflow_operators.py
[2023-10-24T13:53:35.397+0000] {processor.py:839} INFO - DAG(s) dict_keys(['example_dynamic_task_mapping_with_no_taskflow_operators']) retrieved from /home/airflow/.local/lib/python3.8/site-packages/airflow/example_dags/example_dynamic_task_mapping_with_no_taskflow_operators.py
[2023-10-24T13:53:35.479+0000] {logging_mixin.py:151} INFO - [2023-10-24T13:53:35.479+0000] {dag.py:2941} INFO - Sync 1 DAGs
[2023-10-24T13:53:35.501+0000] {logging_mixin.py:151} INFO - [2023-10-24T13:53:35.501+0000] {dag.py:3722} INFO - Setting next_dagrun for example_dynamic_task_mapping_with_no_taskflow_operators to 2023-10-23T13:53:35.501219+00:00, run_after=2023-10-24T13:53:35.501219+00:00
[2023-10-24T13:53:35.520+0000] {processor.py:179} INFO - Processing /home/airflow/.local/lib/python3.8/site-packages/airflow/example_dags/example_dynamic_task_mapping_with_no_taskflow_operators.py took 0.171 seconds
