[2023-10-24T13:44:53.699+0000] {processor.py:157} INFO - Started process (PID=68) to work on /home/airflow/.local/lib/python3.8/site-packages/airflow/example_dags/example_python_operator.py
[2023-10-24T13:44:53.702+0000] {processor.py:829} INFO - Processing file /home/airflow/.local/lib/python3.8/site-packages/airflow/example_dags/example_python_operator.py for tasks to queue
[2023-10-24T13:44:53.708+0000] {logging_mixin.py:151} INFO - [2023-10-24T13:44:53.707+0000] {dagbag.py:536} INFO - Filling up the DagBag from /home/airflow/.local/lib/python3.8/site-packages/airflow/example_dags/example_python_operator.py
[2023-10-24T13:44:53.727+0000] {processor.py:839} INFO - DAG(s) dict_keys(['example_python_operator']) retrieved from /home/airflow/.local/lib/python3.8/site-packages/airflow/example_dags/example_python_operator.py
[2023-10-24T13:44:53.742+0000] {logging_mixin.py:151} INFO - [2023-10-24T13:44:53.742+0000] {dag.py:2941} INFO - Sync 1 DAGs
[2023-10-24T13:44:53.755+0000] {logging_mixin.py:151} INFO - [2023-10-24T13:44:53.755+0000] {dag.py:3722} INFO - Setting next_dagrun for example_python_operator to None, run_after=None
[2023-10-24T13:44:53.773+0000] {processor.py:179} INFO - Processing /home/airflow/.local/lib/python3.8/site-packages/airflow/example_dags/example_python_operator.py took 0.084 seconds
[2023-10-24T13:45:24.868+0000] {processor.py:157} INFO - Started process (PID=124) to work on /home/airflow/.local/lib/python3.8/site-packages/airflow/example_dags/example_python_operator.py
[2023-10-24T13:45:24.869+0000] {processor.py:829} INFO - Processing file /home/airflow/.local/lib/python3.8/site-packages/airflow/example_dags/example_python_operator.py for tasks to queue
[2023-10-24T13:45:24.872+0000] {logging_mixin.py:151} INFO - [2023-10-24T13:45:24.871+0000] {dagbag.py:536} INFO - Filling up the DagBag from /home/airflow/.local/lib/python3.8/site-packages/airflow/example_dags/example_python_operator.py
[2023-10-24T13:45:24.883+0000] {processor.py:839} INFO - DAG(s) dict_keys(['example_python_operator']) retrieved from /home/airflow/.local/lib/python3.8/site-packages/airflow/example_dags/example_python_operator.py
[2023-10-24T13:45:25.030+0000] {logging_mixin.py:151} INFO - [2023-10-24T13:45:25.030+0000] {dag.py:2941} INFO - Sync 1 DAGs
[2023-10-24T13:45:25.538+0000] {logging_mixin.py:151} INFO - [2023-10-24T13:45:25.538+0000] {dag.py:3722} INFO - Setting next_dagrun for example_python_operator to None, run_after=None
[2023-10-24T13:45:25.553+0000] {processor.py:179} INFO - Processing /home/airflow/.local/lib/python3.8/site-packages/airflow/example_dags/example_python_operator.py took 0.690 seconds
[2023-10-24T13:45:55.604+0000] {processor.py:157} INFO - Started process (PID=179) to work on /home/airflow/.local/lib/python3.8/site-packages/airflow/example_dags/example_python_operator.py
[2023-10-24T13:45:55.608+0000] {processor.py:829} INFO - Processing file /home/airflow/.local/lib/python3.8/site-packages/airflow/example_dags/example_python_operator.py for tasks to queue
[2023-10-24T13:45:55.612+0000] {logging_mixin.py:151} INFO - [2023-10-24T13:45:55.612+0000] {dagbag.py:536} INFO - Filling up the DagBag from /home/airflow/.local/lib/python3.8/site-packages/airflow/example_dags/example_python_operator.py
[2023-10-24T13:45:55.628+0000] {processor.py:839} INFO - DAG(s) dict_keys(['example_python_operator']) retrieved from /home/airflow/.local/lib/python3.8/site-packages/airflow/example_dags/example_python_operator.py
[2023-10-24T13:45:55.652+0000] {logging_mixin.py:151} INFO - [2023-10-24T13:45:55.652+0000] {dag.py:2941} INFO - Sync 1 DAGs
[2023-10-24T13:45:55.660+0000] {logging_mixin.py:151} INFO - [2023-10-24T13:45:55.660+0000] {dag.py:3722} INFO - Setting next_dagrun for example_python_operator to None, run_after=None
[2023-10-24T13:45:55.674+0000] {processor.py:179} INFO - Processing /home/airflow/.local/lib/python3.8/site-packages/airflow/example_dags/example_python_operator.py took 0.079 seconds
[2023-10-24T13:46:25.912+0000] {processor.py:157} INFO - Started process (PID=235) to work on /home/airflow/.local/lib/python3.8/site-packages/airflow/example_dags/example_python_operator.py
[2023-10-24T13:46:25.913+0000] {processor.py:829} INFO - Processing file /home/airflow/.local/lib/python3.8/site-packages/airflow/example_dags/example_python_operator.py for tasks to queue
[2023-10-24T13:46:25.915+0000] {logging_mixin.py:151} INFO - [2023-10-24T13:46:25.915+0000] {dagbag.py:536} INFO - Filling up the DagBag from /home/airflow/.local/lib/python3.8/site-packages/airflow/example_dags/example_python_operator.py
[2023-10-24T13:46:25.925+0000] {processor.py:839} INFO - DAG(s) dict_keys(['example_python_operator']) retrieved from /home/airflow/.local/lib/python3.8/site-packages/airflow/example_dags/example_python_operator.py
[2023-10-24T13:46:25.946+0000] {logging_mixin.py:151} INFO - [2023-10-24T13:46:25.946+0000] {dag.py:2941} INFO - Sync 1 DAGs
[2023-10-24T13:46:25.956+0000] {logging_mixin.py:151} INFO - [2023-10-24T13:46:25.956+0000] {dag.py:3722} INFO - Setting next_dagrun for example_python_operator to None, run_after=None
[2023-10-24T13:46:25.970+0000] {processor.py:179} INFO - Processing /home/airflow/.local/lib/python3.8/site-packages/airflow/example_dags/example_python_operator.py took 0.061 seconds
[2023-10-24T13:46:56.319+0000] {processor.py:157} INFO - Started process (PID=291) to work on /home/airflow/.local/lib/python3.8/site-packages/airflow/example_dags/example_python_operator.py
[2023-10-24T13:46:56.320+0000] {processor.py:829} INFO - Processing file /home/airflow/.local/lib/python3.8/site-packages/airflow/example_dags/example_python_operator.py for tasks to queue
[2023-10-24T13:46:56.325+0000] {logging_mixin.py:151} INFO - [2023-10-24T13:46:56.325+0000] {dagbag.py:536} INFO - Filling up the DagBag from /home/airflow/.local/lib/python3.8/site-packages/airflow/example_dags/example_python_operator.py
[2023-10-24T13:46:56.336+0000] {processor.py:839} INFO - DAG(s) dict_keys(['example_python_operator']) retrieved from /home/airflow/.local/lib/python3.8/site-packages/airflow/example_dags/example_python_operator.py
[2023-10-24T13:46:56.354+0000] {logging_mixin.py:151} INFO - [2023-10-24T13:46:56.354+0000] {dag.py:2941} INFO - Sync 1 DAGs
[2023-10-24T13:46:56.363+0000] {logging_mixin.py:151} INFO - [2023-10-24T13:46:56.363+0000] {dag.py:3722} INFO - Setting next_dagrun for example_python_operator to None, run_after=None
[2023-10-24T13:46:56.375+0000] {processor.py:179} INFO - Processing /home/airflow/.local/lib/python3.8/site-packages/airflow/example_dags/example_python_operator.py took 0.059 seconds
[2023-10-24T13:47:26.863+0000] {processor.py:157} INFO - Started process (PID=347) to work on /home/airflow/.local/lib/python3.8/site-packages/airflow/example_dags/example_python_operator.py
[2023-10-24T13:47:26.864+0000] {processor.py:829} INFO - Processing file /home/airflow/.local/lib/python3.8/site-packages/airflow/example_dags/example_python_operator.py for tasks to queue
[2023-10-24T13:47:26.865+0000] {logging_mixin.py:151} INFO - [2023-10-24T13:47:26.865+0000] {dagbag.py:536} INFO - Filling up the DagBag from /home/airflow/.local/lib/python3.8/site-packages/airflow/example_dags/example_python_operator.py
[2023-10-24T13:47:26.874+0000] {processor.py:839} INFO - DAG(s) dict_keys(['example_python_operator']) retrieved from /home/airflow/.local/lib/python3.8/site-packages/airflow/example_dags/example_python_operator.py
[2023-10-24T13:47:26.891+0000] {logging_mixin.py:151} INFO - [2023-10-24T13:47:26.891+0000] {dag.py:2941} INFO - Sync 1 DAGs
[2023-10-24T13:47:26.903+0000] {logging_mixin.py:151} INFO - [2023-10-24T13:47:26.903+0000] {dag.py:3722} INFO - Setting next_dagrun for example_python_operator to None, run_after=None
[2023-10-24T13:47:26.927+0000] {processor.py:179} INFO - Processing /home/airflow/.local/lib/python3.8/site-packages/airflow/example_dags/example_python_operator.py took 0.067 seconds
[2023-10-24T13:47:57.116+0000] {processor.py:157} INFO - Started process (PID=403) to work on /home/airflow/.local/lib/python3.8/site-packages/airflow/example_dags/example_python_operator.py
[2023-10-24T13:47:57.117+0000] {processor.py:829} INFO - Processing file /home/airflow/.local/lib/python3.8/site-packages/airflow/example_dags/example_python_operator.py for tasks to queue
[2023-10-24T13:47:57.120+0000] {logging_mixin.py:151} INFO - [2023-10-24T13:47:57.119+0000] {dagbag.py:536} INFO - Filling up the DagBag from /home/airflow/.local/lib/python3.8/site-packages/airflow/example_dags/example_python_operator.py
[2023-10-24T13:47:57.128+0000] {processor.py:839} INFO - DAG(s) dict_keys(['example_python_operator']) retrieved from /home/airflow/.local/lib/python3.8/site-packages/airflow/example_dags/example_python_operator.py
[2023-10-24T13:47:57.145+0000] {logging_mixin.py:151} INFO - [2023-10-24T13:47:57.145+0000] {dag.py:2941} INFO - Sync 1 DAGs
[2023-10-24T13:47:57.153+0000] {logging_mixin.py:151} INFO - [2023-10-24T13:47:57.152+0000] {dag.py:3722} INFO - Setting next_dagrun for example_python_operator to None, run_after=None
[2023-10-24T13:47:57.164+0000] {processor.py:179} INFO - Processing /home/airflow/.local/lib/python3.8/site-packages/airflow/example_dags/example_python_operator.py took 0.051 seconds
[2023-10-24T13:48:27.380+0000] {processor.py:157} INFO - Started process (PID=459) to work on /home/airflow/.local/lib/python3.8/site-packages/airflow/example_dags/example_python_operator.py
[2023-10-24T13:48:27.382+0000] {processor.py:829} INFO - Processing file /home/airflow/.local/lib/python3.8/site-packages/airflow/example_dags/example_python_operator.py for tasks to queue
[2023-10-24T13:48:27.387+0000] {logging_mixin.py:151} INFO - [2023-10-24T13:48:27.387+0000] {dagbag.py:536} INFO - Filling up the DagBag from /home/airflow/.local/lib/python3.8/site-packages/airflow/example_dags/example_python_operator.py
[2023-10-24T13:48:27.397+0000] {processor.py:839} INFO - DAG(s) dict_keys(['example_python_operator']) retrieved from /home/airflow/.local/lib/python3.8/site-packages/airflow/example_dags/example_python_operator.py
[2023-10-24T13:48:27.421+0000] {logging_mixin.py:151} INFO - [2023-10-24T13:48:27.421+0000] {dag.py:2941} INFO - Sync 1 DAGs
[2023-10-24T13:48:27.477+0000] {logging_mixin.py:151} INFO - [2023-10-24T13:48:27.477+0000] {dag.py:3722} INFO - Setting next_dagrun for example_python_operator to None, run_after=None
[2023-10-24T13:48:27.492+0000] {processor.py:179} INFO - Processing /home/airflow/.local/lib/python3.8/site-packages/airflow/example_dags/example_python_operator.py took 0.116 seconds
[2023-10-24T13:49:00.173+0000] {processor.py:157} INFO - Started process (PID=515) to work on /home/airflow/.local/lib/python3.8/site-packages/airflow/example_dags/example_python_operator.py
[2023-10-24T13:49:00.174+0000] {processor.py:829} INFO - Processing file /home/airflow/.local/lib/python3.8/site-packages/airflow/example_dags/example_python_operator.py for tasks to queue
[2023-10-24T13:49:00.176+0000] {logging_mixin.py:151} INFO - [2023-10-24T13:49:00.176+0000] {dagbag.py:536} INFO - Filling up the DagBag from /home/airflow/.local/lib/python3.8/site-packages/airflow/example_dags/example_python_operator.py
[2023-10-24T13:49:00.185+0000] {processor.py:839} INFO - DAG(s) dict_keys(['example_python_operator']) retrieved from /home/airflow/.local/lib/python3.8/site-packages/airflow/example_dags/example_python_operator.py
[2023-10-24T13:49:00.203+0000] {logging_mixin.py:151} INFO - [2023-10-24T13:49:00.203+0000] {dag.py:2941} INFO - Sync 1 DAGs
[2023-10-24T13:49:00.210+0000] {logging_mixin.py:151} INFO - [2023-10-24T13:49:00.210+0000] {dag.py:3722} INFO - Setting next_dagrun for example_python_operator to None, run_after=None
[2023-10-24T13:49:00.220+0000] {processor.py:179} INFO - Processing /home/airflow/.local/lib/python3.8/site-packages/airflow/example_dags/example_python_operator.py took 0.050 seconds
[2023-10-24T13:49:30.715+0000] {processor.py:157} INFO - Started process (PID=571) to work on /home/airflow/.local/lib/python3.8/site-packages/airflow/example_dags/example_python_operator.py
[2023-10-24T13:49:30.717+0000] {processor.py:829} INFO - Processing file /home/airflow/.local/lib/python3.8/site-packages/airflow/example_dags/example_python_operator.py for tasks to queue
[2023-10-24T13:49:30.719+0000] {logging_mixin.py:151} INFO - [2023-10-24T13:49:30.719+0000] {dagbag.py:536} INFO - Filling up the DagBag from /home/airflow/.local/lib/python3.8/site-packages/airflow/example_dags/example_python_operator.py
[2023-10-24T13:49:30.730+0000] {processor.py:839} INFO - DAG(s) dict_keys(['example_python_operator']) retrieved from /home/airflow/.local/lib/python3.8/site-packages/airflow/example_dags/example_python_operator.py
[2023-10-24T13:49:30.749+0000] {logging_mixin.py:151} INFO - [2023-10-24T13:49:30.749+0000] {dag.py:2941} INFO - Sync 1 DAGs
[2023-10-24T13:49:30.758+0000] {logging_mixin.py:151} INFO - [2023-10-24T13:49:30.758+0000] {dag.py:3722} INFO - Setting next_dagrun for example_python_operator to None, run_after=None
[2023-10-24T13:49:30.768+0000] {processor.py:179} INFO - Processing /home/airflow/.local/lib/python3.8/site-packages/airflow/example_dags/example_python_operator.py took 0.056 seconds
[2023-10-24T13:50:01.177+0000] {processor.py:157} INFO - Started process (PID=627) to work on /home/airflow/.local/lib/python3.8/site-packages/airflow/example_dags/example_python_operator.py
[2023-10-24T13:50:01.178+0000] {processor.py:829} INFO - Processing file /home/airflow/.local/lib/python3.8/site-packages/airflow/example_dags/example_python_operator.py for tasks to queue
[2023-10-24T13:50:01.180+0000] {logging_mixin.py:151} INFO - [2023-10-24T13:50:01.180+0000] {dagbag.py:536} INFO - Filling up the DagBag from /home/airflow/.local/lib/python3.8/site-packages/airflow/example_dags/example_python_operator.py
[2023-10-24T13:50:01.190+0000] {processor.py:839} INFO - DAG(s) dict_keys(['example_python_operator']) retrieved from /home/airflow/.local/lib/python3.8/site-packages/airflow/example_dags/example_python_operator.py
[2023-10-24T13:50:01.206+0000] {logging_mixin.py:151} INFO - [2023-10-24T13:50:01.206+0000] {dag.py:2941} INFO - Sync 1 DAGs
[2023-10-24T13:50:01.215+0000] {logging_mixin.py:151} INFO - [2023-10-24T13:50:01.215+0000] {dag.py:3722} INFO - Setting next_dagrun for example_python_operator to None, run_after=None
[2023-10-24T13:50:01.236+0000] {processor.py:179} INFO - Processing /home/airflow/.local/lib/python3.8/site-packages/airflow/example_dags/example_python_operator.py took 0.062 seconds
[2023-10-24T13:50:32.172+0000] {processor.py:157} INFO - Started process (PID=683) to work on /home/airflow/.local/lib/python3.8/site-packages/airflow/example_dags/example_python_operator.py
[2023-10-24T13:50:32.173+0000] {processor.py:829} INFO - Processing file /home/airflow/.local/lib/python3.8/site-packages/airflow/example_dags/example_python_operator.py for tasks to queue
[2023-10-24T13:50:32.175+0000] {logging_mixin.py:151} INFO - [2023-10-24T13:50:32.175+0000] {dagbag.py:536} INFO - Filling up the DagBag from /home/airflow/.local/lib/python3.8/site-packages/airflow/example_dags/example_python_operator.py
[2023-10-24T13:50:32.182+0000] {processor.py:839} INFO - DAG(s) dict_keys(['example_python_operator']) retrieved from /home/airflow/.local/lib/python3.8/site-packages/airflow/example_dags/example_python_operator.py
[2023-10-24T13:50:32.198+0000] {logging_mixin.py:151} INFO - [2023-10-24T13:50:32.198+0000] {dag.py:2941} INFO - Sync 1 DAGs
[2023-10-24T13:50:32.205+0000] {logging_mixin.py:151} INFO - [2023-10-24T13:50:32.205+0000] {dag.py:3722} INFO - Setting next_dagrun for example_python_operator to None, run_after=None
[2023-10-24T13:50:32.215+0000] {processor.py:179} INFO - Processing /home/airflow/.local/lib/python3.8/site-packages/airflow/example_dags/example_python_operator.py took 0.046 seconds
[2023-10-24T13:51:02.744+0000] {processor.py:157} INFO - Started process (PID=739) to work on /home/airflow/.local/lib/python3.8/site-packages/airflow/example_dags/example_python_operator.py
[2023-10-24T13:51:02.744+0000] {processor.py:829} INFO - Processing file /home/airflow/.local/lib/python3.8/site-packages/airflow/example_dags/example_python_operator.py for tasks to queue
[2023-10-24T13:51:02.746+0000] {logging_mixin.py:151} INFO - [2023-10-24T13:51:02.746+0000] {dagbag.py:536} INFO - Filling up the DagBag from /home/airflow/.local/lib/python3.8/site-packages/airflow/example_dags/example_python_operator.py
[2023-10-24T13:51:02.753+0000] {processor.py:839} INFO - DAG(s) dict_keys(['example_python_operator']) retrieved from /home/airflow/.local/lib/python3.8/site-packages/airflow/example_dags/example_python_operator.py
[2023-10-24T13:51:02.768+0000] {logging_mixin.py:151} INFO - [2023-10-24T13:51:02.768+0000] {dag.py:2941} INFO - Sync 1 DAGs
[2023-10-24T13:51:02.775+0000] {logging_mixin.py:151} INFO - [2023-10-24T13:51:02.775+0000] {dag.py:3722} INFO - Setting next_dagrun for example_python_operator to None, run_after=None
[2023-10-24T13:51:02.790+0000] {processor.py:179} INFO - Processing /home/airflow/.local/lib/python3.8/site-packages/airflow/example_dags/example_python_operator.py took 0.049 seconds
[2023-10-24T13:51:33.229+0000] {processor.py:157} INFO - Started process (PID=795) to work on /home/airflow/.local/lib/python3.8/site-packages/airflow/example_dags/example_python_operator.py
[2023-10-24T13:51:33.230+0000] {processor.py:829} INFO - Processing file /home/airflow/.local/lib/python3.8/site-packages/airflow/example_dags/example_python_operator.py for tasks to queue
[2023-10-24T13:51:33.232+0000] {logging_mixin.py:151} INFO - [2023-10-24T13:51:33.232+0000] {dagbag.py:536} INFO - Filling up the DagBag from /home/airflow/.local/lib/python3.8/site-packages/airflow/example_dags/example_python_operator.py
[2023-10-24T13:51:33.239+0000] {processor.py:839} INFO - DAG(s) dict_keys(['example_python_operator']) retrieved from /home/airflow/.local/lib/python3.8/site-packages/airflow/example_dags/example_python_operator.py
[2023-10-24T13:51:33.264+0000] {logging_mixin.py:151} INFO - [2023-10-24T13:51:33.264+0000] {dag.py:2941} INFO - Sync 1 DAGs
[2023-10-24T13:51:33.273+0000] {logging_mixin.py:151} INFO - [2023-10-24T13:51:33.272+0000] {dag.py:3722} INFO - Setting next_dagrun for example_python_operator to None, run_after=None
[2023-10-24T13:51:33.285+0000] {processor.py:179} INFO - Processing /home/airflow/.local/lib/python3.8/site-packages/airflow/example_dags/example_python_operator.py took 0.060 seconds
[2023-10-24T13:52:03.805+0000] {processor.py:157} INFO - Started process (PID=851) to work on /home/airflow/.local/lib/python3.8/site-packages/airflow/example_dags/example_python_operator.py
[2023-10-24T13:52:03.806+0000] {processor.py:829} INFO - Processing file /home/airflow/.local/lib/python3.8/site-packages/airflow/example_dags/example_python_operator.py for tasks to queue
[2023-10-24T13:52:03.808+0000] {logging_mixin.py:151} INFO - [2023-10-24T13:52:03.808+0000] {dagbag.py:536} INFO - Filling up the DagBag from /home/airflow/.local/lib/python3.8/site-packages/airflow/example_dags/example_python_operator.py
[2023-10-24T13:52:03.816+0000] {processor.py:839} INFO - DAG(s) dict_keys(['example_python_operator']) retrieved from /home/airflow/.local/lib/python3.8/site-packages/airflow/example_dags/example_python_operator.py
[2023-10-24T13:52:03.832+0000] {logging_mixin.py:151} INFO - [2023-10-24T13:52:03.832+0000] {dag.py:2941} INFO - Sync 1 DAGs
[2023-10-24T13:52:03.840+0000] {logging_mixin.py:151} INFO - [2023-10-24T13:52:03.839+0000] {dag.py:3722} INFO - Setting next_dagrun for example_python_operator to None, run_after=None
[2023-10-24T13:52:03.861+0000] {processor.py:179} INFO - Processing /home/airflow/.local/lib/python3.8/site-packages/airflow/example_dags/example_python_operator.py took 0.059 seconds
[2023-10-24T13:52:34.418+0000] {processor.py:157} INFO - Started process (PID=907) to work on /home/airflow/.local/lib/python3.8/site-packages/airflow/example_dags/example_python_operator.py
[2023-10-24T13:52:34.419+0000] {processor.py:829} INFO - Processing file /home/airflow/.local/lib/python3.8/site-packages/airflow/example_dags/example_python_operator.py for tasks to queue
[2023-10-24T13:52:34.421+0000] {logging_mixin.py:151} INFO - [2023-10-24T13:52:34.421+0000] {dagbag.py:536} INFO - Filling up the DagBag from /home/airflow/.local/lib/python3.8/site-packages/airflow/example_dags/example_python_operator.py
[2023-10-24T13:52:34.432+0000] {processor.py:839} INFO - DAG(s) dict_keys(['example_python_operator']) retrieved from /home/airflow/.local/lib/python3.8/site-packages/airflow/example_dags/example_python_operator.py
[2023-10-24T13:52:34.449+0000] {logging_mixin.py:151} INFO - [2023-10-24T13:52:34.449+0000] {dag.py:2941} INFO - Sync 1 DAGs
[2023-10-24T13:52:34.457+0000] {logging_mixin.py:151} INFO - [2023-10-24T13:52:34.457+0000] {dag.py:3722} INFO - Setting next_dagrun for example_python_operator to None, run_after=None
[2023-10-24T13:52:34.470+0000] {processor.py:179} INFO - Processing /home/airflow/.local/lib/python3.8/site-packages/airflow/example_dags/example_python_operator.py took 0.055 seconds
[2023-10-24T13:53:04.948+0000] {processor.py:157} INFO - Started process (PID=963) to work on /home/airflow/.local/lib/python3.8/site-packages/airflow/example_dags/example_python_operator.py
[2023-10-24T13:53:04.949+0000] {processor.py:829} INFO - Processing file /home/airflow/.local/lib/python3.8/site-packages/airflow/example_dags/example_python_operator.py for tasks to queue
[2023-10-24T13:53:04.951+0000] {logging_mixin.py:151} INFO - [2023-10-24T13:53:04.951+0000] {dagbag.py:536} INFO - Filling up the DagBag from /home/airflow/.local/lib/python3.8/site-packages/airflow/example_dags/example_python_operator.py
[2023-10-24T13:53:04.959+0000] {processor.py:839} INFO - DAG(s) dict_keys(['example_python_operator']) retrieved from /home/airflow/.local/lib/python3.8/site-packages/airflow/example_dags/example_python_operator.py
[2023-10-24T13:53:04.985+0000] {logging_mixin.py:151} INFO - [2023-10-24T13:53:04.985+0000] {dag.py:2941} INFO - Sync 1 DAGs
[2023-10-24T13:53:04.996+0000] {logging_mixin.py:151} INFO - [2023-10-24T13:53:04.996+0000] {dag.py:3722} INFO - Setting next_dagrun for example_python_operator to None, run_after=None
[2023-10-24T13:53:05.009+0000] {processor.py:179} INFO - Processing /home/airflow/.local/lib/python3.8/site-packages/airflow/example_dags/example_python_operator.py took 0.064 seconds
[2023-10-24T13:53:35.819+0000] {processor.py:157} INFO - Started process (PID=1019) to work on /home/airflow/.local/lib/python3.8/site-packages/airflow/example_dags/example_python_operator.py
[2023-10-24T13:53:35.820+0000] {processor.py:829} INFO - Processing file /home/airflow/.local/lib/python3.8/site-packages/airflow/example_dags/example_python_operator.py for tasks to queue
[2023-10-24T13:53:35.822+0000] {logging_mixin.py:151} INFO - [2023-10-24T13:53:35.822+0000] {dagbag.py:536} INFO - Filling up the DagBag from /home/airflow/.local/lib/python3.8/site-packages/airflow/example_dags/example_python_operator.py
[2023-10-24T13:53:35.830+0000] {processor.py:839} INFO - DAG(s) dict_keys(['example_python_operator']) retrieved from /home/airflow/.local/lib/python3.8/site-packages/airflow/example_dags/example_python_operator.py
[2023-10-24T13:53:35.858+0000] {logging_mixin.py:151} INFO - [2023-10-24T13:53:35.858+0000] {dag.py:2941} INFO - Sync 1 DAGs
[2023-10-24T13:53:35.868+0000] {logging_mixin.py:151} INFO - [2023-10-24T13:53:35.868+0000] {dag.py:3722} INFO - Setting next_dagrun for example_python_operator to None, run_after=None
[2023-10-24T13:53:35.884+0000] {processor.py:179} INFO - Processing /home/airflow/.local/lib/python3.8/site-packages/airflow/example_dags/example_python_operator.py took 0.068 seconds
