[2023-10-24T13:44:54.103+0000] {processor.py:157} INFO - Started process (PID=74) to work on /home/airflow/.local/lib/python3.8/site-packages/airflow/example_dags/example_dag_decorator.py
[2023-10-24T13:44:54.104+0000] {processor.py:829} INFO - Processing file /home/airflow/.local/lib/python3.8/site-packages/airflow/example_dags/example_dag_decorator.py for tasks to queue
[2023-10-24T13:44:54.106+0000] {logging_mixin.py:151} INFO - [2023-10-24T13:44:54.106+0000] {dagbag.py:536} INFO - Filling up the DagBag from /home/airflow/.local/lib/python3.8/site-packages/airflow/example_dags/example_dag_decorator.py
[2023-10-24T13:44:54.118+0000] {processor.py:839} INFO - DAG(s) dict_keys(['example_dag_decorator']) retrieved from /home/airflow/.local/lib/python3.8/site-packages/airflow/example_dags/example_dag_decorator.py
[2023-10-24T13:44:54.127+0000] {logging_mixin.py:151} INFO - [2023-10-24T13:44:54.127+0000] {dag.py:2941} INFO - Sync 1 DAGs
[2023-10-24T13:44:54.137+0000] {logging_mixin.py:151} INFO - [2023-10-24T13:44:54.137+0000] {dag.py:3722} INFO - Setting next_dagrun for example_dag_decorator to None, run_after=None
[2023-10-24T13:44:54.150+0000] {processor.py:179} INFO - Processing /home/airflow/.local/lib/python3.8/site-packages/airflow/example_dags/example_dag_decorator.py took 0.050 seconds
[2023-10-24T13:45:25.792+0000] {processor.py:157} INFO - Started process (PID=130) to work on /home/airflow/.local/lib/python3.8/site-packages/airflow/example_dags/example_dag_decorator.py
[2023-10-24T13:45:25.793+0000] {processor.py:829} INFO - Processing file /home/airflow/.local/lib/python3.8/site-packages/airflow/example_dags/example_dag_decorator.py for tasks to queue
[2023-10-24T13:45:25.795+0000] {logging_mixin.py:151} INFO - [2023-10-24T13:45:25.795+0000] {dagbag.py:536} INFO - Filling up the DagBag from /home/airflow/.local/lib/python3.8/site-packages/airflow/example_dags/example_dag_decorator.py
[2023-10-24T13:45:25.809+0000] {processor.py:839} INFO - DAG(s) dict_keys(['example_dag_decorator']) retrieved from /home/airflow/.local/lib/python3.8/site-packages/airflow/example_dags/example_dag_decorator.py
[2023-10-24T13:45:26.037+0000] {logging_mixin.py:151} INFO - [2023-10-24T13:45:26.036+0000] {dag.py:2941} INFO - Sync 1 DAGs
[2023-10-24T13:45:26.046+0000] {logging_mixin.py:151} INFO - [2023-10-24T13:45:26.046+0000] {dag.py:3722} INFO - Setting next_dagrun for example_dag_decorator to None, run_after=None
[2023-10-24T13:45:26.090+0000] {processor.py:179} INFO - Processing /home/airflow/.local/lib/python3.8/site-packages/airflow/example_dags/example_dag_decorator.py took 0.306 seconds
[2023-10-24T13:45:56.269+0000] {processor.py:157} INFO - Started process (PID=186) to work on /home/airflow/.local/lib/python3.8/site-packages/airflow/example_dags/example_dag_decorator.py
[2023-10-24T13:45:56.270+0000] {processor.py:829} INFO - Processing file /home/airflow/.local/lib/python3.8/site-packages/airflow/example_dags/example_dag_decorator.py for tasks to queue
[2023-10-24T13:45:56.273+0000] {logging_mixin.py:151} INFO - [2023-10-24T13:45:56.272+0000] {dagbag.py:536} INFO - Filling up the DagBag from /home/airflow/.local/lib/python3.8/site-packages/airflow/example_dags/example_dag_decorator.py
[2023-10-24T13:45:56.285+0000] {processor.py:839} INFO - DAG(s) dict_keys(['example_dag_decorator']) retrieved from /home/airflow/.local/lib/python3.8/site-packages/airflow/example_dags/example_dag_decorator.py
[2023-10-24T13:45:57.240+0000] {logging_mixin.py:151} INFO - [2023-10-24T13:45:57.240+0000] {dag.py:2941} INFO - Sync 1 DAGs
[2023-10-24T13:45:57.247+0000] {logging_mixin.py:151} INFO - [2023-10-24T13:45:57.247+0000] {dag.py:3722} INFO - Setting next_dagrun for example_dag_decorator to None, run_after=None
[2023-10-24T13:45:57.260+0000] {processor.py:179} INFO - Processing /home/airflow/.local/lib/python3.8/site-packages/airflow/example_dags/example_dag_decorator.py took 0.996 seconds
[2023-10-24T13:46:28.000+0000] {processor.py:157} INFO - Started process (PID=242) to work on /home/airflow/.local/lib/python3.8/site-packages/airflow/example_dags/example_dag_decorator.py
[2023-10-24T13:46:28.001+0000] {processor.py:829} INFO - Processing file /home/airflow/.local/lib/python3.8/site-packages/airflow/example_dags/example_dag_decorator.py for tasks to queue
[2023-10-24T13:46:28.005+0000] {logging_mixin.py:151} INFO - [2023-10-24T13:46:28.004+0000] {dagbag.py:536} INFO - Filling up the DagBag from /home/airflow/.local/lib/python3.8/site-packages/airflow/example_dags/example_dag_decorator.py
[2023-10-24T13:46:28.049+0000] {processor.py:839} INFO - DAG(s) dict_keys(['example_dag_decorator']) retrieved from /home/airflow/.local/lib/python3.8/site-packages/airflow/example_dags/example_dag_decorator.py
[2023-10-24T13:46:28.730+0000] {logging_mixin.py:151} INFO - [2023-10-24T13:46:28.729+0000] {dag.py:2941} INFO - Sync 1 DAGs
[2023-10-24T13:46:28.746+0000] {logging_mixin.py:151} INFO - [2023-10-24T13:46:28.745+0000] {dag.py:3722} INFO - Setting next_dagrun for example_dag_decorator to None, run_after=None
[2023-10-24T13:46:28.767+0000] {processor.py:179} INFO - Processing /home/airflow/.local/lib/python3.8/site-packages/airflow/example_dags/example_dag_decorator.py took 0.772 seconds
[2023-10-24T13:46:58.997+0000] {processor.py:157} INFO - Started process (PID=297) to work on /home/airflow/.local/lib/python3.8/site-packages/airflow/example_dags/example_dag_decorator.py
[2023-10-24T13:46:58.999+0000] {processor.py:829} INFO - Processing file /home/airflow/.local/lib/python3.8/site-packages/airflow/example_dags/example_dag_decorator.py for tasks to queue
[2023-10-24T13:46:59.009+0000] {logging_mixin.py:151} INFO - [2023-10-24T13:46:59.007+0000] {dagbag.py:536} INFO - Filling up the DagBag from /home/airflow/.local/lib/python3.8/site-packages/airflow/example_dags/example_dag_decorator.py
[2023-10-24T13:46:59.050+0000] {processor.py:839} INFO - DAG(s) dict_keys(['example_dag_decorator']) retrieved from /home/airflow/.local/lib/python3.8/site-packages/airflow/example_dags/example_dag_decorator.py
[2023-10-24T13:46:59.421+0000] {logging_mixin.py:151} INFO - [2023-10-24T13:46:59.421+0000] {dag.py:2941} INFO - Sync 1 DAGs
[2023-10-24T13:46:59.429+0000] {logging_mixin.py:151} INFO - [2023-10-24T13:46:59.429+0000] {dag.py:3722} INFO - Setting next_dagrun for example_dag_decorator to None, run_after=None
[2023-10-24T13:46:59.441+0000] {processor.py:179} INFO - Processing /home/airflow/.local/lib/python3.8/site-packages/airflow/example_dags/example_dag_decorator.py took 0.460 seconds
[2023-10-24T13:47:30.125+0000] {processor.py:157} INFO - Started process (PID=354) to work on /home/airflow/.local/lib/python3.8/site-packages/airflow/example_dags/example_dag_decorator.py
[2023-10-24T13:47:30.127+0000] {processor.py:829} INFO - Processing file /home/airflow/.local/lib/python3.8/site-packages/airflow/example_dags/example_dag_decorator.py for tasks to queue
[2023-10-24T13:47:30.129+0000] {logging_mixin.py:151} INFO - [2023-10-24T13:47:30.129+0000] {dagbag.py:536} INFO - Filling up the DagBag from /home/airflow/.local/lib/python3.8/site-packages/airflow/example_dags/example_dag_decorator.py
[2023-10-24T13:47:30.142+0000] {processor.py:839} INFO - DAG(s) dict_keys(['example_dag_decorator']) retrieved from /home/airflow/.local/lib/python3.8/site-packages/airflow/example_dags/example_dag_decorator.py
[2023-10-24T13:47:30.669+0000] {logging_mixin.py:151} INFO - [2023-10-24T13:47:30.668+0000] {dag.py:2941} INFO - Sync 1 DAGs
[2023-10-24T13:47:30.677+0000] {logging_mixin.py:151} INFO - [2023-10-24T13:47:30.676+0000] {dag.py:3722} INFO - Setting next_dagrun for example_dag_decorator to None, run_after=None
[2023-10-24T13:47:30.703+0000] {processor.py:179} INFO - Processing /home/airflow/.local/lib/python3.8/site-packages/airflow/example_dags/example_dag_decorator.py took 0.580 seconds
[2023-10-24T13:48:00.799+0000] {processor.py:157} INFO - Started process (PID=410) to work on /home/airflow/.local/lib/python3.8/site-packages/airflow/example_dags/example_dag_decorator.py
[2023-10-24T13:48:00.800+0000] {processor.py:829} INFO - Processing file /home/airflow/.local/lib/python3.8/site-packages/airflow/example_dags/example_dag_decorator.py for tasks to queue
[2023-10-24T13:48:00.803+0000] {logging_mixin.py:151} INFO - [2023-10-24T13:48:00.802+0000] {dagbag.py:536} INFO - Filling up the DagBag from /home/airflow/.local/lib/python3.8/site-packages/airflow/example_dags/example_dag_decorator.py
[2023-10-24T13:48:00.828+0000] {processor.py:839} INFO - DAG(s) dict_keys(['example_dag_decorator']) retrieved from /home/airflow/.local/lib/python3.8/site-packages/airflow/example_dags/example_dag_decorator.py
[2023-10-24T13:48:01.152+0000] {logging_mixin.py:151} INFO - [2023-10-24T13:48:01.152+0000] {dag.py:2941} INFO - Sync 1 DAGs
[2023-10-24T13:48:01.158+0000] {logging_mixin.py:151} INFO - [2023-10-24T13:48:01.158+0000] {dag.py:3722} INFO - Setting next_dagrun for example_dag_decorator to None, run_after=None
[2023-10-24T13:48:01.170+0000] {processor.py:179} INFO - Processing /home/airflow/.local/lib/python3.8/site-packages/airflow/example_dags/example_dag_decorator.py took 0.376 seconds
[2023-10-24T13:48:31.784+0000] {processor.py:157} INFO - Started process (PID=466) to work on /home/airflow/.local/lib/python3.8/site-packages/airflow/example_dags/example_dag_decorator.py
[2023-10-24T13:48:31.785+0000] {processor.py:829} INFO - Processing file /home/airflow/.local/lib/python3.8/site-packages/airflow/example_dags/example_dag_decorator.py for tasks to queue
[2023-10-24T13:48:31.787+0000] {logging_mixin.py:151} INFO - [2023-10-24T13:48:31.787+0000] {dagbag.py:536} INFO - Filling up the DagBag from /home/airflow/.local/lib/python3.8/site-packages/airflow/example_dags/example_dag_decorator.py
[2023-10-24T13:48:31.798+0000] {processor.py:839} INFO - DAG(s) dict_keys(['example_dag_decorator']) retrieved from /home/airflow/.local/lib/python3.8/site-packages/airflow/example_dags/example_dag_decorator.py
[2023-10-24T13:48:32.335+0000] {logging_mixin.py:151} INFO - [2023-10-24T13:48:32.335+0000] {dag.py:2941} INFO - Sync 1 DAGs
[2023-10-24T13:48:32.345+0000] {logging_mixin.py:151} INFO - [2023-10-24T13:48:32.345+0000] {dag.py:3722} INFO - Setting next_dagrun for example_dag_decorator to None, run_after=None
[2023-10-24T13:48:32.362+0000] {processor.py:179} INFO - Processing /home/airflow/.local/lib/python3.8/site-packages/airflow/example_dags/example_dag_decorator.py took 0.582 seconds
[2023-10-24T13:49:02.506+0000] {processor.py:157} INFO - Started process (PID=522) to work on /home/airflow/.local/lib/python3.8/site-packages/airflow/example_dags/example_dag_decorator.py
[2023-10-24T13:49:02.507+0000] {processor.py:829} INFO - Processing file /home/airflow/.local/lib/python3.8/site-packages/airflow/example_dags/example_dag_decorator.py for tasks to queue
[2023-10-24T13:49:02.510+0000] {logging_mixin.py:151} INFO - [2023-10-24T13:49:02.510+0000] {dagbag.py:536} INFO - Filling up the DagBag from /home/airflow/.local/lib/python3.8/site-packages/airflow/example_dags/example_dag_decorator.py
[2023-10-24T13:49:02.532+0000] {processor.py:839} INFO - DAG(s) dict_keys(['example_dag_decorator']) retrieved from /home/airflow/.local/lib/python3.8/site-packages/airflow/example_dags/example_dag_decorator.py
[2023-10-24T13:49:02.632+0000] {logging_mixin.py:151} INFO - [2023-10-24T13:49:02.632+0000] {dag.py:2941} INFO - Sync 1 DAGs
[2023-10-24T13:49:02.642+0000] {logging_mixin.py:151} INFO - [2023-10-24T13:49:02.642+0000] {dag.py:3722} INFO - Setting next_dagrun for example_dag_decorator to None, run_after=None
[2023-10-24T13:49:02.655+0000] {processor.py:179} INFO - Processing /home/airflow/.local/lib/python3.8/site-packages/airflow/example_dags/example_dag_decorator.py took 0.154 seconds
[2023-10-24T13:49:32.985+0000] {processor.py:157} INFO - Started process (PID=578) to work on /home/airflow/.local/lib/python3.8/site-packages/airflow/example_dags/example_dag_decorator.py
[2023-10-24T13:49:32.986+0000] {processor.py:829} INFO - Processing file /home/airflow/.local/lib/python3.8/site-packages/airflow/example_dags/example_dag_decorator.py for tasks to queue
[2023-10-24T13:49:32.989+0000] {logging_mixin.py:151} INFO - [2023-10-24T13:49:32.989+0000] {dagbag.py:536} INFO - Filling up the DagBag from /home/airflow/.local/lib/python3.8/site-packages/airflow/example_dags/example_dag_decorator.py
[2023-10-24T13:49:33.015+0000] {processor.py:839} INFO - DAG(s) dict_keys(['example_dag_decorator']) retrieved from /home/airflow/.local/lib/python3.8/site-packages/airflow/example_dags/example_dag_decorator.py
[2023-10-24T13:49:33.099+0000] {logging_mixin.py:151} INFO - [2023-10-24T13:49:33.099+0000] {dag.py:2941} INFO - Sync 1 DAGs
[2023-10-24T13:49:33.108+0000] {logging_mixin.py:151} INFO - [2023-10-24T13:49:33.108+0000] {dag.py:3722} INFO - Setting next_dagrun for example_dag_decorator to None, run_after=None
[2023-10-24T13:49:33.121+0000] {processor.py:179} INFO - Processing /home/airflow/.local/lib/python3.8/site-packages/airflow/example_dags/example_dag_decorator.py took 0.140 seconds
[2023-10-24T13:50:03.562+0000] {processor.py:157} INFO - Started process (PID=634) to work on /home/airflow/.local/lib/python3.8/site-packages/airflow/example_dags/example_dag_decorator.py
[2023-10-24T13:50:03.564+0000] {processor.py:829} INFO - Processing file /home/airflow/.local/lib/python3.8/site-packages/airflow/example_dags/example_dag_decorator.py for tasks to queue
[2023-10-24T13:50:03.575+0000] {logging_mixin.py:151} INFO - [2023-10-24T13:50:03.575+0000] {dagbag.py:536} INFO - Filling up the DagBag from /home/airflow/.local/lib/python3.8/site-packages/airflow/example_dags/example_dag_decorator.py
[2023-10-24T13:50:03.592+0000] {processor.py:839} INFO - DAG(s) dict_keys(['example_dag_decorator']) retrieved from /home/airflow/.local/lib/python3.8/site-packages/airflow/example_dags/example_dag_decorator.py
[2023-10-24T13:50:03.706+0000] {logging_mixin.py:151} INFO - [2023-10-24T13:50:03.706+0000] {dag.py:2941} INFO - Sync 1 DAGs
[2023-10-24T13:50:03.715+0000] {logging_mixin.py:151} INFO - [2023-10-24T13:50:03.715+0000] {dag.py:3722} INFO - Setting next_dagrun for example_dag_decorator to None, run_after=None
[2023-10-24T13:50:03.727+0000] {processor.py:179} INFO - Processing /home/airflow/.local/lib/python3.8/site-packages/airflow/example_dags/example_dag_decorator.py took 0.172 seconds
[2023-10-24T13:50:34.447+0000] {processor.py:157} INFO - Started process (PID=690) to work on /home/airflow/.local/lib/python3.8/site-packages/airflow/example_dags/example_dag_decorator.py
[2023-10-24T13:50:34.448+0000] {processor.py:829} INFO - Processing file /home/airflow/.local/lib/python3.8/site-packages/airflow/example_dags/example_dag_decorator.py for tasks to queue
[2023-10-24T13:50:34.451+0000] {logging_mixin.py:151} INFO - [2023-10-24T13:50:34.450+0000] {dagbag.py:536} INFO - Filling up the DagBag from /home/airflow/.local/lib/python3.8/site-packages/airflow/example_dags/example_dag_decorator.py
[2023-10-24T13:50:34.461+0000] {processor.py:839} INFO - DAG(s) dict_keys(['example_dag_decorator']) retrieved from /home/airflow/.local/lib/python3.8/site-packages/airflow/example_dags/example_dag_decorator.py
[2023-10-24T13:50:34.560+0000] {logging_mixin.py:151} INFO - [2023-10-24T13:50:34.560+0000] {dag.py:2941} INFO - Sync 1 DAGs
[2023-10-24T13:50:34.570+0000] {logging_mixin.py:151} INFO - [2023-10-24T13:50:34.570+0000] {dag.py:3722} INFO - Setting next_dagrun for example_dag_decorator to None, run_after=None
[2023-10-24T13:50:34.588+0000] {processor.py:179} INFO - Processing /home/airflow/.local/lib/python3.8/site-packages/airflow/example_dags/example_dag_decorator.py took 0.144 seconds
[2023-10-24T13:51:05.053+0000] {processor.py:157} INFO - Started process (PID=746) to work on /home/airflow/.local/lib/python3.8/site-packages/airflow/example_dags/example_dag_decorator.py
[2023-10-24T13:51:05.054+0000] {processor.py:829} INFO - Processing file /home/airflow/.local/lib/python3.8/site-packages/airflow/example_dags/example_dag_decorator.py for tasks to queue
[2023-10-24T13:51:05.056+0000] {logging_mixin.py:151} INFO - [2023-10-24T13:51:05.056+0000] {dagbag.py:536} INFO - Filling up the DagBag from /home/airflow/.local/lib/python3.8/site-packages/airflow/example_dags/example_dag_decorator.py
[2023-10-24T13:51:05.069+0000] {processor.py:839} INFO - DAG(s) dict_keys(['example_dag_decorator']) retrieved from /home/airflow/.local/lib/python3.8/site-packages/airflow/example_dags/example_dag_decorator.py
[2023-10-24T13:51:05.180+0000] {logging_mixin.py:151} INFO - [2023-10-24T13:51:05.180+0000] {dag.py:2941} INFO - Sync 1 DAGs
[2023-10-24T13:51:05.191+0000] {logging_mixin.py:151} INFO - [2023-10-24T13:51:05.191+0000] {dag.py:3722} INFO - Setting next_dagrun for example_dag_decorator to None, run_after=None
[2023-10-24T13:51:05.204+0000] {processor.py:179} INFO - Processing /home/airflow/.local/lib/python3.8/site-packages/airflow/example_dags/example_dag_decorator.py took 0.154 seconds
[2023-10-24T13:51:35.518+0000] {processor.py:157} INFO - Started process (PID=802) to work on /home/airflow/.local/lib/python3.8/site-packages/airflow/example_dags/example_dag_decorator.py
[2023-10-24T13:51:35.520+0000] {processor.py:829} INFO - Processing file /home/airflow/.local/lib/python3.8/site-packages/airflow/example_dags/example_dag_decorator.py for tasks to queue
[2023-10-24T13:51:35.522+0000] {logging_mixin.py:151} INFO - [2023-10-24T13:51:35.522+0000] {dagbag.py:536} INFO - Filling up the DagBag from /home/airflow/.local/lib/python3.8/site-packages/airflow/example_dags/example_dag_decorator.py
[2023-10-24T13:51:35.533+0000] {processor.py:839} INFO - DAG(s) dict_keys(['example_dag_decorator']) retrieved from /home/airflow/.local/lib/python3.8/site-packages/airflow/example_dags/example_dag_decorator.py
[2023-10-24T13:51:35.622+0000] {logging_mixin.py:151} INFO - [2023-10-24T13:51:35.621+0000] {dag.py:2941} INFO - Sync 1 DAGs
[2023-10-24T13:51:35.628+0000] {logging_mixin.py:151} INFO - [2023-10-24T13:51:35.628+0000] {dag.py:3722} INFO - Setting next_dagrun for example_dag_decorator to None, run_after=None
[2023-10-24T13:51:35.642+0000] {processor.py:179} INFO - Processing /home/airflow/.local/lib/python3.8/site-packages/airflow/example_dags/example_dag_decorator.py took 0.127 seconds
[2023-10-24T13:52:06.141+0000] {processor.py:157} INFO - Started process (PID=858) to work on /home/airflow/.local/lib/python3.8/site-packages/airflow/example_dags/example_dag_decorator.py
[2023-10-24T13:52:06.143+0000] {processor.py:829} INFO - Processing file /home/airflow/.local/lib/python3.8/site-packages/airflow/example_dags/example_dag_decorator.py for tasks to queue
[2023-10-24T13:52:06.147+0000] {logging_mixin.py:151} INFO - [2023-10-24T13:52:06.146+0000] {dagbag.py:536} INFO - Filling up the DagBag from /home/airflow/.local/lib/python3.8/site-packages/airflow/example_dags/example_dag_decorator.py
[2023-10-24T13:52:06.162+0000] {processor.py:839} INFO - DAG(s) dict_keys(['example_dag_decorator']) retrieved from /home/airflow/.local/lib/python3.8/site-packages/airflow/example_dags/example_dag_decorator.py
[2023-10-24T13:52:06.270+0000] {logging_mixin.py:151} INFO - [2023-10-24T13:52:06.270+0000] {dag.py:2941} INFO - Sync 1 DAGs
[2023-10-24T13:52:06.279+0000] {logging_mixin.py:151} INFO - [2023-10-24T13:52:06.278+0000] {dag.py:3722} INFO - Setting next_dagrun for example_dag_decorator to None, run_after=None
[2023-10-24T13:52:06.295+0000] {processor.py:179} INFO - Processing /home/airflow/.local/lib/python3.8/site-packages/airflow/example_dags/example_dag_decorator.py took 0.159 seconds
[2023-10-24T13:52:36.713+0000] {processor.py:157} INFO - Started process (PID=914) to work on /home/airflow/.local/lib/python3.8/site-packages/airflow/example_dags/example_dag_decorator.py
[2023-10-24T13:52:36.716+0000] {processor.py:829} INFO - Processing file /home/airflow/.local/lib/python3.8/site-packages/airflow/example_dags/example_dag_decorator.py for tasks to queue
[2023-10-24T13:52:36.723+0000] {logging_mixin.py:151} INFO - [2023-10-24T13:52:36.722+0000] {dagbag.py:536} INFO - Filling up the DagBag from /home/airflow/.local/lib/python3.8/site-packages/airflow/example_dags/example_dag_decorator.py
[2023-10-24T13:52:36.759+0000] {processor.py:839} INFO - DAG(s) dict_keys(['example_dag_decorator']) retrieved from /home/airflow/.local/lib/python3.8/site-packages/airflow/example_dags/example_dag_decorator.py
[2023-10-24T13:52:36.915+0000] {logging_mixin.py:151} INFO - [2023-10-24T13:52:36.915+0000] {dag.py:2941} INFO - Sync 1 DAGs
[2023-10-24T13:52:36.926+0000] {logging_mixin.py:151} INFO - [2023-10-24T13:52:36.925+0000] {dag.py:3722} INFO - Setting next_dagrun for example_dag_decorator to None, run_after=None
[2023-10-24T13:52:36.941+0000] {processor.py:179} INFO - Processing /home/airflow/.local/lib/python3.8/site-packages/airflow/example_dags/example_dag_decorator.py took 0.237 seconds
[2023-10-24T13:53:07.279+0000] {processor.py:157} INFO - Started process (PID=970) to work on /home/airflow/.local/lib/python3.8/site-packages/airflow/example_dags/example_dag_decorator.py
[2023-10-24T13:53:07.281+0000] {processor.py:829} INFO - Processing file /home/airflow/.local/lib/python3.8/site-packages/airflow/example_dags/example_dag_decorator.py for tasks to queue
[2023-10-24T13:53:07.284+0000] {logging_mixin.py:151} INFO - [2023-10-24T13:53:07.284+0000] {dagbag.py:536} INFO - Filling up the DagBag from /home/airflow/.local/lib/python3.8/site-packages/airflow/example_dags/example_dag_decorator.py
[2023-10-24T13:53:07.299+0000] {processor.py:839} INFO - DAG(s) dict_keys(['example_dag_decorator']) retrieved from /home/airflow/.local/lib/python3.8/site-packages/airflow/example_dags/example_dag_decorator.py
[2023-10-24T13:53:07.369+0000] {logging_mixin.py:151} INFO - [2023-10-24T13:53:07.369+0000] {dag.py:2941} INFO - Sync 1 DAGs
[2023-10-24T13:53:07.375+0000] {logging_mixin.py:151} INFO - [2023-10-24T13:53:07.375+0000] {dag.py:3722} INFO - Setting next_dagrun for example_dag_decorator to None, run_after=None
[2023-10-24T13:53:07.398+0000] {processor.py:179} INFO - Processing /home/airflow/.local/lib/python3.8/site-packages/airflow/example_dags/example_dag_decorator.py took 0.123 seconds
[2023-10-24T13:53:38.855+0000] {processor.py:157} INFO - Started process (PID=1033) to work on /home/airflow/.local/lib/python3.8/site-packages/airflow/example_dags/example_dag_decorator.py
[2023-10-24T13:53:38.858+0000] {processor.py:829} INFO - Processing file /home/airflow/.local/lib/python3.8/site-packages/airflow/example_dags/example_dag_decorator.py for tasks to queue
[2023-10-24T13:53:38.868+0000] {logging_mixin.py:151} INFO - [2023-10-24T13:53:38.867+0000] {dagbag.py:536} INFO - Filling up the DagBag from /home/airflow/.local/lib/python3.8/site-packages/airflow/example_dags/example_dag_decorator.py
[2023-10-24T13:53:39.000+0000] {processor.py:839} INFO - DAG(s) dict_keys(['example_dag_decorator']) retrieved from /home/airflow/.local/lib/python3.8/site-packages/airflow/example_dags/example_dag_decorator.py
[2023-10-24T13:53:39.558+0000] {logging_mixin.py:151} INFO - [2023-10-24T13:53:39.551+0000] {dag.py:2941} INFO - Sync 1 DAGs
[2023-10-24T13:53:39.589+0000] {logging_mixin.py:151} INFO - [2023-10-24T13:53:39.589+0000] {dag.py:3722} INFO - Setting next_dagrun for example_dag_decorator to None, run_after=None
[2023-10-24T13:53:39.661+0000] {processor.py:179} INFO - Processing /home/airflow/.local/lib/python3.8/site-packages/airflow/example_dags/example_dag_decorator.py took 0.839 seconds
