[2023-10-24T13:44:49.283+0000] {processor.py:157} INFO - Started process (PID=43) to work on /home/airflow/.local/lib/python3.8/site-packages/airflow/example_dags/example_datasets.py
[2023-10-24T13:44:49.285+0000] {processor.py:829} INFO - Processing file /home/airflow/.local/lib/python3.8/site-packages/airflow/example_dags/example_datasets.py for tasks to queue
[2023-10-24T13:44:49.291+0000] {logging_mixin.py:151} INFO - [2023-10-24T13:44:49.290+0000] {dagbag.py:536} INFO - Filling up the DagBag from /home/airflow/.local/lib/python3.8/site-packages/airflow/example_dags/example_datasets.py
[2023-10-24T13:44:49.331+0000] {processor.py:839} INFO - DAG(s) dict_keys(['dataset_produces_1', 'dataset_consumes_1', 'dataset_consumes_1_never_scheduled', 'dataset_consumes_1_and_2', 'dataset_produces_2', 'dataset_consumes_unknown_never_scheduled']) retrieved from /home/airflow/.local/lib/python3.8/site-packages/airflow/example_dags/example_datasets.py
[2023-10-24T13:44:49.359+0000] {logging_mixin.py:151} INFO - [2023-10-24T13:44:49.358+0000] {dag.py:2941} INFO - Sync 6 DAGs
[2023-10-24T13:44:49.391+0000] {logging_mixin.py:151} INFO - [2023-10-24T13:44:49.390+0000] {dag.py:3722} INFO - Setting next_dagrun for dataset_consumes_1 to None, run_after=None
[2023-10-24T13:44:49.394+0000] {logging_mixin.py:151} INFO - [2023-10-24T13:44:49.394+0000] {dag.py:3722} INFO - Setting next_dagrun for dataset_consumes_1_and_2 to None, run_after=None
[2023-10-24T13:44:49.395+0000] {logging_mixin.py:151} INFO - [2023-10-24T13:44:49.395+0000] {dag.py:3722} INFO - Setting next_dagrun for dataset_consumes_1_never_scheduled to None, run_after=None
[2023-10-24T13:44:49.396+0000] {logging_mixin.py:151} INFO - [2023-10-24T13:44:49.396+0000] {dag.py:3722} INFO - Setting next_dagrun for dataset_consumes_unknown_never_scheduled to None, run_after=None
[2023-10-24T13:44:49.398+0000] {logging_mixin.py:151} INFO - [2023-10-24T13:44:49.398+0000] {dag.py:3722} INFO - Setting next_dagrun for dataset_produces_1 to 2023-10-23T00:00:00+00:00, run_after=2023-10-24T00:00:00+00:00
[2023-10-24T13:44:49.400+0000] {logging_mixin.py:151} INFO - [2023-10-24T13:44:49.399+0000] {dag.py:3722} INFO - Setting next_dagrun for dataset_produces_2 to None, run_after=None
[2023-10-24T13:44:49.468+0000] {processor.py:179} INFO - Processing /home/airflow/.local/lib/python3.8/site-packages/airflow/example_dags/example_datasets.py took 0.192 seconds
[2023-10-24T13:45:19.546+0000] {processor.py:157} INFO - Started process (PID=98) to work on /home/airflow/.local/lib/python3.8/site-packages/airflow/example_dags/example_datasets.py
[2023-10-24T13:45:19.547+0000] {processor.py:829} INFO - Processing file /home/airflow/.local/lib/python3.8/site-packages/airflow/example_dags/example_datasets.py for tasks to queue
[2023-10-24T13:45:19.549+0000] {logging_mixin.py:151} INFO - [2023-10-24T13:45:19.549+0000] {dagbag.py:536} INFO - Filling up the DagBag from /home/airflow/.local/lib/python3.8/site-packages/airflow/example_dags/example_datasets.py
[2023-10-24T13:45:19.578+0000] {processor.py:839} INFO - DAG(s) dict_keys(['dataset_consumes_1_never_scheduled', 'dataset_produces_1', 'dataset_produces_2', 'dataset_consumes_1', 'dataset_consumes_1_and_2', 'dataset_consumes_unknown_never_scheduled']) retrieved from /home/airflow/.local/lib/python3.8/site-packages/airflow/example_dags/example_datasets.py
[2023-10-24T13:45:19.622+0000] {logging_mixin.py:151} INFO - [2023-10-24T13:45:19.622+0000] {dag.py:2941} INFO - Sync 6 DAGs
[2023-10-24T13:45:19.646+0000] {logging_mixin.py:151} INFO - [2023-10-24T13:45:19.646+0000] {dag.py:3722} INFO - Setting next_dagrun for dataset_consumes_1 to None, run_after=None
[2023-10-24T13:45:19.649+0000] {logging_mixin.py:151} INFO - [2023-10-24T13:45:19.649+0000] {dag.py:3722} INFO - Setting next_dagrun for dataset_consumes_1_and_2 to None, run_after=None
[2023-10-24T13:45:19.650+0000] {logging_mixin.py:151} INFO - [2023-10-24T13:45:19.650+0000] {dag.py:3722} INFO - Setting next_dagrun for dataset_consumes_1_never_scheduled to None, run_after=None
[2023-10-24T13:45:19.651+0000] {logging_mixin.py:151} INFO - [2023-10-24T13:45:19.651+0000] {dag.py:3722} INFO - Setting next_dagrun for dataset_consumes_unknown_never_scheduled to None, run_after=None
[2023-10-24T13:45:19.661+0000] {logging_mixin.py:151} INFO - [2023-10-24T13:45:19.661+0000] {dag.py:3722} INFO - Setting next_dagrun for dataset_produces_1 to 2023-10-23T00:00:00+00:00, run_after=2023-10-24T00:00:00+00:00
[2023-10-24T13:45:19.663+0000] {logging_mixin.py:151} INFO - [2023-10-24T13:45:19.663+0000] {dag.py:3722} INFO - Setting next_dagrun for dataset_produces_2 to None, run_after=None
[2023-10-24T13:45:19.716+0000] {processor.py:179} INFO - Processing /home/airflow/.local/lib/python3.8/site-packages/airflow/example_dags/example_datasets.py took 0.172 seconds
[2023-10-24T13:45:49.994+0000] {processor.py:157} INFO - Started process (PID=154) to work on /home/airflow/.local/lib/python3.8/site-packages/airflow/example_dags/example_datasets.py
[2023-10-24T13:45:49.995+0000] {processor.py:829} INFO - Processing file /home/airflow/.local/lib/python3.8/site-packages/airflow/example_dags/example_datasets.py for tasks to queue
[2023-10-24T13:45:49.997+0000] {logging_mixin.py:151} INFO - [2023-10-24T13:45:49.997+0000] {dagbag.py:536} INFO - Filling up the DagBag from /home/airflow/.local/lib/python3.8/site-packages/airflow/example_dags/example_datasets.py
[2023-10-24T13:45:50.012+0000] {processor.py:839} INFO - DAG(s) dict_keys(['dataset_consumes_1', 'dataset_consumes_1_and_2', 'dataset_consumes_1_never_scheduled', 'dataset_consumes_unknown_never_scheduled', 'dataset_produces_2', 'dataset_produces_1']) retrieved from /home/airflow/.local/lib/python3.8/site-packages/airflow/example_dags/example_datasets.py
[2023-10-24T13:45:50.033+0000] {logging_mixin.py:151} INFO - [2023-10-24T13:45:50.033+0000] {dag.py:2941} INFO - Sync 6 DAGs
[2023-10-24T13:45:50.059+0000] {logging_mixin.py:151} INFO - [2023-10-24T13:45:50.059+0000] {dag.py:3722} INFO - Setting next_dagrun for dataset_consumes_1 to None, run_after=None
[2023-10-24T13:45:50.062+0000] {logging_mixin.py:151} INFO - [2023-10-24T13:45:50.062+0000] {dag.py:3722} INFO - Setting next_dagrun for dataset_consumes_1_and_2 to None, run_after=None
[2023-10-24T13:45:50.063+0000] {logging_mixin.py:151} INFO - [2023-10-24T13:45:50.063+0000] {dag.py:3722} INFO - Setting next_dagrun for dataset_consumes_1_never_scheduled to None, run_after=None
[2023-10-24T13:45:50.065+0000] {logging_mixin.py:151} INFO - [2023-10-24T13:45:50.064+0000] {dag.py:3722} INFO - Setting next_dagrun for dataset_consumes_unknown_never_scheduled to None, run_after=None
[2023-10-24T13:45:50.074+0000] {logging_mixin.py:151} INFO - [2023-10-24T13:45:50.074+0000] {dag.py:3722} INFO - Setting next_dagrun for dataset_produces_1 to 2023-10-23T00:00:00+00:00, run_after=2023-10-24T00:00:00+00:00
[2023-10-24T13:45:50.076+0000] {logging_mixin.py:151} INFO - [2023-10-24T13:45:50.076+0000] {dag.py:3722} INFO - Setting next_dagrun for dataset_produces_2 to None, run_after=None
[2023-10-24T13:45:50.122+0000] {processor.py:179} INFO - Processing /home/airflow/.local/lib/python3.8/site-packages/airflow/example_dags/example_datasets.py took 0.133 seconds
[2023-10-24T13:46:20.631+0000] {processor.py:157} INFO - Started process (PID=210) to work on /home/airflow/.local/lib/python3.8/site-packages/airflow/example_dags/example_datasets.py
[2023-10-24T13:46:20.632+0000] {processor.py:829} INFO - Processing file /home/airflow/.local/lib/python3.8/site-packages/airflow/example_dags/example_datasets.py for tasks to queue
[2023-10-24T13:46:20.634+0000] {logging_mixin.py:151} INFO - [2023-10-24T13:46:20.634+0000] {dagbag.py:536} INFO - Filling up the DagBag from /home/airflow/.local/lib/python3.8/site-packages/airflow/example_dags/example_datasets.py
[2023-10-24T13:46:20.649+0000] {processor.py:839} INFO - DAG(s) dict_keys(['dataset_produces_2', 'dataset_consumes_unknown_never_scheduled', 'dataset_produces_1', 'dataset_consumes_1', 'dataset_consumes_1_never_scheduled', 'dataset_consumes_1_and_2']) retrieved from /home/airflow/.local/lib/python3.8/site-packages/airflow/example_dags/example_datasets.py
[2023-10-24T13:46:20.687+0000] {logging_mixin.py:151} INFO - [2023-10-24T13:46:20.687+0000] {dag.py:2941} INFO - Sync 6 DAGs
[2023-10-24T13:46:20.704+0000] {logging_mixin.py:151} INFO - [2023-10-24T13:46:20.704+0000] {dag.py:3722} INFO - Setting next_dagrun for dataset_consumes_1 to None, run_after=None
[2023-10-24T13:46:20.707+0000] {logging_mixin.py:151} INFO - [2023-10-24T13:46:20.707+0000] {dag.py:3722} INFO - Setting next_dagrun for dataset_consumes_1_and_2 to None, run_after=None
[2023-10-24T13:46:20.708+0000] {logging_mixin.py:151} INFO - [2023-10-24T13:46:20.708+0000] {dag.py:3722} INFO - Setting next_dagrun for dataset_consumes_1_never_scheduled to None, run_after=None
[2023-10-24T13:46:20.709+0000] {logging_mixin.py:151} INFO - [2023-10-24T13:46:20.709+0000] {dag.py:3722} INFO - Setting next_dagrun for dataset_consumes_unknown_never_scheduled to None, run_after=None
[2023-10-24T13:46:20.711+0000] {logging_mixin.py:151} INFO - [2023-10-24T13:46:20.711+0000] {dag.py:3722} INFO - Setting next_dagrun for dataset_produces_1 to 2023-10-23T00:00:00+00:00, run_after=2023-10-24T00:00:00+00:00
[2023-10-24T13:46:20.712+0000] {logging_mixin.py:151} INFO - [2023-10-24T13:46:20.712+0000] {dag.py:3722} INFO - Setting next_dagrun for dataset_produces_2 to None, run_after=None
[2023-10-24T13:46:20.730+0000] {processor.py:179} INFO - Processing /home/airflow/.local/lib/python3.8/site-packages/airflow/example_dags/example_datasets.py took 0.102 seconds
[2023-10-24T13:46:51.214+0000] {processor.py:157} INFO - Started process (PID=266) to work on /home/airflow/.local/lib/python3.8/site-packages/airflow/example_dags/example_datasets.py
[2023-10-24T13:46:51.215+0000] {processor.py:829} INFO - Processing file /home/airflow/.local/lib/python3.8/site-packages/airflow/example_dags/example_datasets.py for tasks to queue
[2023-10-24T13:46:51.217+0000] {logging_mixin.py:151} INFO - [2023-10-24T13:46:51.217+0000] {dagbag.py:536} INFO - Filling up the DagBag from /home/airflow/.local/lib/python3.8/site-packages/airflow/example_dags/example_datasets.py
[2023-10-24T13:46:51.226+0000] {processor.py:839} INFO - DAG(s) dict_keys(['dataset_consumes_1', 'dataset_produces_1', 'dataset_consumes_1_never_scheduled', 'dataset_consumes_1_and_2', 'dataset_produces_2', 'dataset_consumes_unknown_never_scheduled']) retrieved from /home/airflow/.local/lib/python3.8/site-packages/airflow/example_dags/example_datasets.py
[2023-10-24T13:46:51.272+0000] {logging_mixin.py:151} INFO - [2023-10-24T13:46:51.271+0000] {dag.py:2941} INFO - Sync 6 DAGs
[2023-10-24T13:46:51.292+0000] {logging_mixin.py:151} INFO - [2023-10-24T13:46:51.292+0000] {dag.py:3722} INFO - Setting next_dagrun for dataset_consumes_1 to None, run_after=None
[2023-10-24T13:46:51.296+0000] {logging_mixin.py:151} INFO - [2023-10-24T13:46:51.295+0000] {dag.py:3722} INFO - Setting next_dagrun for dataset_consumes_1_and_2 to None, run_after=None
[2023-10-24T13:46:51.297+0000] {logging_mixin.py:151} INFO - [2023-10-24T13:46:51.297+0000] {dag.py:3722} INFO - Setting next_dagrun for dataset_consumes_1_never_scheduled to None, run_after=None
[2023-10-24T13:46:51.299+0000] {logging_mixin.py:151} INFO - [2023-10-24T13:46:51.299+0000] {dag.py:3722} INFO - Setting next_dagrun for dataset_consumes_unknown_never_scheduled to None, run_after=None
[2023-10-24T13:46:51.307+0000] {logging_mixin.py:151} INFO - [2023-10-24T13:46:51.307+0000] {dag.py:3722} INFO - Setting next_dagrun for dataset_produces_1 to 2023-10-23T00:00:00+00:00, run_after=2023-10-24T00:00:00+00:00
[2023-10-24T13:46:51.309+0000] {logging_mixin.py:151} INFO - [2023-10-24T13:46:51.309+0000] {dag.py:3722} INFO - Setting next_dagrun for dataset_produces_2 to None, run_after=None
[2023-10-24T13:46:51.351+0000] {processor.py:179} INFO - Processing /home/airflow/.local/lib/python3.8/site-packages/airflow/example_dags/example_datasets.py took 0.140 seconds
[2023-10-24T13:47:21.574+0000] {processor.py:157} INFO - Started process (PID=322) to work on /home/airflow/.local/lib/python3.8/site-packages/airflow/example_dags/example_datasets.py
[2023-10-24T13:47:21.575+0000] {processor.py:829} INFO - Processing file /home/airflow/.local/lib/python3.8/site-packages/airflow/example_dags/example_datasets.py for tasks to queue
[2023-10-24T13:47:21.577+0000] {logging_mixin.py:151} INFO - [2023-10-24T13:47:21.577+0000] {dagbag.py:536} INFO - Filling up the DagBag from /home/airflow/.local/lib/python3.8/site-packages/airflow/example_dags/example_datasets.py
[2023-10-24T13:47:21.585+0000] {processor.py:839} INFO - DAG(s) dict_keys(['dataset_consumes_1_never_scheduled', 'dataset_produces_1', 'dataset_consumes_1', 'dataset_produces_2', 'dataset_consumes_unknown_never_scheduled', 'dataset_consumes_1_and_2']) retrieved from /home/airflow/.local/lib/python3.8/site-packages/airflow/example_dags/example_datasets.py
[2023-10-24T13:47:21.606+0000] {logging_mixin.py:151} INFO - [2023-10-24T13:47:21.606+0000] {dag.py:2941} INFO - Sync 6 DAGs
[2023-10-24T13:47:21.618+0000] {logging_mixin.py:151} INFO - [2023-10-24T13:47:21.618+0000] {dag.py:3722} INFO - Setting next_dagrun for dataset_consumes_1 to None, run_after=None
[2023-10-24T13:47:21.621+0000] {logging_mixin.py:151} INFO - [2023-10-24T13:47:21.621+0000] {dag.py:3722} INFO - Setting next_dagrun for dataset_consumes_1_and_2 to None, run_after=None
[2023-10-24T13:47:21.621+0000] {logging_mixin.py:151} INFO - [2023-10-24T13:47:21.621+0000] {dag.py:3722} INFO - Setting next_dagrun for dataset_consumes_1_never_scheduled to None, run_after=None
[2023-10-24T13:47:21.622+0000] {logging_mixin.py:151} INFO - [2023-10-24T13:47:21.622+0000] {dag.py:3722} INFO - Setting next_dagrun for dataset_consumes_unknown_never_scheduled to None, run_after=None
[2023-10-24T13:47:21.625+0000] {logging_mixin.py:151} INFO - [2023-10-24T13:47:21.625+0000] {dag.py:3722} INFO - Setting next_dagrun for dataset_produces_1 to 2023-10-23T00:00:00+00:00, run_after=2023-10-24T00:00:00+00:00
[2023-10-24T13:47:21.626+0000] {logging_mixin.py:151} INFO - [2023-10-24T13:47:21.626+0000] {dag.py:3722} INFO - Setting next_dagrun for dataset_produces_2 to None, run_after=None
[2023-10-24T13:47:21.644+0000] {processor.py:179} INFO - Processing /home/airflow/.local/lib/python3.8/site-packages/airflow/example_dags/example_datasets.py took 0.073 seconds
[2023-10-24T13:47:51.791+0000] {processor.py:157} INFO - Started process (PID=378) to work on /home/airflow/.local/lib/python3.8/site-packages/airflow/example_dags/example_datasets.py
[2023-10-24T13:47:51.792+0000] {processor.py:829} INFO - Processing file /home/airflow/.local/lib/python3.8/site-packages/airflow/example_dags/example_datasets.py for tasks to queue
[2023-10-24T13:47:51.794+0000] {logging_mixin.py:151} INFO - [2023-10-24T13:47:51.794+0000] {dagbag.py:536} INFO - Filling up the DagBag from /home/airflow/.local/lib/python3.8/site-packages/airflow/example_dags/example_datasets.py
[2023-10-24T13:47:51.802+0000] {processor.py:839} INFO - DAG(s) dict_keys(['dataset_consumes_1_and_2', 'dataset_consumes_1', 'dataset_produces_2', 'dataset_produces_1', 'dataset_consumes_1_never_scheduled', 'dataset_consumes_unknown_never_scheduled']) retrieved from /home/airflow/.local/lib/python3.8/site-packages/airflow/example_dags/example_datasets.py
[2023-10-24T13:47:51.825+0000] {logging_mixin.py:151} INFO - [2023-10-24T13:47:51.825+0000] {dag.py:2941} INFO - Sync 6 DAGs
[2023-10-24T13:47:51.839+0000] {logging_mixin.py:151} INFO - [2023-10-24T13:47:51.839+0000] {dag.py:3722} INFO - Setting next_dagrun for dataset_consumes_1 to None, run_after=None
[2023-10-24T13:47:51.842+0000] {logging_mixin.py:151} INFO - [2023-10-24T13:47:51.842+0000] {dag.py:3722} INFO - Setting next_dagrun for dataset_consumes_1_and_2 to None, run_after=None
[2023-10-24T13:47:51.842+0000] {logging_mixin.py:151} INFO - [2023-10-24T13:47:51.842+0000] {dag.py:3722} INFO - Setting next_dagrun for dataset_consumes_1_never_scheduled to None, run_after=None
[2023-10-24T13:47:51.843+0000] {logging_mixin.py:151} INFO - [2023-10-24T13:47:51.843+0000] {dag.py:3722} INFO - Setting next_dagrun for dataset_consumes_unknown_never_scheduled to None, run_after=None
[2023-10-24T13:47:51.845+0000] {logging_mixin.py:151} INFO - [2023-10-24T13:47:51.845+0000] {dag.py:3722} INFO - Setting next_dagrun for dataset_produces_1 to 2023-10-23T00:00:00+00:00, run_after=2023-10-24T00:00:00+00:00
[2023-10-24T13:47:51.845+0000] {logging_mixin.py:151} INFO - [2023-10-24T13:47:51.845+0000] {dag.py:3722} INFO - Setting next_dagrun for dataset_produces_2 to None, run_after=None
[2023-10-24T13:47:51.863+0000] {processor.py:179} INFO - Processing /home/airflow/.local/lib/python3.8/site-packages/airflow/example_dags/example_datasets.py took 0.076 seconds
[2023-10-24T13:48:23.461+0000] {processor.py:157} INFO - Started process (PID=434) to work on /home/airflow/.local/lib/python3.8/site-packages/airflow/example_dags/example_datasets.py
[2023-10-24T13:48:23.462+0000] {processor.py:829} INFO - Processing file /home/airflow/.local/lib/python3.8/site-packages/airflow/example_dags/example_datasets.py for tasks to queue
[2023-10-24T13:48:23.465+0000] {logging_mixin.py:151} INFO - [2023-10-24T13:48:23.465+0000] {dagbag.py:536} INFO - Filling up the DagBag from /home/airflow/.local/lib/python3.8/site-packages/airflow/example_dags/example_datasets.py
[2023-10-24T13:48:23.487+0000] {processor.py:839} INFO - DAG(s) dict_keys(['dataset_consumes_1_and_2', 'dataset_consumes_1', 'dataset_produces_2', 'dataset_consumes_1_never_scheduled', 'dataset_produces_1', 'dataset_consumes_unknown_never_scheduled']) retrieved from /home/airflow/.local/lib/python3.8/site-packages/airflow/example_dags/example_datasets.py
[2023-10-24T13:48:23.799+0000] {logging_mixin.py:151} INFO - [2023-10-24T13:48:23.799+0000] {dag.py:2941} INFO - Sync 6 DAGs
[2023-10-24T13:48:23.811+0000] {logging_mixin.py:151} INFO - [2023-10-24T13:48:23.811+0000] {dag.py:3722} INFO - Setting next_dagrun for dataset_consumes_1 to None, run_after=None
[2023-10-24T13:48:23.813+0000] {logging_mixin.py:151} INFO - [2023-10-24T13:48:23.813+0000] {dag.py:3722} INFO - Setting next_dagrun for dataset_consumes_1_and_2 to None, run_after=None
[2023-10-24T13:48:23.814+0000] {logging_mixin.py:151} INFO - [2023-10-24T13:48:23.814+0000] {dag.py:3722} INFO - Setting next_dagrun for dataset_consumes_1_never_scheduled to None, run_after=None
[2023-10-24T13:48:23.815+0000] {logging_mixin.py:151} INFO - [2023-10-24T13:48:23.815+0000] {dag.py:3722} INFO - Setting next_dagrun for dataset_consumes_unknown_never_scheduled to None, run_after=None
[2023-10-24T13:48:23.817+0000] {logging_mixin.py:151} INFO - [2023-10-24T13:48:23.817+0000] {dag.py:3722} INFO - Setting next_dagrun for dataset_produces_1 to 2023-10-23T00:00:00+00:00, run_after=2023-10-24T00:00:00+00:00
[2023-10-24T13:48:23.818+0000] {logging_mixin.py:151} INFO - [2023-10-24T13:48:23.818+0000] {dag.py:3722} INFO - Setting next_dagrun for dataset_produces_2 to None, run_after=None
[2023-10-24T13:48:23.838+0000] {processor.py:179} INFO - Processing /home/airflow/.local/lib/python3.8/site-packages/airflow/example_dags/example_datasets.py took 0.381 seconds
[2023-10-24T13:48:55.186+0000] {processor.py:157} INFO - Started process (PID=490) to work on /home/airflow/.local/lib/python3.8/site-packages/airflow/example_dags/example_datasets.py
[2023-10-24T13:48:55.188+0000] {processor.py:829} INFO - Processing file /home/airflow/.local/lib/python3.8/site-packages/airflow/example_dags/example_datasets.py for tasks to queue
[2023-10-24T13:48:55.194+0000] {logging_mixin.py:151} INFO - [2023-10-24T13:48:55.193+0000] {dagbag.py:536} INFO - Filling up the DagBag from /home/airflow/.local/lib/python3.8/site-packages/airflow/example_dags/example_datasets.py
[2023-10-24T13:48:55.217+0000] {processor.py:839} INFO - DAG(s) dict_keys(['dataset_produces_1', 'dataset_produces_2', 'dataset_consumes_1_and_2', 'dataset_consumes_unknown_never_scheduled', 'dataset_consumes_1', 'dataset_consumes_1_never_scheduled']) retrieved from /home/airflow/.local/lib/python3.8/site-packages/airflow/example_dags/example_datasets.py
[2023-10-24T13:48:55.903+0000] {logging_mixin.py:151} INFO - [2023-10-24T13:48:55.903+0000] {dag.py:2941} INFO - Sync 6 DAGs
[2023-10-24T13:48:55.916+0000] {logging_mixin.py:151} INFO - [2023-10-24T13:48:55.916+0000] {dag.py:3722} INFO - Setting next_dagrun for dataset_consumes_1 to None, run_after=None
[2023-10-24T13:48:55.919+0000] {logging_mixin.py:151} INFO - [2023-10-24T13:48:55.919+0000] {dag.py:3722} INFO - Setting next_dagrun for dataset_consumes_1_and_2 to None, run_after=None
[2023-10-24T13:48:55.920+0000] {logging_mixin.py:151} INFO - [2023-10-24T13:48:55.920+0000] {dag.py:3722} INFO - Setting next_dagrun for dataset_consumes_1_never_scheduled to None, run_after=None
[2023-10-24T13:48:55.921+0000] {logging_mixin.py:151} INFO - [2023-10-24T13:48:55.921+0000] {dag.py:3722} INFO - Setting next_dagrun for dataset_consumes_unknown_never_scheduled to None, run_after=None
[2023-10-24T13:48:55.923+0000] {logging_mixin.py:151} INFO - [2023-10-24T13:48:55.922+0000] {dag.py:3722} INFO - Setting next_dagrun for dataset_produces_1 to 2023-10-23T00:00:00+00:00, run_after=2023-10-24T00:00:00+00:00
[2023-10-24T13:48:55.923+0000] {logging_mixin.py:151} INFO - [2023-10-24T13:48:55.923+0000] {dag.py:3722} INFO - Setting next_dagrun for dataset_produces_2 to None, run_after=None
[2023-10-24T13:48:55.947+0000] {processor.py:179} INFO - Processing /home/airflow/.local/lib/python3.8/site-packages/airflow/example_dags/example_datasets.py took 0.769 seconds
[2023-10-24T13:49:26.613+0000] {processor.py:157} INFO - Started process (PID=546) to work on /home/airflow/.local/lib/python3.8/site-packages/airflow/example_dags/example_datasets.py
[2023-10-24T13:49:26.615+0000] {processor.py:829} INFO - Processing file /home/airflow/.local/lib/python3.8/site-packages/airflow/example_dags/example_datasets.py for tasks to queue
[2023-10-24T13:49:26.618+0000] {logging_mixin.py:151} INFO - [2023-10-24T13:49:26.617+0000] {dagbag.py:536} INFO - Filling up the DagBag from /home/airflow/.local/lib/python3.8/site-packages/airflow/example_dags/example_datasets.py
[2023-10-24T13:49:26.629+0000] {processor.py:839} INFO - DAG(s) dict_keys(['dataset_produces_2', 'dataset_consumes_1_never_scheduled', 'dataset_produces_1', 'dataset_consumes_1', 'dataset_consumes_unknown_never_scheduled', 'dataset_consumes_1_and_2']) retrieved from /home/airflow/.local/lib/python3.8/site-packages/airflow/example_dags/example_datasets.py
[2023-10-24T13:49:26.656+0000] {logging_mixin.py:151} INFO - [2023-10-24T13:49:26.656+0000] {dag.py:2941} INFO - Sync 6 DAGs
[2023-10-24T13:49:26.670+0000] {logging_mixin.py:151} INFO - [2023-10-24T13:49:26.670+0000] {dag.py:3722} INFO - Setting next_dagrun for dataset_consumes_1 to None, run_after=None
[2023-10-24T13:49:26.673+0000] {logging_mixin.py:151} INFO - [2023-10-24T13:49:26.672+0000] {dag.py:3722} INFO - Setting next_dagrun for dataset_consumes_1_and_2 to None, run_after=None
[2023-10-24T13:49:26.674+0000] {logging_mixin.py:151} INFO - [2023-10-24T13:49:26.674+0000] {dag.py:3722} INFO - Setting next_dagrun for dataset_consumes_1_never_scheduled to None, run_after=None
[2023-10-24T13:49:26.675+0000] {logging_mixin.py:151} INFO - [2023-10-24T13:49:26.675+0000] {dag.py:3722} INFO - Setting next_dagrun for dataset_consumes_unknown_never_scheduled to None, run_after=None
[2023-10-24T13:49:26.677+0000] {logging_mixin.py:151} INFO - [2023-10-24T13:49:26.677+0000] {dag.py:3722} INFO - Setting next_dagrun for dataset_produces_1 to 2023-10-23T00:00:00+00:00, run_after=2023-10-24T00:00:00+00:00
[2023-10-24T13:49:26.678+0000] {logging_mixin.py:151} INFO - [2023-10-24T13:49:26.677+0000] {dag.py:3722} INFO - Setting next_dagrun for dataset_produces_2 to None, run_after=None
[2023-10-24T13:49:26.701+0000] {processor.py:179} INFO - Processing /home/airflow/.local/lib/python3.8/site-packages/airflow/example_dags/example_datasets.py took 0.091 seconds
[2023-10-24T13:49:56.934+0000] {processor.py:157} INFO - Started process (PID=602) to work on /home/airflow/.local/lib/python3.8/site-packages/airflow/example_dags/example_datasets.py
[2023-10-24T13:49:56.936+0000] {processor.py:829} INFO - Processing file /home/airflow/.local/lib/python3.8/site-packages/airflow/example_dags/example_datasets.py for tasks to queue
[2023-10-24T13:49:56.938+0000] {logging_mixin.py:151} INFO - [2023-10-24T13:49:56.938+0000] {dagbag.py:536} INFO - Filling up the DagBag from /home/airflow/.local/lib/python3.8/site-packages/airflow/example_dags/example_datasets.py
[2023-10-24T13:49:56.965+0000] {processor.py:839} INFO - DAG(s) dict_keys(['dataset_consumes_unknown_never_scheduled', 'dataset_produces_1', 'dataset_consumes_1_and_2', 'dataset_produces_2', 'dataset_consumes_1', 'dataset_consumes_1_never_scheduled']) retrieved from /home/airflow/.local/lib/python3.8/site-packages/airflow/example_dags/example_datasets.py
[2023-10-24T13:49:56.994+0000] {logging_mixin.py:151} INFO - [2023-10-24T13:49:56.993+0000] {dag.py:2941} INFO - Sync 6 DAGs
[2023-10-24T13:49:57.008+0000] {logging_mixin.py:151} INFO - [2023-10-24T13:49:57.008+0000] {dag.py:3722} INFO - Setting next_dagrun for dataset_consumes_1 to None, run_after=None
[2023-10-24T13:49:57.010+0000] {logging_mixin.py:151} INFO - [2023-10-24T13:49:57.010+0000] {dag.py:3722} INFO - Setting next_dagrun for dataset_consumes_1_and_2 to None, run_after=None
[2023-10-24T13:49:57.011+0000] {logging_mixin.py:151} INFO - [2023-10-24T13:49:57.011+0000] {dag.py:3722} INFO - Setting next_dagrun for dataset_consumes_1_never_scheduled to None, run_after=None
[2023-10-24T13:49:57.012+0000] {logging_mixin.py:151} INFO - [2023-10-24T13:49:57.012+0000] {dag.py:3722} INFO - Setting next_dagrun for dataset_consumes_unknown_never_scheduled to None, run_after=None
[2023-10-24T13:49:57.014+0000] {logging_mixin.py:151} INFO - [2023-10-24T13:49:57.014+0000] {dag.py:3722} INFO - Setting next_dagrun for dataset_produces_1 to 2023-10-23T00:00:00+00:00, run_after=2023-10-24T00:00:00+00:00
[2023-10-24T13:49:57.015+0000] {logging_mixin.py:151} INFO - [2023-10-24T13:49:57.015+0000] {dag.py:3722} INFO - Setting next_dagrun for dataset_produces_2 to None, run_after=None
[2023-10-24T13:49:57.035+0000] {processor.py:179} INFO - Processing /home/airflow/.local/lib/python3.8/site-packages/airflow/example_dags/example_datasets.py took 0.105 seconds
[2023-10-24T13:50:27.992+0000] {processor.py:157} INFO - Started process (PID=658) to work on /home/airflow/.local/lib/python3.8/site-packages/airflow/example_dags/example_datasets.py
[2023-10-24T13:50:27.994+0000] {processor.py:829} INFO - Processing file /home/airflow/.local/lib/python3.8/site-packages/airflow/example_dags/example_datasets.py for tasks to queue
[2023-10-24T13:50:27.998+0000] {logging_mixin.py:151} INFO - [2023-10-24T13:50:27.998+0000] {dagbag.py:536} INFO - Filling up the DagBag from /home/airflow/.local/lib/python3.8/site-packages/airflow/example_dags/example_datasets.py
[2023-10-24T13:50:28.017+0000] {processor.py:839} INFO - DAG(s) dict_keys(['dataset_consumes_1_never_scheduled', 'dataset_consumes_unknown_never_scheduled', 'dataset_consumes_1', 'dataset_produces_2', 'dataset_produces_1', 'dataset_consumes_1_and_2']) retrieved from /home/airflow/.local/lib/python3.8/site-packages/airflow/example_dags/example_datasets.py
[2023-10-24T13:50:28.056+0000] {logging_mixin.py:151} INFO - [2023-10-24T13:50:28.056+0000] {dag.py:2941} INFO - Sync 6 DAGs
[2023-10-24T13:50:28.075+0000] {logging_mixin.py:151} INFO - [2023-10-24T13:50:28.074+0000] {dag.py:3722} INFO - Setting next_dagrun for dataset_consumes_1 to None, run_after=None
[2023-10-24T13:50:28.077+0000] {logging_mixin.py:151} INFO - [2023-10-24T13:50:28.077+0000] {dag.py:3722} INFO - Setting next_dagrun for dataset_consumes_1_and_2 to None, run_after=None
[2023-10-24T13:50:28.078+0000] {logging_mixin.py:151} INFO - [2023-10-24T13:50:28.078+0000] {dag.py:3722} INFO - Setting next_dagrun for dataset_consumes_1_never_scheduled to None, run_after=None
[2023-10-24T13:50:28.079+0000] {logging_mixin.py:151} INFO - [2023-10-24T13:50:28.079+0000] {dag.py:3722} INFO - Setting next_dagrun for dataset_consumes_unknown_never_scheduled to None, run_after=None
[2023-10-24T13:50:28.082+0000] {logging_mixin.py:151} INFO - [2023-10-24T13:50:28.082+0000] {dag.py:3722} INFO - Setting next_dagrun for dataset_produces_1 to 2023-10-23T00:00:00+00:00, run_after=2023-10-24T00:00:00+00:00
[2023-10-24T13:50:28.083+0000] {logging_mixin.py:151} INFO - [2023-10-24T13:50:28.083+0000] {dag.py:3722} INFO - Setting next_dagrun for dataset_produces_2 to None, run_after=None
[2023-10-24T13:50:28.103+0000] {processor.py:179} INFO - Processing /home/airflow/.local/lib/python3.8/site-packages/airflow/example_dags/example_datasets.py took 0.115 seconds
[2023-10-24T13:50:58.537+0000] {processor.py:157} INFO - Started process (PID=714) to work on /home/airflow/.local/lib/python3.8/site-packages/airflow/example_dags/example_datasets.py
[2023-10-24T13:50:58.538+0000] {processor.py:829} INFO - Processing file /home/airflow/.local/lib/python3.8/site-packages/airflow/example_dags/example_datasets.py for tasks to queue
[2023-10-24T13:50:58.541+0000] {logging_mixin.py:151} INFO - [2023-10-24T13:50:58.541+0000] {dagbag.py:536} INFO - Filling up the DagBag from /home/airflow/.local/lib/python3.8/site-packages/airflow/example_dags/example_datasets.py
[2023-10-24T13:50:58.562+0000] {processor.py:839} INFO - DAG(s) dict_keys(['dataset_produces_1', 'dataset_consumes_unknown_never_scheduled', 'dataset_consumes_1_never_scheduled', 'dataset_produces_2', 'dataset_consumes_1', 'dataset_consumes_1_and_2']) retrieved from /home/airflow/.local/lib/python3.8/site-packages/airflow/example_dags/example_datasets.py
[2023-10-24T13:50:58.588+0000] {logging_mixin.py:151} INFO - [2023-10-24T13:50:58.587+0000] {dag.py:2941} INFO - Sync 6 DAGs
[2023-10-24T13:50:58.608+0000] {logging_mixin.py:151} INFO - [2023-10-24T13:50:58.608+0000] {dag.py:3722} INFO - Setting next_dagrun for dataset_consumes_1 to None, run_after=None
[2023-10-24T13:50:58.612+0000] {logging_mixin.py:151} INFO - [2023-10-24T13:50:58.612+0000] {dag.py:3722} INFO - Setting next_dagrun for dataset_consumes_1_and_2 to None, run_after=None
[2023-10-24T13:50:58.617+0000] {logging_mixin.py:151} INFO - [2023-10-24T13:50:58.617+0000] {dag.py:3722} INFO - Setting next_dagrun for dataset_consumes_1_never_scheduled to None, run_after=None
[2023-10-24T13:50:58.620+0000] {logging_mixin.py:151} INFO - [2023-10-24T13:50:58.620+0000] {dag.py:3722} INFO - Setting next_dagrun for dataset_consumes_unknown_never_scheduled to None, run_after=None
[2023-10-24T13:50:58.622+0000] {logging_mixin.py:151} INFO - [2023-10-24T13:50:58.622+0000] {dag.py:3722} INFO - Setting next_dagrun for dataset_produces_1 to 2023-10-23T00:00:00+00:00, run_after=2023-10-24T00:00:00+00:00
[2023-10-24T13:50:58.623+0000] {logging_mixin.py:151} INFO - [2023-10-24T13:50:58.623+0000] {dag.py:3722} INFO - Setting next_dagrun for dataset_produces_2 to None, run_after=None
[2023-10-24T13:50:58.647+0000] {processor.py:179} INFO - Processing /home/airflow/.local/lib/python3.8/site-packages/airflow/example_dags/example_datasets.py took 0.115 seconds
[2023-10-24T13:51:29.162+0000] {processor.py:157} INFO - Started process (PID=770) to work on /home/airflow/.local/lib/python3.8/site-packages/airflow/example_dags/example_datasets.py
[2023-10-24T13:51:29.164+0000] {processor.py:829} INFO - Processing file /home/airflow/.local/lib/python3.8/site-packages/airflow/example_dags/example_datasets.py for tasks to queue
[2023-10-24T13:51:29.166+0000] {logging_mixin.py:151} INFO - [2023-10-24T13:51:29.166+0000] {dagbag.py:536} INFO - Filling up the DagBag from /home/airflow/.local/lib/python3.8/site-packages/airflow/example_dags/example_datasets.py
[2023-10-24T13:51:29.185+0000] {processor.py:839} INFO - DAG(s) dict_keys(['dataset_consumes_1', 'dataset_consumes_1_and_2', 'dataset_produces_2', 'dataset_consumes_1_never_scheduled', 'dataset_consumes_unknown_never_scheduled', 'dataset_produces_1']) retrieved from /home/airflow/.local/lib/python3.8/site-packages/airflow/example_dags/example_datasets.py
[2023-10-24T13:51:29.212+0000] {logging_mixin.py:151} INFO - [2023-10-24T13:51:29.212+0000] {dag.py:2941} INFO - Sync 6 DAGs
[2023-10-24T13:51:29.232+0000] {logging_mixin.py:151} INFO - [2023-10-24T13:51:29.231+0000] {dag.py:3722} INFO - Setting next_dagrun for dataset_consumes_1 to None, run_after=None
[2023-10-24T13:51:29.234+0000] {logging_mixin.py:151} INFO - [2023-10-24T13:51:29.234+0000] {dag.py:3722} INFO - Setting next_dagrun for dataset_consumes_1_and_2 to None, run_after=None
[2023-10-24T13:51:29.236+0000] {logging_mixin.py:151} INFO - [2023-10-24T13:51:29.236+0000] {dag.py:3722} INFO - Setting next_dagrun for dataset_consumes_1_never_scheduled to None, run_after=None
[2023-10-24T13:51:29.237+0000] {logging_mixin.py:151} INFO - [2023-10-24T13:51:29.237+0000] {dag.py:3722} INFO - Setting next_dagrun for dataset_consumes_unknown_never_scheduled to None, run_after=None
[2023-10-24T13:51:29.239+0000] {logging_mixin.py:151} INFO - [2023-10-24T13:51:29.239+0000] {dag.py:3722} INFO - Setting next_dagrun for dataset_produces_1 to 2023-10-23T00:00:00+00:00, run_after=2023-10-24T00:00:00+00:00
[2023-10-24T13:51:29.239+0000] {logging_mixin.py:151} INFO - [2023-10-24T13:51:29.239+0000] {dag.py:3722} INFO - Setting next_dagrun for dataset_produces_2 to None, run_after=None
[2023-10-24T13:51:29.263+0000] {processor.py:179} INFO - Processing /home/airflow/.local/lib/python3.8/site-packages/airflow/example_dags/example_datasets.py took 0.105 seconds
[2023-10-24T13:51:59.705+0000] {processor.py:157} INFO - Started process (PID=826) to work on /home/airflow/.local/lib/python3.8/site-packages/airflow/example_dags/example_datasets.py
[2023-10-24T13:51:59.708+0000] {processor.py:829} INFO - Processing file /home/airflow/.local/lib/python3.8/site-packages/airflow/example_dags/example_datasets.py for tasks to queue
[2023-10-24T13:51:59.717+0000] {logging_mixin.py:151} INFO - [2023-10-24T13:51:59.715+0000] {dagbag.py:536} INFO - Filling up the DagBag from /home/airflow/.local/lib/python3.8/site-packages/airflow/example_dags/example_datasets.py
[2023-10-24T13:51:59.753+0000] {processor.py:839} INFO - DAG(s) dict_keys(['dataset_produces_1', 'dataset_consumes_1', 'dataset_produces_2', 'dataset_consumes_1_and_2', 'dataset_consumes_1_never_scheduled', 'dataset_consumes_unknown_never_scheduled']) retrieved from /home/airflow/.local/lib/python3.8/site-packages/airflow/example_dags/example_datasets.py
[2023-10-24T13:51:59.837+0000] {logging_mixin.py:151} INFO - [2023-10-24T13:51:59.837+0000] {dag.py:2941} INFO - Sync 6 DAGs
[2023-10-24T13:51:59.878+0000] {logging_mixin.py:151} INFO - [2023-10-24T13:51:59.878+0000] {dag.py:3722} INFO - Setting next_dagrun for dataset_consumes_1 to None, run_after=None
[2023-10-24T13:51:59.882+0000] {logging_mixin.py:151} INFO - [2023-10-24T13:51:59.882+0000] {dag.py:3722} INFO - Setting next_dagrun for dataset_consumes_1_and_2 to None, run_after=None
[2023-10-24T13:51:59.884+0000] {logging_mixin.py:151} INFO - [2023-10-24T13:51:59.883+0000] {dag.py:3722} INFO - Setting next_dagrun for dataset_consumes_1_never_scheduled to None, run_after=None
[2023-10-24T13:51:59.887+0000] {logging_mixin.py:151} INFO - [2023-10-24T13:51:59.887+0000] {dag.py:3722} INFO - Setting next_dagrun for dataset_consumes_unknown_never_scheduled to None, run_after=None
[2023-10-24T13:51:59.891+0000] {logging_mixin.py:151} INFO - [2023-10-24T13:51:59.891+0000] {dag.py:3722} INFO - Setting next_dagrun for dataset_produces_1 to 2023-10-23T00:00:00+00:00, run_after=2023-10-24T00:00:00+00:00
[2023-10-24T13:51:59.894+0000] {logging_mixin.py:151} INFO - [2023-10-24T13:51:59.894+0000] {dag.py:3722} INFO - Setting next_dagrun for dataset_produces_2 to None, run_after=None
[2023-10-24T13:51:59.942+0000] {processor.py:179} INFO - Processing /home/airflow/.local/lib/python3.8/site-packages/airflow/example_dags/example_datasets.py took 0.260 seconds
[2023-10-24T13:52:30.312+0000] {processor.py:157} INFO - Started process (PID=882) to work on /home/airflow/.local/lib/python3.8/site-packages/airflow/example_dags/example_datasets.py
[2023-10-24T13:52:30.314+0000] {processor.py:829} INFO - Processing file /home/airflow/.local/lib/python3.8/site-packages/airflow/example_dags/example_datasets.py for tasks to queue
[2023-10-24T13:52:30.316+0000] {logging_mixin.py:151} INFO - [2023-10-24T13:52:30.316+0000] {dagbag.py:536} INFO - Filling up the DagBag from /home/airflow/.local/lib/python3.8/site-packages/airflow/example_dags/example_datasets.py
[2023-10-24T13:52:30.329+0000] {processor.py:839} INFO - DAG(s) dict_keys(['dataset_produces_1', 'dataset_consumes_1', 'dataset_consumes_1_never_scheduled', 'dataset_consumes_unknown_never_scheduled', 'dataset_produces_2', 'dataset_consumes_1_and_2']) retrieved from /home/airflow/.local/lib/python3.8/site-packages/airflow/example_dags/example_datasets.py
[2023-10-24T13:52:30.364+0000] {logging_mixin.py:151} INFO - [2023-10-24T13:52:30.364+0000] {dag.py:2941} INFO - Sync 6 DAGs
[2023-10-24T13:52:30.381+0000] {logging_mixin.py:151} INFO - [2023-10-24T13:52:30.381+0000] {dag.py:3722} INFO - Setting next_dagrun for dataset_consumes_1 to None, run_after=None
[2023-10-24T13:52:30.384+0000] {logging_mixin.py:151} INFO - [2023-10-24T13:52:30.384+0000] {dag.py:3722} INFO - Setting next_dagrun for dataset_consumes_1_and_2 to None, run_after=None
[2023-10-24T13:52:30.385+0000] {logging_mixin.py:151} INFO - [2023-10-24T13:52:30.385+0000] {dag.py:3722} INFO - Setting next_dagrun for dataset_consumes_1_never_scheduled to None, run_after=None
[2023-10-24T13:52:30.386+0000] {logging_mixin.py:151} INFO - [2023-10-24T13:52:30.386+0000] {dag.py:3722} INFO - Setting next_dagrun for dataset_consumes_unknown_never_scheduled to None, run_after=None
[2023-10-24T13:52:30.388+0000] {logging_mixin.py:151} INFO - [2023-10-24T13:52:30.388+0000] {dag.py:3722} INFO - Setting next_dagrun for dataset_produces_1 to 2023-10-23T00:00:00+00:00, run_after=2023-10-24T00:00:00+00:00
[2023-10-24T13:52:30.389+0000] {logging_mixin.py:151} INFO - [2023-10-24T13:52:30.389+0000] {dag.py:3722} INFO - Setting next_dagrun for dataset_produces_2 to None, run_after=None
[2023-10-24T13:52:30.414+0000] {processor.py:179} INFO - Processing /home/airflow/.local/lib/python3.8/site-packages/airflow/example_dags/example_datasets.py took 0.105 seconds
[2023-10-24T13:53:00.870+0000] {processor.py:157} INFO - Started process (PID=938) to work on /home/airflow/.local/lib/python3.8/site-packages/airflow/example_dags/example_datasets.py
[2023-10-24T13:53:00.873+0000] {processor.py:829} INFO - Processing file /home/airflow/.local/lib/python3.8/site-packages/airflow/example_dags/example_datasets.py for tasks to queue
[2023-10-24T13:53:00.876+0000] {logging_mixin.py:151} INFO - [2023-10-24T13:53:00.876+0000] {dagbag.py:536} INFO - Filling up the DagBag from /home/airflow/.local/lib/python3.8/site-packages/airflow/example_dags/example_datasets.py
[2023-10-24T13:53:00.909+0000] {processor.py:839} INFO - DAG(s) dict_keys(['dataset_produces_2', 'dataset_produces_1', 'dataset_consumes_1_never_scheduled', 'dataset_consumes_1', 'dataset_consumes_1_and_2', 'dataset_consumes_unknown_never_scheduled']) retrieved from /home/airflow/.local/lib/python3.8/site-packages/airflow/example_dags/example_datasets.py
[2023-10-24T13:53:00.932+0000] {logging_mixin.py:151} INFO - [2023-10-24T13:53:00.932+0000] {dag.py:2941} INFO - Sync 6 DAGs
[2023-10-24T13:53:00.947+0000] {logging_mixin.py:151} INFO - [2023-10-24T13:53:00.947+0000] {dag.py:3722} INFO - Setting next_dagrun for dataset_consumes_1 to None, run_after=None
[2023-10-24T13:53:00.949+0000] {logging_mixin.py:151} INFO - [2023-10-24T13:53:00.949+0000] {dag.py:3722} INFO - Setting next_dagrun for dataset_consumes_1_and_2 to None, run_after=None
[2023-10-24T13:53:00.949+0000] {logging_mixin.py:151} INFO - [2023-10-24T13:53:00.949+0000] {dag.py:3722} INFO - Setting next_dagrun for dataset_consumes_1_never_scheduled to None, run_after=None
[2023-10-24T13:53:00.951+0000] {logging_mixin.py:151} INFO - [2023-10-24T13:53:00.951+0000] {dag.py:3722} INFO - Setting next_dagrun for dataset_consumes_unknown_never_scheduled to None, run_after=None
[2023-10-24T13:53:00.959+0000] {logging_mixin.py:151} INFO - [2023-10-24T13:53:00.959+0000] {dag.py:3722} INFO - Setting next_dagrun for dataset_produces_1 to 2023-10-23T00:00:00+00:00, run_after=2023-10-24T00:00:00+00:00
[2023-10-24T13:53:00.961+0000] {logging_mixin.py:151} INFO - [2023-10-24T13:53:00.961+0000] {dag.py:3722} INFO - Setting next_dagrun for dataset_produces_2 to None, run_after=None
[2023-10-24T13:53:00.979+0000] {processor.py:179} INFO - Processing /home/airflow/.local/lib/python3.8/site-packages/airflow/example_dags/example_datasets.py took 0.116 seconds
[2023-10-24T13:53:31.514+0000] {processor.py:157} INFO - Started process (PID=994) to work on /home/airflow/.local/lib/python3.8/site-packages/airflow/example_dags/example_datasets.py
[2023-10-24T13:53:31.518+0000] {processor.py:829} INFO - Processing file /home/airflow/.local/lib/python3.8/site-packages/airflow/example_dags/example_datasets.py for tasks to queue
[2023-10-24T13:53:31.529+0000] {logging_mixin.py:151} INFO - [2023-10-24T13:53:31.528+0000] {dagbag.py:536} INFO - Filling up the DagBag from /home/airflow/.local/lib/python3.8/site-packages/airflow/example_dags/example_datasets.py
[2023-10-24T13:53:31.687+0000] {processor.py:839} INFO - DAG(s) dict_keys(['dataset_produces_1', 'dataset_consumes_1_and_2', 'dataset_consumes_unknown_never_scheduled', 'dataset_produces_2', 'dataset_consumes_1', 'dataset_consumes_1_never_scheduled']) retrieved from /home/airflow/.local/lib/python3.8/site-packages/airflow/example_dags/example_datasets.py
[2023-10-24T13:53:31.759+0000] {logging_mixin.py:151} INFO - [2023-10-24T13:53:31.759+0000] {dag.py:2941} INFO - Sync 6 DAGs
[2023-10-24T13:53:31.796+0000] {logging_mixin.py:151} INFO - [2023-10-24T13:53:31.796+0000] {dag.py:3722} INFO - Setting next_dagrun for dataset_consumes_1 to None, run_after=None
[2023-10-24T13:53:31.800+0000] {logging_mixin.py:151} INFO - [2023-10-24T13:53:31.800+0000] {dag.py:3722} INFO - Setting next_dagrun for dataset_consumes_1_and_2 to None, run_after=None
[2023-10-24T13:53:31.803+0000] {logging_mixin.py:151} INFO - [2023-10-24T13:53:31.803+0000] {dag.py:3722} INFO - Setting next_dagrun for dataset_consumes_1_never_scheduled to None, run_after=None
[2023-10-24T13:53:31.806+0000] {logging_mixin.py:151} INFO - [2023-10-24T13:53:31.806+0000] {dag.py:3722} INFO - Setting next_dagrun for dataset_consumes_unknown_never_scheduled to None, run_after=None
[2023-10-24T13:53:31.813+0000] {logging_mixin.py:151} INFO - [2023-10-24T13:53:31.813+0000] {dag.py:3722} INFO - Setting next_dagrun for dataset_produces_1 to 2023-10-23T00:00:00+00:00, run_after=2023-10-24T00:00:00+00:00
[2023-10-24T13:53:31.816+0000] {logging_mixin.py:151} INFO - [2023-10-24T13:53:31.816+0000] {dag.py:3722} INFO - Setting next_dagrun for dataset_produces_2 to None, run_after=None
[2023-10-24T13:53:31.862+0000] {processor.py:179} INFO - Processing /home/airflow/.local/lib/python3.8/site-packages/airflow/example_dags/example_datasets.py took 0.362 seconds
