[2023-10-24T13:44:53.346+0000] {processor.py:157} INFO - Started process (PID=61) to work on /home/airflow/.local/lib/python3.8/site-packages/airflow/example_dags/example_skip_dag.py
[2023-10-24T13:44:53.347+0000] {processor.py:829} INFO - Processing file /home/airflow/.local/lib/python3.8/site-packages/airflow/example_dags/example_skip_dag.py for tasks to queue
[2023-10-24T13:44:53.349+0000] {logging_mixin.py:151} INFO - [2023-10-24T13:44:53.349+0000] {dagbag.py:536} INFO - Filling up the DagBag from /home/airflow/.local/lib/python3.8/site-packages/airflow/example_dags/example_skip_dag.py
[2023-10-24T13:44:53.355+0000] {processor.py:839} INFO - DAG(s) dict_keys(['example_skip_dag']) retrieved from /home/airflow/.local/lib/python3.8/site-packages/airflow/example_dags/example_skip_dag.py
[2023-10-24T13:44:53.365+0000] {logging_mixin.py:151} INFO - [2023-10-24T13:44:53.365+0000] {dag.py:2941} INFO - Sync 1 DAGs
[2023-10-24T13:44:53.386+0000] {logging_mixin.py:151} INFO - [2023-10-24T13:44:53.385+0000] {dag.py:3722} INFO - Setting next_dagrun for example_skip_dag to 2023-10-23T13:44:53.385582+00:00, run_after=2023-10-24T13:44:53.385582+00:00
[2023-10-24T13:44:53.398+0000] {processor.py:179} INFO - Processing /home/airflow/.local/lib/python3.8/site-packages/airflow/example_dags/example_skip_dag.py took 0.055 seconds
[2023-10-24T13:45:23.986+0000] {processor.py:157} INFO - Started process (PID=117) to work on /home/airflow/.local/lib/python3.8/site-packages/airflow/example_dags/example_skip_dag.py
[2023-10-24T13:45:23.992+0000] {processor.py:829} INFO - Processing file /home/airflow/.local/lib/python3.8/site-packages/airflow/example_dags/example_skip_dag.py for tasks to queue
[2023-10-24T13:45:24.007+0000] {logging_mixin.py:151} INFO - [2023-10-24T13:45:24.006+0000] {dagbag.py:536} INFO - Filling up the DagBag from /home/airflow/.local/lib/python3.8/site-packages/airflow/example_dags/example_skip_dag.py
[2023-10-24T13:45:24.028+0000] {processor.py:839} INFO - DAG(s) dict_keys(['example_skip_dag']) retrieved from /home/airflow/.local/lib/python3.8/site-packages/airflow/example_dags/example_skip_dag.py
[2023-10-24T13:45:24.066+0000] {logging_mixin.py:151} INFO - [2023-10-24T13:45:24.065+0000] {dag.py:2941} INFO - Sync 1 DAGs
[2023-10-24T13:45:24.089+0000] {logging_mixin.py:151} INFO - [2023-10-24T13:45:24.089+0000] {dag.py:3722} INFO - Setting next_dagrun for example_skip_dag to 2023-10-23T13:45:24.089312+00:00, run_after=2023-10-24T13:45:24.089312+00:00
[2023-10-24T13:45:24.106+0000] {processor.py:179} INFO - Processing /home/airflow/.local/lib/python3.8/site-packages/airflow/example_dags/example_skip_dag.py took 0.129 seconds
[2023-10-24T13:45:54.199+0000] {processor.py:157} INFO - Started process (PID=172) to work on /home/airflow/.local/lib/python3.8/site-packages/airflow/example_dags/example_skip_dag.py
[2023-10-24T13:45:54.200+0000] {processor.py:829} INFO - Processing file /home/airflow/.local/lib/python3.8/site-packages/airflow/example_dags/example_skip_dag.py for tasks to queue
[2023-10-24T13:45:54.202+0000] {logging_mixin.py:151} INFO - [2023-10-24T13:45:54.201+0000] {dagbag.py:536} INFO - Filling up the DagBag from /home/airflow/.local/lib/python3.8/site-packages/airflow/example_dags/example_skip_dag.py
[2023-10-24T13:45:54.207+0000] {processor.py:839} INFO - DAG(s) dict_keys(['example_skip_dag']) retrieved from /home/airflow/.local/lib/python3.8/site-packages/airflow/example_dags/example_skip_dag.py
[2023-10-24T13:45:54.221+0000] {logging_mixin.py:151} INFO - [2023-10-24T13:45:54.221+0000] {dag.py:2941} INFO - Sync 1 DAGs
[2023-10-24T13:45:54.234+0000] {logging_mixin.py:151} INFO - [2023-10-24T13:45:54.234+0000] {dag.py:3722} INFO - Setting next_dagrun for example_skip_dag to 2023-10-23T13:45:54.234346+00:00, run_after=2023-10-24T13:45:54.234346+00:00
[2023-10-24T13:45:54.244+0000] {processor.py:179} INFO - Processing /home/airflow/.local/lib/python3.8/site-packages/airflow/example_dags/example_skip_dag.py took 0.049 seconds
[2023-10-24T13:46:24.589+0000] {processor.py:157} INFO - Started process (PID=228) to work on /home/airflow/.local/lib/python3.8/site-packages/airflow/example_dags/example_skip_dag.py
[2023-10-24T13:46:24.590+0000] {processor.py:829} INFO - Processing file /home/airflow/.local/lib/python3.8/site-packages/airflow/example_dags/example_skip_dag.py for tasks to queue
[2023-10-24T13:46:24.592+0000] {logging_mixin.py:151} INFO - [2023-10-24T13:46:24.591+0000] {dagbag.py:536} INFO - Filling up the DagBag from /home/airflow/.local/lib/python3.8/site-packages/airflow/example_dags/example_skip_dag.py
[2023-10-24T13:46:24.596+0000] {processor.py:839} INFO - DAG(s) dict_keys(['example_skip_dag']) retrieved from /home/airflow/.local/lib/python3.8/site-packages/airflow/example_dags/example_skip_dag.py
[2023-10-24T13:46:24.615+0000] {logging_mixin.py:151} INFO - [2023-10-24T13:46:24.615+0000] {dag.py:2941} INFO - Sync 1 DAGs
[2023-10-24T13:46:24.629+0000] {logging_mixin.py:151} INFO - [2023-10-24T13:46:24.629+0000] {dag.py:3722} INFO - Setting next_dagrun for example_skip_dag to 2023-10-23T13:46:24.628856+00:00, run_after=2023-10-24T13:46:24.628856+00:00
[2023-10-24T13:46:24.641+0000] {processor.py:179} INFO - Processing /home/airflow/.local/lib/python3.8/site-packages/airflow/example_dags/example_skip_dag.py took 0.055 seconds
[2023-10-24T13:46:55.079+0000] {processor.py:157} INFO - Started process (PID=284) to work on /home/airflow/.local/lib/python3.8/site-packages/airflow/example_dags/example_skip_dag.py
[2023-10-24T13:46:55.080+0000] {processor.py:829} INFO - Processing file /home/airflow/.local/lib/python3.8/site-packages/airflow/example_dags/example_skip_dag.py for tasks to queue
[2023-10-24T13:46:55.082+0000] {logging_mixin.py:151} INFO - [2023-10-24T13:46:55.082+0000] {dagbag.py:536} INFO - Filling up the DagBag from /home/airflow/.local/lib/python3.8/site-packages/airflow/example_dags/example_skip_dag.py
[2023-10-24T13:46:55.087+0000] {processor.py:839} INFO - DAG(s) dict_keys(['example_skip_dag']) retrieved from /home/airflow/.local/lib/python3.8/site-packages/airflow/example_dags/example_skip_dag.py
[2023-10-24T13:46:55.102+0000] {logging_mixin.py:151} INFO - [2023-10-24T13:46:55.102+0000] {dag.py:2941} INFO - Sync 1 DAGs
[2023-10-24T13:46:55.115+0000] {logging_mixin.py:151} INFO - [2023-10-24T13:46:55.115+0000] {dag.py:3722} INFO - Setting next_dagrun for example_skip_dag to 2023-10-23T13:46:55.115410+00:00, run_after=2023-10-24T13:46:55.115410+00:00
[2023-10-24T13:46:55.127+0000] {processor.py:179} INFO - Processing /home/airflow/.local/lib/python3.8/site-packages/airflow/example_dags/example_skip_dag.py took 0.051 seconds
[2023-10-24T13:47:25.568+0000] {processor.py:157} INFO - Started process (PID=340) to work on /home/airflow/.local/lib/python3.8/site-packages/airflow/example_dags/example_skip_dag.py
[2023-10-24T13:47:25.569+0000] {processor.py:829} INFO - Processing file /home/airflow/.local/lib/python3.8/site-packages/airflow/example_dags/example_skip_dag.py for tasks to queue
[2023-10-24T13:47:25.571+0000] {logging_mixin.py:151} INFO - [2023-10-24T13:47:25.571+0000] {dagbag.py:536} INFO - Filling up the DagBag from /home/airflow/.local/lib/python3.8/site-packages/airflow/example_dags/example_skip_dag.py
[2023-10-24T13:47:25.576+0000] {processor.py:839} INFO - DAG(s) dict_keys(['example_skip_dag']) retrieved from /home/airflow/.local/lib/python3.8/site-packages/airflow/example_dags/example_skip_dag.py
[2023-10-24T13:47:25.594+0000] {logging_mixin.py:151} INFO - [2023-10-24T13:47:25.594+0000] {dag.py:2941} INFO - Sync 1 DAGs
[2023-10-24T13:47:25.615+0000] {logging_mixin.py:151} INFO - [2023-10-24T13:47:25.615+0000] {dag.py:3722} INFO - Setting next_dagrun for example_skip_dag to 2023-10-23T13:47:25.614752+00:00, run_after=2023-10-24T13:47:25.614752+00:00
[2023-10-24T13:47:25.628+0000] {processor.py:179} INFO - Processing /home/airflow/.local/lib/python3.8/site-packages/airflow/example_dags/example_skip_dag.py took 0.063 seconds
[2023-10-24T13:47:55.783+0000] {processor.py:157} INFO - Started process (PID=396) to work on /home/airflow/.local/lib/python3.8/site-packages/airflow/example_dags/example_skip_dag.py
[2023-10-24T13:47:55.784+0000] {processor.py:829} INFO - Processing file /home/airflow/.local/lib/python3.8/site-packages/airflow/example_dags/example_skip_dag.py for tasks to queue
[2023-10-24T13:47:55.786+0000] {logging_mixin.py:151} INFO - [2023-10-24T13:47:55.786+0000] {dagbag.py:536} INFO - Filling up the DagBag from /home/airflow/.local/lib/python3.8/site-packages/airflow/example_dags/example_skip_dag.py
[2023-10-24T13:47:55.791+0000] {processor.py:839} INFO - DAG(s) dict_keys(['example_skip_dag']) retrieved from /home/airflow/.local/lib/python3.8/site-packages/airflow/example_dags/example_skip_dag.py
[2023-10-24T13:47:55.808+0000] {logging_mixin.py:151} INFO - [2023-10-24T13:47:55.808+0000] {dag.py:2941} INFO - Sync 1 DAGs
[2023-10-24T13:47:55.826+0000] {logging_mixin.py:151} INFO - [2023-10-24T13:47:55.826+0000] {dag.py:3722} INFO - Setting next_dagrun for example_skip_dag to 2023-10-23T13:47:55.825925+00:00, run_after=2023-10-24T13:47:55.825925+00:00
[2023-10-24T13:47:55.837+0000] {processor.py:179} INFO - Processing /home/airflow/.local/lib/python3.8/site-packages/airflow/example_dags/example_skip_dag.py took 0.056 seconds
[2023-10-24T13:48:26.027+0000] {processor.py:157} INFO - Started process (PID=452) to work on /home/airflow/.local/lib/python3.8/site-packages/airflow/example_dags/example_skip_dag.py
[2023-10-24T13:48:26.027+0000] {processor.py:829} INFO - Processing file /home/airflow/.local/lib/python3.8/site-packages/airflow/example_dags/example_skip_dag.py for tasks to queue
[2023-10-24T13:48:26.029+0000] {logging_mixin.py:151} INFO - [2023-10-24T13:48:26.029+0000] {dagbag.py:536} INFO - Filling up the DagBag from /home/airflow/.local/lib/python3.8/site-packages/airflow/example_dags/example_skip_dag.py
[2023-10-24T13:48:26.035+0000] {processor.py:839} INFO - DAG(s) dict_keys(['example_skip_dag']) retrieved from /home/airflow/.local/lib/python3.8/site-packages/airflow/example_dags/example_skip_dag.py
[2023-10-24T13:48:26.051+0000] {logging_mixin.py:151} INFO - [2023-10-24T13:48:26.050+0000] {dag.py:2941} INFO - Sync 1 DAGs
[2023-10-24T13:48:26.064+0000] {logging_mixin.py:151} INFO - [2023-10-24T13:48:26.064+0000] {dag.py:3722} INFO - Setting next_dagrun for example_skip_dag to 2023-10-23T13:48:26.064215+00:00, run_after=2023-10-24T13:48:26.064215+00:00
[2023-10-24T13:48:26.075+0000] {processor.py:179} INFO - Processing /home/airflow/.local/lib/python3.8/site-packages/airflow/example_dags/example_skip_dag.py took 0.051 seconds
[2023-10-24T13:48:58.776+0000] {processor.py:157} INFO - Started process (PID=508) to work on /home/airflow/.local/lib/python3.8/site-packages/airflow/example_dags/example_skip_dag.py
[2023-10-24T13:48:58.776+0000] {processor.py:829} INFO - Processing file /home/airflow/.local/lib/python3.8/site-packages/airflow/example_dags/example_skip_dag.py for tasks to queue
[2023-10-24T13:48:58.779+0000] {logging_mixin.py:151} INFO - [2023-10-24T13:48:58.779+0000] {dagbag.py:536} INFO - Filling up the DagBag from /home/airflow/.local/lib/python3.8/site-packages/airflow/example_dags/example_skip_dag.py
[2023-10-24T13:48:58.784+0000] {processor.py:839} INFO - DAG(s) dict_keys(['example_skip_dag']) retrieved from /home/airflow/.local/lib/python3.8/site-packages/airflow/example_dags/example_skip_dag.py
[2023-10-24T13:48:58.944+0000] {logging_mixin.py:151} INFO - [2023-10-24T13:48:58.944+0000] {dag.py:2941} INFO - Sync 1 DAGs
[2023-10-24T13:48:58.956+0000] {logging_mixin.py:151} INFO - [2023-10-24T13:48:58.956+0000] {dag.py:3722} INFO - Setting next_dagrun for example_skip_dag to 2023-10-23T13:48:58.956422+00:00, run_after=2023-10-24T13:48:58.956422+00:00
[2023-10-24T13:48:58.965+0000] {processor.py:179} INFO - Processing /home/airflow/.local/lib/python3.8/site-packages/airflow/example_dags/example_skip_dag.py took 0.193 seconds
[2023-10-24T13:49:29.317+0000] {processor.py:157} INFO - Started process (PID=564) to work on /home/airflow/.local/lib/python3.8/site-packages/airflow/example_dags/example_skip_dag.py
[2023-10-24T13:49:29.318+0000] {processor.py:829} INFO - Processing file /home/airflow/.local/lib/python3.8/site-packages/airflow/example_dags/example_skip_dag.py for tasks to queue
[2023-10-24T13:49:29.320+0000] {logging_mixin.py:151} INFO - [2023-10-24T13:49:29.320+0000] {dagbag.py:536} INFO - Filling up the DagBag from /home/airflow/.local/lib/python3.8/site-packages/airflow/example_dags/example_skip_dag.py
[2023-10-24T13:49:29.327+0000] {processor.py:839} INFO - DAG(s) dict_keys(['example_skip_dag']) retrieved from /home/airflow/.local/lib/python3.8/site-packages/airflow/example_dags/example_skip_dag.py
[2023-10-24T13:49:29.344+0000] {logging_mixin.py:151} INFO - [2023-10-24T13:49:29.344+0000] {dag.py:2941} INFO - Sync 1 DAGs
[2023-10-24T13:49:29.357+0000] {logging_mixin.py:151} INFO - [2023-10-24T13:49:29.357+0000] {dag.py:3722} INFO - Setting next_dagrun for example_skip_dag to 2023-10-23T13:49:29.356887+00:00, run_after=2023-10-24T13:49:29.356887+00:00
[2023-10-24T13:49:29.367+0000] {processor.py:179} INFO - Processing /home/airflow/.local/lib/python3.8/site-packages/airflow/example_dags/example_skip_dag.py took 0.055 seconds
[2023-10-24T13:49:59.720+0000] {processor.py:157} INFO - Started process (PID=620) to work on /home/airflow/.local/lib/python3.8/site-packages/airflow/example_dags/example_skip_dag.py
[2023-10-24T13:49:59.721+0000] {processor.py:829} INFO - Processing file /home/airflow/.local/lib/python3.8/site-packages/airflow/example_dags/example_skip_dag.py for tasks to queue
[2023-10-24T13:49:59.723+0000] {logging_mixin.py:151} INFO - [2023-10-24T13:49:59.722+0000] {dagbag.py:536} INFO - Filling up the DagBag from /home/airflow/.local/lib/python3.8/site-packages/airflow/example_dags/example_skip_dag.py
[2023-10-24T13:49:59.727+0000] {processor.py:839} INFO - DAG(s) dict_keys(['example_skip_dag']) retrieved from /home/airflow/.local/lib/python3.8/site-packages/airflow/example_dags/example_skip_dag.py
[2023-10-24T13:49:59.745+0000] {logging_mixin.py:151} INFO - [2023-10-24T13:49:59.745+0000] {dag.py:2941} INFO - Sync 1 DAGs
[2023-10-24T13:49:59.758+0000] {logging_mixin.py:151} INFO - [2023-10-24T13:49:59.758+0000] {dag.py:3722} INFO - Setting next_dagrun for example_skip_dag to 2023-10-23T13:49:59.758228+00:00, run_after=2023-10-24T13:49:59.758228+00:00
[2023-10-24T13:49:59.768+0000] {processor.py:179} INFO - Processing /home/airflow/.local/lib/python3.8/site-packages/airflow/example_dags/example_skip_dag.py took 0.050 seconds
[2023-10-24T13:50:30.804+0000] {processor.py:157} INFO - Started process (PID=676) to work on /home/airflow/.local/lib/python3.8/site-packages/airflow/example_dags/example_skip_dag.py
[2023-10-24T13:50:30.805+0000] {processor.py:829} INFO - Processing file /home/airflow/.local/lib/python3.8/site-packages/airflow/example_dags/example_skip_dag.py for tasks to queue
[2023-10-24T13:50:30.806+0000] {logging_mixin.py:151} INFO - [2023-10-24T13:50:30.806+0000] {dagbag.py:536} INFO - Filling up the DagBag from /home/airflow/.local/lib/python3.8/site-packages/airflow/example_dags/example_skip_dag.py
[2023-10-24T13:50:30.812+0000] {processor.py:839} INFO - DAG(s) dict_keys(['example_skip_dag']) retrieved from /home/airflow/.local/lib/python3.8/site-packages/airflow/example_dags/example_skip_dag.py
[2023-10-24T13:50:30.827+0000] {logging_mixin.py:151} INFO - [2023-10-24T13:50:30.827+0000] {dag.py:2941} INFO - Sync 1 DAGs
[2023-10-24T13:50:30.840+0000] {logging_mixin.py:151} INFO - [2023-10-24T13:50:30.840+0000] {dag.py:3722} INFO - Setting next_dagrun for example_skip_dag to 2023-10-23T13:50:30.840124+00:00, run_after=2023-10-24T13:50:30.840124+00:00
[2023-10-24T13:50:30.852+0000] {processor.py:179} INFO - Processing /home/airflow/.local/lib/python3.8/site-packages/airflow/example_dags/example_skip_dag.py took 0.050 seconds
[2023-10-24T13:51:01.429+0000] {processor.py:157} INFO - Started process (PID=732) to work on /home/airflow/.local/lib/python3.8/site-packages/airflow/example_dags/example_skip_dag.py
[2023-10-24T13:51:01.430+0000] {processor.py:829} INFO - Processing file /home/airflow/.local/lib/python3.8/site-packages/airflow/example_dags/example_skip_dag.py for tasks to queue
[2023-10-24T13:51:01.432+0000] {logging_mixin.py:151} INFO - [2023-10-24T13:51:01.432+0000] {dagbag.py:536} INFO - Filling up the DagBag from /home/airflow/.local/lib/python3.8/site-packages/airflow/example_dags/example_skip_dag.py
[2023-10-24T13:51:01.438+0000] {processor.py:839} INFO - DAG(s) dict_keys(['example_skip_dag']) retrieved from /home/airflow/.local/lib/python3.8/site-packages/airflow/example_dags/example_skip_dag.py
[2023-10-24T13:51:01.456+0000] {logging_mixin.py:151} INFO - [2023-10-24T13:51:01.456+0000] {dag.py:2941} INFO - Sync 1 DAGs
[2023-10-24T13:51:01.471+0000] {logging_mixin.py:151} INFO - [2023-10-24T13:51:01.471+0000] {dag.py:3722} INFO - Setting next_dagrun for example_skip_dag to 2023-10-23T13:51:01.470889+00:00, run_after=2023-10-24T13:51:01.470889+00:00
[2023-10-24T13:51:01.481+0000] {processor.py:179} INFO - Processing /home/airflow/.local/lib/python3.8/site-packages/airflow/example_dags/example_skip_dag.py took 0.056 seconds
[2023-10-24T13:51:31.938+0000] {processor.py:157} INFO - Started process (PID=788) to work on /home/airflow/.local/lib/python3.8/site-packages/airflow/example_dags/example_skip_dag.py
[2023-10-24T13:51:31.939+0000] {processor.py:829} INFO - Processing file /home/airflow/.local/lib/python3.8/site-packages/airflow/example_dags/example_skip_dag.py for tasks to queue
[2023-10-24T13:51:31.941+0000] {logging_mixin.py:151} INFO - [2023-10-24T13:51:31.940+0000] {dagbag.py:536} INFO - Filling up the DagBag from /home/airflow/.local/lib/python3.8/site-packages/airflow/example_dags/example_skip_dag.py
[2023-10-24T13:51:31.945+0000] {processor.py:839} INFO - DAG(s) dict_keys(['example_skip_dag']) retrieved from /home/airflow/.local/lib/python3.8/site-packages/airflow/example_dags/example_skip_dag.py
[2023-10-24T13:51:31.961+0000] {logging_mixin.py:151} INFO - [2023-10-24T13:51:31.961+0000] {dag.py:2941} INFO - Sync 1 DAGs
[2023-10-24T13:51:31.973+0000] {logging_mixin.py:151} INFO - [2023-10-24T13:51:31.973+0000] {dag.py:3722} INFO - Setting next_dagrun for example_skip_dag to 2023-10-23T13:51:31.973591+00:00, run_after=2023-10-24T13:51:31.973591+00:00
[2023-10-24T13:51:31.984+0000] {processor.py:179} INFO - Processing /home/airflow/.local/lib/python3.8/site-packages/airflow/example_dags/example_skip_dag.py took 0.048 seconds
[2023-10-24T13:52:02.433+0000] {processor.py:157} INFO - Started process (PID=844) to work on /home/airflow/.local/lib/python3.8/site-packages/airflow/example_dags/example_skip_dag.py
[2023-10-24T13:52:02.434+0000] {processor.py:829} INFO - Processing file /home/airflow/.local/lib/python3.8/site-packages/airflow/example_dags/example_skip_dag.py for tasks to queue
[2023-10-24T13:52:02.437+0000] {logging_mixin.py:151} INFO - [2023-10-24T13:52:02.437+0000] {dagbag.py:536} INFO - Filling up the DagBag from /home/airflow/.local/lib/python3.8/site-packages/airflow/example_dags/example_skip_dag.py
[2023-10-24T13:52:02.447+0000] {processor.py:839} INFO - DAG(s) dict_keys(['example_skip_dag']) retrieved from /home/airflow/.local/lib/python3.8/site-packages/airflow/example_dags/example_skip_dag.py
[2023-10-24T13:52:02.465+0000] {logging_mixin.py:151} INFO - [2023-10-24T13:52:02.465+0000] {dag.py:2941} INFO - Sync 1 DAGs
[2023-10-24T13:52:02.489+0000] {logging_mixin.py:151} INFO - [2023-10-24T13:52:02.489+0000] {dag.py:3722} INFO - Setting next_dagrun for example_skip_dag to 2023-10-23T13:52:02.489043+00:00, run_after=2023-10-24T13:52:02.489043+00:00
[2023-10-24T13:52:02.503+0000] {processor.py:179} INFO - Processing /home/airflow/.local/lib/python3.8/site-packages/airflow/example_dags/example_skip_dag.py took 0.073 seconds
[2023-10-24T13:52:33.155+0000] {processor.py:157} INFO - Started process (PID=900) to work on /home/airflow/.local/lib/python3.8/site-packages/airflow/example_dags/example_skip_dag.py
[2023-10-24T13:52:33.156+0000] {processor.py:829} INFO - Processing file /home/airflow/.local/lib/python3.8/site-packages/airflow/example_dags/example_skip_dag.py for tasks to queue
[2023-10-24T13:52:33.158+0000] {logging_mixin.py:151} INFO - [2023-10-24T13:52:33.158+0000] {dagbag.py:536} INFO - Filling up the DagBag from /home/airflow/.local/lib/python3.8/site-packages/airflow/example_dags/example_skip_dag.py
[2023-10-24T13:52:33.163+0000] {processor.py:839} INFO - DAG(s) dict_keys(['example_skip_dag']) retrieved from /home/airflow/.local/lib/python3.8/site-packages/airflow/example_dags/example_skip_dag.py
[2023-10-24T13:52:33.179+0000] {logging_mixin.py:151} INFO - [2023-10-24T13:52:33.179+0000] {dag.py:2941} INFO - Sync 1 DAGs
[2023-10-24T13:52:33.191+0000] {logging_mixin.py:151} INFO - [2023-10-24T13:52:33.191+0000] {dag.py:3722} INFO - Setting next_dagrun for example_skip_dag to 2023-10-23T13:52:33.191705+00:00, run_after=2023-10-24T13:52:33.191705+00:00
[2023-10-24T13:52:33.204+0000] {processor.py:179} INFO - Processing /home/airflow/.local/lib/python3.8/site-packages/airflow/example_dags/example_skip_dag.py took 0.051 seconds
[2023-10-24T13:53:03.647+0000] {processor.py:157} INFO - Started process (PID=956) to work on /home/airflow/.local/lib/python3.8/site-packages/airflow/example_dags/example_skip_dag.py
[2023-10-24T13:53:03.648+0000] {processor.py:829} INFO - Processing file /home/airflow/.local/lib/python3.8/site-packages/airflow/example_dags/example_skip_dag.py for tasks to queue
[2023-10-24T13:53:03.650+0000] {logging_mixin.py:151} INFO - [2023-10-24T13:53:03.650+0000] {dagbag.py:536} INFO - Filling up the DagBag from /home/airflow/.local/lib/python3.8/site-packages/airflow/example_dags/example_skip_dag.py
[2023-10-24T13:53:03.655+0000] {processor.py:839} INFO - DAG(s) dict_keys(['example_skip_dag']) retrieved from /home/airflow/.local/lib/python3.8/site-packages/airflow/example_dags/example_skip_dag.py
[2023-10-24T13:53:03.671+0000] {logging_mixin.py:151} INFO - [2023-10-24T13:53:03.671+0000] {dag.py:2941} INFO - Sync 1 DAGs
[2023-10-24T13:53:03.684+0000] {logging_mixin.py:151} INFO - [2023-10-24T13:53:03.683+0000] {dag.py:3722} INFO - Setting next_dagrun for example_skip_dag to 2023-10-23T13:53:03.683704+00:00, run_after=2023-10-24T13:53:03.683704+00:00
[2023-10-24T13:53:03.695+0000] {processor.py:179} INFO - Processing /home/airflow/.local/lib/python3.8/site-packages/airflow/example_dags/example_skip_dag.py took 0.051 seconds
[2023-10-24T13:53:34.241+0000] {processor.py:157} INFO - Started process (PID=1012) to work on /home/airflow/.local/lib/python3.8/site-packages/airflow/example_dags/example_skip_dag.py
[2023-10-24T13:53:34.242+0000] {processor.py:829} INFO - Processing file /home/airflow/.local/lib/python3.8/site-packages/airflow/example_dags/example_skip_dag.py for tasks to queue
[2023-10-24T13:53:34.243+0000] {logging_mixin.py:151} INFO - [2023-10-24T13:53:34.243+0000] {dagbag.py:536} INFO - Filling up the DagBag from /home/airflow/.local/lib/python3.8/site-packages/airflow/example_dags/example_skip_dag.py
[2023-10-24T13:53:34.248+0000] {processor.py:839} INFO - DAG(s) dict_keys(['example_skip_dag']) retrieved from /home/airflow/.local/lib/python3.8/site-packages/airflow/example_dags/example_skip_dag.py
[2023-10-24T13:53:34.267+0000] {logging_mixin.py:151} INFO - [2023-10-24T13:53:34.267+0000] {dag.py:2941} INFO - Sync 1 DAGs
[2023-10-24T13:53:34.283+0000] {logging_mixin.py:151} INFO - [2023-10-24T13:53:34.283+0000] {dag.py:3722} INFO - Setting next_dagrun for example_skip_dag to 2023-10-23T13:53:34.283236+00:00, run_after=2023-10-24T13:53:34.283236+00:00
[2023-10-24T13:53:34.295+0000] {processor.py:179} INFO - Processing /home/airflow/.local/lib/python3.8/site-packages/airflow/example_dags/example_skip_dag.py took 0.056 seconds
