[2023-10-24T13:44:50.996+0000] {processor.py:157} INFO - Started process (PID=51) to work on /home/airflow/.local/lib/python3.8/site-packages/airflow/example_dags/example_latest_only_with_trigger.py
[2023-10-24T13:44:51.003+0000] {processor.py:829} INFO - Processing file /home/airflow/.local/lib/python3.8/site-packages/airflow/example_dags/example_latest_only_with_trigger.py for tasks to queue
[2023-10-24T13:44:51.009+0000] {logging_mixin.py:151} INFO - [2023-10-24T13:44:51.008+0000] {dagbag.py:536} INFO - Filling up the DagBag from /home/airflow/.local/lib/python3.8/site-packages/airflow/example_dags/example_latest_only_with_trigger.py
[2023-10-24T13:44:51.019+0000] {processor.py:839} INFO - DAG(s) dict_keys(['latest_only_with_trigger']) retrieved from /home/airflow/.local/lib/python3.8/site-packages/airflow/example_dags/example_latest_only_with_trigger.py
[2023-10-24T13:44:51.046+0000] {logging_mixin.py:151} INFO - [2023-10-24T13:44:51.046+0000] {dag.py:2941} INFO - Sync 1 DAGs
[2023-10-24T13:44:51.177+0000] {logging_mixin.py:151} INFO - [2023-10-24T13:44:51.177+0000] {dag.py:3722} INFO - Setting next_dagrun for latest_only_with_trigger to 2023-10-24T09:44:51.174378+00:00, run_after=2023-10-24T13:44:51.174378+00:00
[2023-10-24T13:44:51.241+0000] {processor.py:179} INFO - Processing /home/airflow/.local/lib/python3.8/site-packages/airflow/example_dags/example_latest_only_with_trigger.py took 0.257 seconds
[2023-10-24T13:45:22.073+0000] {processor.py:157} INFO - Started process (PID=106) to work on /home/airflow/.local/lib/python3.8/site-packages/airflow/example_dags/example_latest_only_with_trigger.py
[2023-10-24T13:45:22.074+0000] {processor.py:829} INFO - Processing file /home/airflow/.local/lib/python3.8/site-packages/airflow/example_dags/example_latest_only_with_trigger.py for tasks to queue
[2023-10-24T13:45:22.079+0000] {logging_mixin.py:151} INFO - [2023-10-24T13:45:22.078+0000] {dagbag.py:536} INFO - Filling up the DagBag from /home/airflow/.local/lib/python3.8/site-packages/airflow/example_dags/example_latest_only_with_trigger.py
[2023-10-24T13:45:22.089+0000] {processor.py:839} INFO - DAG(s) dict_keys(['latest_only_with_trigger']) retrieved from /home/airflow/.local/lib/python3.8/site-packages/airflow/example_dags/example_latest_only_with_trigger.py
[2023-10-24T13:45:22.110+0000] {logging_mixin.py:151} INFO - [2023-10-24T13:45:22.110+0000] {dag.py:2941} INFO - Sync 1 DAGs
[2023-10-24T13:45:22.125+0000] {logging_mixin.py:151} INFO - [2023-10-24T13:45:22.125+0000] {dag.py:3722} INFO - Setting next_dagrun for latest_only_with_trigger to 2023-10-24T09:45:22.125286+00:00, run_after=2023-10-24T13:45:22.125286+00:00
[2023-10-24T13:45:22.137+0000] {processor.py:179} INFO - Processing /home/airflow/.local/lib/python3.8/site-packages/airflow/example_dags/example_latest_only_with_trigger.py took 0.070 seconds
[2023-10-24T13:45:52.503+0000] {processor.py:157} INFO - Started process (PID=162) to work on /home/airflow/.local/lib/python3.8/site-packages/airflow/example_dags/example_latest_only_with_trigger.py
[2023-10-24T13:45:52.505+0000] {processor.py:829} INFO - Processing file /home/airflow/.local/lib/python3.8/site-packages/airflow/example_dags/example_latest_only_with_trigger.py for tasks to queue
[2023-10-24T13:45:52.508+0000] {logging_mixin.py:151} INFO - [2023-10-24T13:45:52.507+0000] {dagbag.py:536} INFO - Filling up the DagBag from /home/airflow/.local/lib/python3.8/site-packages/airflow/example_dags/example_latest_only_with_trigger.py
[2023-10-24T13:45:52.514+0000] {processor.py:839} INFO - DAG(s) dict_keys(['latest_only_with_trigger']) retrieved from /home/airflow/.local/lib/python3.8/site-packages/airflow/example_dags/example_latest_only_with_trigger.py
[2023-10-24T13:45:52.533+0000] {logging_mixin.py:151} INFO - [2023-10-24T13:45:52.533+0000] {dag.py:2941} INFO - Sync 1 DAGs
[2023-10-24T13:45:52.550+0000] {logging_mixin.py:151} INFO - [2023-10-24T13:45:52.549+0000] {dag.py:3722} INFO - Setting next_dagrun for latest_only_with_trigger to 2023-10-24T09:45:52.549505+00:00, run_after=2023-10-24T13:45:52.549505+00:00
[2023-10-24T13:45:52.564+0000] {processor.py:179} INFO - Processing /home/airflow/.local/lib/python3.8/site-packages/airflow/example_dags/example_latest_only_with_trigger.py took 0.065 seconds
[2023-10-24T13:46:23.039+0000] {processor.py:157} INFO - Started process (PID=218) to work on /home/airflow/.local/lib/python3.8/site-packages/airflow/example_dags/example_latest_only_with_trigger.py
[2023-10-24T13:46:23.040+0000] {processor.py:829} INFO - Processing file /home/airflow/.local/lib/python3.8/site-packages/airflow/example_dags/example_latest_only_with_trigger.py for tasks to queue
[2023-10-24T13:46:23.043+0000] {logging_mixin.py:151} INFO - [2023-10-24T13:46:23.042+0000] {dagbag.py:536} INFO - Filling up the DagBag from /home/airflow/.local/lib/python3.8/site-packages/airflow/example_dags/example_latest_only_with_trigger.py
[2023-10-24T13:46:23.050+0000] {processor.py:839} INFO - DAG(s) dict_keys(['latest_only_with_trigger']) retrieved from /home/airflow/.local/lib/python3.8/site-packages/airflow/example_dags/example_latest_only_with_trigger.py
[2023-10-24T13:46:23.069+0000] {logging_mixin.py:151} INFO - [2023-10-24T13:46:23.069+0000] {dag.py:2941} INFO - Sync 1 DAGs
[2023-10-24T13:46:23.083+0000] {logging_mixin.py:151} INFO - [2023-10-24T13:46:23.083+0000] {dag.py:3722} INFO - Setting next_dagrun for latest_only_with_trigger to 2023-10-24T09:46:23.082902+00:00, run_after=2023-10-24T13:46:23.082902+00:00
[2023-10-24T13:46:23.094+0000] {processor.py:179} INFO - Processing /home/airflow/.local/lib/python3.8/site-packages/airflow/example_dags/example_latest_only_with_trigger.py took 0.060 seconds
[2023-10-24T13:46:53.690+0000] {processor.py:157} INFO - Started process (PID=274) to work on /home/airflow/.local/lib/python3.8/site-packages/airflow/example_dags/example_latest_only_with_trigger.py
[2023-10-24T13:46:53.692+0000] {processor.py:829} INFO - Processing file /home/airflow/.local/lib/python3.8/site-packages/airflow/example_dags/example_latest_only_with_trigger.py for tasks to queue
[2023-10-24T13:46:53.700+0000] {logging_mixin.py:151} INFO - [2023-10-24T13:46:53.698+0000] {dagbag.py:536} INFO - Filling up the DagBag from /home/airflow/.local/lib/python3.8/site-packages/airflow/example_dags/example_latest_only_with_trigger.py
[2023-10-24T13:46:53.740+0000] {processor.py:839} INFO - DAG(s) dict_keys(['latest_only_with_trigger']) retrieved from /home/airflow/.local/lib/python3.8/site-packages/airflow/example_dags/example_latest_only_with_trigger.py
[2023-10-24T13:46:53.779+0000] {logging_mixin.py:151} INFO - [2023-10-24T13:46:53.778+0000] {dag.py:2941} INFO - Sync 1 DAGs
[2023-10-24T13:46:53.808+0000] {logging_mixin.py:151} INFO - [2023-10-24T13:46:53.807+0000] {dag.py:3722} INFO - Setting next_dagrun for latest_only_with_trigger to 2023-10-24T09:46:53.807475+00:00, run_after=2023-10-24T13:46:53.807475+00:00
[2023-10-24T13:46:53.825+0000] {processor.py:179} INFO - Processing /home/airflow/.local/lib/python3.8/site-packages/airflow/example_dags/example_latest_only_with_trigger.py took 0.145 seconds
[2023-10-24T13:47:23.986+0000] {processor.py:157} INFO - Started process (PID=330) to work on /home/airflow/.local/lib/python3.8/site-packages/airflow/example_dags/example_latest_only_with_trigger.py
[2023-10-24T13:47:23.987+0000] {processor.py:829} INFO - Processing file /home/airflow/.local/lib/python3.8/site-packages/airflow/example_dags/example_latest_only_with_trigger.py for tasks to queue
[2023-10-24T13:47:23.990+0000] {logging_mixin.py:151} INFO - [2023-10-24T13:47:23.989+0000] {dagbag.py:536} INFO - Filling up the DagBag from /home/airflow/.local/lib/python3.8/site-packages/airflow/example_dags/example_latest_only_with_trigger.py
[2023-10-24T13:47:23.995+0000] {processor.py:839} INFO - DAG(s) dict_keys(['latest_only_with_trigger']) retrieved from /home/airflow/.local/lib/python3.8/site-packages/airflow/example_dags/example_latest_only_with_trigger.py
[2023-10-24T13:47:24.015+0000] {logging_mixin.py:151} INFO - [2023-10-24T13:47:24.015+0000] {dag.py:2941} INFO - Sync 1 DAGs
[2023-10-24T13:47:24.029+0000] {logging_mixin.py:151} INFO - [2023-10-24T13:47:24.028+0000] {dag.py:3722} INFO - Setting next_dagrun for latest_only_with_trigger to 2023-10-24T09:47:24.028727+00:00, run_after=2023-10-24T13:47:24.028727+00:00
[2023-10-24T13:47:24.038+0000] {processor.py:179} INFO - Processing /home/airflow/.local/lib/python3.8/site-packages/airflow/example_dags/example_latest_only_with_trigger.py took 0.057 seconds
[2023-10-24T13:47:54.162+0000] {processor.py:157} INFO - Started process (PID=386) to work on /home/airflow/.local/lib/python3.8/site-packages/airflow/example_dags/example_latest_only_with_trigger.py
[2023-10-24T13:47:54.164+0000] {processor.py:829} INFO - Processing file /home/airflow/.local/lib/python3.8/site-packages/airflow/example_dags/example_latest_only_with_trigger.py for tasks to queue
[2023-10-24T13:47:54.171+0000] {logging_mixin.py:151} INFO - [2023-10-24T13:47:54.171+0000] {dagbag.py:536} INFO - Filling up the DagBag from /home/airflow/.local/lib/python3.8/site-packages/airflow/example_dags/example_latest_only_with_trigger.py
[2023-10-24T13:47:54.182+0000] {processor.py:839} INFO - DAG(s) dict_keys(['latest_only_with_trigger']) retrieved from /home/airflow/.local/lib/python3.8/site-packages/airflow/example_dags/example_latest_only_with_trigger.py
[2023-10-24T13:47:54.213+0000] {logging_mixin.py:151} INFO - [2023-10-24T13:47:54.213+0000] {dag.py:2941} INFO - Sync 1 DAGs
[2023-10-24T13:47:54.228+0000] {logging_mixin.py:151} INFO - [2023-10-24T13:47:54.228+0000] {dag.py:3722} INFO - Setting next_dagrun for latest_only_with_trigger to 2023-10-24T09:47:54.228023+00:00, run_after=2023-10-24T13:47:54.228023+00:00
[2023-10-24T13:47:54.243+0000] {processor.py:179} INFO - Processing /home/airflow/.local/lib/python3.8/site-packages/airflow/example_dags/example_latest_only_with_trigger.py took 0.090 seconds
[2023-10-24T13:48:24.605+0000] {processor.py:157} INFO - Started process (PID=442) to work on /home/airflow/.local/lib/python3.8/site-packages/airflow/example_dags/example_latest_only_with_trigger.py
[2023-10-24T13:48:24.606+0000] {processor.py:829} INFO - Processing file /home/airflow/.local/lib/python3.8/site-packages/airflow/example_dags/example_latest_only_with_trigger.py for tasks to queue
[2023-10-24T13:48:24.608+0000] {logging_mixin.py:151} INFO - [2023-10-24T13:48:24.608+0000] {dagbag.py:536} INFO - Filling up the DagBag from /home/airflow/.local/lib/python3.8/site-packages/airflow/example_dags/example_latest_only_with_trigger.py
[2023-10-24T13:48:24.613+0000] {processor.py:839} INFO - DAG(s) dict_keys(['latest_only_with_trigger']) retrieved from /home/airflow/.local/lib/python3.8/site-packages/airflow/example_dags/example_latest_only_with_trigger.py
[2023-10-24T13:48:24.763+0000] {logging_mixin.py:151} INFO - [2023-10-24T13:48:24.763+0000] {dag.py:2941} INFO - Sync 1 DAGs
[2023-10-24T13:48:24.781+0000] {logging_mixin.py:151} INFO - [2023-10-24T13:48:24.781+0000] {dag.py:3722} INFO - Setting next_dagrun for latest_only_with_trigger to 2023-10-24T09:48:24.781351+00:00, run_after=2023-10-24T13:48:24.781351+00:00
[2023-10-24T13:48:24.791+0000] {processor.py:179} INFO - Processing /home/airflow/.local/lib/python3.8/site-packages/airflow/example_dags/example_latest_only_with_trigger.py took 0.189 seconds
[2023-10-24T13:48:57.031+0000] {processor.py:157} INFO - Started process (PID=498) to work on /home/airflow/.local/lib/python3.8/site-packages/airflow/example_dags/example_latest_only_with_trigger.py
[2023-10-24T13:48:57.032+0000] {processor.py:829} INFO - Processing file /home/airflow/.local/lib/python3.8/site-packages/airflow/example_dags/example_latest_only_with_trigger.py for tasks to queue
[2023-10-24T13:48:57.034+0000] {logging_mixin.py:151} INFO - [2023-10-24T13:48:57.034+0000] {dagbag.py:536} INFO - Filling up the DagBag from /home/airflow/.local/lib/python3.8/site-packages/airflow/example_dags/example_latest_only_with_trigger.py
[2023-10-24T13:48:57.039+0000] {processor.py:839} INFO - DAG(s) dict_keys(['latest_only_with_trigger']) retrieved from /home/airflow/.local/lib/python3.8/site-packages/airflow/example_dags/example_latest_only_with_trigger.py
[2023-10-24T13:48:57.197+0000] {logging_mixin.py:151} INFO - [2023-10-24T13:48:57.197+0000] {dag.py:2941} INFO - Sync 1 DAGs
[2023-10-24T13:48:57.210+0000] {logging_mixin.py:151} INFO - [2023-10-24T13:48:57.210+0000] {dag.py:3722} INFO - Setting next_dagrun for latest_only_with_trigger to 2023-10-24T09:48:57.210486+00:00, run_after=2023-10-24T13:48:57.210486+00:00
[2023-10-24T13:48:57.222+0000] {processor.py:179} INFO - Processing /home/airflow/.local/lib/python3.8/site-packages/airflow/example_dags/example_latest_only_with_trigger.py took 0.194 seconds
[2023-10-24T13:49:27.921+0000] {processor.py:157} INFO - Started process (PID=554) to work on /home/airflow/.local/lib/python3.8/site-packages/airflow/example_dags/example_latest_only_with_trigger.py
[2023-10-24T13:49:27.922+0000] {processor.py:829} INFO - Processing file /home/airflow/.local/lib/python3.8/site-packages/airflow/example_dags/example_latest_only_with_trigger.py for tasks to queue
[2023-10-24T13:49:27.923+0000] {logging_mixin.py:151} INFO - [2023-10-24T13:49:27.923+0000] {dagbag.py:536} INFO - Filling up the DagBag from /home/airflow/.local/lib/python3.8/site-packages/airflow/example_dags/example_latest_only_with_trigger.py
[2023-10-24T13:49:27.928+0000] {processor.py:839} INFO - DAG(s) dict_keys(['latest_only_with_trigger']) retrieved from /home/airflow/.local/lib/python3.8/site-packages/airflow/example_dags/example_latest_only_with_trigger.py
[2023-10-24T13:49:27.942+0000] {logging_mixin.py:151} INFO - [2023-10-24T13:49:27.942+0000] {dag.py:2941} INFO - Sync 1 DAGs
[2023-10-24T13:49:27.955+0000] {logging_mixin.py:151} INFO - [2023-10-24T13:49:27.955+0000] {dag.py:3722} INFO - Setting next_dagrun for latest_only_with_trigger to 2023-10-24T09:49:27.955249+00:00, run_after=2023-10-24T13:49:27.955249+00:00
[2023-10-24T13:49:27.964+0000] {processor.py:179} INFO - Processing /home/airflow/.local/lib/python3.8/site-packages/airflow/example_dags/example_latest_only_with_trigger.py took 0.046 seconds
[2023-10-24T13:49:58.276+0000] {processor.py:157} INFO - Started process (PID=610) to work on /home/airflow/.local/lib/python3.8/site-packages/airflow/example_dags/example_latest_only_with_trigger.py
[2023-10-24T13:49:58.277+0000] {processor.py:829} INFO - Processing file /home/airflow/.local/lib/python3.8/site-packages/airflow/example_dags/example_latest_only_with_trigger.py for tasks to queue
[2023-10-24T13:49:58.279+0000] {logging_mixin.py:151} INFO - [2023-10-24T13:49:58.278+0000] {dagbag.py:536} INFO - Filling up the DagBag from /home/airflow/.local/lib/python3.8/site-packages/airflow/example_dags/example_latest_only_with_trigger.py
[2023-10-24T13:49:58.283+0000] {processor.py:839} INFO - DAG(s) dict_keys(['latest_only_with_trigger']) retrieved from /home/airflow/.local/lib/python3.8/site-packages/airflow/example_dags/example_latest_only_with_trigger.py
[2023-10-24T13:49:58.299+0000] {logging_mixin.py:151} INFO - [2023-10-24T13:49:58.299+0000] {dag.py:2941} INFO - Sync 1 DAGs
[2023-10-24T13:49:58.313+0000] {logging_mixin.py:151} INFO - [2023-10-24T13:49:58.313+0000] {dag.py:3722} INFO - Setting next_dagrun for latest_only_with_trigger to 2023-10-24T09:49:58.313536+00:00, run_after=2023-10-24T13:49:58.313536+00:00
[2023-10-24T13:49:58.323+0000] {processor.py:179} INFO - Processing /home/airflow/.local/lib/python3.8/site-packages/airflow/example_dags/example_latest_only_with_trigger.py took 0.050 seconds
[2023-10-24T13:50:29.312+0000] {processor.py:157} INFO - Started process (PID=666) to work on /home/airflow/.local/lib/python3.8/site-packages/airflow/example_dags/example_latest_only_with_trigger.py
[2023-10-24T13:50:29.313+0000] {processor.py:829} INFO - Processing file /home/airflow/.local/lib/python3.8/site-packages/airflow/example_dags/example_latest_only_with_trigger.py for tasks to queue
[2023-10-24T13:50:29.315+0000] {logging_mixin.py:151} INFO - [2023-10-24T13:50:29.315+0000] {dagbag.py:536} INFO - Filling up the DagBag from /home/airflow/.local/lib/python3.8/site-packages/airflow/example_dags/example_latest_only_with_trigger.py
[2023-10-24T13:50:29.320+0000] {processor.py:839} INFO - DAG(s) dict_keys(['latest_only_with_trigger']) retrieved from /home/airflow/.local/lib/python3.8/site-packages/airflow/example_dags/example_latest_only_with_trigger.py
[2023-10-24T13:50:29.336+0000] {logging_mixin.py:151} INFO - [2023-10-24T13:50:29.335+0000] {dag.py:2941} INFO - Sync 1 DAGs
[2023-10-24T13:50:29.351+0000] {logging_mixin.py:151} INFO - [2023-10-24T13:50:29.351+0000] {dag.py:3722} INFO - Setting next_dagrun for latest_only_with_trigger to 2023-10-24T09:50:29.350727+00:00, run_after=2023-10-24T13:50:29.350727+00:00
[2023-10-24T13:50:29.363+0000] {processor.py:179} INFO - Processing /home/airflow/.local/lib/python3.8/site-packages/airflow/example_dags/example_latest_only_with_trigger.py took 0.054 seconds
[2023-10-24T13:50:59.869+0000] {processor.py:157} INFO - Started process (PID=722) to work on /home/airflow/.local/lib/python3.8/site-packages/airflow/example_dags/example_latest_only_with_trigger.py
[2023-10-24T13:50:59.871+0000] {processor.py:829} INFO - Processing file /home/airflow/.local/lib/python3.8/site-packages/airflow/example_dags/example_latest_only_with_trigger.py for tasks to queue
[2023-10-24T13:50:59.874+0000] {logging_mixin.py:151} INFO - [2023-10-24T13:50:59.874+0000] {dagbag.py:536} INFO - Filling up the DagBag from /home/airflow/.local/lib/python3.8/site-packages/airflow/example_dags/example_latest_only_with_trigger.py
[2023-10-24T13:50:59.879+0000] {processor.py:839} INFO - DAG(s) dict_keys(['latest_only_with_trigger']) retrieved from /home/airflow/.local/lib/python3.8/site-packages/airflow/example_dags/example_latest_only_with_trigger.py
[2023-10-24T13:50:59.900+0000] {logging_mixin.py:151} INFO - [2023-10-24T13:50:59.900+0000] {dag.py:2941} INFO - Sync 1 DAGs
[2023-10-24T13:50:59.914+0000] {logging_mixin.py:151} INFO - [2023-10-24T13:50:59.913+0000] {dag.py:3722} INFO - Setting next_dagrun for latest_only_with_trigger to 2023-10-24T09:50:59.913710+00:00, run_after=2023-10-24T13:50:59.913710+00:00
[2023-10-24T13:50:59.924+0000] {processor.py:179} INFO - Processing /home/airflow/.local/lib/python3.8/site-packages/airflow/example_dags/example_latest_only_with_trigger.py took 0.058 seconds
[2023-10-24T13:51:30.505+0000] {processor.py:157} INFO - Started process (PID=778) to work on /home/airflow/.local/lib/python3.8/site-packages/airflow/example_dags/example_latest_only_with_trigger.py
[2023-10-24T13:51:30.506+0000] {processor.py:829} INFO - Processing file /home/airflow/.local/lib/python3.8/site-packages/airflow/example_dags/example_latest_only_with_trigger.py for tasks to queue
[2023-10-24T13:51:30.509+0000] {logging_mixin.py:151} INFO - [2023-10-24T13:51:30.509+0000] {dagbag.py:536} INFO - Filling up the DagBag from /home/airflow/.local/lib/python3.8/site-packages/airflow/example_dags/example_latest_only_with_trigger.py
[2023-10-24T13:51:30.514+0000] {processor.py:839} INFO - DAG(s) dict_keys(['latest_only_with_trigger']) retrieved from /home/airflow/.local/lib/python3.8/site-packages/airflow/example_dags/example_latest_only_with_trigger.py
[2023-10-24T13:51:30.532+0000] {logging_mixin.py:151} INFO - [2023-10-24T13:51:30.532+0000] {dag.py:2941} INFO - Sync 1 DAGs
[2023-10-24T13:51:30.549+0000] {logging_mixin.py:151} INFO - [2023-10-24T13:51:30.549+0000] {dag.py:3722} INFO - Setting next_dagrun for latest_only_with_trigger to 2023-10-24T09:51:30.549537+00:00, run_after=2023-10-24T13:51:30.549537+00:00
[2023-10-24T13:51:30.567+0000] {processor.py:179} INFO - Processing /home/airflow/.local/lib/python3.8/site-packages/airflow/example_dags/example_latest_only_with_trigger.py took 0.064 seconds
[2023-10-24T13:52:01.568+0000] {processor.py:157} INFO - Started process (PID=834) to work on /home/airflow/.local/lib/python3.8/site-packages/airflow/example_dags/example_latest_only_with_trigger.py
[2023-10-24T13:52:01.570+0000] {processor.py:829} INFO - Processing file /home/airflow/.local/lib/python3.8/site-packages/airflow/example_dags/example_latest_only_with_trigger.py for tasks to queue
[2023-10-24T13:52:01.573+0000] {logging_mixin.py:151} INFO - [2023-10-24T13:52:01.573+0000] {dagbag.py:536} INFO - Filling up the DagBag from /home/airflow/.local/lib/python3.8/site-packages/airflow/example_dags/example_latest_only_with_trigger.py
[2023-10-24T13:52:01.580+0000] {processor.py:839} INFO - DAG(s) dict_keys(['latest_only_with_trigger']) retrieved from /home/airflow/.local/lib/python3.8/site-packages/airflow/example_dags/example_latest_only_with_trigger.py
[2023-10-24T13:52:01.608+0000] {logging_mixin.py:151} INFO - [2023-10-24T13:52:01.608+0000] {dag.py:2941} INFO - Sync 1 DAGs
[2023-10-24T13:52:01.647+0000] {logging_mixin.py:151} INFO - [2023-10-24T13:52:01.646+0000] {dag.py:3722} INFO - Setting next_dagrun for latest_only_with_trigger to 2023-10-24T09:52:01.646165+00:00, run_after=2023-10-24T13:52:01.646165+00:00
[2023-10-24T13:52:01.665+0000] {processor.py:179} INFO - Processing /home/airflow/.local/lib/python3.8/site-packages/airflow/example_dags/example_latest_only_with_trigger.py took 0.102 seconds
[2023-10-24T13:52:32.642+0000] {processor.py:157} INFO - Started process (PID=890) to work on /home/airflow/.local/lib/python3.8/site-packages/airflow/example_dags/example_latest_only_with_trigger.py
[2023-10-24T13:52:32.643+0000] {processor.py:829} INFO - Processing file /home/airflow/.local/lib/python3.8/site-packages/airflow/example_dags/example_latest_only_with_trigger.py for tasks to queue
[2023-10-24T13:52:32.649+0000] {logging_mixin.py:151} INFO - [2023-10-24T13:52:32.648+0000] {dagbag.py:536} INFO - Filling up the DagBag from /home/airflow/.local/lib/python3.8/site-packages/airflow/example_dags/example_latest_only_with_trigger.py
[2023-10-24T13:52:32.656+0000] {processor.py:839} INFO - DAG(s) dict_keys(['latest_only_with_trigger']) retrieved from /home/airflow/.local/lib/python3.8/site-packages/airflow/example_dags/example_latest_only_with_trigger.py
[2023-10-24T13:52:32.688+0000] {logging_mixin.py:151} INFO - [2023-10-24T13:52:32.687+0000] {dag.py:2941} INFO - Sync 1 DAGs
[2023-10-24T13:52:32.708+0000] {logging_mixin.py:151} INFO - [2023-10-24T13:52:32.707+0000] {dag.py:3722} INFO - Setting next_dagrun for latest_only_with_trigger to 2023-10-24T09:52:32.707524+00:00, run_after=2023-10-24T13:52:32.707524+00:00
[2023-10-24T13:52:32.728+0000] {processor.py:179} INFO - Processing /home/airflow/.local/lib/python3.8/site-packages/airflow/example_dags/example_latest_only_with_trigger.py took 0.091 seconds
[2023-10-24T13:53:03.197+0000] {processor.py:157} INFO - Started process (PID=946) to work on /home/airflow/.local/lib/python3.8/site-packages/airflow/example_dags/example_latest_only_with_trigger.py
[2023-10-24T13:53:03.198+0000] {processor.py:829} INFO - Processing file /home/airflow/.local/lib/python3.8/site-packages/airflow/example_dags/example_latest_only_with_trigger.py for tasks to queue
[2023-10-24T13:53:03.202+0000] {logging_mixin.py:151} INFO - [2023-10-24T13:53:03.202+0000] {dagbag.py:536} INFO - Filling up the DagBag from /home/airflow/.local/lib/python3.8/site-packages/airflow/example_dags/example_latest_only_with_trigger.py
[2023-10-24T13:53:03.208+0000] {processor.py:839} INFO - DAG(s) dict_keys(['latest_only_with_trigger']) retrieved from /home/airflow/.local/lib/python3.8/site-packages/airflow/example_dags/example_latest_only_with_trigger.py
[2023-10-24T13:53:03.240+0000] {logging_mixin.py:151} INFO - [2023-10-24T13:53:03.240+0000] {dag.py:2941} INFO - Sync 1 DAGs
[2023-10-24T13:53:03.259+0000] {logging_mixin.py:151} INFO - [2023-10-24T13:53:03.258+0000] {dag.py:3722} INFO - Setting next_dagrun for latest_only_with_trigger to 2023-10-24T09:53:03.258688+00:00, run_after=2023-10-24T13:53:03.258688+00:00
[2023-10-24T13:53:03.269+0000] {processor.py:179} INFO - Processing /home/airflow/.local/lib/python3.8/site-packages/airflow/example_dags/example_latest_only_with_trigger.py took 0.076 seconds
[2023-10-24T13:53:33.541+0000] {processor.py:157} INFO - Started process (PID=1002) to work on /home/airflow/.local/lib/python3.8/site-packages/airflow/example_dags/example_latest_only_with_trigger.py
[2023-10-24T13:53:33.542+0000] {processor.py:829} INFO - Processing file /home/airflow/.local/lib/python3.8/site-packages/airflow/example_dags/example_latest_only_with_trigger.py for tasks to queue
[2023-10-24T13:53:33.548+0000] {logging_mixin.py:151} INFO - [2023-10-24T13:53:33.548+0000] {dagbag.py:536} INFO - Filling up the DagBag from /home/airflow/.local/lib/python3.8/site-packages/airflow/example_dags/example_latest_only_with_trigger.py
[2023-10-24T13:53:33.572+0000] {processor.py:839} INFO - DAG(s) dict_keys(['latest_only_with_trigger']) retrieved from /home/airflow/.local/lib/python3.8/site-packages/airflow/example_dags/example_latest_only_with_trigger.py
[2023-10-24T13:53:33.627+0000] {logging_mixin.py:151} INFO - [2023-10-24T13:53:33.627+0000] {dag.py:2941} INFO - Sync 1 DAGs
[2023-10-24T13:53:33.671+0000] {logging_mixin.py:151} INFO - [2023-10-24T13:53:33.671+0000] {dag.py:3722} INFO - Setting next_dagrun for latest_only_with_trigger to 2023-10-24T09:53:33.669686+00:00, run_after=2023-10-24T13:53:33.669686+00:00
[2023-10-24T13:53:33.688+0000] {processor.py:179} INFO - Processing /home/airflow/.local/lib/python3.8/site-packages/airflow/example_dags/example_latest_only_with_trigger.py took 0.155 seconds
