[2023-10-24T13:44:53.504+0000] {processor.py:157} INFO - Started process (PID=65) to work on /home/airflow/.local/lib/python3.8/site-packages/airflow/example_dags/example_complex.py
[2023-10-24T13:44:53.505+0000] {processor.py:829} INFO - Processing file /home/airflow/.local/lib/python3.8/site-packages/airflow/example_dags/example_complex.py for tasks to queue
[2023-10-24T13:44:53.507+0000] {logging_mixin.py:151} INFO - [2023-10-24T13:44:53.507+0000] {dagbag.py:536} INFO - Filling up the DagBag from /home/airflow/.local/lib/python3.8/site-packages/airflow/example_dags/example_complex.py
[2023-10-24T13:44:53.515+0000] {processor.py:839} INFO - DAG(s) dict_keys(['example_complex']) retrieved from /home/airflow/.local/lib/python3.8/site-packages/airflow/example_dags/example_complex.py
[2023-10-24T13:44:53.527+0000] {logging_mixin.py:151} INFO - [2023-10-24T13:44:53.527+0000] {dag.py:2941} INFO - Sync 1 DAGs
[2023-10-24T13:44:53.538+0000] {logging_mixin.py:151} INFO - [2023-10-24T13:44:53.538+0000] {dag.py:3722} INFO - Setting next_dagrun for example_complex to None, run_after=None
[2023-10-24T13:44:53.555+0000] {processor.py:179} INFO - Processing /home/airflow/.local/lib/python3.8/site-packages/airflow/example_dags/example_complex.py took 0.054 seconds
[2023-10-24T13:45:24.585+0000] {processor.py:157} INFO - Started process (PID=121) to work on /home/airflow/.local/lib/python3.8/site-packages/airflow/example_dags/example_complex.py
[2023-10-24T13:45:24.586+0000] {processor.py:829} INFO - Processing file /home/airflow/.local/lib/python3.8/site-packages/airflow/example_dags/example_complex.py for tasks to queue
[2023-10-24T13:45:24.588+0000] {logging_mixin.py:151} INFO - [2023-10-24T13:45:24.588+0000] {dagbag.py:536} INFO - Filling up the DagBag from /home/airflow/.local/lib/python3.8/site-packages/airflow/example_dags/example_complex.py
[2023-10-24T13:45:24.596+0000] {processor.py:839} INFO - DAG(s) dict_keys(['example_complex']) retrieved from /home/airflow/.local/lib/python3.8/site-packages/airflow/example_dags/example_complex.py
[2023-10-24T13:45:24.616+0000] {logging_mixin.py:151} INFO - [2023-10-24T13:45:24.615+0000] {dag.py:2941} INFO - Sync 1 DAGs
[2023-10-24T13:45:24.625+0000] {logging_mixin.py:151} INFO - [2023-10-24T13:45:24.625+0000] {dag.py:3722} INFO - Setting next_dagrun for example_complex to None, run_after=None
[2023-10-24T13:45:24.637+0000] {processor.py:179} INFO - Processing /home/airflow/.local/lib/python3.8/site-packages/airflow/example_dags/example_complex.py took 0.055 seconds
[2023-10-24T13:45:55.431+0000] {processor.py:157} INFO - Started process (PID=176) to work on /home/airflow/.local/lib/python3.8/site-packages/airflow/example_dags/example_complex.py
[2023-10-24T13:45:55.434+0000] {processor.py:829} INFO - Processing file /home/airflow/.local/lib/python3.8/site-packages/airflow/example_dags/example_complex.py for tasks to queue
[2023-10-24T13:45:55.437+0000] {logging_mixin.py:151} INFO - [2023-10-24T13:45:55.437+0000] {dagbag.py:536} INFO - Filling up the DagBag from /home/airflow/.local/lib/python3.8/site-packages/airflow/example_dags/example_complex.py
[2023-10-24T13:45:55.446+0000] {processor.py:839} INFO - DAG(s) dict_keys(['example_complex']) retrieved from /home/airflow/.local/lib/python3.8/site-packages/airflow/example_dags/example_complex.py
[2023-10-24T13:45:55.468+0000] {logging_mixin.py:151} INFO - [2023-10-24T13:45:55.468+0000] {dag.py:2941} INFO - Sync 1 DAGs
[2023-10-24T13:45:55.476+0000] {logging_mixin.py:151} INFO - [2023-10-24T13:45:55.476+0000] {dag.py:3722} INFO - Setting next_dagrun for example_complex to None, run_after=None
[2023-10-24T13:45:55.485+0000] {processor.py:179} INFO - Processing /home/airflow/.local/lib/python3.8/site-packages/airflow/example_dags/example_complex.py took 0.063 seconds
[2023-10-24T13:46:25.801+0000] {processor.py:157} INFO - Started process (PID=232) to work on /home/airflow/.local/lib/python3.8/site-packages/airflow/example_dags/example_complex.py
[2023-10-24T13:46:25.802+0000] {processor.py:829} INFO - Processing file /home/airflow/.local/lib/python3.8/site-packages/airflow/example_dags/example_complex.py for tasks to queue
[2023-10-24T13:46:25.805+0000] {logging_mixin.py:151} INFO - [2023-10-24T13:46:25.804+0000] {dagbag.py:536} INFO - Filling up the DagBag from /home/airflow/.local/lib/python3.8/site-packages/airflow/example_dags/example_complex.py
[2023-10-24T13:46:25.813+0000] {processor.py:839} INFO - DAG(s) dict_keys(['example_complex']) retrieved from /home/airflow/.local/lib/python3.8/site-packages/airflow/example_dags/example_complex.py
[2023-10-24T13:46:25.833+0000] {logging_mixin.py:151} INFO - [2023-10-24T13:46:25.833+0000] {dag.py:2941} INFO - Sync 1 DAGs
[2023-10-24T13:46:25.847+0000] {logging_mixin.py:151} INFO - [2023-10-24T13:46:25.847+0000] {dag.py:3722} INFO - Setting next_dagrun for example_complex to None, run_after=None
[2023-10-24T13:46:25.858+0000] {processor.py:179} INFO - Processing /home/airflow/.local/lib/python3.8/site-packages/airflow/example_dags/example_complex.py took 0.059 seconds
[2023-10-24T13:46:56.237+0000] {processor.py:157} INFO - Started process (PID=288) to work on /home/airflow/.local/lib/python3.8/site-packages/airflow/example_dags/example_complex.py
[2023-10-24T13:46:56.237+0000] {processor.py:829} INFO - Processing file /home/airflow/.local/lib/python3.8/site-packages/airflow/example_dags/example_complex.py for tasks to queue
[2023-10-24T13:46:56.239+0000] {logging_mixin.py:151} INFO - [2023-10-24T13:46:56.239+0000] {dagbag.py:536} INFO - Filling up the DagBag from /home/airflow/.local/lib/python3.8/site-packages/airflow/example_dags/example_complex.py
[2023-10-24T13:46:56.246+0000] {processor.py:839} INFO - DAG(s) dict_keys(['example_complex']) retrieved from /home/airflow/.local/lib/python3.8/site-packages/airflow/example_dags/example_complex.py
[2023-10-24T13:46:56.266+0000] {logging_mixin.py:151} INFO - [2023-10-24T13:46:56.265+0000] {dag.py:2941} INFO - Sync 1 DAGs
[2023-10-24T13:46:56.274+0000] {logging_mixin.py:151} INFO - [2023-10-24T13:46:56.274+0000] {dag.py:3722} INFO - Setting next_dagrun for example_complex to None, run_after=None
[2023-10-24T13:46:56.285+0000] {processor.py:179} INFO - Processing /home/airflow/.local/lib/python3.8/site-packages/airflow/example_dags/example_complex.py took 0.052 seconds
[2023-10-24T13:47:26.758+0000] {processor.py:157} INFO - Started process (PID=344) to work on /home/airflow/.local/lib/python3.8/site-packages/airflow/example_dags/example_complex.py
[2023-10-24T13:47:26.760+0000] {processor.py:829} INFO - Processing file /home/airflow/.local/lib/python3.8/site-packages/airflow/example_dags/example_complex.py for tasks to queue
[2023-10-24T13:47:26.766+0000] {logging_mixin.py:151} INFO - [2023-10-24T13:47:26.765+0000] {dagbag.py:536} INFO - Filling up the DagBag from /home/airflow/.local/lib/python3.8/site-packages/airflow/example_dags/example_complex.py
[2023-10-24T13:47:26.776+0000] {processor.py:839} INFO - DAG(s) dict_keys(['example_complex']) retrieved from /home/airflow/.local/lib/python3.8/site-packages/airflow/example_dags/example_complex.py
[2023-10-24T13:47:26.802+0000] {logging_mixin.py:151} INFO - [2023-10-24T13:47:26.802+0000] {dag.py:2941} INFO - Sync 1 DAGs
[2023-10-24T13:47:26.810+0000] {logging_mixin.py:151} INFO - [2023-10-24T13:47:26.810+0000] {dag.py:3722} INFO - Setting next_dagrun for example_complex to None, run_after=None
[2023-10-24T13:47:26.825+0000] {processor.py:179} INFO - Processing /home/airflow/.local/lib/python3.8/site-packages/airflow/example_dags/example_complex.py took 0.070 seconds
[2023-10-24T13:47:56.952+0000] {processor.py:157} INFO - Started process (PID=400) to work on /home/airflow/.local/lib/python3.8/site-packages/airflow/example_dags/example_complex.py
[2023-10-24T13:47:56.953+0000] {processor.py:829} INFO - Processing file /home/airflow/.local/lib/python3.8/site-packages/airflow/example_dags/example_complex.py for tasks to queue
[2023-10-24T13:47:56.955+0000] {logging_mixin.py:151} INFO - [2023-10-24T13:47:56.955+0000] {dagbag.py:536} INFO - Filling up the DagBag from /home/airflow/.local/lib/python3.8/site-packages/airflow/example_dags/example_complex.py
[2023-10-24T13:47:56.963+0000] {processor.py:839} INFO - DAG(s) dict_keys(['example_complex']) retrieved from /home/airflow/.local/lib/python3.8/site-packages/airflow/example_dags/example_complex.py
[2023-10-24T13:47:56.982+0000] {logging_mixin.py:151} INFO - [2023-10-24T13:47:56.982+0000] {dag.py:2941} INFO - Sync 1 DAGs
[2023-10-24T13:47:56.991+0000] {logging_mixin.py:151} INFO - [2023-10-24T13:47:56.991+0000] {dag.py:3722} INFO - Setting next_dagrun for example_complex to None, run_after=None
[2023-10-24T13:47:57.009+0000] {processor.py:179} INFO - Processing /home/airflow/.local/lib/python3.8/site-packages/airflow/example_dags/example_complex.py took 0.060 seconds
[2023-10-24T13:48:27.234+0000] {processor.py:157} INFO - Started process (PID=456) to work on /home/airflow/.local/lib/python3.8/site-packages/airflow/example_dags/example_complex.py
[2023-10-24T13:48:27.235+0000] {processor.py:829} INFO - Processing file /home/airflow/.local/lib/python3.8/site-packages/airflow/example_dags/example_complex.py for tasks to queue
[2023-10-24T13:48:27.237+0000] {logging_mixin.py:151} INFO - [2023-10-24T13:48:27.237+0000] {dagbag.py:536} INFO - Filling up the DagBag from /home/airflow/.local/lib/python3.8/site-packages/airflow/example_dags/example_complex.py
[2023-10-24T13:48:27.245+0000] {processor.py:839} INFO - DAG(s) dict_keys(['example_complex']) retrieved from /home/airflow/.local/lib/python3.8/site-packages/airflow/example_dags/example_complex.py
[2023-10-24T13:48:27.266+0000] {logging_mixin.py:151} INFO - [2023-10-24T13:48:27.266+0000] {dag.py:2941} INFO - Sync 1 DAGs
[2023-10-24T13:48:27.274+0000] {logging_mixin.py:151} INFO - [2023-10-24T13:48:27.274+0000] {dag.py:3722} INFO - Setting next_dagrun for example_complex to None, run_after=None
[2023-10-24T13:48:27.286+0000] {processor.py:179} INFO - Processing /home/airflow/.local/lib/python3.8/site-packages/airflow/example_dags/example_complex.py took 0.054 seconds
[2023-10-24T13:48:59.479+0000] {processor.py:157} INFO - Started process (PID=512) to work on /home/airflow/.local/lib/python3.8/site-packages/airflow/example_dags/example_complex.py
[2023-10-24T13:48:59.480+0000] {processor.py:829} INFO - Processing file /home/airflow/.local/lib/python3.8/site-packages/airflow/example_dags/example_complex.py for tasks to queue
[2023-10-24T13:48:59.482+0000] {logging_mixin.py:151} INFO - [2023-10-24T13:48:59.482+0000] {dagbag.py:536} INFO - Filling up the DagBag from /home/airflow/.local/lib/python3.8/site-packages/airflow/example_dags/example_complex.py
[2023-10-24T13:48:59.646+0000] {processor.py:839} INFO - DAG(s) dict_keys(['example_complex']) retrieved from /home/airflow/.local/lib/python3.8/site-packages/airflow/example_dags/example_complex.py
[2023-10-24T13:48:59.668+0000] {logging_mixin.py:151} INFO - [2023-10-24T13:48:59.668+0000] {dag.py:2941} INFO - Sync 1 DAGs
[2023-10-24T13:48:59.675+0000] {logging_mixin.py:151} INFO - [2023-10-24T13:48:59.675+0000] {dag.py:3722} INFO - Setting next_dagrun for example_complex to None, run_after=None
[2023-10-24T13:48:59.690+0000] {processor.py:179} INFO - Processing /home/airflow/.local/lib/python3.8/site-packages/airflow/example_dags/example_complex.py took 0.214 seconds
[2023-10-24T13:49:30.552+0000] {processor.py:157} INFO - Started process (PID=568) to work on /home/airflow/.local/lib/python3.8/site-packages/airflow/example_dags/example_complex.py
[2023-10-24T13:49:30.554+0000] {processor.py:829} INFO - Processing file /home/airflow/.local/lib/python3.8/site-packages/airflow/example_dags/example_complex.py for tasks to queue
[2023-10-24T13:49:30.557+0000] {logging_mixin.py:151} INFO - [2023-10-24T13:49:30.557+0000] {dagbag.py:536} INFO - Filling up the DagBag from /home/airflow/.local/lib/python3.8/site-packages/airflow/example_dags/example_complex.py
[2023-10-24T13:49:30.565+0000] {processor.py:839} INFO - DAG(s) dict_keys(['example_complex']) retrieved from /home/airflow/.local/lib/python3.8/site-packages/airflow/example_dags/example_complex.py
[2023-10-24T13:49:30.589+0000] {logging_mixin.py:151} INFO - [2023-10-24T13:49:30.589+0000] {dag.py:2941} INFO - Sync 1 DAGs
[2023-10-24T13:49:30.600+0000] {logging_mixin.py:151} INFO - [2023-10-24T13:49:30.600+0000] {dag.py:3722} INFO - Setting next_dagrun for example_complex to None, run_after=None
[2023-10-24T13:49:30.625+0000] {processor.py:179} INFO - Processing /home/airflow/.local/lib/python3.8/site-packages/airflow/example_dags/example_complex.py took 0.077 seconds
[2023-10-24T13:50:01.024+0000] {processor.py:157} INFO - Started process (PID=624) to work on /home/airflow/.local/lib/python3.8/site-packages/airflow/example_dags/example_complex.py
[2023-10-24T13:50:01.025+0000] {processor.py:829} INFO - Processing file /home/airflow/.local/lib/python3.8/site-packages/airflow/example_dags/example_complex.py for tasks to queue
[2023-10-24T13:50:01.027+0000] {logging_mixin.py:151} INFO - [2023-10-24T13:50:01.027+0000] {dagbag.py:536} INFO - Filling up the DagBag from /home/airflow/.local/lib/python3.8/site-packages/airflow/example_dags/example_complex.py
[2023-10-24T13:50:01.035+0000] {processor.py:839} INFO - DAG(s) dict_keys(['example_complex']) retrieved from /home/airflow/.local/lib/python3.8/site-packages/airflow/example_dags/example_complex.py
[2023-10-24T13:50:01.060+0000] {logging_mixin.py:151} INFO - [2023-10-24T13:50:01.059+0000] {dag.py:2941} INFO - Sync 1 DAGs
[2023-10-24T13:50:01.075+0000] {logging_mixin.py:151} INFO - [2023-10-24T13:50:01.074+0000] {dag.py:3722} INFO - Setting next_dagrun for example_complex to None, run_after=None
[2023-10-24T13:50:01.130+0000] {processor.py:179} INFO - Processing /home/airflow/.local/lib/python3.8/site-packages/airflow/example_dags/example_complex.py took 0.110 seconds
[2023-10-24T13:50:32.081+0000] {processor.py:157} INFO - Started process (PID=680) to work on /home/airflow/.local/lib/python3.8/site-packages/airflow/example_dags/example_complex.py
[2023-10-24T13:50:32.082+0000] {processor.py:829} INFO - Processing file /home/airflow/.local/lib/python3.8/site-packages/airflow/example_dags/example_complex.py for tasks to queue
[2023-10-24T13:50:32.084+0000] {logging_mixin.py:151} INFO - [2023-10-24T13:50:32.084+0000] {dagbag.py:536} INFO - Filling up the DagBag from /home/airflow/.local/lib/python3.8/site-packages/airflow/example_dags/example_complex.py
[2023-10-24T13:50:32.096+0000] {processor.py:839} INFO - DAG(s) dict_keys(['example_complex']) retrieved from /home/airflow/.local/lib/python3.8/site-packages/airflow/example_dags/example_complex.py
[2023-10-24T13:50:32.123+0000] {logging_mixin.py:151} INFO - [2023-10-24T13:50:32.123+0000] {dag.py:2941} INFO - Sync 1 DAGs
[2023-10-24T13:50:32.131+0000] {logging_mixin.py:151} INFO - [2023-10-24T13:50:32.131+0000] {dag.py:3722} INFO - Setting next_dagrun for example_complex to None, run_after=None
[2023-10-24T13:50:32.142+0000] {processor.py:179} INFO - Processing /home/airflow/.local/lib/python3.8/site-packages/airflow/example_dags/example_complex.py took 0.064 seconds
[2023-10-24T13:51:02.614+0000] {processor.py:157} INFO - Started process (PID=736) to work on /home/airflow/.local/lib/python3.8/site-packages/airflow/example_dags/example_complex.py
[2023-10-24T13:51:02.614+0000] {processor.py:829} INFO - Processing file /home/airflow/.local/lib/python3.8/site-packages/airflow/example_dags/example_complex.py for tasks to queue
[2023-10-24T13:51:02.616+0000] {logging_mixin.py:151} INFO - [2023-10-24T13:51:02.616+0000] {dagbag.py:536} INFO - Filling up the DagBag from /home/airflow/.local/lib/python3.8/site-packages/airflow/example_dags/example_complex.py
[2023-10-24T13:51:02.624+0000] {processor.py:839} INFO - DAG(s) dict_keys(['example_complex']) retrieved from /home/airflow/.local/lib/python3.8/site-packages/airflow/example_dags/example_complex.py
[2023-10-24T13:51:02.642+0000] {logging_mixin.py:151} INFO - [2023-10-24T13:51:02.642+0000] {dag.py:2941} INFO - Sync 1 DAGs
[2023-10-24T13:51:02.649+0000] {logging_mixin.py:151} INFO - [2023-10-24T13:51:02.649+0000] {dag.py:3722} INFO - Setting next_dagrun for example_complex to None, run_after=None
[2023-10-24T13:51:02.659+0000] {processor.py:179} INFO - Processing /home/airflow/.local/lib/python3.8/site-packages/airflow/example_dags/example_complex.py took 0.049 seconds
[2023-10-24T13:51:33.116+0000] {processor.py:157} INFO - Started process (PID=792) to work on /home/airflow/.local/lib/python3.8/site-packages/airflow/example_dags/example_complex.py
[2023-10-24T13:51:33.119+0000] {processor.py:829} INFO - Processing file /home/airflow/.local/lib/python3.8/site-packages/airflow/example_dags/example_complex.py for tasks to queue
[2023-10-24T13:51:33.122+0000] {logging_mixin.py:151} INFO - [2023-10-24T13:51:33.121+0000] {dagbag.py:536} INFO - Filling up the DagBag from /home/airflow/.local/lib/python3.8/site-packages/airflow/example_dags/example_complex.py
[2023-10-24T13:51:33.130+0000] {processor.py:839} INFO - DAG(s) dict_keys(['example_complex']) retrieved from /home/airflow/.local/lib/python3.8/site-packages/airflow/example_dags/example_complex.py
[2023-10-24T13:51:33.162+0000] {logging_mixin.py:151} INFO - [2023-10-24T13:51:33.161+0000] {dag.py:2941} INFO - Sync 1 DAGs
[2023-10-24T13:51:33.178+0000] {logging_mixin.py:151} INFO - [2023-10-24T13:51:33.178+0000] {dag.py:3722} INFO - Setting next_dagrun for example_complex to None, run_after=None
[2023-10-24T13:51:33.192+0000] {processor.py:179} INFO - Processing /home/airflow/.local/lib/python3.8/site-packages/airflow/example_dags/example_complex.py took 0.079 seconds
[2023-10-24T13:52:03.667+0000] {processor.py:157} INFO - Started process (PID=848) to work on /home/airflow/.local/lib/python3.8/site-packages/airflow/example_dags/example_complex.py
[2023-10-24T13:52:03.668+0000] {processor.py:829} INFO - Processing file /home/airflow/.local/lib/python3.8/site-packages/airflow/example_dags/example_complex.py for tasks to queue
[2023-10-24T13:52:03.670+0000] {logging_mixin.py:151} INFO - [2023-10-24T13:52:03.670+0000] {dagbag.py:536} INFO - Filling up the DagBag from /home/airflow/.local/lib/python3.8/site-packages/airflow/example_dags/example_complex.py
[2023-10-24T13:52:03.677+0000] {processor.py:839} INFO - DAG(s) dict_keys(['example_complex']) retrieved from /home/airflow/.local/lib/python3.8/site-packages/airflow/example_dags/example_complex.py
[2023-10-24T13:52:03.699+0000] {logging_mixin.py:151} INFO - [2023-10-24T13:52:03.699+0000] {dag.py:2941} INFO - Sync 1 DAGs
[2023-10-24T13:52:03.706+0000] {logging_mixin.py:151} INFO - [2023-10-24T13:52:03.706+0000] {dag.py:3722} INFO - Setting next_dagrun for example_complex to None, run_after=None
[2023-10-24T13:52:03.716+0000] {processor.py:179} INFO - Processing /home/airflow/.local/lib/python3.8/site-packages/airflow/example_dags/example_complex.py took 0.051 seconds
[2023-10-24T13:52:34.323+0000] {processor.py:157} INFO - Started process (PID=904) to work on /home/airflow/.local/lib/python3.8/site-packages/airflow/example_dags/example_complex.py
[2023-10-24T13:52:34.324+0000] {processor.py:829} INFO - Processing file /home/airflow/.local/lib/python3.8/site-packages/airflow/example_dags/example_complex.py for tasks to queue
[2023-10-24T13:52:34.326+0000] {logging_mixin.py:151} INFO - [2023-10-24T13:52:34.326+0000] {dagbag.py:536} INFO - Filling up the DagBag from /home/airflow/.local/lib/python3.8/site-packages/airflow/example_dags/example_complex.py
[2023-10-24T13:52:34.333+0000] {processor.py:839} INFO - DAG(s) dict_keys(['example_complex']) retrieved from /home/airflow/.local/lib/python3.8/site-packages/airflow/example_dags/example_complex.py
[2023-10-24T13:52:34.352+0000] {logging_mixin.py:151} INFO - [2023-10-24T13:52:34.352+0000] {dag.py:2941} INFO - Sync 1 DAGs
[2023-10-24T13:52:34.359+0000] {logging_mixin.py:151} INFO - [2023-10-24T13:52:34.358+0000] {dag.py:3722} INFO - Setting next_dagrun for example_complex to None, run_after=None
[2023-10-24T13:52:34.372+0000] {processor.py:179} INFO - Processing /home/airflow/.local/lib/python3.8/site-packages/airflow/example_dags/example_complex.py took 0.051 seconds
[2023-10-24T13:53:04.841+0000] {processor.py:157} INFO - Started process (PID=960) to work on /home/airflow/.local/lib/python3.8/site-packages/airflow/example_dags/example_complex.py
[2023-10-24T13:53:04.842+0000] {processor.py:829} INFO - Processing file /home/airflow/.local/lib/python3.8/site-packages/airflow/example_dags/example_complex.py for tasks to queue
[2023-10-24T13:53:04.845+0000] {logging_mixin.py:151} INFO - [2023-10-24T13:53:04.844+0000] {dagbag.py:536} INFO - Filling up the DagBag from /home/airflow/.local/lib/python3.8/site-packages/airflow/example_dags/example_complex.py
[2023-10-24T13:53:04.853+0000] {processor.py:839} INFO - DAG(s) dict_keys(['example_complex']) retrieved from /home/airflow/.local/lib/python3.8/site-packages/airflow/example_dags/example_complex.py
[2023-10-24T13:53:04.877+0000] {logging_mixin.py:151} INFO - [2023-10-24T13:53:04.877+0000] {dag.py:2941} INFO - Sync 1 DAGs
[2023-10-24T13:53:04.888+0000] {logging_mixin.py:151} INFO - [2023-10-24T13:53:04.888+0000] {dag.py:3722} INFO - Setting next_dagrun for example_complex to None, run_after=None
[2023-10-24T13:53:04.907+0000] {processor.py:179} INFO - Processing /home/airflow/.local/lib/python3.8/site-packages/airflow/example_dags/example_complex.py took 0.070 seconds
[2023-10-24T13:53:35.554+0000] {processor.py:157} INFO - Started process (PID=1016) to work on /home/airflow/.local/lib/python3.8/site-packages/airflow/example_dags/example_complex.py
[2023-10-24T13:53:35.556+0000] {processor.py:829} INFO - Processing file /home/airflow/.local/lib/python3.8/site-packages/airflow/example_dags/example_complex.py for tasks to queue
[2023-10-24T13:53:35.561+0000] {logging_mixin.py:151} INFO - [2023-10-24T13:53:35.560+0000] {dagbag.py:536} INFO - Filling up the DagBag from /home/airflow/.local/lib/python3.8/site-packages/airflow/example_dags/example_complex.py
[2023-10-24T13:53:35.578+0000] {processor.py:839} INFO - DAG(s) dict_keys(['example_complex']) retrieved from /home/airflow/.local/lib/python3.8/site-packages/airflow/example_dags/example_complex.py
[2023-10-24T13:53:35.641+0000] {logging_mixin.py:151} INFO - [2023-10-24T13:53:35.641+0000] {dag.py:2941} INFO - Sync 1 DAGs
[2023-10-24T13:53:35.656+0000] {logging_mixin.py:151} INFO - [2023-10-24T13:53:35.656+0000] {dag.py:3722} INFO - Setting next_dagrun for example_complex to None, run_after=None
[2023-10-24T13:53:35.690+0000] {processor.py:179} INFO - Processing /home/airflow/.local/lib/python3.8/site-packages/airflow/example_dags/example_complex.py took 0.140 seconds
