[2023-10-24T13:44:54.342+0000] {processor.py:157} INFO - Started process (PID=79) to work on /home/airflow/.local/lib/python3.8/site-packages/airflow/example_dags/example_branch_operator.py
[2023-10-24T13:44:54.344+0000] {processor.py:829} INFO - Processing file /home/airflow/.local/lib/python3.8/site-packages/airflow/example_dags/example_branch_operator.py for tasks to queue
[2023-10-24T13:44:54.347+0000] {logging_mixin.py:151} INFO - [2023-10-24T13:44:54.346+0000] {dagbag.py:536} INFO - Filling up the DagBag from /home/airflow/.local/lib/python3.8/site-packages/airflow/example_dags/example_branch_operator.py
[2023-10-24T13:44:54.357+0000] {processor.py:839} INFO - DAG(s) dict_keys(['example_branch_operator']) retrieved from /home/airflow/.local/lib/python3.8/site-packages/airflow/example_dags/example_branch_operator.py
[2023-10-24T13:44:54.372+0000] {logging_mixin.py:151} INFO - [2023-10-24T13:44:54.372+0000] {dag.py:2941} INFO - Sync 1 DAGs
[2023-10-24T13:44:54.390+0000] {logging_mixin.py:151} INFO - [2023-10-24T13:44:54.390+0000] {dag.py:3722} INFO - Setting next_dagrun for example_branch_operator to 2023-10-23T00:00:00+00:00, run_after=2023-10-24T00:00:00+00:00
[2023-10-24T13:44:54.401+0000] {processor.py:179} INFO - Processing /home/airflow/.local/lib/python3.8/site-packages/airflow/example_dags/example_branch_operator.py took 0.063 seconds
[2023-10-24T13:45:26.141+0000] {processor.py:157} INFO - Started process (PID=135) to work on /home/airflow/.local/lib/python3.8/site-packages/airflow/example_dags/example_branch_operator.py
[2023-10-24T13:45:26.144+0000] {processor.py:829} INFO - Processing file /home/airflow/.local/lib/python3.8/site-packages/airflow/example_dags/example_branch_operator.py for tasks to queue
[2023-10-24T13:45:26.153+0000] {logging_mixin.py:151} INFO - [2023-10-24T13:45:26.152+0000] {dagbag.py:536} INFO - Filling up the DagBag from /home/airflow/.local/lib/python3.8/site-packages/airflow/example_dags/example_branch_operator.py
[2023-10-24T13:45:26.167+0000] {processor.py:839} INFO - DAG(s) dict_keys(['example_branch_operator']) retrieved from /home/airflow/.local/lib/python3.8/site-packages/airflow/example_dags/example_branch_operator.py
[2023-10-24T13:45:26.209+0000] {logging_mixin.py:151} INFO - [2023-10-24T13:45:26.209+0000] {dag.py:2941} INFO - Sync 1 DAGs
[2023-10-24T13:45:26.228+0000] {logging_mixin.py:151} INFO - [2023-10-24T13:45:26.228+0000] {dag.py:3722} INFO - Setting next_dagrun for example_branch_operator to 2023-10-23T00:00:00+00:00, run_after=2023-10-24T00:00:00+00:00
[2023-10-24T13:45:26.241+0000] {processor.py:179} INFO - Processing /home/airflow/.local/lib/python3.8/site-packages/airflow/example_dags/example_branch_operator.py took 0.107 seconds
[2023-10-24T13:45:57.458+0000] {processor.py:157} INFO - Started process (PID=191) to work on /home/airflow/.local/lib/python3.8/site-packages/airflow/example_dags/example_branch_operator.py
[2023-10-24T13:45:57.459+0000] {processor.py:829} INFO - Processing file /home/airflow/.local/lib/python3.8/site-packages/airflow/example_dags/example_branch_operator.py for tasks to queue
[2023-10-24T13:45:57.461+0000] {logging_mixin.py:151} INFO - [2023-10-24T13:45:57.460+0000] {dagbag.py:536} INFO - Filling up the DagBag from /home/airflow/.local/lib/python3.8/site-packages/airflow/example_dags/example_branch_operator.py
[2023-10-24T13:45:57.468+0000] {processor.py:839} INFO - DAG(s) dict_keys(['example_branch_operator']) retrieved from /home/airflow/.local/lib/python3.8/site-packages/airflow/example_dags/example_branch_operator.py
[2023-10-24T13:45:57.484+0000] {logging_mixin.py:151} INFO - [2023-10-24T13:45:57.484+0000] {dag.py:2941} INFO - Sync 1 DAGs
[2023-10-24T13:45:57.500+0000] {logging_mixin.py:151} INFO - [2023-10-24T13:45:57.500+0000] {dag.py:3722} INFO - Setting next_dagrun for example_branch_operator to 2023-10-23T00:00:00+00:00, run_after=2023-10-24T00:00:00+00:00
[2023-10-24T13:45:57.511+0000] {processor.py:179} INFO - Processing /home/airflow/.local/lib/python3.8/site-packages/airflow/example_dags/example_branch_operator.py took 0.057 seconds
[2023-10-24T13:46:29.086+0000] {processor.py:157} INFO - Started process (PID=247) to work on /home/airflow/.local/lib/python3.8/site-packages/airflow/example_dags/example_branch_operator.py
[2023-10-24T13:46:29.087+0000] {processor.py:829} INFO - Processing file /home/airflow/.local/lib/python3.8/site-packages/airflow/example_dags/example_branch_operator.py for tasks to queue
[2023-10-24T13:46:29.090+0000] {logging_mixin.py:151} INFO - [2023-10-24T13:46:29.090+0000] {dagbag.py:536} INFO - Filling up the DagBag from /home/airflow/.local/lib/python3.8/site-packages/airflow/example_dags/example_branch_operator.py
[2023-10-24T13:46:29.102+0000] {processor.py:839} INFO - DAG(s) dict_keys(['example_branch_operator']) retrieved from /home/airflow/.local/lib/python3.8/site-packages/airflow/example_dags/example_branch_operator.py
[2023-10-24T13:46:29.143+0000] {logging_mixin.py:151} INFO - [2023-10-24T13:46:29.143+0000] {dag.py:2941} INFO - Sync 1 DAGs
[2023-10-24T13:46:29.166+0000] {logging_mixin.py:151} INFO - [2023-10-24T13:46:29.166+0000] {dag.py:3722} INFO - Setting next_dagrun for example_branch_operator to 2023-10-23T00:00:00+00:00, run_after=2023-10-24T00:00:00+00:00
[2023-10-24T13:46:29.177+0000] {processor.py:179} INFO - Processing /home/airflow/.local/lib/python3.8/site-packages/airflow/example_dags/example_branch_operator.py took 0.097 seconds
[2023-10-24T13:46:59.851+0000] {processor.py:157} INFO - Started process (PID=303) to work on /home/airflow/.local/lib/python3.8/site-packages/airflow/example_dags/example_branch_operator.py
[2023-10-24T13:46:59.852+0000] {processor.py:829} INFO - Processing file /home/airflow/.local/lib/python3.8/site-packages/airflow/example_dags/example_branch_operator.py for tasks to queue
[2023-10-24T13:46:59.854+0000] {logging_mixin.py:151} INFO - [2023-10-24T13:46:59.853+0000] {dagbag.py:536} INFO - Filling up the DagBag from /home/airflow/.local/lib/python3.8/site-packages/airflow/example_dags/example_branch_operator.py
[2023-10-24T13:46:59.859+0000] {processor.py:839} INFO - DAG(s) dict_keys(['example_branch_operator']) retrieved from /home/airflow/.local/lib/python3.8/site-packages/airflow/example_dags/example_branch_operator.py
[2023-10-24T13:46:59.877+0000] {logging_mixin.py:151} INFO - [2023-10-24T13:46:59.876+0000] {dag.py:2941} INFO - Sync 1 DAGs
[2023-10-24T13:46:59.890+0000] {logging_mixin.py:151} INFO - [2023-10-24T13:46:59.890+0000] {dag.py:3722} INFO - Setting next_dagrun for example_branch_operator to 2023-10-23T00:00:00+00:00, run_after=2023-10-24T00:00:00+00:00
[2023-10-24T13:46:59.900+0000] {processor.py:179} INFO - Processing /home/airflow/.local/lib/python3.8/site-packages/airflow/example_dags/example_branch_operator.py took 0.052 seconds
[2023-10-24T13:47:31.583+0000] {processor.py:157} INFO - Started process (PID=359) to work on /home/airflow/.local/lib/python3.8/site-packages/airflow/example_dags/example_branch_operator.py
[2023-10-24T13:47:31.584+0000] {processor.py:829} INFO - Processing file /home/airflow/.local/lib/python3.8/site-packages/airflow/example_dags/example_branch_operator.py for tasks to queue
[2023-10-24T13:47:31.586+0000] {logging_mixin.py:151} INFO - [2023-10-24T13:47:31.586+0000] {dagbag.py:536} INFO - Filling up the DagBag from /home/airflow/.local/lib/python3.8/site-packages/airflow/example_dags/example_branch_operator.py
[2023-10-24T13:47:31.595+0000] {processor.py:839} INFO - DAG(s) dict_keys(['example_branch_operator']) retrieved from /home/airflow/.local/lib/python3.8/site-packages/airflow/example_dags/example_branch_operator.py
[2023-10-24T13:47:31.615+0000] {logging_mixin.py:151} INFO - [2023-10-24T13:47:31.615+0000] {dag.py:2941} INFO - Sync 1 DAGs
[2023-10-24T13:47:31.772+0000] {logging_mixin.py:151} INFO - [2023-10-24T13:47:31.772+0000] {dag.py:3722} INFO - Setting next_dagrun for example_branch_operator to 2023-10-23T00:00:00+00:00, run_after=2023-10-24T00:00:00+00:00
[2023-10-24T13:47:31.782+0000] {processor.py:179} INFO - Processing /home/airflow/.local/lib/python3.8/site-packages/airflow/example_dags/example_branch_operator.py took 0.202 seconds
[2023-10-24T13:48:01.954+0000] {processor.py:157} INFO - Started process (PID=415) to work on /home/airflow/.local/lib/python3.8/site-packages/airflow/example_dags/example_branch_operator.py
[2023-10-24T13:48:01.956+0000] {processor.py:829} INFO - Processing file /home/airflow/.local/lib/python3.8/site-packages/airflow/example_dags/example_branch_operator.py for tasks to queue
[2023-10-24T13:48:01.963+0000] {logging_mixin.py:151} INFO - [2023-10-24T13:48:01.962+0000] {dagbag.py:536} INFO - Filling up the DagBag from /home/airflow/.local/lib/python3.8/site-packages/airflow/example_dags/example_branch_operator.py
[2023-10-24T13:48:01.979+0000] {processor.py:839} INFO - DAG(s) dict_keys(['example_branch_operator']) retrieved from /home/airflow/.local/lib/python3.8/site-packages/airflow/example_dags/example_branch_operator.py
[2023-10-24T13:48:02.008+0000] {logging_mixin.py:151} INFO - [2023-10-24T13:48:02.007+0000] {dag.py:2941} INFO - Sync 1 DAGs
[2023-10-24T13:48:02.240+0000] {logging_mixin.py:151} INFO - [2023-10-24T13:48:02.239+0000] {dag.py:3722} INFO - Setting next_dagrun for example_branch_operator to 2023-10-23T00:00:00+00:00, run_after=2023-10-24T00:00:00+00:00
[2023-10-24T13:48:02.251+0000] {processor.py:179} INFO - Processing /home/airflow/.local/lib/python3.8/site-packages/airflow/example_dags/example_branch_operator.py took 0.300 seconds
[2023-10-24T13:48:32.972+0000] {processor.py:157} INFO - Started process (PID=471) to work on /home/airflow/.local/lib/python3.8/site-packages/airflow/example_dags/example_branch_operator.py
[2023-10-24T13:48:32.973+0000] {processor.py:829} INFO - Processing file /home/airflow/.local/lib/python3.8/site-packages/airflow/example_dags/example_branch_operator.py for tasks to queue
[2023-10-24T13:48:32.977+0000] {logging_mixin.py:151} INFO - [2023-10-24T13:48:32.976+0000] {dagbag.py:536} INFO - Filling up the DagBag from /home/airflow/.local/lib/python3.8/site-packages/airflow/example_dags/example_branch_operator.py
[2023-10-24T13:48:32.986+0000] {processor.py:839} INFO - DAG(s) dict_keys(['example_branch_operator']) retrieved from /home/airflow/.local/lib/python3.8/site-packages/airflow/example_dags/example_branch_operator.py
[2023-10-24T13:48:33.005+0000] {logging_mixin.py:151} INFO - [2023-10-24T13:48:33.005+0000] {dag.py:2941} INFO - Sync 1 DAGs
[2023-10-24T13:48:33.177+0000] {logging_mixin.py:151} INFO - [2023-10-24T13:48:33.177+0000] {dag.py:3722} INFO - Setting next_dagrun for example_branch_operator to 2023-10-23T00:00:00+00:00, run_after=2023-10-24T00:00:00+00:00
[2023-10-24T13:48:33.189+0000] {processor.py:179} INFO - Processing /home/airflow/.local/lib/python3.8/site-packages/airflow/example_dags/example_branch_operator.py took 0.220 seconds
[2023-10-24T13:49:03.838+0000] {processor.py:157} INFO - Started process (PID=527) to work on /home/airflow/.local/lib/python3.8/site-packages/airflow/example_dags/example_branch_operator.py
[2023-10-24T13:49:03.839+0000] {processor.py:829} INFO - Processing file /home/airflow/.local/lib/python3.8/site-packages/airflow/example_dags/example_branch_operator.py for tasks to queue
[2023-10-24T13:49:03.841+0000] {logging_mixin.py:151} INFO - [2023-10-24T13:49:03.840+0000] {dagbag.py:536} INFO - Filling up the DagBag from /home/airflow/.local/lib/python3.8/site-packages/airflow/example_dags/example_branch_operator.py
[2023-10-24T13:49:03.847+0000] {processor.py:839} INFO - DAG(s) dict_keys(['example_branch_operator']) retrieved from /home/airflow/.local/lib/python3.8/site-packages/airflow/example_dags/example_branch_operator.py
[2023-10-24T13:49:03.871+0000] {logging_mixin.py:151} INFO - [2023-10-24T13:49:03.871+0000] {dag.py:2941} INFO - Sync 1 DAGs
[2023-10-24T13:49:03.887+0000] {logging_mixin.py:151} INFO - [2023-10-24T13:49:03.887+0000] {dag.py:3722} INFO - Setting next_dagrun for example_branch_operator to 2023-10-23T00:00:00+00:00, run_after=2023-10-24T00:00:00+00:00
[2023-10-24T13:49:03.902+0000] {processor.py:179} INFO - Processing /home/airflow/.local/lib/python3.8/site-packages/airflow/example_dags/example_branch_operator.py took 0.066 seconds
[2023-10-24T13:49:34.291+0000] {processor.py:157} INFO - Started process (PID=583) to work on /home/airflow/.local/lib/python3.8/site-packages/airflow/example_dags/example_branch_operator.py
[2023-10-24T13:49:34.292+0000] {processor.py:829} INFO - Processing file /home/airflow/.local/lib/python3.8/site-packages/airflow/example_dags/example_branch_operator.py for tasks to queue
[2023-10-24T13:49:34.294+0000] {logging_mixin.py:151} INFO - [2023-10-24T13:49:34.293+0000] {dagbag.py:536} INFO - Filling up the DagBag from /home/airflow/.local/lib/python3.8/site-packages/airflow/example_dags/example_branch_operator.py
[2023-10-24T13:49:34.302+0000] {processor.py:839} INFO - DAG(s) dict_keys(['example_branch_operator']) retrieved from /home/airflow/.local/lib/python3.8/site-packages/airflow/example_dags/example_branch_operator.py
[2023-10-24T13:49:34.327+0000] {logging_mixin.py:151} INFO - [2023-10-24T13:49:34.327+0000] {dag.py:2941} INFO - Sync 1 DAGs
[2023-10-24T13:49:34.343+0000] {logging_mixin.py:151} INFO - [2023-10-24T13:49:34.343+0000] {dag.py:3722} INFO - Setting next_dagrun for example_branch_operator to 2023-10-23T00:00:00+00:00, run_after=2023-10-24T00:00:00+00:00
[2023-10-24T13:49:34.355+0000] {processor.py:179} INFO - Processing /home/airflow/.local/lib/python3.8/site-packages/airflow/example_dags/example_branch_operator.py took 0.066 seconds
[2023-10-24T13:50:05.159+0000] {processor.py:157} INFO - Started process (PID=639) to work on /home/airflow/.local/lib/python3.8/site-packages/airflow/example_dags/example_branch_operator.py
[2023-10-24T13:50:05.161+0000] {processor.py:829} INFO - Processing file /home/airflow/.local/lib/python3.8/site-packages/airflow/example_dags/example_branch_operator.py for tasks to queue
[2023-10-24T13:50:05.164+0000] {logging_mixin.py:151} INFO - [2023-10-24T13:50:05.164+0000] {dagbag.py:536} INFO - Filling up the DagBag from /home/airflow/.local/lib/python3.8/site-packages/airflow/example_dags/example_branch_operator.py
[2023-10-24T13:50:05.173+0000] {processor.py:839} INFO - DAG(s) dict_keys(['example_branch_operator']) retrieved from /home/airflow/.local/lib/python3.8/site-packages/airflow/example_dags/example_branch_operator.py
[2023-10-24T13:50:05.192+0000] {logging_mixin.py:151} INFO - [2023-10-24T13:50:05.192+0000] {dag.py:2941} INFO - Sync 1 DAGs
[2023-10-24T13:50:05.206+0000] {logging_mixin.py:151} INFO - [2023-10-24T13:50:05.206+0000] {dag.py:3722} INFO - Setting next_dagrun for example_branch_operator to 2023-10-23T00:00:00+00:00, run_after=2023-10-24T00:00:00+00:00
[2023-10-24T13:50:05.224+0000] {processor.py:179} INFO - Processing /home/airflow/.local/lib/python3.8/site-packages/airflow/example_dags/example_branch_operator.py took 0.069 seconds
[2023-10-24T13:50:35.754+0000] {processor.py:157} INFO - Started process (PID=695) to work on /home/airflow/.local/lib/python3.8/site-packages/airflow/example_dags/example_branch_operator.py
[2023-10-24T13:50:35.756+0000] {processor.py:829} INFO - Processing file /home/airflow/.local/lib/python3.8/site-packages/airflow/example_dags/example_branch_operator.py for tasks to queue
[2023-10-24T13:50:35.760+0000] {logging_mixin.py:151} INFO - [2023-10-24T13:50:35.760+0000] {dagbag.py:536} INFO - Filling up the DagBag from /home/airflow/.local/lib/python3.8/site-packages/airflow/example_dags/example_branch_operator.py
[2023-10-24T13:50:35.767+0000] {processor.py:839} INFO - DAG(s) dict_keys(['example_branch_operator']) retrieved from /home/airflow/.local/lib/python3.8/site-packages/airflow/example_dags/example_branch_operator.py
[2023-10-24T13:50:35.785+0000] {logging_mixin.py:151} INFO - [2023-10-24T13:50:35.785+0000] {dag.py:2941} INFO - Sync 1 DAGs
[2023-10-24T13:50:35.801+0000] {logging_mixin.py:151} INFO - [2023-10-24T13:50:35.801+0000] {dag.py:3722} INFO - Setting next_dagrun for example_branch_operator to 2023-10-23T00:00:00+00:00, run_after=2023-10-24T00:00:00+00:00
[2023-10-24T13:50:35.811+0000] {processor.py:179} INFO - Processing /home/airflow/.local/lib/python3.8/site-packages/airflow/example_dags/example_branch_operator.py took 0.061 seconds
[2023-10-24T13:51:06.380+0000] {processor.py:157} INFO - Started process (PID=751) to work on /home/airflow/.local/lib/python3.8/site-packages/airflow/example_dags/example_branch_operator.py
[2023-10-24T13:51:06.381+0000] {processor.py:829} INFO - Processing file /home/airflow/.local/lib/python3.8/site-packages/airflow/example_dags/example_branch_operator.py for tasks to queue
[2023-10-24T13:51:06.382+0000] {logging_mixin.py:151} INFO - [2023-10-24T13:51:06.382+0000] {dagbag.py:536} INFO - Filling up the DagBag from /home/airflow/.local/lib/python3.8/site-packages/airflow/example_dags/example_branch_operator.py
[2023-10-24T13:51:06.388+0000] {processor.py:839} INFO - DAG(s) dict_keys(['example_branch_operator']) retrieved from /home/airflow/.local/lib/python3.8/site-packages/airflow/example_dags/example_branch_operator.py
[2023-10-24T13:51:06.402+0000] {logging_mixin.py:151} INFO - [2023-10-24T13:51:06.402+0000] {dag.py:2941} INFO - Sync 1 DAGs
[2023-10-24T13:51:06.416+0000] {logging_mixin.py:151} INFO - [2023-10-24T13:51:06.416+0000] {dag.py:3722} INFO - Setting next_dagrun for example_branch_operator to 2023-10-23T00:00:00+00:00, run_after=2023-10-24T00:00:00+00:00
[2023-10-24T13:51:06.426+0000] {processor.py:179} INFO - Processing /home/airflow/.local/lib/python3.8/site-packages/airflow/example_dags/example_branch_operator.py took 0.048 seconds
[2023-10-24T13:51:36.887+0000] {processor.py:157} INFO - Started process (PID=807) to work on /home/airflow/.local/lib/python3.8/site-packages/airflow/example_dags/example_branch_operator.py
[2023-10-24T13:51:36.888+0000] {processor.py:829} INFO - Processing file /home/airflow/.local/lib/python3.8/site-packages/airflow/example_dags/example_branch_operator.py for tasks to queue
[2023-10-24T13:51:36.890+0000] {logging_mixin.py:151} INFO - [2023-10-24T13:51:36.889+0000] {dagbag.py:536} INFO - Filling up the DagBag from /home/airflow/.local/lib/python3.8/site-packages/airflow/example_dags/example_branch_operator.py
[2023-10-24T13:51:36.897+0000] {processor.py:839} INFO - DAG(s) dict_keys(['example_branch_operator']) retrieved from /home/airflow/.local/lib/python3.8/site-packages/airflow/example_dags/example_branch_operator.py
[2023-10-24T13:51:36.914+0000] {logging_mixin.py:151} INFO - [2023-10-24T13:51:36.914+0000] {dag.py:2941} INFO - Sync 1 DAGs
[2023-10-24T13:51:36.939+0000] {logging_mixin.py:151} INFO - [2023-10-24T13:51:36.939+0000] {dag.py:3722} INFO - Setting next_dagrun for example_branch_operator to 2023-10-23T00:00:00+00:00, run_after=2023-10-24T00:00:00+00:00
[2023-10-24T13:51:36.950+0000] {processor.py:179} INFO - Processing /home/airflow/.local/lib/python3.8/site-packages/airflow/example_dags/example_branch_operator.py took 0.067 seconds
[2023-10-24T13:52:07.547+0000] {processor.py:157} INFO - Started process (PID=870) to work on /home/airflow/.local/lib/python3.8/site-packages/airflow/example_dags/example_branch_operator.py
[2023-10-24T13:52:07.548+0000] {processor.py:829} INFO - Processing file /home/airflow/.local/lib/python3.8/site-packages/airflow/example_dags/example_branch_operator.py for tasks to queue
[2023-10-24T13:52:07.550+0000] {logging_mixin.py:151} INFO - [2023-10-24T13:52:07.550+0000] {dagbag.py:536} INFO - Filling up the DagBag from /home/airflow/.local/lib/python3.8/site-packages/airflow/example_dags/example_branch_operator.py
[2023-10-24T13:52:07.556+0000] {processor.py:839} INFO - DAG(s) dict_keys(['example_branch_operator']) retrieved from /home/airflow/.local/lib/python3.8/site-packages/airflow/example_dags/example_branch_operator.py
[2023-10-24T13:52:07.578+0000] {logging_mixin.py:151} INFO - [2023-10-24T13:52:07.578+0000] {dag.py:2941} INFO - Sync 1 DAGs
[2023-10-24T13:52:07.593+0000] {logging_mixin.py:151} INFO - [2023-10-24T13:52:07.593+0000] {dag.py:3722} INFO - Setting next_dagrun for example_branch_operator to 2023-10-23T00:00:00+00:00, run_after=2023-10-24T00:00:00+00:00
[2023-10-24T13:52:07.604+0000] {processor.py:179} INFO - Processing /home/airflow/.local/lib/python3.8/site-packages/airflow/example_dags/example_branch_operator.py took 0.059 seconds
[2023-10-24T13:52:38.098+0000] {processor.py:157} INFO - Started process (PID=926) to work on /home/airflow/.local/lib/python3.8/site-packages/airflow/example_dags/example_branch_operator.py
[2023-10-24T13:52:38.100+0000] {processor.py:829} INFO - Processing file /home/airflow/.local/lib/python3.8/site-packages/airflow/example_dags/example_branch_operator.py for tasks to queue
[2023-10-24T13:52:38.102+0000] {logging_mixin.py:151} INFO - [2023-10-24T13:52:38.101+0000] {dagbag.py:536} INFO - Filling up the DagBag from /home/airflow/.local/lib/python3.8/site-packages/airflow/example_dags/example_branch_operator.py
[2023-10-24T13:52:38.109+0000] {processor.py:839} INFO - DAG(s) dict_keys(['example_branch_operator']) retrieved from /home/airflow/.local/lib/python3.8/site-packages/airflow/example_dags/example_branch_operator.py
[2023-10-24T13:52:38.126+0000] {logging_mixin.py:151} INFO - [2023-10-24T13:52:38.126+0000] {dag.py:2941} INFO - Sync 1 DAGs
[2023-10-24T13:52:38.140+0000] {logging_mixin.py:151} INFO - [2023-10-24T13:52:38.140+0000] {dag.py:3722} INFO - Setting next_dagrun for example_branch_operator to 2023-10-23T00:00:00+00:00, run_after=2023-10-24T00:00:00+00:00
[2023-10-24T13:52:38.151+0000] {processor.py:179} INFO - Processing /home/airflow/.local/lib/python3.8/site-packages/airflow/example_dags/example_branch_operator.py took 0.055 seconds
[2023-10-24T13:53:08.609+0000] {processor.py:157} INFO - Started process (PID=982) to work on /home/airflow/.local/lib/python3.8/site-packages/airflow/example_dags/example_branch_operator.py
[2023-10-24T13:53:08.610+0000] {processor.py:829} INFO - Processing file /home/airflow/.local/lib/python3.8/site-packages/airflow/example_dags/example_branch_operator.py for tasks to queue
[2023-10-24T13:53:08.611+0000] {logging_mixin.py:151} INFO - [2023-10-24T13:53:08.611+0000] {dagbag.py:536} INFO - Filling up the DagBag from /home/airflow/.local/lib/python3.8/site-packages/airflow/example_dags/example_branch_operator.py
[2023-10-24T13:53:08.618+0000] {processor.py:839} INFO - DAG(s) dict_keys(['example_branch_operator']) retrieved from /home/airflow/.local/lib/python3.8/site-packages/airflow/example_dags/example_branch_operator.py
[2023-10-24T13:53:08.668+0000] {logging_mixin.py:151} INFO - [2023-10-24T13:53:08.668+0000] {dag.py:2941} INFO - Sync 1 DAGs
[2023-10-24T13:53:08.684+0000] {logging_mixin.py:151} INFO - [2023-10-24T13:53:08.683+0000] {dag.py:3722} INFO - Setting next_dagrun for example_branch_operator to 2023-10-23T00:00:00+00:00, run_after=2023-10-24T00:00:00+00:00
[2023-10-24T13:53:08.698+0000] {processor.py:179} INFO - Processing /home/airflow/.local/lib/python3.8/site-packages/airflow/example_dags/example_branch_operator.py took 0.092 seconds
[2023-10-24T13:53:40.160+0000] {processor.py:157} INFO - Started process (PID=1038) to work on /home/airflow/.local/lib/python3.8/site-packages/airflow/example_dags/example_branch_operator.py
[2023-10-24T13:53:40.164+0000] {processor.py:829} INFO - Processing file /home/airflow/.local/lib/python3.8/site-packages/airflow/example_dags/example_branch_operator.py for tasks to queue
[2023-10-24T13:53:40.168+0000] {logging_mixin.py:151} INFO - [2023-10-24T13:53:40.168+0000] {dagbag.py:536} INFO - Filling up the DagBag from /home/airflow/.local/lib/python3.8/site-packages/airflow/example_dags/example_branch_operator.py
[2023-10-24T13:53:40.177+0000] {processor.py:839} INFO - DAG(s) dict_keys(['example_branch_operator']) retrieved from /home/airflow/.local/lib/python3.8/site-packages/airflow/example_dags/example_branch_operator.py
[2023-10-24T13:53:40.222+0000] {logging_mixin.py:151} INFO - [2023-10-24T13:53:40.222+0000] {dag.py:2941} INFO - Sync 1 DAGs
[2023-10-24T13:53:40.272+0000] {logging_mixin.py:151} INFO - [2023-10-24T13:53:40.271+0000] {dag.py:3722} INFO - Setting next_dagrun for example_branch_operator to 2023-10-23T00:00:00+00:00, run_after=2023-10-24T00:00:00+00:00
[2023-10-24T13:53:40.304+0000] {processor.py:179} INFO - Processing /home/airflow/.local/lib/python3.8/site-packages/airflow/example_dags/example_branch_operator.py took 0.155 seconds
