[2023-10-24T13:44:54.009+0000] {processor.py:157} INFO - Started process (PID=73) to work on /home/airflow/.local/lib/python3.8/site-packages/airflow/example_dags/example_branch_labels.py
[2023-10-24T13:44:54.010+0000] {processor.py:829} INFO - Processing file /home/airflow/.local/lib/python3.8/site-packages/airflow/example_dags/example_branch_labels.py for tasks to queue
[2023-10-24T13:44:54.013+0000] {logging_mixin.py:151} INFO - [2023-10-24T13:44:54.012+0000] {dagbag.py:536} INFO - Filling up the DagBag from /home/airflow/.local/lib/python3.8/site-packages/airflow/example_dags/example_branch_labels.py
[2023-10-24T13:44:54.020+0000] {processor.py:839} INFO - DAG(s) dict_keys(['example_branch_labels']) retrieved from /home/airflow/.local/lib/python3.8/site-packages/airflow/example_dags/example_branch_labels.py
[2023-10-24T13:44:54.035+0000] {logging_mixin.py:151} INFO - [2023-10-24T13:44:54.035+0000] {dag.py:2941} INFO - Sync 1 DAGs
[2023-10-24T13:44:54.074+0000] {logging_mixin.py:151} INFO - [2023-10-24T13:44:54.074+0000] {dag.py:3722} INFO - Setting next_dagrun for example_branch_labels to 2023-10-23T00:00:00+00:00, run_after=2023-10-24T00:00:00+00:00
[2023-10-24T13:44:54.087+0000] {processor.py:179} INFO - Processing /home/airflow/.local/lib/python3.8/site-packages/airflow/example_dags/example_branch_labels.py took 0.081 seconds
[2023-10-24T13:45:25.744+0000] {processor.py:157} INFO - Started process (PID=129) to work on /home/airflow/.local/lib/python3.8/site-packages/airflow/example_dags/example_branch_labels.py
[2023-10-24T13:45:25.745+0000] {processor.py:829} INFO - Processing file /home/airflow/.local/lib/python3.8/site-packages/airflow/example_dags/example_branch_labels.py for tasks to queue
[2023-10-24T13:45:25.746+0000] {logging_mixin.py:151} INFO - [2023-10-24T13:45:25.746+0000] {dagbag.py:536} INFO - Filling up the DagBag from /home/airflow/.local/lib/python3.8/site-packages/airflow/example_dags/example_branch_labels.py
[2023-10-24T13:45:25.752+0000] {processor.py:839} INFO - DAG(s) dict_keys(['example_branch_labels']) retrieved from /home/airflow/.local/lib/python3.8/site-packages/airflow/example_dags/example_branch_labels.py
[2023-10-24T13:45:25.769+0000] {logging_mixin.py:151} INFO - [2023-10-24T13:45:25.769+0000] {dag.py:2941} INFO - Sync 1 DAGs
[2023-10-24T13:45:25.788+0000] {logging_mixin.py:151} INFO - [2023-10-24T13:45:25.788+0000] {dag.py:3722} INFO - Setting next_dagrun for example_branch_labels to 2023-10-23T00:00:00+00:00, run_after=2023-10-24T00:00:00+00:00
[2023-10-24T13:45:25.807+0000] {processor.py:179} INFO - Processing /home/airflow/.local/lib/python3.8/site-packages/airflow/example_dags/example_branch_labels.py took 0.067 seconds
[2023-10-24T13:45:56.168+0000] {processor.py:157} INFO - Started process (PID=185) to work on /home/airflow/.local/lib/python3.8/site-packages/airflow/example_dags/example_branch_labels.py
[2023-10-24T13:45:56.170+0000] {processor.py:829} INFO - Processing file /home/airflow/.local/lib/python3.8/site-packages/airflow/example_dags/example_branch_labels.py for tasks to queue
[2023-10-24T13:45:56.174+0000] {logging_mixin.py:151} INFO - [2023-10-24T13:45:56.174+0000] {dagbag.py:536} INFO - Filling up the DagBag from /home/airflow/.local/lib/python3.8/site-packages/airflow/example_dags/example_branch_labels.py
[2023-10-24T13:45:56.185+0000] {processor.py:839} INFO - DAG(s) dict_keys(['example_branch_labels']) retrieved from /home/airflow/.local/lib/python3.8/site-packages/airflow/example_dags/example_branch_labels.py
[2023-10-24T13:45:56.210+0000] {logging_mixin.py:151} INFO - [2023-10-24T13:45:56.209+0000] {dag.py:2941} INFO - Sync 1 DAGs
[2023-10-24T13:45:56.229+0000] {logging_mixin.py:151} INFO - [2023-10-24T13:45:56.229+0000] {dag.py:3722} INFO - Setting next_dagrun for example_branch_labels to 2023-10-23T00:00:00+00:00, run_after=2023-10-24T00:00:00+00:00
[2023-10-24T13:45:56.243+0000] {processor.py:179} INFO - Processing /home/airflow/.local/lib/python3.8/site-packages/airflow/example_dags/example_branch_labels.py took 0.079 seconds
[2023-10-24T13:46:27.099+0000] {processor.py:157} INFO - Started process (PID=240) to work on /home/airflow/.local/lib/python3.8/site-packages/airflow/example_dags/example_branch_labels.py
[2023-10-24T13:46:27.100+0000] {processor.py:829} INFO - Processing file /home/airflow/.local/lib/python3.8/site-packages/airflow/example_dags/example_branch_labels.py for tasks to queue
[2023-10-24T13:46:27.103+0000] {logging_mixin.py:151} INFO - [2023-10-24T13:46:27.103+0000] {dagbag.py:536} INFO - Filling up the DagBag from /home/airflow/.local/lib/python3.8/site-packages/airflow/example_dags/example_branch_labels.py
[2023-10-24T13:46:27.111+0000] {processor.py:839} INFO - DAG(s) dict_keys(['example_branch_labels']) retrieved from /home/airflow/.local/lib/python3.8/site-packages/airflow/example_dags/example_branch_labels.py
[2023-10-24T13:46:27.138+0000] {logging_mixin.py:151} INFO - [2023-10-24T13:46:27.138+0000] {dag.py:2941} INFO - Sync 1 DAGs
[2023-10-24T13:46:27.158+0000] {logging_mixin.py:151} INFO - [2023-10-24T13:46:27.157+0000] {dag.py:3722} INFO - Setting next_dagrun for example_branch_labels to 2023-10-23T00:00:00+00:00, run_after=2023-10-24T00:00:00+00:00
[2023-10-24T13:46:27.956+0000] {processor.py:179} INFO - Processing /home/airflow/.local/lib/python3.8/site-packages/airflow/example_dags/example_branch_labels.py took 0.861 seconds
[2023-10-24T13:46:58.498+0000] {processor.py:157} INFO - Started process (PID=296) to work on /home/airflow/.local/lib/python3.8/site-packages/airflow/example_dags/example_branch_labels.py
[2023-10-24T13:46:58.499+0000] {processor.py:829} INFO - Processing file /home/airflow/.local/lib/python3.8/site-packages/airflow/example_dags/example_branch_labels.py for tasks to queue
[2023-10-24T13:46:58.501+0000] {logging_mixin.py:151} INFO - [2023-10-24T13:46:58.500+0000] {dagbag.py:536} INFO - Filling up the DagBag from /home/airflow/.local/lib/python3.8/site-packages/airflow/example_dags/example_branch_labels.py
[2023-10-24T13:46:58.507+0000] {processor.py:839} INFO - DAG(s) dict_keys(['example_branch_labels']) retrieved from /home/airflow/.local/lib/python3.8/site-packages/airflow/example_dags/example_branch_labels.py
[2023-10-24T13:46:58.524+0000] {logging_mixin.py:151} INFO - [2023-10-24T13:46:58.524+0000] {dag.py:2941} INFO - Sync 1 DAGs
[2023-10-24T13:46:58.540+0000] {logging_mixin.py:151} INFO - [2023-10-24T13:46:58.540+0000] {dag.py:3722} INFO - Setting next_dagrun for example_branch_labels to 2023-10-23T00:00:00+00:00, run_after=2023-10-24T00:00:00+00:00
[2023-10-24T13:46:58.950+0000] {processor.py:179} INFO - Processing /home/airflow/.local/lib/python3.8/site-packages/airflow/example_dags/example_branch_labels.py took 0.456 seconds
[2023-10-24T13:47:29.114+0000] {processor.py:157} INFO - Started process (PID=352) to work on /home/airflow/.local/lib/python3.8/site-packages/airflow/example_dags/example_branch_labels.py
[2023-10-24T13:47:29.116+0000] {processor.py:829} INFO - Processing file /home/airflow/.local/lib/python3.8/site-packages/airflow/example_dags/example_branch_labels.py for tasks to queue
[2023-10-24T13:47:29.126+0000] {logging_mixin.py:151} INFO - [2023-10-24T13:47:29.124+0000] {dagbag.py:536} INFO - Filling up the DagBag from /home/airflow/.local/lib/python3.8/site-packages/airflow/example_dags/example_branch_labels.py
[2023-10-24T13:47:29.154+0000] {processor.py:839} INFO - DAG(s) dict_keys(['example_branch_labels']) retrieved from /home/airflow/.local/lib/python3.8/site-packages/airflow/example_dags/example_branch_labels.py
[2023-10-24T13:47:29.194+0000] {logging_mixin.py:151} INFO - [2023-10-24T13:47:29.194+0000] {dag.py:2941} INFO - Sync 1 DAGs
[2023-10-24T13:47:29.218+0000] {logging_mixin.py:151} INFO - [2023-10-24T13:47:29.218+0000] {dag.py:3722} INFO - Setting next_dagrun for example_branch_labels to 2023-10-23T00:00:00+00:00, run_after=2023-10-24T00:00:00+00:00
[2023-10-24T13:47:29.456+0000] {processor.py:179} INFO - Processing /home/airflow/.local/lib/python3.8/site-packages/airflow/example_dags/example_branch_labels.py took 0.349 seconds
[2023-10-24T13:47:59.770+0000] {processor.py:157} INFO - Started process (PID=408) to work on /home/airflow/.local/lib/python3.8/site-packages/airflow/example_dags/example_branch_labels.py
[2023-10-24T13:47:59.771+0000] {processor.py:829} INFO - Processing file /home/airflow/.local/lib/python3.8/site-packages/airflow/example_dags/example_branch_labels.py for tasks to queue
[2023-10-24T13:47:59.774+0000] {logging_mixin.py:151} INFO - [2023-10-24T13:47:59.773+0000] {dagbag.py:536} INFO - Filling up the DagBag from /home/airflow/.local/lib/python3.8/site-packages/airflow/example_dags/example_branch_labels.py
[2023-10-24T13:47:59.783+0000] {processor.py:839} INFO - DAG(s) dict_keys(['example_branch_labels']) retrieved from /home/airflow/.local/lib/python3.8/site-packages/airflow/example_dags/example_branch_labels.py
[2023-10-24T13:47:59.819+0000] {logging_mixin.py:151} INFO - [2023-10-24T13:47:59.819+0000] {dag.py:2941} INFO - Sync 1 DAGs
[2023-10-24T13:47:59.839+0000] {logging_mixin.py:151} INFO - [2023-10-24T13:47:59.839+0000] {dag.py:3722} INFO - Setting next_dagrun for example_branch_labels to 2023-10-23T00:00:00+00:00, run_after=2023-10-24T00:00:00+00:00
[2023-10-24T13:48:00.242+0000] {processor.py:179} INFO - Processing /home/airflow/.local/lib/python3.8/site-packages/airflow/example_dags/example_branch_labels.py took 0.475 seconds
[2023-10-24T13:48:30.659+0000] {processor.py:157} INFO - Started process (PID=464) to work on /home/airflow/.local/lib/python3.8/site-packages/airflow/example_dags/example_branch_labels.py
[2023-10-24T13:48:30.661+0000] {processor.py:829} INFO - Processing file /home/airflow/.local/lib/python3.8/site-packages/airflow/example_dags/example_branch_labels.py for tasks to queue
[2023-10-24T13:48:30.666+0000] {logging_mixin.py:151} INFO - [2023-10-24T13:48:30.666+0000] {dagbag.py:536} INFO - Filling up the DagBag from /home/airflow/.local/lib/python3.8/site-packages/airflow/example_dags/example_branch_labels.py
[2023-10-24T13:48:30.677+0000] {processor.py:839} INFO - DAG(s) dict_keys(['example_branch_labels']) retrieved from /home/airflow/.local/lib/python3.8/site-packages/airflow/example_dags/example_branch_labels.py
[2023-10-24T13:48:30.713+0000] {logging_mixin.py:151} INFO - [2023-10-24T13:48:30.713+0000] {dag.py:2941} INFO - Sync 1 DAGs
[2023-10-24T13:48:30.732+0000] {logging_mixin.py:151} INFO - [2023-10-24T13:48:30.731+0000] {dag.py:3722} INFO - Setting next_dagrun for example_branch_labels to 2023-10-23T00:00:00+00:00, run_after=2023-10-24T00:00:00+00:00
[2023-10-24T13:48:30.748+0000] {processor.py:179} INFO - Processing /home/airflow/.local/lib/python3.8/site-packages/airflow/example_dags/example_branch_labels.py took 0.093 seconds
[2023-10-24T13:49:01.343+0000] {processor.py:157} INFO - Started process (PID=520) to work on /home/airflow/.local/lib/python3.8/site-packages/airflow/example_dags/example_branch_labels.py
[2023-10-24T13:49:01.344+0000] {processor.py:829} INFO - Processing file /home/airflow/.local/lib/python3.8/site-packages/airflow/example_dags/example_branch_labels.py for tasks to queue
[2023-10-24T13:49:01.347+0000] {logging_mixin.py:151} INFO - [2023-10-24T13:49:01.347+0000] {dagbag.py:536} INFO - Filling up the DagBag from /home/airflow/.local/lib/python3.8/site-packages/airflow/example_dags/example_branch_labels.py
[2023-10-24T13:49:01.355+0000] {processor.py:839} INFO - DAG(s) dict_keys(['example_branch_labels']) retrieved from /home/airflow/.local/lib/python3.8/site-packages/airflow/example_dags/example_branch_labels.py
[2023-10-24T13:49:01.389+0000] {logging_mixin.py:151} INFO - [2023-10-24T13:49:01.389+0000] {dag.py:2941} INFO - Sync 1 DAGs
[2023-10-24T13:49:01.432+0000] {logging_mixin.py:151} INFO - [2023-10-24T13:49:01.432+0000] {dag.py:3722} INFO - Setting next_dagrun for example_branch_labels to 2023-10-23T00:00:00+00:00, run_after=2023-10-24T00:00:00+00:00
[2023-10-24T13:49:01.458+0000] {processor.py:179} INFO - Processing /home/airflow/.local/lib/python3.8/site-packages/airflow/example_dags/example_branch_labels.py took 0.119 seconds
[2023-10-24T13:49:31.874+0000] {processor.py:157} INFO - Started process (PID=576) to work on /home/airflow/.local/lib/python3.8/site-packages/airflow/example_dags/example_branch_labels.py
[2023-10-24T13:49:31.876+0000] {processor.py:829} INFO - Processing file /home/airflow/.local/lib/python3.8/site-packages/airflow/example_dags/example_branch_labels.py for tasks to queue
[2023-10-24T13:49:31.878+0000] {logging_mixin.py:151} INFO - [2023-10-24T13:49:31.878+0000] {dagbag.py:536} INFO - Filling up the DagBag from /home/airflow/.local/lib/python3.8/site-packages/airflow/example_dags/example_branch_labels.py
[2023-10-24T13:49:31.886+0000] {processor.py:839} INFO - DAG(s) dict_keys(['example_branch_labels']) retrieved from /home/airflow/.local/lib/python3.8/site-packages/airflow/example_dags/example_branch_labels.py
[2023-10-24T13:49:31.908+0000] {logging_mixin.py:151} INFO - [2023-10-24T13:49:31.908+0000] {dag.py:2941} INFO - Sync 1 DAGs
[2023-10-24T13:49:31.925+0000] {logging_mixin.py:151} INFO - [2023-10-24T13:49:31.925+0000] {dag.py:3722} INFO - Setting next_dagrun for example_branch_labels to 2023-10-23T00:00:00+00:00, run_after=2023-10-24T00:00:00+00:00
[2023-10-24T13:49:31.938+0000] {processor.py:179} INFO - Processing /home/airflow/.local/lib/python3.8/site-packages/airflow/example_dags/example_branch_labels.py took 0.068 seconds
[2023-10-24T13:50:02.418+0000] {processor.py:157} INFO - Started process (PID=632) to work on /home/airflow/.local/lib/python3.8/site-packages/airflow/example_dags/example_branch_labels.py
[2023-10-24T13:50:02.419+0000] {processor.py:829} INFO - Processing file /home/airflow/.local/lib/python3.8/site-packages/airflow/example_dags/example_branch_labels.py for tasks to queue
[2023-10-24T13:50:02.423+0000] {logging_mixin.py:151} INFO - [2023-10-24T13:50:02.422+0000] {dagbag.py:536} INFO - Filling up the DagBag from /home/airflow/.local/lib/python3.8/site-packages/airflow/example_dags/example_branch_labels.py
[2023-10-24T13:50:02.431+0000] {processor.py:839} INFO - DAG(s) dict_keys(['example_branch_labels']) retrieved from /home/airflow/.local/lib/python3.8/site-packages/airflow/example_dags/example_branch_labels.py
[2023-10-24T13:50:02.450+0000] {logging_mixin.py:151} INFO - [2023-10-24T13:50:02.450+0000] {dag.py:2941} INFO - Sync 1 DAGs
[2023-10-24T13:50:02.468+0000] {logging_mixin.py:151} INFO - [2023-10-24T13:50:02.467+0000] {dag.py:3722} INFO - Setting next_dagrun for example_branch_labels to 2023-10-23T00:00:00+00:00, run_after=2023-10-24T00:00:00+00:00
[2023-10-24T13:50:02.489+0000] {processor.py:179} INFO - Processing /home/airflow/.local/lib/python3.8/site-packages/airflow/example_dags/example_branch_labels.py took 0.076 seconds
[2023-10-24T13:50:33.331+0000] {processor.py:157} INFO - Started process (PID=688) to work on /home/airflow/.local/lib/python3.8/site-packages/airflow/example_dags/example_branch_labels.py
[2023-10-24T13:50:33.333+0000] {processor.py:829} INFO - Processing file /home/airflow/.local/lib/python3.8/site-packages/airflow/example_dags/example_branch_labels.py for tasks to queue
[2023-10-24T13:50:33.336+0000] {logging_mixin.py:151} INFO - [2023-10-24T13:50:33.335+0000] {dagbag.py:536} INFO - Filling up the DagBag from /home/airflow/.local/lib/python3.8/site-packages/airflow/example_dags/example_branch_labels.py
[2023-10-24T13:50:33.345+0000] {processor.py:839} INFO - DAG(s) dict_keys(['example_branch_labels']) retrieved from /home/airflow/.local/lib/python3.8/site-packages/airflow/example_dags/example_branch_labels.py
[2023-10-24T13:50:33.370+0000] {logging_mixin.py:151} INFO - [2023-10-24T13:50:33.369+0000] {dag.py:2941} INFO - Sync 1 DAGs
[2023-10-24T13:50:33.386+0000] {logging_mixin.py:151} INFO - [2023-10-24T13:50:33.386+0000] {dag.py:3722} INFO - Setting next_dagrun for example_branch_labels to 2023-10-23T00:00:00+00:00, run_after=2023-10-24T00:00:00+00:00
[2023-10-24T13:50:33.405+0000] {processor.py:179} INFO - Processing /home/airflow/.local/lib/python3.8/site-packages/airflow/example_dags/example_branch_labels.py took 0.078 seconds
[2023-10-24T13:51:03.918+0000] {processor.py:157} INFO - Started process (PID=744) to work on /home/airflow/.local/lib/python3.8/site-packages/airflow/example_dags/example_branch_labels.py
[2023-10-24T13:51:03.919+0000] {processor.py:829} INFO - Processing file /home/airflow/.local/lib/python3.8/site-packages/airflow/example_dags/example_branch_labels.py for tasks to queue
[2023-10-24T13:51:03.922+0000] {logging_mixin.py:151} INFO - [2023-10-24T13:51:03.922+0000] {dagbag.py:536} INFO - Filling up the DagBag from /home/airflow/.local/lib/python3.8/site-packages/airflow/example_dags/example_branch_labels.py
[2023-10-24T13:51:03.931+0000] {processor.py:839} INFO - DAG(s) dict_keys(['example_branch_labels']) retrieved from /home/airflow/.local/lib/python3.8/site-packages/airflow/example_dags/example_branch_labels.py
[2023-10-24T13:51:03.959+0000] {logging_mixin.py:151} INFO - [2023-10-24T13:51:03.959+0000] {dag.py:2941} INFO - Sync 1 DAGs
[2023-10-24T13:51:03.988+0000] {logging_mixin.py:151} INFO - [2023-10-24T13:51:03.987+0000] {dag.py:3722} INFO - Setting next_dagrun for example_branch_labels to 2023-10-23T00:00:00+00:00, run_after=2023-10-24T00:00:00+00:00
[2023-10-24T13:51:04.002+0000] {processor.py:179} INFO - Processing /home/airflow/.local/lib/python3.8/site-packages/airflow/example_dags/example_branch_labels.py took 0.089 seconds
[2023-10-24T13:51:34.407+0000] {processor.py:157} INFO - Started process (PID=800) to work on /home/airflow/.local/lib/python3.8/site-packages/airflow/example_dags/example_branch_labels.py
[2023-10-24T13:51:34.409+0000] {processor.py:829} INFO - Processing file /home/airflow/.local/lib/python3.8/site-packages/airflow/example_dags/example_branch_labels.py for tasks to queue
[2023-10-24T13:51:34.412+0000] {logging_mixin.py:151} INFO - [2023-10-24T13:51:34.412+0000] {dagbag.py:536} INFO - Filling up the DagBag from /home/airflow/.local/lib/python3.8/site-packages/airflow/example_dags/example_branch_labels.py
[2023-10-24T13:51:34.423+0000] {processor.py:839} INFO - DAG(s) dict_keys(['example_branch_labels']) retrieved from /home/airflow/.local/lib/python3.8/site-packages/airflow/example_dags/example_branch_labels.py
[2023-10-24T13:51:34.450+0000] {logging_mixin.py:151} INFO - [2023-10-24T13:51:34.449+0000] {dag.py:2941} INFO - Sync 1 DAGs
[2023-10-24T13:51:34.466+0000] {logging_mixin.py:151} INFO - [2023-10-24T13:51:34.465+0000] {dag.py:3722} INFO - Setting next_dagrun for example_branch_labels to 2023-10-23T00:00:00+00:00, run_after=2023-10-24T00:00:00+00:00
[2023-10-24T13:51:34.476+0000] {processor.py:179} INFO - Processing /home/airflow/.local/lib/python3.8/site-packages/airflow/example_dags/example_branch_labels.py took 0.075 seconds
[2023-10-24T13:52:05.009+0000] {processor.py:157} INFO - Started process (PID=856) to work on /home/airflow/.local/lib/python3.8/site-packages/airflow/example_dags/example_branch_labels.py
[2023-10-24T13:52:05.010+0000] {processor.py:829} INFO - Processing file /home/airflow/.local/lib/python3.8/site-packages/airflow/example_dags/example_branch_labels.py for tasks to queue
[2023-10-24T13:52:05.013+0000] {logging_mixin.py:151} INFO - [2023-10-24T13:52:05.013+0000] {dagbag.py:536} INFO - Filling up the DagBag from /home/airflow/.local/lib/python3.8/site-packages/airflow/example_dags/example_branch_labels.py
[2023-10-24T13:52:05.021+0000] {processor.py:839} INFO - DAG(s) dict_keys(['example_branch_labels']) retrieved from /home/airflow/.local/lib/python3.8/site-packages/airflow/example_dags/example_branch_labels.py
[2023-10-24T13:52:05.042+0000] {logging_mixin.py:151} INFO - [2023-10-24T13:52:05.042+0000] {dag.py:2941} INFO - Sync 1 DAGs
[2023-10-24T13:52:05.061+0000] {logging_mixin.py:151} INFO - [2023-10-24T13:52:05.060+0000] {dag.py:3722} INFO - Setting next_dagrun for example_branch_labels to 2023-10-23T00:00:00+00:00, run_after=2023-10-24T00:00:00+00:00
[2023-10-24T13:52:05.073+0000] {processor.py:179} INFO - Processing /home/airflow/.local/lib/python3.8/site-packages/airflow/example_dags/example_branch_labels.py took 0.069 seconds
[2023-10-24T13:52:35.580+0000] {processor.py:157} INFO - Started process (PID=912) to work on /home/airflow/.local/lib/python3.8/site-packages/airflow/example_dags/example_branch_labels.py
[2023-10-24T13:52:35.581+0000] {processor.py:829} INFO - Processing file /home/airflow/.local/lib/python3.8/site-packages/airflow/example_dags/example_branch_labels.py for tasks to queue
[2023-10-24T13:52:35.583+0000] {logging_mixin.py:151} INFO - [2023-10-24T13:52:35.583+0000] {dagbag.py:536} INFO - Filling up the DagBag from /home/airflow/.local/lib/python3.8/site-packages/airflow/example_dags/example_branch_labels.py
[2023-10-24T13:52:35.590+0000] {processor.py:839} INFO - DAG(s) dict_keys(['example_branch_labels']) retrieved from /home/airflow/.local/lib/python3.8/site-packages/airflow/example_dags/example_branch_labels.py
[2023-10-24T13:52:35.606+0000] {logging_mixin.py:151} INFO - [2023-10-24T13:52:35.606+0000] {dag.py:2941} INFO - Sync 1 DAGs
[2023-10-24T13:52:35.619+0000] {logging_mixin.py:151} INFO - [2023-10-24T13:52:35.619+0000] {dag.py:3722} INFO - Setting next_dagrun for example_branch_labels to 2023-10-23T00:00:00+00:00, run_after=2023-10-24T00:00:00+00:00
[2023-10-24T13:52:35.629+0000] {processor.py:179} INFO - Processing /home/airflow/.local/lib/python3.8/site-packages/airflow/example_dags/example_branch_labels.py took 0.052 seconds
[2023-10-24T13:53:06.153+0000] {processor.py:157} INFO - Started process (PID=968) to work on /home/airflow/.local/lib/python3.8/site-packages/airflow/example_dags/example_branch_labels.py
[2023-10-24T13:53:06.154+0000] {processor.py:829} INFO - Processing file /home/airflow/.local/lib/python3.8/site-packages/airflow/example_dags/example_branch_labels.py for tasks to queue
[2023-10-24T13:53:06.157+0000] {logging_mixin.py:151} INFO - [2023-10-24T13:53:06.157+0000] {dagbag.py:536} INFO - Filling up the DagBag from /home/airflow/.local/lib/python3.8/site-packages/airflow/example_dags/example_branch_labels.py
[2023-10-24T13:53:06.166+0000] {processor.py:839} INFO - DAG(s) dict_keys(['example_branch_labels']) retrieved from /home/airflow/.local/lib/python3.8/site-packages/airflow/example_dags/example_branch_labels.py
[2023-10-24T13:53:06.187+0000] {logging_mixin.py:151} INFO - [2023-10-24T13:53:06.187+0000] {dag.py:2941} INFO - Sync 1 DAGs
[2023-10-24T13:53:06.200+0000] {logging_mixin.py:151} INFO - [2023-10-24T13:53:06.200+0000] {dag.py:3722} INFO - Setting next_dagrun for example_branch_labels to 2023-10-23T00:00:00+00:00, run_after=2023-10-24T00:00:00+00:00
[2023-10-24T13:53:06.211+0000] {processor.py:179} INFO - Processing /home/airflow/.local/lib/python3.8/site-packages/airflow/example_dags/example_branch_labels.py took 0.063 seconds
[2023-10-24T13:53:37.078+0000] {processor.py:157} INFO - Started process (PID=1024) to work on /home/airflow/.local/lib/python3.8/site-packages/airflow/example_dags/example_branch_labels.py
[2023-10-24T13:53:37.080+0000] {processor.py:829} INFO - Processing file /home/airflow/.local/lib/python3.8/site-packages/airflow/example_dags/example_branch_labels.py for tasks to queue
[2023-10-24T13:53:37.084+0000] {logging_mixin.py:151} INFO - [2023-10-24T13:53:37.083+0000] {dagbag.py:536} INFO - Filling up the DagBag from /home/airflow/.local/lib/python3.8/site-packages/airflow/example_dags/example_branch_labels.py
[2023-10-24T13:53:37.094+0000] {processor.py:839} INFO - DAG(s) dict_keys(['example_branch_labels']) retrieved from /home/airflow/.local/lib/python3.8/site-packages/airflow/example_dags/example_branch_labels.py
[2023-10-24T13:53:37.125+0000] {logging_mixin.py:151} INFO - [2023-10-24T13:53:37.124+0000] {dag.py:2941} INFO - Sync 1 DAGs
[2023-10-24T13:53:37.170+0000] {logging_mixin.py:151} INFO - [2023-10-24T13:53:37.170+0000] {dag.py:3722} INFO - Setting next_dagrun for example_branch_labels to 2023-10-23T00:00:00+00:00, run_after=2023-10-24T00:00:00+00:00
[2023-10-24T13:53:37.191+0000] {processor.py:179} INFO - Processing /home/airflow/.local/lib/python3.8/site-packages/airflow/example_dags/example_branch_labels.py took 0.119 seconds
