[2023-10-24T13:44:53.907+0000] {processor.py:157} INFO - Started process (PID=71) to work on /home/airflow/.local/lib/python3.8/site-packages/airflow/example_dags/example_local_kubernetes_executor.py
[2023-10-24T13:44:53.908+0000] {processor.py:829} INFO - Processing file /home/airflow/.local/lib/python3.8/site-packages/airflow/example_dags/example_local_kubernetes_executor.py for tasks to queue
[2023-10-24T13:44:53.911+0000] {logging_mixin.py:151} INFO - [2023-10-24T13:44:53.911+0000] {dagbag.py:536} INFO - Filling up the DagBag from /home/airflow/.local/lib/python3.8/site-packages/airflow/example_dags/example_local_kubernetes_executor.py
[2023-10-24T13:44:53.925+0000] {processor.py:839} INFO - DAG(s) dict_keys(['example_local_kubernetes_executor']) retrieved from /home/airflow/.local/lib/python3.8/site-packages/airflow/example_dags/example_local_kubernetes_executor.py
[2023-10-24T13:44:53.944+0000] {logging_mixin.py:151} INFO - [2023-10-24T13:44:53.944+0000] {dag.py:2941} INFO - Sync 1 DAGs
[2023-10-24T13:44:53.964+0000] {logging_mixin.py:151} INFO - [2023-10-24T13:44:53.964+0000] {dag.py:3722} INFO - Setting next_dagrun for example_local_kubernetes_executor to None, run_after=None
[2023-10-24T13:44:53.980+0000] {processor.py:179} INFO - Processing /home/airflow/.local/lib/python3.8/site-packages/airflow/example_dags/example_local_kubernetes_executor.py took 0.078 seconds
[2023-10-24T13:45:25.667+0000] {processor.py:157} INFO - Started process (PID=127) to work on /home/airflow/.local/lib/python3.8/site-packages/airflow/example_dags/example_local_kubernetes_executor.py
[2023-10-24T13:45:25.668+0000] {processor.py:829} INFO - Processing file /home/airflow/.local/lib/python3.8/site-packages/airflow/example_dags/example_local_kubernetes_executor.py for tasks to queue
[2023-10-24T13:45:25.670+0000] {logging_mixin.py:151} INFO - [2023-10-24T13:45:25.670+0000] {dagbag.py:536} INFO - Filling up the DagBag from /home/airflow/.local/lib/python3.8/site-packages/airflow/example_dags/example_local_kubernetes_executor.py
[2023-10-24T13:45:25.678+0000] {processor.py:839} INFO - DAG(s) dict_keys(['example_local_kubernetes_executor']) retrieved from /home/airflow/.local/lib/python3.8/site-packages/airflow/example_dags/example_local_kubernetes_executor.py
[2023-10-24T13:45:25.707+0000] {logging_mixin.py:151} INFO - [2023-10-24T13:45:25.707+0000] {dag.py:2941} INFO - Sync 1 DAGs
[2023-10-24T13:45:25.716+0000] {logging_mixin.py:151} INFO - [2023-10-24T13:45:25.716+0000] {dag.py:3722} INFO - Setting next_dagrun for example_local_kubernetes_executor to None, run_after=None
[2023-10-24T13:45:25.726+0000] {processor.py:179} INFO - Processing /home/airflow/.local/lib/python3.8/site-packages/airflow/example_dags/example_local_kubernetes_executor.py took 0.062 seconds
[2023-10-24T13:45:55.905+0000] {processor.py:157} INFO - Started process (PID=183) to work on /home/airflow/.local/lib/python3.8/site-packages/airflow/example_dags/example_local_kubernetes_executor.py
[2023-10-24T13:45:55.906+0000] {processor.py:829} INFO - Processing file /home/airflow/.local/lib/python3.8/site-packages/airflow/example_dags/example_local_kubernetes_executor.py for tasks to queue
[2023-10-24T13:45:55.911+0000] {logging_mixin.py:151} INFO - [2023-10-24T13:45:55.910+0000] {dagbag.py:536} INFO - Filling up the DagBag from /home/airflow/.local/lib/python3.8/site-packages/airflow/example_dags/example_local_kubernetes_executor.py
[2023-10-24T13:45:55.926+0000] {processor.py:839} INFO - DAG(s) dict_keys(['example_local_kubernetes_executor']) retrieved from /home/airflow/.local/lib/python3.8/site-packages/airflow/example_dags/example_local_kubernetes_executor.py
[2023-10-24T13:45:55.966+0000] {logging_mixin.py:151} INFO - [2023-10-24T13:45:55.966+0000] {dag.py:2941} INFO - Sync 1 DAGs
[2023-10-24T13:45:55.977+0000] {logging_mixin.py:151} INFO - [2023-10-24T13:45:55.977+0000] {dag.py:3722} INFO - Setting next_dagrun for example_local_kubernetes_executor to None, run_after=None
[2023-10-24T13:45:56.004+0000] {processor.py:179} INFO - Processing /home/airflow/.local/lib/python3.8/site-packages/airflow/example_dags/example_local_kubernetes_executor.py took 0.110 seconds
[2023-10-24T13:46:26.056+0000] {processor.py:157} INFO - Started process (PID=238) to work on /home/airflow/.local/lib/python3.8/site-packages/airflow/example_dags/example_local_kubernetes_executor.py
[2023-10-24T13:46:26.057+0000] {processor.py:829} INFO - Processing file /home/airflow/.local/lib/python3.8/site-packages/airflow/example_dags/example_local_kubernetes_executor.py for tasks to queue
[2023-10-24T13:46:26.059+0000] {logging_mixin.py:151} INFO - [2023-10-24T13:46:26.059+0000] {dagbag.py:536} INFO - Filling up the DagBag from /home/airflow/.local/lib/python3.8/site-packages/airflow/example_dags/example_local_kubernetes_executor.py
[2023-10-24T13:46:26.066+0000] {processor.py:839} INFO - DAG(s) dict_keys(['example_local_kubernetes_executor']) retrieved from /home/airflow/.local/lib/python3.8/site-packages/airflow/example_dags/example_local_kubernetes_executor.py
[2023-10-24T13:46:26.091+0000] {logging_mixin.py:151} INFO - [2023-10-24T13:46:26.091+0000] {dag.py:2941} INFO - Sync 1 DAGs
[2023-10-24T13:46:26.101+0000] {logging_mixin.py:151} INFO - [2023-10-24T13:46:26.101+0000] {dag.py:3722} INFO - Setting next_dagrun for example_local_kubernetes_executor to None, run_after=None
[2023-10-24T13:46:26.114+0000] {processor.py:179} INFO - Processing /home/airflow/.local/lib/python3.8/site-packages/airflow/example_dags/example_local_kubernetes_executor.py took 0.060 seconds
[2023-10-24T13:46:56.448+0000] {processor.py:157} INFO - Started process (PID=294) to work on /home/airflow/.local/lib/python3.8/site-packages/airflow/example_dags/example_local_kubernetes_executor.py
[2023-10-24T13:46:56.449+0000] {processor.py:829} INFO - Processing file /home/airflow/.local/lib/python3.8/site-packages/airflow/example_dags/example_local_kubernetes_executor.py for tasks to queue
[2023-10-24T13:46:56.451+0000] {logging_mixin.py:151} INFO - [2023-10-24T13:46:56.450+0000] {dagbag.py:536} INFO - Filling up the DagBag from /home/airflow/.local/lib/python3.8/site-packages/airflow/example_dags/example_local_kubernetes_executor.py
[2023-10-24T13:46:56.457+0000] {processor.py:839} INFO - DAG(s) dict_keys(['example_local_kubernetes_executor']) retrieved from /home/airflow/.local/lib/python3.8/site-packages/airflow/example_dags/example_local_kubernetes_executor.py
[2023-10-24T13:46:56.480+0000] {logging_mixin.py:151} INFO - [2023-10-24T13:46:56.480+0000] {dag.py:2941} INFO - Sync 1 DAGs
[2023-10-24T13:46:56.490+0000] {logging_mixin.py:151} INFO - [2023-10-24T13:46:56.490+0000] {dag.py:3722} INFO - Setting next_dagrun for example_local_kubernetes_executor to None, run_after=None
[2023-10-24T13:46:56.840+0000] {processor.py:179} INFO - Processing /home/airflow/.local/lib/python3.8/site-packages/airflow/example_dags/example_local_kubernetes_executor.py took 0.395 seconds
[2023-10-24T13:47:27.016+0000] {processor.py:157} INFO - Started process (PID=350) to work on /home/airflow/.local/lib/python3.8/site-packages/airflow/example_dags/example_local_kubernetes_executor.py
[2023-10-24T13:47:27.017+0000] {processor.py:829} INFO - Processing file /home/airflow/.local/lib/python3.8/site-packages/airflow/example_dags/example_local_kubernetes_executor.py for tasks to queue
[2023-10-24T13:47:27.020+0000] {logging_mixin.py:151} INFO - [2023-10-24T13:47:27.019+0000] {dagbag.py:536} INFO - Filling up the DagBag from /home/airflow/.local/lib/python3.8/site-packages/airflow/example_dags/example_local_kubernetes_executor.py
[2023-10-24T13:47:27.030+0000] {processor.py:839} INFO - DAG(s) dict_keys(['example_local_kubernetes_executor']) retrieved from /home/airflow/.local/lib/python3.8/site-packages/airflow/example_dags/example_local_kubernetes_executor.py
[2023-10-24T13:47:27.084+0000] {logging_mixin.py:151} INFO - [2023-10-24T13:47:27.083+0000] {dag.py:2941} INFO - Sync 1 DAGs
[2023-10-24T13:47:27.096+0000] {logging_mixin.py:151} INFO - [2023-10-24T13:47:27.096+0000] {dag.py:3722} INFO - Setting next_dagrun for example_local_kubernetes_executor to None, run_after=None
[2023-10-24T13:47:27.471+0000] {processor.py:179} INFO - Processing /home/airflow/.local/lib/python3.8/site-packages/airflow/example_dags/example_local_kubernetes_executor.py took 0.458 seconds
[2023-10-24T13:47:58.284+0000] {processor.py:157} INFO - Started process (PID=406) to work on /home/airflow/.local/lib/python3.8/site-packages/airflow/example_dags/example_local_kubernetes_executor.py
[2023-10-24T13:47:58.285+0000] {processor.py:829} INFO - Processing file /home/airflow/.local/lib/python3.8/site-packages/airflow/example_dags/example_local_kubernetes_executor.py for tasks to queue
[2023-10-24T13:47:58.289+0000] {logging_mixin.py:151} INFO - [2023-10-24T13:47:58.289+0000] {dagbag.py:536} INFO - Filling up the DagBag from /home/airflow/.local/lib/python3.8/site-packages/airflow/example_dags/example_local_kubernetes_executor.py
[2023-10-24T13:47:58.300+0000] {processor.py:839} INFO - DAG(s) dict_keys(['example_local_kubernetes_executor']) retrieved from /home/airflow/.local/lib/python3.8/site-packages/airflow/example_dags/example_local_kubernetes_executor.py
[2023-10-24T13:47:58.332+0000] {logging_mixin.py:151} INFO - [2023-10-24T13:47:58.331+0000] {dag.py:2941} INFO - Sync 1 DAGs
[2023-10-24T13:47:58.341+0000] {logging_mixin.py:151} INFO - [2023-10-24T13:47:58.341+0000] {dag.py:3722} INFO - Setting next_dagrun for example_local_kubernetes_executor to None, run_after=None
[2023-10-24T13:47:58.722+0000] {processor.py:179} INFO - Processing /home/airflow/.local/lib/python3.8/site-packages/airflow/example_dags/example_local_kubernetes_executor.py took 0.444 seconds
[2023-10-24T13:48:29.629+0000] {processor.py:157} INFO - Started process (PID=462) to work on /home/airflow/.local/lib/python3.8/site-packages/airflow/example_dags/example_local_kubernetes_executor.py
[2023-10-24T13:48:29.630+0000] {processor.py:829} INFO - Processing file /home/airflow/.local/lib/python3.8/site-packages/airflow/example_dags/example_local_kubernetes_executor.py for tasks to queue
[2023-10-24T13:48:29.635+0000] {logging_mixin.py:151} INFO - [2023-10-24T13:48:29.634+0000] {dagbag.py:536} INFO - Filling up the DagBag from /home/airflow/.local/lib/python3.8/site-packages/airflow/example_dags/example_local_kubernetes_executor.py
[2023-10-24T13:48:29.649+0000] {processor.py:839} INFO - DAG(s) dict_keys(['example_local_kubernetes_executor']) retrieved from /home/airflow/.local/lib/python3.8/site-packages/airflow/example_dags/example_local_kubernetes_executor.py
[2023-10-24T13:48:29.693+0000] {logging_mixin.py:151} INFO - [2023-10-24T13:48:29.692+0000] {dag.py:2941} INFO - Sync 1 DAGs
[2023-10-24T13:48:29.704+0000] {logging_mixin.py:151} INFO - [2023-10-24T13:48:29.703+0000] {dag.py:3722} INFO - Setting next_dagrun for example_local_kubernetes_executor to None, run_after=None
[2023-10-24T13:48:29.718+0000] {processor.py:179} INFO - Processing /home/airflow/.local/lib/python3.8/site-packages/airflow/example_dags/example_local_kubernetes_executor.py took 0.095 seconds
[2023-10-24T13:49:00.314+0000] {processor.py:157} INFO - Started process (PID=518) to work on /home/airflow/.local/lib/python3.8/site-packages/airflow/example_dags/example_local_kubernetes_executor.py
[2023-10-24T13:49:00.315+0000] {processor.py:829} INFO - Processing file /home/airflow/.local/lib/python3.8/site-packages/airflow/example_dags/example_local_kubernetes_executor.py for tasks to queue
[2023-10-24T13:49:00.317+0000] {logging_mixin.py:151} INFO - [2023-10-24T13:49:00.317+0000] {dagbag.py:536} INFO - Filling up the DagBag from /home/airflow/.local/lib/python3.8/site-packages/airflow/example_dags/example_local_kubernetes_executor.py
[2023-10-24T13:49:00.324+0000] {processor.py:839} INFO - DAG(s) dict_keys(['example_local_kubernetes_executor']) retrieved from /home/airflow/.local/lib/python3.8/site-packages/airflow/example_dags/example_local_kubernetes_executor.py
[2023-10-24T13:49:00.356+0000] {logging_mixin.py:151} INFO - [2023-10-24T13:49:00.356+0000] {dag.py:2941} INFO - Sync 1 DAGs
[2023-10-24T13:49:00.365+0000] {logging_mixin.py:151} INFO - [2023-10-24T13:49:00.364+0000] {dag.py:3722} INFO - Setting next_dagrun for example_local_kubernetes_executor to None, run_after=None
[2023-10-24T13:49:00.376+0000] {processor.py:179} INFO - Processing /home/airflow/.local/lib/python3.8/site-packages/airflow/example_dags/example_local_kubernetes_executor.py took 0.065 seconds
[2023-10-24T13:49:30.855+0000] {processor.py:157} INFO - Started process (PID=574) to work on /home/airflow/.local/lib/python3.8/site-packages/airflow/example_dags/example_local_kubernetes_executor.py
[2023-10-24T13:49:30.856+0000] {processor.py:829} INFO - Processing file /home/airflow/.local/lib/python3.8/site-packages/airflow/example_dags/example_local_kubernetes_executor.py for tasks to queue
[2023-10-24T13:49:30.857+0000] {logging_mixin.py:151} INFO - [2023-10-24T13:49:30.857+0000] {dagbag.py:536} INFO - Filling up the DagBag from /home/airflow/.local/lib/python3.8/site-packages/airflow/example_dags/example_local_kubernetes_executor.py
[2023-10-24T13:49:30.863+0000] {processor.py:839} INFO - DAG(s) dict_keys(['example_local_kubernetes_executor']) retrieved from /home/airflow/.local/lib/python3.8/site-packages/airflow/example_dags/example_local_kubernetes_executor.py
[2023-10-24T13:49:30.886+0000] {logging_mixin.py:151} INFO - [2023-10-24T13:49:30.886+0000] {dag.py:2941} INFO - Sync 1 DAGs
[2023-10-24T13:49:30.894+0000] {logging_mixin.py:151} INFO - [2023-10-24T13:49:30.894+0000] {dag.py:3722} INFO - Setting next_dagrun for example_local_kubernetes_executor to None, run_after=None
[2023-10-24T13:49:30.904+0000] {processor.py:179} INFO - Processing /home/airflow/.local/lib/python3.8/site-packages/airflow/example_dags/example_local_kubernetes_executor.py took 0.051 seconds
[2023-10-24T13:50:01.368+0000] {processor.py:157} INFO - Started process (PID=630) to work on /home/airflow/.local/lib/python3.8/site-packages/airflow/example_dags/example_local_kubernetes_executor.py
[2023-10-24T13:50:01.370+0000] {processor.py:829} INFO - Processing file /home/airflow/.local/lib/python3.8/site-packages/airflow/example_dags/example_local_kubernetes_executor.py for tasks to queue
[2023-10-24T13:50:01.374+0000] {logging_mixin.py:151} INFO - [2023-10-24T13:50:01.373+0000] {dagbag.py:536} INFO - Filling up the DagBag from /home/airflow/.local/lib/python3.8/site-packages/airflow/example_dags/example_local_kubernetes_executor.py
[2023-10-24T13:50:01.386+0000] {processor.py:839} INFO - DAG(s) dict_keys(['example_local_kubernetes_executor']) retrieved from /home/airflow/.local/lib/python3.8/site-packages/airflow/example_dags/example_local_kubernetes_executor.py
[2023-10-24T13:50:01.422+0000] {logging_mixin.py:151} INFO - [2023-10-24T13:50:01.422+0000] {dag.py:2941} INFO - Sync 1 DAGs
[2023-10-24T13:50:01.437+0000] {logging_mixin.py:151} INFO - [2023-10-24T13:50:01.437+0000] {dag.py:3722} INFO - Setting next_dagrun for example_local_kubernetes_executor to None, run_after=None
[2023-10-24T13:50:01.458+0000] {processor.py:179} INFO - Processing /home/airflow/.local/lib/python3.8/site-packages/airflow/example_dags/example_local_kubernetes_executor.py took 0.095 seconds
[2023-10-24T13:50:32.292+0000] {processor.py:157} INFO - Started process (PID=686) to work on /home/airflow/.local/lib/python3.8/site-packages/airflow/example_dags/example_local_kubernetes_executor.py
[2023-10-24T13:50:32.293+0000] {processor.py:829} INFO - Processing file /home/airflow/.local/lib/python3.8/site-packages/airflow/example_dags/example_local_kubernetes_executor.py for tasks to queue
[2023-10-24T13:50:32.295+0000] {logging_mixin.py:151} INFO - [2023-10-24T13:50:32.295+0000] {dagbag.py:536} INFO - Filling up the DagBag from /home/airflow/.local/lib/python3.8/site-packages/airflow/example_dags/example_local_kubernetes_executor.py
[2023-10-24T13:50:32.317+0000] {processor.py:839} INFO - DAG(s) dict_keys(['example_local_kubernetes_executor']) retrieved from /home/airflow/.local/lib/python3.8/site-packages/airflow/example_dags/example_local_kubernetes_executor.py
[2023-10-24T13:50:32.352+0000] {logging_mixin.py:151} INFO - [2023-10-24T13:50:32.352+0000] {dag.py:2941} INFO - Sync 1 DAGs
[2023-10-24T13:50:32.361+0000] {logging_mixin.py:151} INFO - [2023-10-24T13:50:32.361+0000] {dag.py:3722} INFO - Setting next_dagrun for example_local_kubernetes_executor to None, run_after=None
[2023-10-24T13:50:32.371+0000] {processor.py:179} INFO - Processing /home/airflow/.local/lib/python3.8/site-packages/airflow/example_dags/example_local_kubernetes_executor.py took 0.082 seconds
[2023-10-24T13:51:02.870+0000] {processor.py:157} INFO - Started process (PID=742) to work on /home/airflow/.local/lib/python3.8/site-packages/airflow/example_dags/example_local_kubernetes_executor.py
[2023-10-24T13:51:02.871+0000] {processor.py:829} INFO - Processing file /home/airflow/.local/lib/python3.8/site-packages/airflow/example_dags/example_local_kubernetes_executor.py for tasks to queue
[2023-10-24T13:51:02.873+0000] {logging_mixin.py:151} INFO - [2023-10-24T13:51:02.873+0000] {dagbag.py:536} INFO - Filling up the DagBag from /home/airflow/.local/lib/python3.8/site-packages/airflow/example_dags/example_local_kubernetes_executor.py
[2023-10-24T13:51:02.880+0000] {processor.py:839} INFO - DAG(s) dict_keys(['example_local_kubernetes_executor']) retrieved from /home/airflow/.local/lib/python3.8/site-packages/airflow/example_dags/example_local_kubernetes_executor.py
[2023-10-24T13:51:02.904+0000] {logging_mixin.py:151} INFO - [2023-10-24T13:51:02.903+0000] {dag.py:2941} INFO - Sync 1 DAGs
[2023-10-24T13:51:02.911+0000] {logging_mixin.py:151} INFO - [2023-10-24T13:51:02.911+0000] {dag.py:3722} INFO - Setting next_dagrun for example_local_kubernetes_executor to None, run_after=None
[2023-10-24T13:51:02.919+0000] {processor.py:179} INFO - Processing /home/airflow/.local/lib/python3.8/site-packages/airflow/example_dags/example_local_kubernetes_executor.py took 0.052 seconds
[2023-10-24T13:51:33.359+0000] {processor.py:157} INFO - Started process (PID=798) to work on /home/airflow/.local/lib/python3.8/site-packages/airflow/example_dags/example_local_kubernetes_executor.py
[2023-10-24T13:51:33.361+0000] {processor.py:829} INFO - Processing file /home/airflow/.local/lib/python3.8/site-packages/airflow/example_dags/example_local_kubernetes_executor.py for tasks to queue
[2023-10-24T13:51:33.363+0000] {logging_mixin.py:151} INFO - [2023-10-24T13:51:33.362+0000] {dagbag.py:536} INFO - Filling up the DagBag from /home/airflow/.local/lib/python3.8/site-packages/airflow/example_dags/example_local_kubernetes_executor.py
[2023-10-24T13:51:33.370+0000] {processor.py:839} INFO - DAG(s) dict_keys(['example_local_kubernetes_executor']) retrieved from /home/airflow/.local/lib/python3.8/site-packages/airflow/example_dags/example_local_kubernetes_executor.py
[2023-10-24T13:51:33.396+0000] {logging_mixin.py:151} INFO - [2023-10-24T13:51:33.396+0000] {dag.py:2941} INFO - Sync 1 DAGs
[2023-10-24T13:51:33.405+0000] {logging_mixin.py:151} INFO - [2023-10-24T13:51:33.405+0000] {dag.py:3722} INFO - Setting next_dagrun for example_local_kubernetes_executor to None, run_after=None
[2023-10-24T13:51:33.416+0000] {processor.py:179} INFO - Processing /home/airflow/.local/lib/python3.8/site-packages/airflow/example_dags/example_local_kubernetes_executor.py took 0.060 seconds
[2023-10-24T13:52:03.975+0000] {processor.py:157} INFO - Started process (PID=854) to work on /home/airflow/.local/lib/python3.8/site-packages/airflow/example_dags/example_local_kubernetes_executor.py
[2023-10-24T13:52:03.976+0000] {processor.py:829} INFO - Processing file /home/airflow/.local/lib/python3.8/site-packages/airflow/example_dags/example_local_kubernetes_executor.py for tasks to queue
[2023-10-24T13:52:03.978+0000] {logging_mixin.py:151} INFO - [2023-10-24T13:52:03.978+0000] {dagbag.py:536} INFO - Filling up the DagBag from /home/airflow/.local/lib/python3.8/site-packages/airflow/example_dags/example_local_kubernetes_executor.py
[2023-10-24T13:52:03.986+0000] {processor.py:839} INFO - DAG(s) dict_keys(['example_local_kubernetes_executor']) retrieved from /home/airflow/.local/lib/python3.8/site-packages/airflow/example_dags/example_local_kubernetes_executor.py
[2023-10-24T13:52:04.013+0000] {logging_mixin.py:151} INFO - [2023-10-24T13:52:04.013+0000] {dag.py:2941} INFO - Sync 1 DAGs
[2023-10-24T13:52:04.021+0000] {logging_mixin.py:151} INFO - [2023-10-24T13:52:04.021+0000] {dag.py:3722} INFO - Setting next_dagrun for example_local_kubernetes_executor to None, run_after=None
[2023-10-24T13:52:04.032+0000] {processor.py:179} INFO - Processing /home/airflow/.local/lib/python3.8/site-packages/airflow/example_dags/example_local_kubernetes_executor.py took 0.059 seconds
[2023-10-24T13:52:34.539+0000] {processor.py:157} INFO - Started process (PID=910) to work on /home/airflow/.local/lib/python3.8/site-packages/airflow/example_dags/example_local_kubernetes_executor.py
[2023-10-24T13:52:34.540+0000] {processor.py:829} INFO - Processing file /home/airflow/.local/lib/python3.8/site-packages/airflow/example_dags/example_local_kubernetes_executor.py for tasks to queue
[2023-10-24T13:52:34.542+0000] {logging_mixin.py:151} INFO - [2023-10-24T13:52:34.542+0000] {dagbag.py:536} INFO - Filling up the DagBag from /home/airflow/.local/lib/python3.8/site-packages/airflow/example_dags/example_local_kubernetes_executor.py
[2023-10-24T13:52:34.552+0000] {processor.py:839} INFO - DAG(s) dict_keys(['example_local_kubernetes_executor']) retrieved from /home/airflow/.local/lib/python3.8/site-packages/airflow/example_dags/example_local_kubernetes_executor.py
[2023-10-24T13:52:34.597+0000] {logging_mixin.py:151} INFO - [2023-10-24T13:52:34.596+0000] {dag.py:2941} INFO - Sync 1 DAGs
[2023-10-24T13:52:34.606+0000] {logging_mixin.py:151} INFO - [2023-10-24T13:52:34.605+0000] {dag.py:3722} INFO - Setting next_dagrun for example_local_kubernetes_executor to None, run_after=None
[2023-10-24T13:52:34.616+0000] {processor.py:179} INFO - Processing /home/airflow/.local/lib/python3.8/site-packages/airflow/example_dags/example_local_kubernetes_executor.py took 0.080 seconds
[2023-10-24T13:53:05.097+0000] {processor.py:157} INFO - Started process (PID=966) to work on /home/airflow/.local/lib/python3.8/site-packages/airflow/example_dags/example_local_kubernetes_executor.py
[2023-10-24T13:53:05.098+0000] {processor.py:829} INFO - Processing file /home/airflow/.local/lib/python3.8/site-packages/airflow/example_dags/example_local_kubernetes_executor.py for tasks to queue
[2023-10-24T13:53:05.100+0000] {logging_mixin.py:151} INFO - [2023-10-24T13:53:05.100+0000] {dagbag.py:536} INFO - Filling up the DagBag from /home/airflow/.local/lib/python3.8/site-packages/airflow/example_dags/example_local_kubernetes_executor.py
[2023-10-24T13:53:05.110+0000] {processor.py:839} INFO - DAG(s) dict_keys(['example_local_kubernetes_executor']) retrieved from /home/airflow/.local/lib/python3.8/site-packages/airflow/example_dags/example_local_kubernetes_executor.py
[2023-10-24T13:53:05.135+0000] {logging_mixin.py:151} INFO - [2023-10-24T13:53:05.135+0000] {dag.py:2941} INFO - Sync 1 DAGs
[2023-10-24T13:53:05.143+0000] {logging_mixin.py:151} INFO - [2023-10-24T13:53:05.143+0000] {dag.py:3722} INFO - Setting next_dagrun for example_local_kubernetes_executor to None, run_after=None
[2023-10-24T13:53:05.154+0000] {processor.py:179} INFO - Processing /home/airflow/.local/lib/python3.8/site-packages/airflow/example_dags/example_local_kubernetes_executor.py took 0.061 seconds
[2023-10-24T13:53:35.930+0000] {processor.py:157} INFO - Started process (PID=1022) to work on /home/airflow/.local/lib/python3.8/site-packages/airflow/example_dags/example_local_kubernetes_executor.py
[2023-10-24T13:53:35.931+0000] {processor.py:829} INFO - Processing file /home/airflow/.local/lib/python3.8/site-packages/airflow/example_dags/example_local_kubernetes_executor.py for tasks to queue
[2023-10-24T13:53:35.933+0000] {logging_mixin.py:151} INFO - [2023-10-24T13:53:35.933+0000] {dagbag.py:536} INFO - Filling up the DagBag from /home/airflow/.local/lib/python3.8/site-packages/airflow/example_dags/example_local_kubernetes_executor.py
[2023-10-24T13:53:35.943+0000] {processor.py:839} INFO - DAG(s) dict_keys(['example_local_kubernetes_executor']) retrieved from /home/airflow/.local/lib/python3.8/site-packages/airflow/example_dags/example_local_kubernetes_executor.py
[2023-10-24T13:53:35.980+0000] {logging_mixin.py:151} INFO - [2023-10-24T13:53:35.980+0000] {dag.py:2941} INFO - Sync 1 DAGs
[2023-10-24T13:53:35.998+0000] {logging_mixin.py:151} INFO - [2023-10-24T13:53:35.998+0000] {dag.py:3722} INFO - Setting next_dagrun for example_local_kubernetes_executor to None, run_after=None
[2023-10-24T13:53:36.020+0000] {processor.py:179} INFO - Processing /home/airflow/.local/lib/python3.8/site-packages/airflow/example_dags/example_local_kubernetes_executor.py took 0.093 seconds
