[2023-10-24T13:44:54.336+0000] {processor.py:157} INFO - Started process (PID=78) to work on /home/airflow/.local/lib/python3.8/site-packages/airflow/example_dags/example_branch_day_of_week_operator.py
[2023-10-24T13:44:54.337+0000] {processor.py:829} INFO - Processing file /home/airflow/.local/lib/python3.8/site-packages/airflow/example_dags/example_branch_day_of_week_operator.py for tasks to queue
[2023-10-24T13:44:54.340+0000] {logging_mixin.py:151} INFO - [2023-10-24T13:44:54.339+0000] {dagbag.py:536} INFO - Filling up the DagBag from /home/airflow/.local/lib/python3.8/site-packages/airflow/example_dags/example_branch_day_of_week_operator.py
[2023-10-24T13:44:54.349+0000] {processor.py:839} INFO - DAG(s) dict_keys(['example_weekday_branch_operator']) retrieved from /home/airflow/.local/lib/python3.8/site-packages/airflow/example_dags/example_branch_day_of_week_operator.py
[2023-10-24T13:44:54.362+0000] {logging_mixin.py:151} INFO - [2023-10-24T13:44:54.362+0000] {dag.py:2941} INFO - Sync 1 DAGs
[2023-10-24T13:44:54.386+0000] {logging_mixin.py:151} INFO - [2023-10-24T13:44:54.386+0000] {dag.py:3722} INFO - Setting next_dagrun for example_weekday_branch_operator to 2023-10-23T00:00:00+00:00, run_after=2023-10-24T00:00:00+00:00
[2023-10-24T13:44:54.398+0000] {processor.py:179} INFO - Processing /home/airflow/.local/lib/python3.8/site-packages/airflow/example_dags/example_branch_day_of_week_operator.py took 0.065 seconds
[2023-10-24T13:45:26.087+0000] {processor.py:157} INFO - Started process (PID=134) to work on /home/airflow/.local/lib/python3.8/site-packages/airflow/example_dags/example_branch_day_of_week_operator.py
[2023-10-24T13:45:26.090+0000] {processor.py:829} INFO - Processing file /home/airflow/.local/lib/python3.8/site-packages/airflow/example_dags/example_branch_day_of_week_operator.py for tasks to queue
[2023-10-24T13:45:26.106+0000] {logging_mixin.py:151} INFO - [2023-10-24T13:45:26.105+0000] {dagbag.py:536} INFO - Filling up the DagBag from /home/airflow/.local/lib/python3.8/site-packages/airflow/example_dags/example_branch_day_of_week_operator.py
[2023-10-24T13:45:26.123+0000] {processor.py:839} INFO - DAG(s) dict_keys(['example_weekday_branch_operator']) retrieved from /home/airflow/.local/lib/python3.8/site-packages/airflow/example_dags/example_branch_day_of_week_operator.py
[2023-10-24T13:45:26.161+0000] {logging_mixin.py:151} INFO - [2023-10-24T13:45:26.161+0000] {dag.py:2941} INFO - Sync 1 DAGs
[2023-10-24T13:45:26.214+0000] {logging_mixin.py:151} INFO - [2023-10-24T13:45:26.214+0000] {dag.py:3722} INFO - Setting next_dagrun for example_weekday_branch_operator to 2023-10-23T00:00:00+00:00, run_after=2023-10-24T00:00:00+00:00
[2023-10-24T13:45:26.229+0000] {processor.py:179} INFO - Processing /home/airflow/.local/lib/python3.8/site-packages/airflow/example_dags/example_branch_day_of_week_operator.py took 0.152 seconds
[2023-10-24T13:45:57.410+0000] {processor.py:157} INFO - Started process (PID=190) to work on /home/airflow/.local/lib/python3.8/site-packages/airflow/example_dags/example_branch_day_of_week_operator.py
[2023-10-24T13:45:57.411+0000] {processor.py:829} INFO - Processing file /home/airflow/.local/lib/python3.8/site-packages/airflow/example_dags/example_branch_day_of_week_operator.py for tasks to queue
[2023-10-24T13:45:57.413+0000] {logging_mixin.py:151} INFO - [2023-10-24T13:45:57.413+0000] {dagbag.py:536} INFO - Filling up the DagBag from /home/airflow/.local/lib/python3.8/site-packages/airflow/example_dags/example_branch_day_of_week_operator.py
[2023-10-24T13:45:57.427+0000] {processor.py:839} INFO - DAG(s) dict_keys(['example_weekday_branch_operator']) retrieved from /home/airflow/.local/lib/python3.8/site-packages/airflow/example_dags/example_branch_day_of_week_operator.py
[2023-10-24T13:45:57.445+0000] {logging_mixin.py:151} INFO - [2023-10-24T13:45:57.445+0000] {dag.py:2941} INFO - Sync 1 DAGs
[2023-10-24T13:45:57.461+0000] {logging_mixin.py:151} INFO - [2023-10-24T13:45:57.461+0000] {dag.py:3722} INFO - Setting next_dagrun for example_weekday_branch_operator to 2023-10-23T00:00:00+00:00, run_after=2023-10-24T00:00:00+00:00
[2023-10-24T13:45:57.472+0000] {processor.py:179} INFO - Processing /home/airflow/.local/lib/python3.8/site-packages/airflow/example_dags/example_branch_day_of_week_operator.py took 0.066 seconds
[2023-10-24T13:46:29.030+0000] {processor.py:157} INFO - Started process (PID=246) to work on /home/airflow/.local/lib/python3.8/site-packages/airflow/example_dags/example_branch_day_of_week_operator.py
[2023-10-24T13:46:29.031+0000] {processor.py:829} INFO - Processing file /home/airflow/.local/lib/python3.8/site-packages/airflow/example_dags/example_branch_day_of_week_operator.py for tasks to queue
[2023-10-24T13:46:29.035+0000] {logging_mixin.py:151} INFO - [2023-10-24T13:46:29.034+0000] {dagbag.py:536} INFO - Filling up the DagBag from /home/airflow/.local/lib/python3.8/site-packages/airflow/example_dags/example_branch_day_of_week_operator.py
[2023-10-24T13:46:29.046+0000] {processor.py:839} INFO - DAG(s) dict_keys(['example_weekday_branch_operator']) retrieved from /home/airflow/.local/lib/python3.8/site-packages/airflow/example_dags/example_branch_day_of_week_operator.py
[2023-10-24T13:46:29.077+0000] {logging_mixin.py:151} INFO - [2023-10-24T13:46:29.077+0000] {dag.py:2941} INFO - Sync 1 DAGs
[2023-10-24T13:46:29.101+0000] {logging_mixin.py:151} INFO - [2023-10-24T13:46:29.101+0000] {dag.py:3722} INFO - Setting next_dagrun for example_weekday_branch_operator to 2023-10-23T00:00:00+00:00, run_after=2023-10-24T00:00:00+00:00
[2023-10-24T13:46:29.121+0000] {processor.py:179} INFO - Processing /home/airflow/.local/lib/python3.8/site-packages/airflow/example_dags/example_branch_day_of_week_operator.py took 0.096 seconds
[2023-10-24T13:46:59.782+0000] {processor.py:157} INFO - Started process (PID=302) to work on /home/airflow/.local/lib/python3.8/site-packages/airflow/example_dags/example_branch_day_of_week_operator.py
[2023-10-24T13:46:59.783+0000] {processor.py:829} INFO - Processing file /home/airflow/.local/lib/python3.8/site-packages/airflow/example_dags/example_branch_day_of_week_operator.py for tasks to queue
[2023-10-24T13:46:59.786+0000] {logging_mixin.py:151} INFO - [2023-10-24T13:46:59.785+0000] {dagbag.py:536} INFO - Filling up the DagBag from /home/airflow/.local/lib/python3.8/site-packages/airflow/example_dags/example_branch_day_of_week_operator.py
[2023-10-24T13:46:59.791+0000] {processor.py:839} INFO - DAG(s) dict_keys(['example_weekday_branch_operator']) retrieved from /home/airflow/.local/lib/python3.8/site-packages/airflow/example_dags/example_branch_day_of_week_operator.py
[2023-10-24T13:46:59.808+0000] {logging_mixin.py:151} INFO - [2023-10-24T13:46:59.807+0000] {dag.py:2941} INFO - Sync 1 DAGs
[2023-10-24T13:46:59.822+0000] {logging_mixin.py:151} INFO - [2023-10-24T13:46:59.822+0000] {dag.py:3722} INFO - Setting next_dagrun for example_weekday_branch_operator to 2023-10-23T00:00:00+00:00, run_after=2023-10-24T00:00:00+00:00
[2023-10-24T13:46:59.833+0000] {processor.py:179} INFO - Processing /home/airflow/.local/lib/python3.8/site-packages/airflow/example_dags/example_branch_day_of_week_operator.py took 0.054 seconds
[2023-10-24T13:47:31.339+0000] {processor.py:157} INFO - Started process (PID=358) to work on /home/airflow/.local/lib/python3.8/site-packages/airflow/example_dags/example_branch_day_of_week_operator.py
[2023-10-24T13:47:31.340+0000] {processor.py:829} INFO - Processing file /home/airflow/.local/lib/python3.8/site-packages/airflow/example_dags/example_branch_day_of_week_operator.py for tasks to queue
[2023-10-24T13:47:31.344+0000] {logging_mixin.py:151} INFO - [2023-10-24T13:47:31.343+0000] {dagbag.py:536} INFO - Filling up the DagBag from /home/airflow/.local/lib/python3.8/site-packages/airflow/example_dags/example_branch_day_of_week_operator.py
[2023-10-24T13:47:31.353+0000] {processor.py:839} INFO - DAG(s) dict_keys(['example_weekday_branch_operator']) retrieved from /home/airflow/.local/lib/python3.8/site-packages/airflow/example_dags/example_branch_day_of_week_operator.py
[2023-10-24T13:47:31.375+0000] {logging_mixin.py:151} INFO - [2023-10-24T13:47:31.375+0000] {dag.py:2941} INFO - Sync 1 DAGs
[2023-10-24T13:47:31.546+0000] {logging_mixin.py:151} INFO - [2023-10-24T13:47:31.546+0000] {dag.py:3722} INFO - Setting next_dagrun for example_weekday_branch_operator to 2023-10-23T00:00:00+00:00, run_after=2023-10-24T00:00:00+00:00
[2023-10-24T13:47:31.555+0000] {processor.py:179} INFO - Processing /home/airflow/.local/lib/python3.8/site-packages/airflow/example_dags/example_branch_day_of_week_operator.py took 0.221 seconds
[2023-10-24T13:48:01.951+0000] {processor.py:157} INFO - Started process (PID=414) to work on /home/airflow/.local/lib/python3.8/site-packages/airflow/example_dags/example_branch_day_of_week_operator.py
[2023-10-24T13:48:01.956+0000] {processor.py:829} INFO - Processing file /home/airflow/.local/lib/python3.8/site-packages/airflow/example_dags/example_branch_day_of_week_operator.py for tasks to queue
[2023-10-24T13:48:01.963+0000] {logging_mixin.py:151} INFO - [2023-10-24T13:48:01.962+0000] {dagbag.py:536} INFO - Filling up the DagBag from /home/airflow/.local/lib/python3.8/site-packages/airflow/example_dags/example_branch_day_of_week_operator.py
[2023-10-24T13:48:01.976+0000] {processor.py:839} INFO - DAG(s) dict_keys(['example_weekday_branch_operator']) retrieved from /home/airflow/.local/lib/python3.8/site-packages/airflow/example_dags/example_branch_day_of_week_operator.py
[2023-10-24T13:48:02.008+0000] {logging_mixin.py:151} INFO - [2023-10-24T13:48:02.007+0000] {dag.py:2941} INFO - Sync 1 DAGs
[2023-10-24T13:48:02.241+0000] {logging_mixin.py:151} INFO - [2023-10-24T13:48:02.240+0000] {dag.py:3722} INFO - Setting next_dagrun for example_weekday_branch_operator to 2023-10-23T00:00:00+00:00, run_after=2023-10-24T00:00:00+00:00
[2023-10-24T13:48:02.251+0000] {processor.py:179} INFO - Processing /home/airflow/.local/lib/python3.8/site-packages/airflow/example_dags/example_branch_day_of_week_operator.py took 0.316 seconds
[2023-10-24T13:48:32.762+0000] {processor.py:157} INFO - Started process (PID=470) to work on /home/airflow/.local/lib/python3.8/site-packages/airflow/example_dags/example_branch_day_of_week_operator.py
[2023-10-24T13:48:32.763+0000] {processor.py:829} INFO - Processing file /home/airflow/.local/lib/python3.8/site-packages/airflow/example_dags/example_branch_day_of_week_operator.py for tasks to queue
[2023-10-24T13:48:32.765+0000] {logging_mixin.py:151} INFO - [2023-10-24T13:48:32.765+0000] {dagbag.py:536} INFO - Filling up the DagBag from /home/airflow/.local/lib/python3.8/site-packages/airflow/example_dags/example_branch_day_of_week_operator.py
[2023-10-24T13:48:32.772+0000] {processor.py:839} INFO - DAG(s) dict_keys(['example_weekday_branch_operator']) retrieved from /home/airflow/.local/lib/python3.8/site-packages/airflow/example_dags/example_branch_day_of_week_operator.py
[2023-10-24T13:48:32.788+0000] {logging_mixin.py:151} INFO - [2023-10-24T13:48:32.788+0000] {dag.py:2941} INFO - Sync 1 DAGs
[2023-10-24T13:48:32.948+0000] {logging_mixin.py:151} INFO - [2023-10-24T13:48:32.948+0000] {dag.py:3722} INFO - Setting next_dagrun for example_weekday_branch_operator to 2023-10-23T00:00:00+00:00, run_after=2023-10-24T00:00:00+00:00
[2023-10-24T13:48:32.960+0000] {processor.py:179} INFO - Processing /home/airflow/.local/lib/python3.8/site-packages/airflow/example_dags/example_branch_day_of_week_operator.py took 0.201 seconds
[2023-10-24T13:49:03.833+0000] {processor.py:157} INFO - Started process (PID=526) to work on /home/airflow/.local/lib/python3.8/site-packages/airflow/example_dags/example_branch_day_of_week_operator.py
[2023-10-24T13:49:03.834+0000] {processor.py:829} INFO - Processing file /home/airflow/.local/lib/python3.8/site-packages/airflow/example_dags/example_branch_day_of_week_operator.py for tasks to queue
[2023-10-24T13:49:03.836+0000] {logging_mixin.py:151} INFO - [2023-10-24T13:49:03.835+0000] {dagbag.py:536} INFO - Filling up the DagBag from /home/airflow/.local/lib/python3.8/site-packages/airflow/example_dags/example_branch_day_of_week_operator.py
[2023-10-24T13:49:03.841+0000] {processor.py:839} INFO - DAG(s) dict_keys(['example_weekday_branch_operator']) retrieved from /home/airflow/.local/lib/python3.8/site-packages/airflow/example_dags/example_branch_day_of_week_operator.py
[2023-10-24T13:49:03.861+0000] {logging_mixin.py:151} INFO - [2023-10-24T13:49:03.861+0000] {dag.py:2941} INFO - Sync 1 DAGs
[2023-10-24T13:49:03.878+0000] {logging_mixin.py:151} INFO - [2023-10-24T13:49:03.878+0000] {dag.py:3722} INFO - Setting next_dagrun for example_weekday_branch_operator to 2023-10-23T00:00:00+00:00, run_after=2023-10-24T00:00:00+00:00
[2023-10-24T13:49:03.891+0000] {processor.py:179} INFO - Processing /home/airflow/.local/lib/python3.8/site-packages/airflow/example_dags/example_branch_day_of_week_operator.py took 0.061 seconds
[2023-10-24T13:49:34.286+0000] {processor.py:157} INFO - Started process (PID=582) to work on /home/airflow/.local/lib/python3.8/site-packages/airflow/example_dags/example_branch_day_of_week_operator.py
[2023-10-24T13:49:34.287+0000] {processor.py:829} INFO - Processing file /home/airflow/.local/lib/python3.8/site-packages/airflow/example_dags/example_branch_day_of_week_operator.py for tasks to queue
[2023-10-24T13:49:34.289+0000] {logging_mixin.py:151} INFO - [2023-10-24T13:49:34.288+0000] {dagbag.py:536} INFO - Filling up the DagBag from /home/airflow/.local/lib/python3.8/site-packages/airflow/example_dags/example_branch_day_of_week_operator.py
[2023-10-24T13:49:34.294+0000] {processor.py:839} INFO - DAG(s) dict_keys(['example_weekday_branch_operator']) retrieved from /home/airflow/.local/lib/python3.8/site-packages/airflow/example_dags/example_branch_day_of_week_operator.py
[2023-10-24T13:49:34.317+0000] {logging_mixin.py:151} INFO - [2023-10-24T13:49:34.317+0000] {dag.py:2941} INFO - Sync 1 DAGs
[2023-10-24T13:49:34.337+0000] {logging_mixin.py:151} INFO - [2023-10-24T13:49:34.336+0000] {dag.py:3722} INFO - Setting next_dagrun for example_weekday_branch_operator to 2023-10-23T00:00:00+00:00, run_after=2023-10-24T00:00:00+00:00
[2023-10-24T13:49:34.349+0000] {processor.py:179} INFO - Processing /home/airflow/.local/lib/python3.8/site-packages/airflow/example_dags/example_branch_day_of_week_operator.py took 0.066 seconds
[2023-10-24T13:50:05.152+0000] {processor.py:157} INFO - Started process (PID=638) to work on /home/airflow/.local/lib/python3.8/site-packages/airflow/example_dags/example_branch_day_of_week_operator.py
[2023-10-24T13:50:05.153+0000] {processor.py:829} INFO - Processing file /home/airflow/.local/lib/python3.8/site-packages/airflow/example_dags/example_branch_day_of_week_operator.py for tasks to queue
[2023-10-24T13:50:05.156+0000] {logging_mixin.py:151} INFO - [2023-10-24T13:50:05.155+0000] {dagbag.py:536} INFO - Filling up the DagBag from /home/airflow/.local/lib/python3.8/site-packages/airflow/example_dags/example_branch_day_of_week_operator.py
[2023-10-24T13:50:05.168+0000] {processor.py:839} INFO - DAG(s) dict_keys(['example_weekday_branch_operator']) retrieved from /home/airflow/.local/lib/python3.8/site-packages/airflow/example_dags/example_branch_day_of_week_operator.py
[2023-10-24T13:50:05.188+0000] {logging_mixin.py:151} INFO - [2023-10-24T13:50:05.188+0000] {dag.py:2941} INFO - Sync 1 DAGs
[2023-10-24T13:50:05.204+0000] {logging_mixin.py:151} INFO - [2023-10-24T13:50:05.204+0000] {dag.py:3722} INFO - Setting next_dagrun for example_weekday_branch_operator to 2023-10-23T00:00:00+00:00, run_after=2023-10-24T00:00:00+00:00
[2023-10-24T13:50:05.223+0000] {processor.py:179} INFO - Processing /home/airflow/.local/lib/python3.8/site-packages/airflow/example_dags/example_branch_day_of_week_operator.py took 0.081 seconds
[2023-10-24T13:50:35.747+0000] {processor.py:157} INFO - Started process (PID=694) to work on /home/airflow/.local/lib/python3.8/site-packages/airflow/example_dags/example_branch_day_of_week_operator.py
[2023-10-24T13:50:35.748+0000] {processor.py:829} INFO - Processing file /home/airflow/.local/lib/python3.8/site-packages/airflow/example_dags/example_branch_day_of_week_operator.py for tasks to queue
[2023-10-24T13:50:35.750+0000] {logging_mixin.py:151} INFO - [2023-10-24T13:50:35.750+0000] {dagbag.py:536} INFO - Filling up the DagBag from /home/airflow/.local/lib/python3.8/site-packages/airflow/example_dags/example_branch_day_of_week_operator.py
[2023-10-24T13:50:35.761+0000] {processor.py:839} INFO - DAG(s) dict_keys(['example_weekday_branch_operator']) retrieved from /home/airflow/.local/lib/python3.8/site-packages/airflow/example_dags/example_branch_day_of_week_operator.py
[2023-10-24T13:50:35.778+0000] {logging_mixin.py:151} INFO - [2023-10-24T13:50:35.778+0000] {dag.py:2941} INFO - Sync 1 DAGs
[2023-10-24T13:50:35.794+0000] {logging_mixin.py:151} INFO - [2023-10-24T13:50:35.793+0000] {dag.py:3722} INFO - Setting next_dagrun for example_weekday_branch_operator to 2023-10-23T00:00:00+00:00, run_after=2023-10-24T00:00:00+00:00
[2023-10-24T13:50:35.806+0000] {processor.py:179} INFO - Processing /home/airflow/.local/lib/python3.8/site-packages/airflow/example_dags/example_branch_day_of_week_operator.py took 0.062 seconds
[2023-10-24T13:51:06.375+0000] {processor.py:157} INFO - Started process (PID=750) to work on /home/airflow/.local/lib/python3.8/site-packages/airflow/example_dags/example_branch_day_of_week_operator.py
[2023-10-24T13:51:06.376+0000] {processor.py:829} INFO - Processing file /home/airflow/.local/lib/python3.8/site-packages/airflow/example_dags/example_branch_day_of_week_operator.py for tasks to queue
[2023-10-24T13:51:06.378+0000] {logging_mixin.py:151} INFO - [2023-10-24T13:51:06.378+0000] {dagbag.py:536} INFO - Filling up the DagBag from /home/airflow/.local/lib/python3.8/site-packages/airflow/example_dags/example_branch_day_of_week_operator.py
[2023-10-24T13:51:06.383+0000] {processor.py:839} INFO - DAG(s) dict_keys(['example_weekday_branch_operator']) retrieved from /home/airflow/.local/lib/python3.8/site-packages/airflow/example_dags/example_branch_day_of_week_operator.py
[2023-10-24T13:51:06.398+0000] {logging_mixin.py:151} INFO - [2023-10-24T13:51:06.398+0000] {dag.py:2941} INFO - Sync 1 DAGs
[2023-10-24T13:51:06.411+0000] {logging_mixin.py:151} INFO - [2023-10-24T13:51:06.411+0000] {dag.py:3722} INFO - Setting next_dagrun for example_weekday_branch_operator to 2023-10-23T00:00:00+00:00, run_after=2023-10-24T00:00:00+00:00
[2023-10-24T13:51:06.423+0000] {processor.py:179} INFO - Processing /home/airflow/.local/lib/python3.8/site-packages/airflow/example_dags/example_branch_day_of_week_operator.py took 0.050 seconds
[2023-10-24T13:51:36.880+0000] {processor.py:157} INFO - Started process (PID=806) to work on /home/airflow/.local/lib/python3.8/site-packages/airflow/example_dags/example_branch_day_of_week_operator.py
[2023-10-24T13:51:36.881+0000] {processor.py:829} INFO - Processing file /home/airflow/.local/lib/python3.8/site-packages/airflow/example_dags/example_branch_day_of_week_operator.py for tasks to queue
[2023-10-24T13:51:36.883+0000] {logging_mixin.py:151} INFO - [2023-10-24T13:51:36.883+0000] {dagbag.py:536} INFO - Filling up the DagBag from /home/airflow/.local/lib/python3.8/site-packages/airflow/example_dags/example_branch_day_of_week_operator.py
[2023-10-24T13:51:36.890+0000] {processor.py:839} INFO - DAG(s) dict_keys(['example_weekday_branch_operator']) retrieved from /home/airflow/.local/lib/python3.8/site-packages/airflow/example_dags/example_branch_day_of_week_operator.py
[2023-10-24T13:51:36.908+0000] {logging_mixin.py:151} INFO - [2023-10-24T13:51:36.907+0000] {dag.py:2941} INFO - Sync 1 DAGs
[2023-10-24T13:51:36.930+0000] {logging_mixin.py:151} INFO - [2023-10-24T13:51:36.930+0000] {dag.py:3722} INFO - Setting next_dagrun for example_weekday_branch_operator to 2023-10-23T00:00:00+00:00, run_after=2023-10-24T00:00:00+00:00
[2023-10-24T13:51:36.945+0000] {processor.py:179} INFO - Processing /home/airflow/.local/lib/python3.8/site-packages/airflow/example_dags/example_branch_day_of_week_operator.py took 0.068 seconds
[2023-10-24T13:52:07.541+0000] {processor.py:157} INFO - Started process (PID=869) to work on /home/airflow/.local/lib/python3.8/site-packages/airflow/example_dags/example_branch_day_of_week_operator.py
[2023-10-24T13:52:07.543+0000] {processor.py:829} INFO - Processing file /home/airflow/.local/lib/python3.8/site-packages/airflow/example_dags/example_branch_day_of_week_operator.py for tasks to queue
[2023-10-24T13:52:07.545+0000] {logging_mixin.py:151} INFO - [2023-10-24T13:52:07.545+0000] {dagbag.py:536} INFO - Filling up the DagBag from /home/airflow/.local/lib/python3.8/site-packages/airflow/example_dags/example_branch_day_of_week_operator.py
[2023-10-24T13:52:07.552+0000] {processor.py:839} INFO - DAG(s) dict_keys(['example_weekday_branch_operator']) retrieved from /home/airflow/.local/lib/python3.8/site-packages/airflow/example_dags/example_branch_day_of_week_operator.py
[2023-10-24T13:52:07.572+0000] {logging_mixin.py:151} INFO - [2023-10-24T13:52:07.572+0000] {dag.py:2941} INFO - Sync 1 DAGs
[2023-10-24T13:52:07.588+0000] {logging_mixin.py:151} INFO - [2023-10-24T13:52:07.588+0000] {dag.py:3722} INFO - Setting next_dagrun for example_weekday_branch_operator to 2023-10-23T00:00:00+00:00, run_after=2023-10-24T00:00:00+00:00
[2023-10-24T13:52:07.599+0000] {processor.py:179} INFO - Processing /home/airflow/.local/lib/python3.8/site-packages/airflow/example_dags/example_branch_day_of_week_operator.py took 0.062 seconds
[2023-10-24T13:52:38.050+0000] {processor.py:157} INFO - Started process (PID=925) to work on /home/airflow/.local/lib/python3.8/site-packages/airflow/example_dags/example_branch_day_of_week_operator.py
[2023-10-24T13:52:38.051+0000] {processor.py:829} INFO - Processing file /home/airflow/.local/lib/python3.8/site-packages/airflow/example_dags/example_branch_day_of_week_operator.py for tasks to queue
[2023-10-24T13:52:38.053+0000] {logging_mixin.py:151} INFO - [2023-10-24T13:52:38.052+0000] {dagbag.py:536} INFO - Filling up the DagBag from /home/airflow/.local/lib/python3.8/site-packages/airflow/example_dags/example_branch_day_of_week_operator.py
[2023-10-24T13:52:38.058+0000] {processor.py:839} INFO - DAG(s) dict_keys(['example_weekday_branch_operator']) retrieved from /home/airflow/.local/lib/python3.8/site-packages/airflow/example_dags/example_branch_day_of_week_operator.py
[2023-10-24T13:52:38.075+0000] {logging_mixin.py:151} INFO - [2023-10-24T13:52:38.075+0000] {dag.py:2941} INFO - Sync 1 DAGs
[2023-10-24T13:52:38.089+0000] {logging_mixin.py:151} INFO - [2023-10-24T13:52:38.088+0000] {dag.py:3722} INFO - Setting next_dagrun for example_weekday_branch_operator to 2023-10-23T00:00:00+00:00, run_after=2023-10-24T00:00:00+00:00
[2023-10-24T13:52:38.100+0000] {processor.py:179} INFO - Processing /home/airflow/.local/lib/python3.8/site-packages/airflow/example_dags/example_branch_day_of_week_operator.py took 0.053 seconds
[2023-10-24T13:53:08.604+0000] {processor.py:157} INFO - Started process (PID=981) to work on /home/airflow/.local/lib/python3.8/site-packages/airflow/example_dags/example_branch_day_of_week_operator.py
[2023-10-24T13:53:08.605+0000] {processor.py:829} INFO - Processing file /home/airflow/.local/lib/python3.8/site-packages/airflow/example_dags/example_branch_day_of_week_operator.py for tasks to queue
[2023-10-24T13:53:08.607+0000] {logging_mixin.py:151} INFO - [2023-10-24T13:53:08.607+0000] {dagbag.py:536} INFO - Filling up the DagBag from /home/airflow/.local/lib/python3.8/site-packages/airflow/example_dags/example_branch_day_of_week_operator.py
[2023-10-24T13:53:08.613+0000] {processor.py:839} INFO - DAG(s) dict_keys(['example_weekday_branch_operator']) retrieved from /home/airflow/.local/lib/python3.8/site-packages/airflow/example_dags/example_branch_day_of_week_operator.py
[2023-10-24T13:53:08.657+0000] {logging_mixin.py:151} INFO - [2023-10-24T13:53:08.657+0000] {dag.py:2941} INFO - Sync 1 DAGs
[2023-10-24T13:53:08.675+0000] {logging_mixin.py:151} INFO - [2023-10-24T13:53:08.675+0000] {dag.py:3722} INFO - Setting next_dagrun for example_weekday_branch_operator to 2023-10-23T00:00:00+00:00, run_after=2023-10-24T00:00:00+00:00
[2023-10-24T13:53:08.689+0000] {processor.py:179} INFO - Processing /home/airflow/.local/lib/python3.8/site-packages/airflow/example_dags/example_branch_day_of_week_operator.py took 0.087 seconds
[2023-10-24T13:53:40.022+0000] {processor.py:157} INFO - Started process (PID=1037) to work on /home/airflow/.local/lib/python3.8/site-packages/airflow/example_dags/example_branch_day_of_week_operator.py
[2023-10-24T13:53:40.025+0000] {processor.py:829} INFO - Processing file /home/airflow/.local/lib/python3.8/site-packages/airflow/example_dags/example_branch_day_of_week_operator.py for tasks to queue
[2023-10-24T13:53:40.029+0000] {logging_mixin.py:151} INFO - [2023-10-24T13:53:40.029+0000] {dagbag.py:536} INFO - Filling up the DagBag from /home/airflow/.local/lib/python3.8/site-packages/airflow/example_dags/example_branch_day_of_week_operator.py
[2023-10-24T13:53:40.050+0000] {processor.py:839} INFO - DAG(s) dict_keys(['example_weekday_branch_operator']) retrieved from /home/airflow/.local/lib/python3.8/site-packages/airflow/example_dags/example_branch_day_of_week_operator.py
[2023-10-24T13:53:40.093+0000] {logging_mixin.py:151} INFO - [2023-10-24T13:53:40.093+0000] {dag.py:2941} INFO - Sync 1 DAGs
[2023-10-24T13:53:40.130+0000] {logging_mixin.py:151} INFO - [2023-10-24T13:53:40.129+0000] {dag.py:3722} INFO - Setting next_dagrun for example_weekday_branch_operator to 2023-10-23T00:00:00+00:00, run_after=2023-10-24T00:00:00+00:00
[2023-10-24T13:53:40.175+0000] {processor.py:179} INFO - Processing /home/airflow/.local/lib/python3.8/site-packages/airflow/example_dags/example_branch_day_of_week_operator.py took 0.158 seconds
