[2023-10-24T13:44:49.972+0000] {processor.py:157} INFO - Started process (PID=46) to work on /home/airflow/.local/lib/python3.8/site-packages/airflow/example_dags/example_external_task_marker_dag.py
[2023-10-24T13:44:49.974+0000] {processor.py:829} INFO - Processing file /home/airflow/.local/lib/python3.8/site-packages/airflow/example_dags/example_external_task_marker_dag.py for tasks to queue
[2023-10-24T13:44:49.977+0000] {logging_mixin.py:151} INFO - [2023-10-24T13:44:49.977+0000] {dagbag.py:536} INFO - Filling up the DagBag from /home/airflow/.local/lib/python3.8/site-packages/airflow/example_dags/example_external_task_marker_dag.py
[2023-10-24T13:44:49.992+0000] {processor.py:839} INFO - DAG(s) dict_keys(['example_external_task_marker_parent', 'example_external_task_marker_child']) retrieved from /home/airflow/.local/lib/python3.8/site-packages/airflow/example_dags/example_external_task_marker_dag.py
[2023-10-24T13:44:50.026+0000] {logging_mixin.py:151} INFO - [2023-10-24T13:44:50.026+0000] {dag.py:2941} INFO - Sync 2 DAGs
[2023-10-24T13:44:50.052+0000] {logging_mixin.py:151} INFO - [2023-10-24T13:44:50.052+0000] {dag.py:3722} INFO - Setting next_dagrun for example_external_task_marker_child to None, run_after=None
[2023-10-24T13:44:50.058+0000] {logging_mixin.py:151} INFO - [2023-10-24T13:44:50.057+0000] {dag.py:3722} INFO - Setting next_dagrun for example_external_task_marker_parent to None, run_after=None
[2023-10-24T13:44:50.105+0000] {processor.py:179} INFO - Processing /home/airflow/.local/lib/python3.8/site-packages/airflow/example_dags/example_external_task_marker_dag.py took 0.139 seconds
[2023-10-24T13:45:20.767+0000] {processor.py:157} INFO - Started process (PID=101) to work on /home/airflow/.local/lib/python3.8/site-packages/airflow/example_dags/example_external_task_marker_dag.py
[2023-10-24T13:45:20.769+0000] {processor.py:829} INFO - Processing file /home/airflow/.local/lib/python3.8/site-packages/airflow/example_dags/example_external_task_marker_dag.py for tasks to queue
[2023-10-24T13:45:20.772+0000] {logging_mixin.py:151} INFO - [2023-10-24T13:45:20.771+0000] {dagbag.py:536} INFO - Filling up the DagBag from /home/airflow/.local/lib/python3.8/site-packages/airflow/example_dags/example_external_task_marker_dag.py
[2023-10-24T13:45:20.779+0000] {processor.py:839} INFO - DAG(s) dict_keys(['example_external_task_marker_child', 'example_external_task_marker_parent']) retrieved from /home/airflow/.local/lib/python3.8/site-packages/airflow/example_dags/example_external_task_marker_dag.py
[2023-10-24T13:45:20.809+0000] {logging_mixin.py:151} INFO - [2023-10-24T13:45:20.809+0000] {dag.py:2941} INFO - Sync 2 DAGs
[2023-10-24T13:45:20.819+0000] {logging_mixin.py:151} INFO - [2023-10-24T13:45:20.819+0000] {dag.py:3722} INFO - Setting next_dagrun for example_external_task_marker_child to None, run_after=None
[2023-10-24T13:45:20.822+0000] {logging_mixin.py:151} INFO - [2023-10-24T13:45:20.822+0000] {dag.py:3722} INFO - Setting next_dagrun for example_external_task_marker_parent to None, run_after=None
[2023-10-24T13:45:20.834+0000] {processor.py:179} INFO - Processing /home/airflow/.local/lib/python3.8/site-packages/airflow/example_dags/example_external_task_marker_dag.py took 0.071 seconds
[2023-10-24T13:45:51.182+0000] {processor.py:157} INFO - Started process (PID=157) to work on /home/airflow/.local/lib/python3.8/site-packages/airflow/example_dags/example_external_task_marker_dag.py
[2023-10-24T13:45:51.184+0000] {processor.py:829} INFO - Processing file /home/airflow/.local/lib/python3.8/site-packages/airflow/example_dags/example_external_task_marker_dag.py for tasks to queue
[2023-10-24T13:45:51.186+0000] {logging_mixin.py:151} INFO - [2023-10-24T13:45:51.186+0000] {dagbag.py:536} INFO - Filling up the DagBag from /home/airflow/.local/lib/python3.8/site-packages/airflow/example_dags/example_external_task_marker_dag.py
[2023-10-24T13:45:51.194+0000] {processor.py:839} INFO - DAG(s) dict_keys(['example_external_task_marker_parent', 'example_external_task_marker_child']) retrieved from /home/airflow/.local/lib/python3.8/site-packages/airflow/example_dags/example_external_task_marker_dag.py
[2023-10-24T13:45:51.233+0000] {logging_mixin.py:151} INFO - [2023-10-24T13:45:51.233+0000] {dag.py:2941} INFO - Sync 2 DAGs
[2023-10-24T13:45:51.243+0000] {logging_mixin.py:151} INFO - [2023-10-24T13:45:51.242+0000] {dag.py:3722} INFO - Setting next_dagrun for example_external_task_marker_child to None, run_after=None
[2023-10-24T13:45:51.245+0000] {logging_mixin.py:151} INFO - [2023-10-24T13:45:51.245+0000] {dag.py:3722} INFO - Setting next_dagrun for example_external_task_marker_parent to None, run_after=None
[2023-10-24T13:45:51.256+0000] {processor.py:179} INFO - Processing /home/airflow/.local/lib/python3.8/site-packages/airflow/example_dags/example_external_task_marker_dag.py took 0.077 seconds
[2023-10-24T13:46:21.779+0000] {processor.py:157} INFO - Started process (PID=213) to work on /home/airflow/.local/lib/python3.8/site-packages/airflow/example_dags/example_external_task_marker_dag.py
[2023-10-24T13:46:21.781+0000] {processor.py:829} INFO - Processing file /home/airflow/.local/lib/python3.8/site-packages/airflow/example_dags/example_external_task_marker_dag.py for tasks to queue
[2023-10-24T13:46:21.785+0000] {logging_mixin.py:151} INFO - [2023-10-24T13:46:21.784+0000] {dagbag.py:536} INFO - Filling up the DagBag from /home/airflow/.local/lib/python3.8/site-packages/airflow/example_dags/example_external_task_marker_dag.py
[2023-10-24T13:46:21.794+0000] {processor.py:839} INFO - DAG(s) dict_keys(['example_external_task_marker_child', 'example_external_task_marker_parent']) retrieved from /home/airflow/.local/lib/python3.8/site-packages/airflow/example_dags/example_external_task_marker_dag.py
[2023-10-24T13:46:21.821+0000] {logging_mixin.py:151} INFO - [2023-10-24T13:46:21.821+0000] {dag.py:2941} INFO - Sync 2 DAGs
[2023-10-24T13:46:21.834+0000] {logging_mixin.py:151} INFO - [2023-10-24T13:46:21.834+0000] {dag.py:3722} INFO - Setting next_dagrun for example_external_task_marker_child to None, run_after=None
[2023-10-24T13:46:21.837+0000] {logging_mixin.py:151} INFO - [2023-10-24T13:46:21.836+0000] {dag.py:3722} INFO - Setting next_dagrun for example_external_task_marker_parent to None, run_after=None
[2023-10-24T13:46:21.849+0000] {processor.py:179} INFO - Processing /home/airflow/.local/lib/python3.8/site-packages/airflow/example_dags/example_external_task_marker_dag.py took 0.075 seconds
[2023-10-24T13:46:52.399+0000] {processor.py:157} INFO - Started process (PID=269) to work on /home/airflow/.local/lib/python3.8/site-packages/airflow/example_dags/example_external_task_marker_dag.py
[2023-10-24T13:46:52.400+0000] {processor.py:829} INFO - Processing file /home/airflow/.local/lib/python3.8/site-packages/airflow/example_dags/example_external_task_marker_dag.py for tasks to queue
[2023-10-24T13:46:52.403+0000] {logging_mixin.py:151} INFO - [2023-10-24T13:46:52.403+0000] {dagbag.py:536} INFO - Filling up the DagBag from /home/airflow/.local/lib/python3.8/site-packages/airflow/example_dags/example_external_task_marker_dag.py
[2023-10-24T13:46:52.409+0000] {processor.py:839} INFO - DAG(s) dict_keys(['example_external_task_marker_parent', 'example_external_task_marker_child']) retrieved from /home/airflow/.local/lib/python3.8/site-packages/airflow/example_dags/example_external_task_marker_dag.py
[2023-10-24T13:46:52.443+0000] {logging_mixin.py:151} INFO - [2023-10-24T13:46:52.443+0000] {dag.py:2941} INFO - Sync 2 DAGs
[2023-10-24T13:46:52.452+0000] {logging_mixin.py:151} INFO - [2023-10-24T13:46:52.452+0000] {dag.py:3722} INFO - Setting next_dagrun for example_external_task_marker_child to None, run_after=None
[2023-10-24T13:46:52.454+0000] {logging_mixin.py:151} INFO - [2023-10-24T13:46:52.454+0000] {dag.py:3722} INFO - Setting next_dagrun for example_external_task_marker_parent to None, run_after=None
[2023-10-24T13:46:52.464+0000] {processor.py:179} INFO - Processing /home/airflow/.local/lib/python3.8/site-packages/airflow/example_dags/example_external_task_marker_dag.py took 0.070 seconds
[2023-10-24T13:47:22.711+0000] {processor.py:157} INFO - Started process (PID=325) to work on /home/airflow/.local/lib/python3.8/site-packages/airflow/example_dags/example_external_task_marker_dag.py
[2023-10-24T13:47:22.712+0000] {processor.py:829} INFO - Processing file /home/airflow/.local/lib/python3.8/site-packages/airflow/example_dags/example_external_task_marker_dag.py for tasks to queue
[2023-10-24T13:47:22.714+0000] {logging_mixin.py:151} INFO - [2023-10-24T13:47:22.714+0000] {dagbag.py:536} INFO - Filling up the DagBag from /home/airflow/.local/lib/python3.8/site-packages/airflow/example_dags/example_external_task_marker_dag.py
[2023-10-24T13:47:22.720+0000] {processor.py:839} INFO - DAG(s) dict_keys(['example_external_task_marker_parent', 'example_external_task_marker_child']) retrieved from /home/airflow/.local/lib/python3.8/site-packages/airflow/example_dags/example_external_task_marker_dag.py
[2023-10-24T13:47:22.740+0000] {logging_mixin.py:151} INFO - [2023-10-24T13:47:22.740+0000] {dag.py:2941} INFO - Sync 2 DAGs
[2023-10-24T13:47:22.749+0000] {logging_mixin.py:151} INFO - [2023-10-24T13:47:22.748+0000] {dag.py:3722} INFO - Setting next_dagrun for example_external_task_marker_child to None, run_after=None
[2023-10-24T13:47:22.751+0000] {logging_mixin.py:151} INFO - [2023-10-24T13:47:22.751+0000] {dag.py:3722} INFO - Setting next_dagrun for example_external_task_marker_parent to None, run_after=None
[2023-10-24T13:47:22.760+0000] {processor.py:179} INFO - Processing /home/airflow/.local/lib/python3.8/site-packages/airflow/example_dags/example_external_task_marker_dag.py took 0.053 seconds
[2023-10-24T13:47:52.901+0000] {processor.py:157} INFO - Started process (PID=381) to work on /home/airflow/.local/lib/python3.8/site-packages/airflow/example_dags/example_external_task_marker_dag.py
[2023-10-24T13:47:52.902+0000] {processor.py:829} INFO - Processing file /home/airflow/.local/lib/python3.8/site-packages/airflow/example_dags/example_external_task_marker_dag.py for tasks to queue
[2023-10-24T13:47:52.904+0000] {logging_mixin.py:151} INFO - [2023-10-24T13:47:52.904+0000] {dagbag.py:536} INFO - Filling up the DagBag from /home/airflow/.local/lib/python3.8/site-packages/airflow/example_dags/example_external_task_marker_dag.py
[2023-10-24T13:47:52.909+0000] {processor.py:839} INFO - DAG(s) dict_keys(['example_external_task_marker_parent', 'example_external_task_marker_child']) retrieved from /home/airflow/.local/lib/python3.8/site-packages/airflow/example_dags/example_external_task_marker_dag.py
[2023-10-24T13:47:52.930+0000] {logging_mixin.py:151} INFO - [2023-10-24T13:47:52.930+0000] {dag.py:2941} INFO - Sync 2 DAGs
[2023-10-24T13:47:52.940+0000] {logging_mixin.py:151} INFO - [2023-10-24T13:47:52.940+0000] {dag.py:3722} INFO - Setting next_dagrun for example_external_task_marker_child to None, run_after=None
[2023-10-24T13:47:52.942+0000] {logging_mixin.py:151} INFO - [2023-10-24T13:47:52.942+0000] {dag.py:3722} INFO - Setting next_dagrun for example_external_task_marker_parent to None, run_after=None
[2023-10-24T13:47:52.952+0000] {processor.py:179} INFO - Processing /home/airflow/.local/lib/python3.8/site-packages/airflow/example_dags/example_external_task_marker_dag.py took 0.054 seconds
[2023-10-24T13:48:23.876+0000] {processor.py:157} INFO - Started process (PID=437) to work on /home/airflow/.local/lib/python3.8/site-packages/airflow/example_dags/example_external_task_marker_dag.py
[2023-10-24T13:48:23.877+0000] {processor.py:829} INFO - Processing file /home/airflow/.local/lib/python3.8/site-packages/airflow/example_dags/example_external_task_marker_dag.py for tasks to queue
[2023-10-24T13:48:23.881+0000] {logging_mixin.py:151} INFO - [2023-10-24T13:48:23.881+0000] {dagbag.py:536} INFO - Filling up the DagBag from /home/airflow/.local/lib/python3.8/site-packages/airflow/example_dags/example_external_task_marker_dag.py
[2023-10-24T13:48:23.887+0000] {processor.py:839} INFO - DAG(s) dict_keys(['example_external_task_marker_child', 'example_external_task_marker_parent']) retrieved from /home/airflow/.local/lib/python3.8/site-packages/airflow/example_dags/example_external_task_marker_dag.py
[2023-10-24T13:48:24.112+0000] {logging_mixin.py:151} INFO - [2023-10-24T13:48:24.112+0000] {dag.py:2941} INFO - Sync 2 DAGs
[2023-10-24T13:48:24.119+0000] {logging_mixin.py:151} INFO - [2023-10-24T13:48:24.118+0000] {dag.py:3722} INFO - Setting next_dagrun for example_external_task_marker_child to None, run_after=None
[2023-10-24T13:48:24.121+0000] {logging_mixin.py:151} INFO - [2023-10-24T13:48:24.121+0000] {dag.py:3722} INFO - Setting next_dagrun for example_external_task_marker_parent to None, run_after=None
[2023-10-24T13:48:24.130+0000] {processor.py:179} INFO - Processing /home/airflow/.local/lib/python3.8/site-packages/airflow/example_dags/example_external_task_marker_dag.py took 0.258 seconds
[2023-10-24T13:48:55.982+0000] {processor.py:157} INFO - Started process (PID=493) to work on /home/airflow/.local/lib/python3.8/site-packages/airflow/example_dags/example_external_task_marker_dag.py
[2023-10-24T13:48:55.983+0000] {processor.py:829} INFO - Processing file /home/airflow/.local/lib/python3.8/site-packages/airflow/example_dags/example_external_task_marker_dag.py for tasks to queue
[2023-10-24T13:48:55.987+0000] {logging_mixin.py:151} INFO - [2023-10-24T13:48:55.987+0000] {dagbag.py:536} INFO - Filling up the DagBag from /home/airflow/.local/lib/python3.8/site-packages/airflow/example_dags/example_external_task_marker_dag.py
[2023-10-24T13:48:55.996+0000] {processor.py:839} INFO - DAG(s) dict_keys(['example_external_task_marker_child', 'example_external_task_marker_parent']) retrieved from /home/airflow/.local/lib/python3.8/site-packages/airflow/example_dags/example_external_task_marker_dag.py
[2023-10-24T13:48:56.031+0000] {logging_mixin.py:151} INFO - [2023-10-24T13:48:56.030+0000] {dag.py:2941} INFO - Sync 2 DAGs
[2023-10-24T13:48:56.449+0000] {logging_mixin.py:151} INFO - [2023-10-24T13:48:56.448+0000] {dag.py:3722} INFO - Setting next_dagrun for example_external_task_marker_child to None, run_after=None
[2023-10-24T13:48:56.454+0000] {logging_mixin.py:151} INFO - [2023-10-24T13:48:56.454+0000] {dag.py:3722} INFO - Setting next_dagrun for example_external_task_marker_parent to None, run_after=None
[2023-10-24T13:48:56.472+0000] {processor.py:179} INFO - Processing /home/airflow/.local/lib/python3.8/site-packages/airflow/example_dags/example_external_task_marker_dag.py took 0.494 seconds
[2023-10-24T13:49:26.722+0000] {processor.py:157} INFO - Started process (PID=549) to work on /home/airflow/.local/lib/python3.8/site-packages/airflow/example_dags/example_external_task_marker_dag.py
[2023-10-24T13:49:26.723+0000] {processor.py:829} INFO - Processing file /home/airflow/.local/lib/python3.8/site-packages/airflow/example_dags/example_external_task_marker_dag.py for tasks to queue
[2023-10-24T13:49:26.725+0000] {logging_mixin.py:151} INFO - [2023-10-24T13:49:26.725+0000] {dagbag.py:536} INFO - Filling up the DagBag from /home/airflow/.local/lib/python3.8/site-packages/airflow/example_dags/example_external_task_marker_dag.py
[2023-10-24T13:49:26.730+0000] {processor.py:839} INFO - DAG(s) dict_keys(['example_external_task_marker_child', 'example_external_task_marker_parent']) retrieved from /home/airflow/.local/lib/python3.8/site-packages/airflow/example_dags/example_external_task_marker_dag.py
[2023-10-24T13:49:26.748+0000] {logging_mixin.py:151} INFO - [2023-10-24T13:49:26.748+0000] {dag.py:2941} INFO - Sync 2 DAGs
[2023-10-24T13:49:26.757+0000] {logging_mixin.py:151} INFO - [2023-10-24T13:49:26.757+0000] {dag.py:3722} INFO - Setting next_dagrun for example_external_task_marker_child to None, run_after=None
[2023-10-24T13:49:26.759+0000] {logging_mixin.py:151} INFO - [2023-10-24T13:49:26.759+0000] {dag.py:3722} INFO - Setting next_dagrun for example_external_task_marker_parent to None, run_after=None
[2023-10-24T13:49:26.769+0000] {processor.py:179} INFO - Processing /home/airflow/.local/lib/python3.8/site-packages/airflow/example_dags/example_external_task_marker_dag.py took 0.049 seconds
[2023-10-24T13:49:57.054+0000] {processor.py:157} INFO - Started process (PID=605) to work on /home/airflow/.local/lib/python3.8/site-packages/airflow/example_dags/example_external_task_marker_dag.py
[2023-10-24T13:49:57.055+0000] {processor.py:829} INFO - Processing file /home/airflow/.local/lib/python3.8/site-packages/airflow/example_dags/example_external_task_marker_dag.py for tasks to queue
[2023-10-24T13:49:57.057+0000] {logging_mixin.py:151} INFO - [2023-10-24T13:49:57.056+0000] {dagbag.py:536} INFO - Filling up the DagBag from /home/airflow/.local/lib/python3.8/site-packages/airflow/example_dags/example_external_task_marker_dag.py
[2023-10-24T13:49:57.061+0000] {processor.py:839} INFO - DAG(s) dict_keys(['example_external_task_marker_child', 'example_external_task_marker_parent']) retrieved from /home/airflow/.local/lib/python3.8/site-packages/airflow/example_dags/example_external_task_marker_dag.py
[2023-10-24T13:49:57.078+0000] {logging_mixin.py:151} INFO - [2023-10-24T13:49:57.078+0000] {dag.py:2941} INFO - Sync 2 DAGs
[2023-10-24T13:49:57.086+0000] {logging_mixin.py:151} INFO - [2023-10-24T13:49:57.086+0000] {dag.py:3722} INFO - Setting next_dagrun for example_external_task_marker_child to None, run_after=None
[2023-10-24T13:49:57.089+0000] {logging_mixin.py:151} INFO - [2023-10-24T13:49:57.089+0000] {dag.py:3722} INFO - Setting next_dagrun for example_external_task_marker_parent to None, run_after=None
[2023-10-24T13:49:57.099+0000] {processor.py:179} INFO - Processing /home/airflow/.local/lib/python3.8/site-packages/airflow/example_dags/example_external_task_marker_dag.py took 0.048 seconds
[2023-10-24T13:50:28.123+0000] {processor.py:157} INFO - Started process (PID=661) to work on /home/airflow/.local/lib/python3.8/site-packages/airflow/example_dags/example_external_task_marker_dag.py
[2023-10-24T13:50:28.124+0000] {processor.py:829} INFO - Processing file /home/airflow/.local/lib/python3.8/site-packages/airflow/example_dags/example_external_task_marker_dag.py for tasks to queue
[2023-10-24T13:50:28.126+0000] {logging_mixin.py:151} INFO - [2023-10-24T13:50:28.125+0000] {dagbag.py:536} INFO - Filling up the DagBag from /home/airflow/.local/lib/python3.8/site-packages/airflow/example_dags/example_external_task_marker_dag.py
[2023-10-24T13:50:28.133+0000] {processor.py:839} INFO - DAG(s) dict_keys(['example_external_task_marker_child', 'example_external_task_marker_parent']) retrieved from /home/airflow/.local/lib/python3.8/site-packages/airflow/example_dags/example_external_task_marker_dag.py
[2023-10-24T13:50:28.160+0000] {logging_mixin.py:151} INFO - [2023-10-24T13:50:28.160+0000] {dag.py:2941} INFO - Sync 2 DAGs
[2023-10-24T13:50:28.169+0000] {logging_mixin.py:151} INFO - [2023-10-24T13:50:28.169+0000] {dag.py:3722} INFO - Setting next_dagrun for example_external_task_marker_child to None, run_after=None
[2023-10-24T13:50:28.172+0000] {logging_mixin.py:151} INFO - [2023-10-24T13:50:28.171+0000] {dag.py:3722} INFO - Setting next_dagrun for example_external_task_marker_parent to None, run_after=None
[2023-10-24T13:50:28.183+0000] {processor.py:179} INFO - Processing /home/airflow/.local/lib/python3.8/site-packages/airflow/example_dags/example_external_task_marker_dag.py took 0.063 seconds
[2023-10-24T13:50:58.667+0000] {processor.py:157} INFO - Started process (PID=717) to work on /home/airflow/.local/lib/python3.8/site-packages/airflow/example_dags/example_external_task_marker_dag.py
[2023-10-24T13:50:58.668+0000] {processor.py:829} INFO - Processing file /home/airflow/.local/lib/python3.8/site-packages/airflow/example_dags/example_external_task_marker_dag.py for tasks to queue
[2023-10-24T13:50:58.670+0000] {logging_mixin.py:151} INFO - [2023-10-24T13:50:58.670+0000] {dagbag.py:536} INFO - Filling up the DagBag from /home/airflow/.local/lib/python3.8/site-packages/airflow/example_dags/example_external_task_marker_dag.py
[2023-10-24T13:50:58.674+0000] {processor.py:839} INFO - DAG(s) dict_keys(['example_external_task_marker_child', 'example_external_task_marker_parent']) retrieved from /home/airflow/.local/lib/python3.8/site-packages/airflow/example_dags/example_external_task_marker_dag.py
[2023-10-24T13:50:58.693+0000] {logging_mixin.py:151} INFO - [2023-10-24T13:50:58.692+0000] {dag.py:2941} INFO - Sync 2 DAGs
[2023-10-24T13:50:58.701+0000] {logging_mixin.py:151} INFO - [2023-10-24T13:50:58.701+0000] {dag.py:3722} INFO - Setting next_dagrun for example_external_task_marker_child to None, run_after=None
[2023-10-24T13:50:58.703+0000] {logging_mixin.py:151} INFO - [2023-10-24T13:50:58.703+0000] {dag.py:3722} INFO - Setting next_dagrun for example_external_task_marker_parent to None, run_after=None
[2023-10-24T13:50:58.712+0000] {processor.py:179} INFO - Processing /home/airflow/.local/lib/python3.8/site-packages/airflow/example_dags/example_external_task_marker_dag.py took 0.048 seconds
[2023-10-24T13:51:29.287+0000] {processor.py:157} INFO - Started process (PID=773) to work on /home/airflow/.local/lib/python3.8/site-packages/airflow/example_dags/example_external_task_marker_dag.py
[2023-10-24T13:51:29.288+0000] {processor.py:829} INFO - Processing file /home/airflow/.local/lib/python3.8/site-packages/airflow/example_dags/example_external_task_marker_dag.py for tasks to queue
[2023-10-24T13:51:29.290+0000] {logging_mixin.py:151} INFO - [2023-10-24T13:51:29.289+0000] {dagbag.py:536} INFO - Filling up the DagBag from /home/airflow/.local/lib/python3.8/site-packages/airflow/example_dags/example_external_task_marker_dag.py
[2023-10-24T13:51:29.294+0000] {processor.py:839} INFO - DAG(s) dict_keys(['example_external_task_marker_parent', 'example_external_task_marker_child']) retrieved from /home/airflow/.local/lib/python3.8/site-packages/airflow/example_dags/example_external_task_marker_dag.py
[2023-10-24T13:51:29.314+0000] {logging_mixin.py:151} INFO - [2023-10-24T13:51:29.314+0000] {dag.py:2941} INFO - Sync 2 DAGs
[2023-10-24T13:51:29.324+0000] {logging_mixin.py:151} INFO - [2023-10-24T13:51:29.324+0000] {dag.py:3722} INFO - Setting next_dagrun for example_external_task_marker_child to None, run_after=None
[2023-10-24T13:51:29.327+0000] {logging_mixin.py:151} INFO - [2023-10-24T13:51:29.326+0000] {dag.py:3722} INFO - Setting next_dagrun for example_external_task_marker_parent to None, run_after=None
[2023-10-24T13:51:29.336+0000] {processor.py:179} INFO - Processing /home/airflow/.local/lib/python3.8/site-packages/airflow/example_dags/example_external_task_marker_dag.py took 0.052 seconds
[2023-10-24T13:51:59.963+0000] {processor.py:157} INFO - Started process (PID=829) to work on /home/airflow/.local/lib/python3.8/site-packages/airflow/example_dags/example_external_task_marker_dag.py
[2023-10-24T13:51:59.964+0000] {processor.py:829} INFO - Processing file /home/airflow/.local/lib/python3.8/site-packages/airflow/example_dags/example_external_task_marker_dag.py for tasks to queue
[2023-10-24T13:51:59.967+0000] {logging_mixin.py:151} INFO - [2023-10-24T13:51:59.966+0000] {dagbag.py:536} INFO - Filling up the DagBag from /home/airflow/.local/lib/python3.8/site-packages/airflow/example_dags/example_external_task_marker_dag.py
[2023-10-24T13:51:59.972+0000] {processor.py:839} INFO - DAG(s) dict_keys(['example_external_task_marker_child', 'example_external_task_marker_parent']) retrieved from /home/airflow/.local/lib/python3.8/site-packages/airflow/example_dags/example_external_task_marker_dag.py
[2023-10-24T13:51:59.994+0000] {logging_mixin.py:151} INFO - [2023-10-24T13:51:59.994+0000] {dag.py:2941} INFO - Sync 2 DAGs
[2023-10-24T13:52:00.011+0000] {logging_mixin.py:151} INFO - [2023-10-24T13:52:00.011+0000] {dag.py:3722} INFO - Setting next_dagrun for example_external_task_marker_child to None, run_after=None
[2023-10-24T13:52:00.013+0000] {logging_mixin.py:151} INFO - [2023-10-24T13:52:00.013+0000] {dag.py:3722} INFO - Setting next_dagrun for example_external_task_marker_parent to None, run_after=None
[2023-10-24T13:52:00.026+0000] {processor.py:179} INFO - Processing /home/airflow/.local/lib/python3.8/site-packages/airflow/example_dags/example_external_task_marker_dag.py took 0.066 seconds
[2023-10-24T13:52:30.441+0000] {processor.py:157} INFO - Started process (PID=885) to work on /home/airflow/.local/lib/python3.8/site-packages/airflow/example_dags/example_external_task_marker_dag.py
[2023-10-24T13:52:30.443+0000] {processor.py:829} INFO - Processing file /home/airflow/.local/lib/python3.8/site-packages/airflow/example_dags/example_external_task_marker_dag.py for tasks to queue
[2023-10-24T13:52:30.445+0000] {logging_mixin.py:151} INFO - [2023-10-24T13:52:30.445+0000] {dagbag.py:536} INFO - Filling up the DagBag from /home/airflow/.local/lib/python3.8/site-packages/airflow/example_dags/example_external_task_marker_dag.py
[2023-10-24T13:52:30.451+0000] {processor.py:839} INFO - DAG(s) dict_keys(['example_external_task_marker_parent', 'example_external_task_marker_child']) retrieved from /home/airflow/.local/lib/python3.8/site-packages/airflow/example_dags/example_external_task_marker_dag.py
[2023-10-24T13:52:30.475+0000] {logging_mixin.py:151} INFO - [2023-10-24T13:52:30.475+0000] {dag.py:2941} INFO - Sync 2 DAGs
[2023-10-24T13:52:30.484+0000] {logging_mixin.py:151} INFO - [2023-10-24T13:52:30.483+0000] {dag.py:3722} INFO - Setting next_dagrun for example_external_task_marker_child to None, run_after=None
[2023-10-24T13:52:30.486+0000] {logging_mixin.py:151} INFO - [2023-10-24T13:52:30.486+0000] {dag.py:3722} INFO - Setting next_dagrun for example_external_task_marker_parent to None, run_after=None
[2023-10-24T13:52:30.496+0000] {processor.py:179} INFO - Processing /home/airflow/.local/lib/python3.8/site-packages/airflow/example_dags/example_external_task_marker_dag.py took 0.059 seconds
[2023-10-24T13:53:01.000+0000] {processor.py:157} INFO - Started process (PID=941) to work on /home/airflow/.local/lib/python3.8/site-packages/airflow/example_dags/example_external_task_marker_dag.py
[2023-10-24T13:53:01.001+0000] {processor.py:829} INFO - Processing file /home/airflow/.local/lib/python3.8/site-packages/airflow/example_dags/example_external_task_marker_dag.py for tasks to queue
[2023-10-24T13:53:01.003+0000] {logging_mixin.py:151} INFO - [2023-10-24T13:53:01.003+0000] {dagbag.py:536} INFO - Filling up the DagBag from /home/airflow/.local/lib/python3.8/site-packages/airflow/example_dags/example_external_task_marker_dag.py
[2023-10-24T13:53:01.008+0000] {processor.py:839} INFO - DAG(s) dict_keys(['example_external_task_marker_parent', 'example_external_task_marker_child']) retrieved from /home/airflow/.local/lib/python3.8/site-packages/airflow/example_dags/example_external_task_marker_dag.py
[2023-10-24T13:53:01.024+0000] {logging_mixin.py:151} INFO - [2023-10-24T13:53:01.024+0000] {dag.py:2941} INFO - Sync 2 DAGs
[2023-10-24T13:53:01.032+0000] {logging_mixin.py:151} INFO - [2023-10-24T13:53:01.032+0000] {dag.py:3722} INFO - Setting next_dagrun for example_external_task_marker_child to None, run_after=None
[2023-10-24T13:53:01.034+0000] {logging_mixin.py:151} INFO - [2023-10-24T13:53:01.034+0000] {dag.py:3722} INFO - Setting next_dagrun for example_external_task_marker_parent to None, run_after=None
[2023-10-24T13:53:01.044+0000] {processor.py:179} INFO - Processing /home/airflow/.local/lib/python3.8/site-packages/airflow/example_dags/example_external_task_marker_dag.py took 0.047 seconds
[2023-10-24T13:53:31.927+0000] {processor.py:157} INFO - Started process (PID=997) to work on /home/airflow/.local/lib/python3.8/site-packages/airflow/example_dags/example_external_task_marker_dag.py
[2023-10-24T13:53:31.931+0000] {processor.py:829} INFO - Processing file /home/airflow/.local/lib/python3.8/site-packages/airflow/example_dags/example_external_task_marker_dag.py for tasks to queue
[2023-10-24T13:53:31.939+0000] {logging_mixin.py:151} INFO - [2023-10-24T13:53:31.939+0000] {dagbag.py:536} INFO - Filling up the DagBag from /home/airflow/.local/lib/python3.8/site-packages/airflow/example_dags/example_external_task_marker_dag.py
[2023-10-24T13:53:31.955+0000] {processor.py:839} INFO - DAG(s) dict_keys(['example_external_task_marker_child', 'example_external_task_marker_parent']) retrieved from /home/airflow/.local/lib/python3.8/site-packages/airflow/example_dags/example_external_task_marker_dag.py
[2023-10-24T13:53:32.001+0000] {logging_mixin.py:151} INFO - [2023-10-24T13:53:32.001+0000] {dag.py:2941} INFO - Sync 2 DAGs
[2023-10-24T13:53:32.020+0000] {logging_mixin.py:151} INFO - [2023-10-24T13:53:32.020+0000] {dag.py:3722} INFO - Setting next_dagrun for example_external_task_marker_child to None, run_after=None
[2023-10-24T13:53:32.024+0000] {logging_mixin.py:151} INFO - [2023-10-24T13:53:32.024+0000] {dag.py:3722} INFO - Setting next_dagrun for example_external_task_marker_parent to None, run_after=None
[2023-10-24T13:53:32.067+0000] {processor.py:179} INFO - Processing /home/airflow/.local/lib/python3.8/site-packages/airflow/example_dags/example_external_task_marker_dag.py took 0.148 seconds
