[2023-10-19T11:16:16.928+0000] {taskinstance.py:1159} INFO - Dependencies all met for dep_context=non-requeueable deps ti=<TaskInstance: postgres_db_dag.fetch_changed_movies_ids manual__2023-10-19T11:16:14.083456+00:00 [queued]>
[2023-10-19T11:16:16.933+0000] {taskinstance.py:1159} INFO - Dependencies all met for dep_context=requeueable deps ti=<TaskInstance: postgres_db_dag.fetch_changed_movies_ids manual__2023-10-19T11:16:14.083456+00:00 [queued]>
[2023-10-19T11:16:16.933+0000] {taskinstance.py:1361} INFO - Starting attempt 1 of 1
[2023-10-19T11:16:16.943+0000] {taskinstance.py:1382} INFO - Executing <Task(PythonOperator): fetch_changed_movies_ids> on 2023-10-19 11:16:14.083456+00:00
[2023-10-19T11:16:16.949+0000] {standard_task_runner.py:57} INFO - Started process 196 to run task
[2023-10-19T11:16:16.954+0000] {standard_task_runner.py:84} INFO - Running: ['***', 'tasks', 'run', 'postgres_db_dag', 'fetch_changed_movies_ids', 'manual__2023-10-19T11:16:14.083456+00:00', '--job-id', '14', '--raw', '--subdir', 'DAGS_FOLDER/test_movie_etl.py', '--cfg-path', '/tmp/tmpnusx0c5x']
[2023-10-19T11:16:16.958+0000] {standard_task_runner.py:85} INFO - Job 14: Subtask fetch_changed_movies_ids
[2023-10-19T11:16:17.033+0000] {task_command.py:416} INFO - Running <TaskInstance: postgres_db_dag.fetch_changed_movies_ids manual__2023-10-19T11:16:14.083456+00:00 [running]> on host 4b99fd46be77
[2023-10-19T11:16:17.158+0000] {taskinstance.py:1662} INFO - Exporting env vars: AIRFLOW_CTX_DAG_OWNER='***' AIRFLOW_CTX_DAG_ID='postgres_db_dag' AIRFLOW_CTX_TASK_ID='fetch_changed_movies_ids' AIRFLOW_CTX_EXECUTION_DATE='2023-10-19T11:16:14.083456+00:00' AIRFLOW_CTX_TRY_NUMBER='1' AIRFLOW_CTX_DAG_RUN_ID='manual__2023-10-19T11:16:14.083456+00:00'
[2023-10-19T11:16:17.173+0000] {base.py:73} INFO - Using connection ID 'postgres_db' for task execution.
[2023-10-19T11:16:17.245+0000] {taskinstance.py:1937} ERROR - Task failed with exception
Traceback (most recent call last):
  File "/home/airflow/.local/lib/python3.8/site-packages/airflow/operators/python.py", line 192, in execute
    return_value = self.execute_callable()
  File "/home/airflow/.local/lib/python3.8/site-packages/airflow/operators/python.py", line 209, in execute_callable
    return self.python_callable(*self.op_args, **self.op_kwargs)
  File "/opt/airflow/dags/test_movie_etl.py", line 35, in fetch_changed_movies_ids
    cursor.execute(sql, (last_updated,))
  File "/home/airflow/.local/lib/python3.8/site-packages/psycopg2/extras.py", line 146, in execute
    return super().execute(query, vars)
psycopg2.errors.UndefinedTable: relation "content.movies_movie" does not exist
LINE 2: ...ELECT m.id as id, m.updated_at as updated_at FROM content.mo...
                                                             ^

[2023-10-19T11:16:17.256+0000] {taskinstance.py:1400} INFO - Marking task as FAILED. dag_id=postgres_db_dag, task_id=fetch_changed_movies_ids, execution_date=20231019T111614, start_date=20231019T111616, end_date=20231019T111617
[2023-10-19T11:16:17.267+0000] {standard_task_runner.py:104} ERROR - Failed to execute job 14 for task fetch_changed_movies_ids (relation "content.movies_movie" does not exist
LINE 2: ...ELECT m.id as id, m.updated_at as updated_at FROM content.mo...
                                                             ^
; 196)
[2023-10-19T11:16:17.288+0000] {local_task_job_runner.py:228} INFO - Task exited with return code 1
[2023-10-19T11:16:17.311+0000] {taskinstance.py:2778} INFO - 0 downstream tasks scheduled from follow-on schedule check
