[2023-10-19T11:26:23.999+0000] {taskinstance.py:1159} INFO - Dependencies all met for dep_context=non-requeueable deps ti=<TaskInstance: postgres_db_dag.fetch_changed_people_movies_ids scheduled__2023-10-19T11:25:21.938957+00:00 [queued]>
[2023-10-19T11:26:24.006+0000] {taskinstance.py:1159} INFO - Dependencies all met for dep_context=requeueable deps ti=<TaskInstance: postgres_db_dag.fetch_changed_people_movies_ids scheduled__2023-10-19T11:25:21.938957+00:00 [queued]>
[2023-10-19T11:26:24.006+0000] {taskinstance.py:1361} INFO - Starting attempt 1 of 1
[2023-10-19T11:26:24.016+0000] {taskinstance.py:1382} INFO - Executing <Task(PythonOperator): fetch_changed_people_movies_ids> on 2023-10-19 11:25:21.938957+00:00
[2023-10-19T11:26:24.026+0000] {standard_task_runner.py:57} INFO - Started process 443 to run task
[2023-10-19T11:26:24.037+0000] {standard_task_runner.py:84} INFO - Running: ['***', 'tasks', 'run', 'postgres_db_dag', 'fetch_changed_people_movies_ids', 'scheduled__2023-10-19T11:25:21.938957+00:00', '--job-id', '42', '--raw', '--subdir', 'DAGS_FOLDER/test_movie_etl.py', '--cfg-path', '/tmp/tmp_aj7lfsr']
[2023-10-19T11:26:24.048+0000] {standard_task_runner.py:85} INFO - Job 42: Subtask fetch_changed_people_movies_ids
[2023-10-19T11:26:24.102+0000] {task_command.py:416} INFO - Running <TaskInstance: postgres_db_dag.fetch_changed_people_movies_ids scheduled__2023-10-19T11:25:21.938957+00:00 [running]> on host 4b99fd46be77
[2023-10-19T11:26:24.190+0000] {taskinstance.py:1662} INFO - Exporting env vars: AIRFLOW_CTX_DAG_OWNER='***' AIRFLOW_CTX_DAG_ID='postgres_db_dag' AIRFLOW_CTX_TASK_ID='fetch_changed_people_movies_ids' AIRFLOW_CTX_EXECUTION_DATE='2023-10-19T11:25:21.938957+00:00' AIRFLOW_CTX_TRY_NUMBER='1' AIRFLOW_CTX_DAG_RUN_ID='scheduled__2023-10-19T11:25:21.938957+00:00'
[2023-10-19T11:26:24.204+0000] {base.py:73} INFO - Using connection ID 'postgres_db' for task execution.
[2023-10-19T11:26:24.253+0000] {test_movie_etl.py:91} INFO - SQL query: 
            SELECT movie_id as id FROM content.movies_movie_actors
            WHERE person_id IN (
                SELECT p.id as id FROM content.movies_person p 
                WHERE p.updated_at > 2023-10-19 11:22:27.812871
            )
        
[2023-10-19T11:26:24.254+0000] {test_movie_etl.py:92} INFO - Results are: ()
[2023-10-19T11:26:24.255+0000] {test_movie_etl.py:91} INFO - SQL query: 
            SELECT movie_id as id FROM content.movies_movie_directors
            WHERE person_id IN (
                SELECT p.id as id FROM content.movies_person p 
                WHERE p.updated_at > 2023-10-19 11:22:27.812871
            )
        
[2023-10-19T11:26:24.256+0000] {test_movie_etl.py:92} INFO - Results are: ()
[2023-10-19T11:26:24.257+0000] {test_movie_etl.py:91} INFO - SQL query: 
            SELECT movie_id as id FROM content.movies_movie_writers
            WHERE person_id IN (
                SELECT p.id as id FROM content.movies_person p 
                WHERE p.updated_at > 2023-10-19 11:22:27.812871
            )
        
[2023-10-19T11:26:24.258+0000] {test_movie_etl.py:92} INFO - Results are: ()
[2023-10-19T11:26:24.258+0000] {python.py:194} INFO - Done. Returned value was: ()
[2023-10-19T11:26:24.283+0000] {taskinstance.py:1400} INFO - Marking task as SUCCESS. dag_id=postgres_db_dag, task_id=fetch_changed_people_movies_ids, execution_date=20231019T112521, start_date=20231019T112623, end_date=20231019T112624
[2023-10-19T11:26:24.337+0000] {local_task_job_runner.py:228} INFO - Task exited with return code 0
[2023-10-19T11:26:24.376+0000] {taskinstance.py:2778} INFO - 0 downstream tasks scheduled from follow-on schedule check
