[2023-10-21T17:02:11.053+0000] {taskinstance.py:1159} INFO - Dependencies all met for dep_context=non-requeueable deps ti=<TaskInstance: Theatre_ETL.fetch_changed_people_movies_ids scheduled__2023-10-21T17:01:09.417875+00:00 [queued]>
[2023-10-21T17:02:11.059+0000] {taskinstance.py:1159} INFO - Dependencies all met for dep_context=requeueable deps ti=<TaskInstance: Theatre_ETL.fetch_changed_people_movies_ids scheduled__2023-10-21T17:01:09.417875+00:00 [queued]>
[2023-10-21T17:02:11.060+0000] {taskinstance.py:1361} INFO - Starting attempt 1 of 1
[2023-10-21T17:02:11.071+0000] {taskinstance.py:1382} INFO - Executing <Task(PythonOperator): fetch_changed_people_movies_ids> on 2023-10-21 17:01:09.417875+00:00
[2023-10-21T17:02:11.083+0000] {standard_task_runner.py:57} INFO - Started process 867 to run task
[2023-10-21T17:02:11.094+0000] {standard_task_runner.py:84} INFO - Running: ['***', 'tasks', 'run', 'Theatre_ETL', 'fetch_changed_people_movies_ids', 'scheduled__2023-10-21T17:01:09.417875+00:00', '--job-id', '81', '--raw', '--subdir', 'DAGS_FOLDER/test_movie_etl.py', '--cfg-path', '/tmp/tmpqbmscc3b']
[2023-10-21T17:02:11.109+0000] {standard_task_runner.py:85} INFO - Job 81: Subtask fetch_changed_people_movies_ids
[2023-10-21T17:02:11.164+0000] {task_command.py:416} INFO - Running <TaskInstance: Theatre_ETL.fetch_changed_people_movies_ids scheduled__2023-10-21T17:01:09.417875+00:00 [running]> on host 69e55cb2bf46
[2023-10-21T17:02:11.241+0000] {taskinstance.py:1662} INFO - Exporting env vars: AIRFLOW_CTX_DAG_OWNER='***' AIRFLOW_CTX_DAG_ID='Theatre_ETL' AIRFLOW_CTX_TASK_ID='fetch_changed_people_movies_ids' AIRFLOW_CTX_EXECUTION_DATE='2023-10-21T17:01:09.417875+00:00' AIRFLOW_CTX_TRY_NUMBER='1' AIRFLOW_CTX_DAG_RUN_ID='scheduled__2023-10-21T17:01:09.417875+00:00'
[2023-10-21T17:02:11.253+0000] {base.py:73} INFO - Using connection ID 'postgres_db' for task execution.
[2023-10-21T17:02:11.272+0000] {test_movie_etl.py:92} INFO - SQL query: 
            SELECT movie_id as id FROM content.movies_movie_actors
            WHERE person_id IN (
                SELECT p.id as id FROM content.movies_person p 
                WHERE p.updated_at > 2023-10-21 16:53:36.286097
            )
        
[2023-10-21T17:02:11.273+0000] {test_movie_etl.py:93} INFO - Results are: ()
[2023-10-21T17:02:11.274+0000] {test_movie_etl.py:92} INFO - SQL query: 
            SELECT movie_id as id FROM content.movies_movie_directors
            WHERE person_id IN (
                SELECT p.id as id FROM content.movies_person p 
                WHERE p.updated_at > 2023-10-21 16:53:36.286097
            )
        
[2023-10-21T17:02:11.274+0000] {test_movie_etl.py:93} INFO - Results are: ()
[2023-10-21T17:02:11.276+0000] {test_movie_etl.py:92} INFO - SQL query: 
            SELECT movie_id as id FROM content.movies_movie_writers
            WHERE person_id IN (
                SELECT p.id as id FROM content.movies_person p 
                WHERE p.updated_at > 2023-10-21 16:53:36.286097
            )
        
[2023-10-21T17:02:11.276+0000] {test_movie_etl.py:93} INFO - Results are: ()
[2023-10-21T17:02:11.277+0000] {python.py:194} INFO - Done. Returned value was: ()
[2023-10-21T17:02:11.305+0000] {taskinstance.py:1400} INFO - Marking task as SUCCESS. dag_id=Theatre_ETL, task_id=fetch_changed_people_movies_ids, execution_date=20231021T170109, start_date=20231021T170211, end_date=20231021T170211
[2023-10-21T17:02:11.352+0000] {local_task_job_runner.py:228} INFO - Task exited with return code 0
[2023-10-21T17:02:11.389+0000] {taskinstance.py:2778} INFO - 0 downstream tasks scheduled from follow-on schedule check
