[2023-10-19T11:19:14.707+0000] {taskinstance.py:1159} INFO - Dependencies all met for dep_context=non-requeueable deps ti=<TaskInstance: postgres_db_dag.fetch_changed_movies_ids manual__2023-10-19T11:19:11.722263+00:00 [queued]>
[2023-10-19T11:19:14.715+0000] {taskinstance.py:1159} INFO - Dependencies all met for dep_context=requeueable deps ti=<TaskInstance: postgres_db_dag.fetch_changed_movies_ids manual__2023-10-19T11:19:11.722263+00:00 [queued]>
[2023-10-19T11:19:14.715+0000] {taskinstance.py:1361} INFO - Starting attempt 1 of 1
[2023-10-19T11:19:14.726+0000] {taskinstance.py:1382} INFO - Executing <Task(PythonOperator): fetch_changed_movies_ids> on 2023-10-19 11:19:11.722263+00:00
[2023-10-19T11:19:14.734+0000] {standard_task_runner.py:57} INFO - Started process 257 to run task
[2023-10-19T11:19:14.741+0000] {standard_task_runner.py:84} INFO - Running: ['***', 'tasks', 'run', 'postgres_db_dag', 'fetch_changed_movies_ids', 'manual__2023-10-19T11:19:11.722263+00:00', '--job-id', '17', '--raw', '--subdir', 'DAGS_FOLDER/test_movie_etl.py', '--cfg-path', '/tmp/tmp_pikc0w_']
[2023-10-19T11:19:14.760+0000] {standard_task_runner.py:85} INFO - Job 17: Subtask fetch_changed_movies_ids
[2023-10-19T11:19:14.885+0000] {task_command.py:416} INFO - Running <TaskInstance: postgres_db_dag.fetch_changed_movies_ids manual__2023-10-19T11:19:11.722263+00:00 [running]> on host 4b99fd46be77
[2023-10-19T11:19:14.996+0000] {taskinstance.py:1662} INFO - Exporting env vars: AIRFLOW_CTX_DAG_OWNER='***' AIRFLOW_CTX_DAG_ID='postgres_db_dag' AIRFLOW_CTX_TASK_ID='fetch_changed_movies_ids' AIRFLOW_CTX_EXECUTION_DATE='2023-10-19T11:19:11.722263+00:00' AIRFLOW_CTX_TRY_NUMBER='1' AIRFLOW_CTX_DAG_RUN_ID='manual__2023-10-19T11:19:11.722263+00:00'
[2023-10-19T11:19:15.023+0000] {base.py:73} INFO - Using connection ID 'postgres_db' for task execution.
[2023-10-19T11:19:15.060+0000] {test_movie_etl.py:35} INFO - SQL query: 
        SELECT m.id as id, m.updated_at as updated_at FROM content.movies_movie m 
        WHERE m.updated_at > 0001-01-01 00:00:00
        ORDER BY m.updated_at asc
    
[2023-10-19T11:19:15.062+0000] {taskinstance.py:1937} ERROR - Task failed with exception
Traceback (most recent call last):
  File "/home/airflow/.local/lib/python3.8/site-packages/airflow/operators/python.py", line 192, in execute
    return_value = self.execute_callable()
  File "/home/airflow/.local/lib/python3.8/site-packages/airflow/operators/python.py", line 209, in execute_callable
    return self.python_callable(*self.op_args, **self.op_kwargs)
  File "/opt/airflow/dags/test_movie_etl.py", line 36, in fetch_changed_movies_ids
    cursor.execute(sql, (last_updated,))
  File "/home/airflow/.local/lib/python3.8/site-packages/psycopg2/extras.py", line 146, in execute
    return super().execute(query, vars)
psycopg2.errors.UndefinedTable: relation "content.movies_movie" does not exist
LINE 2: ...ELECT m.id as id, m.updated_at as updated_at FROM content.mo...
                                                             ^

[2023-10-19T11:19:15.086+0000] {taskinstance.py:1400} INFO - Marking task as FAILED. dag_id=postgres_db_dag, task_id=fetch_changed_movies_ids, execution_date=20231019T111911, start_date=20231019T111914, end_date=20231019T111915
[2023-10-19T11:19:15.103+0000] {standard_task_runner.py:104} ERROR - Failed to execute job 17 for task fetch_changed_movies_ids (relation "content.movies_movie" does not exist
LINE 2: ...ELECT m.id as id, m.updated_at as updated_at FROM content.mo...
                                                             ^
; 257)
[2023-10-19T11:19:15.116+0000] {local_task_job_runner.py:228} INFO - Task exited with return code 1
[2023-10-19T11:19:15.143+0000] {taskinstance.py:2778} INFO - 0 downstream tasks scheduled from follow-on schedule check
