[2023-10-21T13:28:03.454+0000] {taskinstance.py:1159} INFO - Dependencies all met for dep_context=non-requeueable deps ti=<TaskInstance: cinema_ETL.fetch_changed_people_movies_ids scheduled__2023-10-21T13:27:01.235699+00:00 [queued]>
[2023-10-21T13:28:03.459+0000] {taskinstance.py:1159} INFO - Dependencies all met for dep_context=requeueable deps ti=<TaskInstance: cinema_ETL.fetch_changed_people_movies_ids scheduled__2023-10-21T13:27:01.235699+00:00 [queued]>
[2023-10-21T13:28:03.460+0000] {taskinstance.py:1361} INFO - Starting attempt 1 of 1
[2023-10-21T13:28:03.472+0000] {taskinstance.py:1382} INFO - Executing <Task(PythonOperator): fetch_changed_people_movies_ids> on 2023-10-21 13:27:01.235699+00:00
[2023-10-21T13:28:03.485+0000] {standard_task_runner.py:57} INFO - Started process 3280 to run task
[2023-10-21T13:28:03.491+0000] {standard_task_runner.py:84} INFO - Running: ['***', 'tasks', 'run', 'cinema_ETL', 'fetch_changed_people_movies_ids', 'scheduled__2023-10-21T13:27:01.235699+00:00', '--job-id', '32', '--raw', '--subdir', 'DAGS_FOLDER/test_movie_etl.py', '--cfg-path', '/tmp/tmpm3niqz_s']
[2023-10-21T13:28:03.495+0000] {standard_task_runner.py:85} INFO - Job 32: Subtask fetch_changed_people_movies_ids
[2023-10-21T13:28:03.592+0000] {task_command.py:416} INFO - Running <TaskInstance: cinema_ETL.fetch_changed_people_movies_ids scheduled__2023-10-21T13:27:01.235699+00:00 [running]> on host 9f6b2b4cbb27
[2023-10-21T13:28:03.716+0000] {taskinstance.py:1662} INFO - Exporting env vars: AIRFLOW_CTX_DAG_OWNER='***' AIRFLOW_CTX_DAG_ID='cinema_ETL' AIRFLOW_CTX_TASK_ID='fetch_changed_people_movies_ids' AIRFLOW_CTX_EXECUTION_DATE='2023-10-21T13:27:01.235699+00:00' AIRFLOW_CTX_TRY_NUMBER='1' AIRFLOW_CTX_DAG_RUN_ID='scheduled__2023-10-21T13:27:01.235699+00:00'
[2023-10-21T13:28:03.736+0000] {base.py:73} INFO - Using connection ID 'postgres_db' for task execution.
[2023-10-21T13:28:03.936+0000] {taskinstance.py:1937} ERROR - Task failed with exception
Traceback (most recent call last):
  File "/home/airflow/.local/lib/python3.8/site-packages/airflow/operators/python.py", line 192, in execute
    return_value = self.execute_callable()
  File "/home/airflow/.local/lib/python3.8/site-packages/airflow/operators/python.py", line 209, in execute_callable
    return self.python_callable(*self.op_args, **self.op_kwargs)
  File "/opt/airflow/dags/test_movie_etl.py", line 89, in fetch_changed_people_movies_ids
    results = set([x['id'] for x in cursor.fetchall()])
  File "/opt/airflow/dags/test_movie_etl.py", line 89, in <listcomp>
    results = set([x['id'] for x in cursor.fetchall()])
TypeError: tuple indices must be integers or slices, not str
[2023-10-21T13:28:03.954+0000] {taskinstance.py:1400} INFO - Marking task as FAILED. dag_id=cinema_ETL, task_id=fetch_changed_people_movies_ids, execution_date=20231021T132701, start_date=20231021T132803, end_date=20231021T132803
[2023-10-21T13:28:03.986+0000] {standard_task_runner.py:104} ERROR - Failed to execute job 32 for task fetch_changed_people_movies_ids (tuple indices must be integers or slices, not str; 3280)
[2023-10-21T13:28:04.033+0000] {local_task_job_runner.py:228} INFO - Task exited with return code 1
[2023-10-21T13:28:04.069+0000] {taskinstance.py:2778} INFO - 0 downstream tasks scheduled from follow-on schedule check
