[2023-10-21T13:28:05.058+0000] {taskinstance.py:1159} INFO - Dependencies all met for dep_context=non-requeueable deps ti=<TaskInstance: cinema_ETL.fetch_changed_movies_ids scheduled__2023-10-21T13:27:01.235699+00:00 [queued]>
[2023-10-21T13:28:05.111+0000] {taskinstance.py:1159} INFO - Dependencies all met for dep_context=requeueable deps ti=<TaskInstance: cinema_ETL.fetch_changed_movies_ids scheduled__2023-10-21T13:27:01.235699+00:00 [queued]>
[2023-10-21T13:28:05.117+0000] {taskinstance.py:1361} INFO - Starting attempt 1 of 1
[2023-10-21T13:28:05.166+0000] {taskinstance.py:1382} INFO - Executing <Task(PythonOperator): fetch_changed_movies_ids> on 2023-10-21 13:27:01.235699+00:00
[2023-10-21T13:28:05.206+0000] {standard_task_runner.py:57} INFO - Started process 3284 to run task
[2023-10-21T13:28:05.213+0000] {standard_task_runner.py:84} INFO - Running: ['***', 'tasks', 'run', 'cinema_ETL', 'fetch_changed_movies_ids', 'scheduled__2023-10-21T13:27:01.235699+00:00', '--job-id', '36', '--raw', '--subdir', 'DAGS_FOLDER/test_movie_etl.py', '--cfg-path', '/tmp/tmp0gt7_qtx']
[2023-10-21T13:28:05.252+0000] {standard_task_runner.py:85} INFO - Job 36: Subtask fetch_changed_movies_ids
[2023-10-21T13:28:05.384+0000] {task_command.py:416} INFO - Running <TaskInstance: cinema_ETL.fetch_changed_movies_ids scheduled__2023-10-21T13:27:01.235699+00:00 [running]> on host 9f6b2b4cbb27
[2023-10-21T13:28:05.503+0000] {taskinstance.py:1662} INFO - Exporting env vars: AIRFLOW_CTX_DAG_OWNER='***' AIRFLOW_CTX_DAG_ID='cinema_ETL' AIRFLOW_CTX_TASK_ID='fetch_changed_movies_ids' AIRFLOW_CTX_EXECUTION_DATE='2023-10-21T13:27:01.235699+00:00' AIRFLOW_CTX_TRY_NUMBER='1' AIRFLOW_CTX_DAG_RUN_ID='scheduled__2023-10-21T13:27:01.235699+00:00'
[2023-10-21T13:28:05.524+0000] {base.py:73} INFO - Using connection ID 'postgres_db' for task execution.
[2023-10-21T13:28:05.570+0000] {test_movie_etl.py:36} INFO - SQL query: 
        SELECT m.id as id, m.updated_at as updated_at FROM content.movies_movie m 
        WHERE m.updated_at > 0001-01-01 00:00:00
        ORDER BY m.updated_at asc
    
[2023-10-21T13:28:05.579+0000] {taskinstance.py:1937} ERROR - Task failed with exception
Traceback (most recent call last):
  File "/home/airflow/.local/lib/python3.8/site-packages/airflow/operators/python.py", line 192, in execute
    return_value = self.execute_callable()
  File "/home/airflow/.local/lib/python3.8/site-packages/airflow/operators/python.py", line 209, in execute_callable
    return self.python_callable(*self.op_args, **self.op_kwargs)
  File "/opt/airflow/dags/test_movie_etl.py", line 40, in fetch_changed_movies_ids
    ti.xcom_push(key='movies_updated_state', value=str(items[-1]['updated_at']))
TypeError: tuple indices must be integers or slices, not str
[2023-10-21T13:28:05.591+0000] {taskinstance.py:1400} INFO - Marking task as FAILED. dag_id=cinema_ETL, task_id=fetch_changed_movies_ids, execution_date=20231021T132701, start_date=20231021T132805, end_date=20231021T132805
[2023-10-21T13:28:05.603+0000] {standard_task_runner.py:104} ERROR - Failed to execute job 36 for task fetch_changed_movies_ids (tuple indices must be integers or slices, not str; 3284)
[2023-10-21T13:28:05.649+0000] {local_task_job_runner.py:228} INFO - Task exited with return code 1
[2023-10-21T13:28:05.688+0000] {taskinstance.py:2778} INFO - 0 downstream tasks scheduled from follow-on schedule check
