[2023-10-20T11:39:39.930+0000] {taskinstance.py:1159} INFO - Dependencies all met for dep_context=non-requeueable deps ti=<TaskInstance: postgres_db_dag.fetch_changed_genres_movies_ids scheduled__2023-10-20T11:38:33.936262+00:00 [queued]>
[2023-10-20T11:39:39.936+0000] {taskinstance.py:1159} INFO - Dependencies all met for dep_context=requeueable deps ti=<TaskInstance: postgres_db_dag.fetch_changed_genres_movies_ids scheduled__2023-10-20T11:38:33.936262+00:00 [queued]>
[2023-10-20T11:39:39.937+0000] {taskinstance.py:1361} INFO - Starting attempt 1 of 1
[2023-10-20T11:39:39.949+0000] {taskinstance.py:1382} INFO - Executing <Task(PythonOperator): fetch_changed_genres_movies_ids> on 2023-10-20 11:38:33.936262+00:00
[2023-10-20T11:39:39.957+0000] {standard_task_runner.py:57} INFO - Started process 40125 to run task
[2023-10-20T11:39:39.969+0000] {standard_task_runner.py:84} INFO - Running: ['***', 'tasks', 'run', 'postgres_db_dag', 'fetch_changed_genres_movies_ids', 'scheduled__2023-10-20T11:38:33.936262+00:00', '--job-id', '5870', '--raw', '--subdir', 'DAGS_FOLDER/test_movie_etl.py', '--cfg-path', '/tmp/tmpe87irfzc']
[2023-10-20T11:39:39.975+0000] {standard_task_runner.py:85} INFO - Job 5870: Subtask fetch_changed_genres_movies_ids
[2023-10-20T11:39:40.049+0000] {task_command.py:416} INFO - Running <TaskInstance: postgres_db_dag.fetch_changed_genres_movies_ids scheduled__2023-10-20T11:38:33.936262+00:00 [running]> on host 4b99fd46be77
[2023-10-20T11:39:40.154+0000] {taskinstance.py:1662} INFO - Exporting env vars: AIRFLOW_CTX_DAG_OWNER='***' AIRFLOW_CTX_DAG_ID='postgres_db_dag' AIRFLOW_CTX_TASK_ID='fetch_changed_genres_movies_ids' AIRFLOW_CTX_EXECUTION_DATE='2023-10-20T11:38:33.936262+00:00' AIRFLOW_CTX_TRY_NUMBER='1' AIRFLOW_CTX_DAG_RUN_ID='scheduled__2023-10-20T11:38:33.936262+00:00'
[2023-10-20T11:39:40.165+0000] {base.py:73} INFO - Using connection ID 'postgres_db' for task execution.
[2023-10-20T11:39:40.184+0000] {taskinstance.py:1937} ERROR - Task failed with exception
Traceback (most recent call last):
  File "/home/airflow/.local/lib/python3.8/site-packages/airflow/operators/python.py", line 192, in execute
    return_value = self.execute_callable()
  File "/home/airflow/.local/lib/python3.8/site-packages/airflow/operators/python.py", line 209, in execute_callable
    return self.python_callable(*self.op_args, **self.op_kwargs)
  File "/opt/airflow/dags/test_movie_etl.py", line 51, in fetch_changed_genres_movies_ids
    pg_conn = pg_hook.get_conn()
  File "/home/airflow/.local/lib/python3.8/site-packages/airflow/providers/postgres/hooks/postgres.py", line 155, in get_conn
    self.conn = psycopg2.connect(**conn_args)
  File "/home/airflow/.local/lib/python3.8/site-packages/psycopg2/__init__.py", line 122, in connect
    conn = _connect(dsn, connection_factory=connection_factory, **kwasync)
psycopg2.OperationalError: could not translate host name "films-db" to address: Name or service not known

[2023-10-20T11:39:40.197+0000] {taskinstance.py:1400} INFO - Marking task as FAILED. dag_id=postgres_db_dag, task_id=fetch_changed_genres_movies_ids, execution_date=20231020T113833, start_date=20231020T113939, end_date=20231020T113940
[2023-10-20T11:39:40.211+0000] {standard_task_runner.py:104} ERROR - Failed to execute job 5870 for task fetch_changed_genres_movies_ids (could not translate host name "films-db" to address: Name or service not known
; 40125)
[2023-10-20T11:39:40.254+0000] {local_task_job_runner.py:228} INFO - Task exited with return code 1
[2023-10-20T11:39:40.272+0000] {taskinstance.py:2778} INFO - 0 downstream tasks scheduled from follow-on schedule check
