[2023-10-21T13:35:04.613+0000] {taskinstance.py:1159} INFO - Dependencies all met for dep_context=non-requeueable deps ti=<TaskInstance: cinema_ETL.fetch_changed_people_movies_ids scheduled__2023-10-21T13:34:01.235699+00:00 [queued]>
[2023-10-21T13:35:04.639+0000] {taskinstance.py:1159} INFO - Dependencies all met for dep_context=requeueable deps ti=<TaskInstance: cinema_ETL.fetch_changed_people_movies_ids scheduled__2023-10-21T13:34:01.235699+00:00 [queued]>
[2023-10-21T13:35:04.641+0000] {taskinstance.py:1361} INFO - Starting attempt 1 of 1
[2023-10-21T13:35:04.659+0000] {taskinstance.py:1382} INFO - Executing <Task(PythonOperator): fetch_changed_people_movies_ids> on 2023-10-21 13:34:01.235699+00:00
[2023-10-21T13:35:04.676+0000] {standard_task_runner.py:57} INFO - Started process 3614 to run task
[2023-10-21T13:35:04.695+0000] {standard_task_runner.py:84} INFO - Running: ['***', 'tasks', 'run', 'cinema_ETL', 'fetch_changed_people_movies_ids', 'scheduled__2023-10-21T13:34:01.235699+00:00', '--job-id', '108', '--raw', '--subdir', 'DAGS_FOLDER/test_movie_etl.py', '--cfg-path', '/tmp/tmpdw_drs_4']
[2023-10-21T13:35:04.719+0000] {standard_task_runner.py:85} INFO - Job 108: Subtask fetch_changed_people_movies_ids
[2023-10-21T13:35:04.877+0000] {task_command.py:416} INFO - Running <TaskInstance: cinema_ETL.fetch_changed_people_movies_ids scheduled__2023-10-21T13:34:01.235699+00:00 [running]> on host 9f6b2b4cbb27
[2023-10-21T13:35:05.115+0000] {taskinstance.py:1662} INFO - Exporting env vars: AIRFLOW_CTX_DAG_OWNER='***' AIRFLOW_CTX_DAG_ID='cinema_ETL' AIRFLOW_CTX_TASK_ID='fetch_changed_people_movies_ids' AIRFLOW_CTX_EXECUTION_DATE='2023-10-21T13:34:01.235699+00:00' AIRFLOW_CTX_TRY_NUMBER='1' AIRFLOW_CTX_DAG_RUN_ID='scheduled__2023-10-21T13:34:01.235699+00:00'
[2023-10-21T13:35:05.160+0000] {base.py:73} INFO - Using connection ID 'postgres_db' for task execution.
[2023-10-21T13:35:05.246+0000] {test_movie_etl.py:92} INFO - SQL query: 
            SELECT movie_id as id FROM content.movies_movie_actors
            WHERE person_id IN (
                SELECT p.id as id FROM content.movies_person p 
                WHERE p.updated_at > 2023-10-21 13:28:47.245144
            )
        
[2023-10-21T13:35:05.247+0000] {test_movie_etl.py:93} INFO - Results are: ()
[2023-10-21T13:35:05.249+0000] {test_movie_etl.py:92} INFO - SQL query: 
            SELECT movie_id as id FROM content.movies_movie_directors
            WHERE person_id IN (
                SELECT p.id as id FROM content.movies_person p 
                WHERE p.updated_at > 2023-10-21 13:28:47.245144
            )
        
[2023-10-21T13:35:05.253+0000] {test_movie_etl.py:93} INFO - Results are: ()
[2023-10-21T13:35:05.256+0000] {test_movie_etl.py:92} INFO - SQL query: 
            SELECT movie_id as id FROM content.movies_movie_writers
            WHERE person_id IN (
                SELECT p.id as id FROM content.movies_person p 
                WHERE p.updated_at > 2023-10-21 13:28:47.245144
            )
        
[2023-10-21T13:35:05.257+0000] {test_movie_etl.py:93} INFO - Results are: ()
[2023-10-21T13:35:05.258+0000] {python.py:194} INFO - Done. Returned value was: ()
[2023-10-21T13:35:05.320+0000] {taskinstance.py:1400} INFO - Marking task as SUCCESS. dag_id=cinema_ETL, task_id=fetch_changed_people_movies_ids, execution_date=20231021T133401, start_date=20231021T133504, end_date=20231021T133505
[2023-10-21T13:35:05.368+0000] {local_task_job_runner.py:228} INFO - Task exited with return code 0
[2023-10-21T13:35:05.418+0000] {taskinstance.py:2778} INFO - 0 downstream tasks scheduled from follow-on schedule check
