[2023-10-21T17:09:10.860+0000] {taskinstance.py:1159} INFO - Dependencies all met for dep_context=non-requeueable deps ti=<TaskInstance: Theatre_ETL.fetch_changed_people_movies_ids scheduled__2023-10-21T17:08:09.417875+00:00 [queued]>
[2023-10-21T17:09:10.867+0000] {taskinstance.py:1159} INFO - Dependencies all met for dep_context=requeueable deps ti=<TaskInstance: Theatre_ETL.fetch_changed_people_movies_ids scheduled__2023-10-21T17:08:09.417875+00:00 [queued]>
[2023-10-21T17:09:10.868+0000] {taskinstance.py:1361} INFO - Starting attempt 1 of 1
[2023-10-21T17:09:10.877+0000] {taskinstance.py:1382} INFO - Executing <Task(PythonOperator): fetch_changed_people_movies_ids> on 2023-10-21 17:08:09.417875+00:00
[2023-10-21T17:09:10.885+0000] {standard_task_runner.py:57} INFO - Started process 1145 to run task
[2023-10-21T17:09:10.895+0000] {standard_task_runner.py:84} INFO - Running: ['***', 'tasks', 'run', 'Theatre_ETL', 'fetch_changed_people_movies_ids', 'scheduled__2023-10-21T17:08:09.417875+00:00', '--job-id', '138', '--raw', '--subdir', 'DAGS_FOLDER/test_movie_etl.py', '--cfg-path', '/tmp/tmpawjm_caz']
[2023-10-21T17:09:10.901+0000] {standard_task_runner.py:85} INFO - Job 138: Subtask fetch_changed_people_movies_ids
[2023-10-21T17:09:10.981+0000] {task_command.py:416} INFO - Running <TaskInstance: Theatre_ETL.fetch_changed_people_movies_ids scheduled__2023-10-21T17:08:09.417875+00:00 [running]> on host 69e55cb2bf46
[2023-10-21T17:09:11.080+0000] {taskinstance.py:1662} INFO - Exporting env vars: AIRFLOW_CTX_DAG_OWNER='***' AIRFLOW_CTX_DAG_ID='Theatre_ETL' AIRFLOW_CTX_TASK_ID='fetch_changed_people_movies_ids' AIRFLOW_CTX_EXECUTION_DATE='2023-10-21T17:08:09.417875+00:00' AIRFLOW_CTX_TRY_NUMBER='1' AIRFLOW_CTX_DAG_RUN_ID='scheduled__2023-10-21T17:08:09.417875+00:00'
[2023-10-21T17:09:11.093+0000] {base.py:73} INFO - Using connection ID 'postgres_db' for task execution.
[2023-10-21T17:09:11.133+0000] {test_movie_etl.py:92} INFO - SQL query: 
            SELECT movie_id as id FROM content.movies_movie_actors
            WHERE person_id IN (
                SELECT p.id as id FROM content.movies_person p 
                WHERE p.updated_at > 2023-10-21 16:53:36.286097
            )
        
[2023-10-21T17:09:11.135+0000] {test_movie_etl.py:93} INFO - Results are: ()
[2023-10-21T17:09:11.140+0000] {test_movie_etl.py:92} INFO - SQL query: 
            SELECT movie_id as id FROM content.movies_movie_directors
            WHERE person_id IN (
                SELECT p.id as id FROM content.movies_person p 
                WHERE p.updated_at > 2023-10-21 16:53:36.286097
            )
        
[2023-10-21T17:09:11.141+0000] {test_movie_etl.py:93} INFO - Results are: ()
[2023-10-21T17:09:11.151+0000] {test_movie_etl.py:92} INFO - SQL query: 
            SELECT movie_id as id FROM content.movies_movie_writers
            WHERE person_id IN (
                SELECT p.id as id FROM content.movies_person p 
                WHERE p.updated_at > 2023-10-21 16:53:36.286097
            )
        
[2023-10-21T17:09:11.172+0000] {test_movie_etl.py:93} INFO - Results are: ()
[2023-10-21T17:09:11.173+0000] {python.py:194} INFO - Done. Returned value was: ()
[2023-10-21T17:09:11.210+0000] {taskinstance.py:1400} INFO - Marking task as SUCCESS. dag_id=Theatre_ETL, task_id=fetch_changed_people_movies_ids, execution_date=20231021T170809, start_date=20231021T170910, end_date=20231021T170911
[2023-10-21T17:09:11.233+0000] {local_task_job_runner.py:228} INFO - Task exited with return code 0
[2023-10-21T17:09:11.258+0000] {taskinstance.py:2778} INFO - 1 downstream tasks scheduled from follow-on schedule check
